ARM GAS  C:\DOCUME~1\david\LOCALS~1\Temp\ccOP2dGl.s 			page 1


   1              		.syntax unified
   2              		.cpu cortex-m3
   3              		.fpu softvfp
   4              		.eabi_attribute 20, 1
   5              		.eabi_attribute 21, 1
   6              		.eabi_attribute 23, 3
   7              		.eabi_attribute 24, 1
   8              		.eabi_attribute 25, 1
   9              		.eabi_attribute 26, 1
  10              		.eabi_attribute 30, 6
  11              		.eabi_attribute 18, 4
  12              		.thumb
  13              		.file	"UART_INT.c"
  14              		.section	.debug_abbrev,"",%progbits
  15              	.Ldebug_abbrev0:
  16              		.section	.debug_info,"",%progbits
  17              	.Ldebug_info0:
  18              		.section	.debug_line,"",%progbits
  19              	.Ldebug_line0:
  20 0000 A0000000 		.text
  20      02006B00 
  20      00000201 
  20      FB0E0D00 
  20      01010101 
  21              	.Ltext0:
  22              		.cfi_sections	.debug_frame
  23              		.section	.text.UART_RXISR,"ax",%progbits
  24              		.align	2
  25              		.global	UART_RXISR
  26              		.thumb
  27              		.thumb_func
  28              		.type	UART_RXISR, %function
  29              	UART_RXISR:
  30              	.LFB0:
  31              		.file 1 ".\\Generated_Source\\PSoC5\\UART_INT.c"
   1:.\Generated_Source\PSoC5/UART_INT.c **** /*******************************************************************************
   2:.\Generated_Source\PSoC5/UART_INT.c **** * File Name: UART_INT.c
   3:.\Generated_Source\PSoC5/UART_INT.c **** * Version 2.30
   4:.\Generated_Source\PSoC5/UART_INT.c **** *
   5:.\Generated_Source\PSoC5/UART_INT.c **** * Description:
   6:.\Generated_Source\PSoC5/UART_INT.c **** *  This file provides all Interrupt Service functionality of the UART component
   7:.\Generated_Source\PSoC5/UART_INT.c **** *
   8:.\Generated_Source\PSoC5/UART_INT.c **** * Note:
   9:.\Generated_Source\PSoC5/UART_INT.c **** *  Any unusual or non-standard behavior should be noted here. Other-
  10:.\Generated_Source\PSoC5/UART_INT.c **** *  wise, this section should remain blank.
  11:.\Generated_Source\PSoC5/UART_INT.c **** *
  12:.\Generated_Source\PSoC5/UART_INT.c **** ********************************************************************************
  13:.\Generated_Source\PSoC5/UART_INT.c **** * Copyright 2008-2012, Cypress Semiconductor Corporation.  All rights reserved.
  14:.\Generated_Source\PSoC5/UART_INT.c **** * You may use this file only in accordance with the license, terms, conditions,
  15:.\Generated_Source\PSoC5/UART_INT.c **** * disclaimers, and limitations in the end user license agreement accompanying
  16:.\Generated_Source\PSoC5/UART_INT.c **** * the software package with which this file was provided.
  17:.\Generated_Source\PSoC5/UART_INT.c **** *******************************************************************************/
  18:.\Generated_Source\PSoC5/UART_INT.c **** 
  19:.\Generated_Source\PSoC5/UART_INT.c **** #include "UART.h"
  20:.\Generated_Source\PSoC5/UART_INT.c **** #include "CyLib.h"
  21:.\Generated_Source\PSoC5/UART_INT.c **** 
  22:.\Generated_Source\PSoC5/UART_INT.c **** 
ARM GAS  C:\DOCUME~1\david\LOCALS~1\Temp\ccOP2dGl.s 			page 2


  23:.\Generated_Source\PSoC5/UART_INT.c **** /***************************************
  24:.\Generated_Source\PSoC5/UART_INT.c **** * Custom Declratations
  25:.\Generated_Source\PSoC5/UART_INT.c **** ***************************************/
  26:.\Generated_Source\PSoC5/UART_INT.c **** /* `#START CUSTOM_DECLARATIONS` Place your declaration here */
  27:.\Generated_Source\PSoC5/UART_INT.c **** 
  28:.\Generated_Source\PSoC5/UART_INT.c **** /* `#END` */
  29:.\Generated_Source\PSoC5/UART_INT.c **** 
  30:.\Generated_Source\PSoC5/UART_INT.c **** #if( (UART_RX_ENABLED || UART_HD_ENABLED) && \
  31:.\Generated_Source\PSoC5/UART_INT.c ****      (UART_RXBUFFERSIZE > UART_FIFO_LENGTH))
  32:.\Generated_Source\PSoC5/UART_INT.c **** 
  33:.\Generated_Source\PSoC5/UART_INT.c **** 
  34:.\Generated_Source\PSoC5/UART_INT.c ****     /*******************************************************************************
  35:.\Generated_Source\PSoC5/UART_INT.c ****     * Function Name: UART_RXISR
  36:.\Generated_Source\PSoC5/UART_INT.c ****     ********************************************************************************
  37:.\Generated_Source\PSoC5/UART_INT.c ****     *
  38:.\Generated_Source\PSoC5/UART_INT.c ****     * Summary:
  39:.\Generated_Source\PSoC5/UART_INT.c ****     *  Interrupt Service Routine for RX portion of the UART
  40:.\Generated_Source\PSoC5/UART_INT.c ****     *
  41:.\Generated_Source\PSoC5/UART_INT.c ****     * Parameters:
  42:.\Generated_Source\PSoC5/UART_INT.c ****     *  None.
  43:.\Generated_Source\PSoC5/UART_INT.c ****     *
  44:.\Generated_Source\PSoC5/UART_INT.c ****     * Return:
  45:.\Generated_Source\PSoC5/UART_INT.c ****     *  None.
  46:.\Generated_Source\PSoC5/UART_INT.c ****     *
  47:.\Generated_Source\PSoC5/UART_INT.c ****     * Global Variables:
  48:.\Generated_Source\PSoC5/UART_INT.c ****     *  UART_rxBuffer - RAM buffer pointer for save received data.
  49:.\Generated_Source\PSoC5/UART_INT.c ****     *  UART_rxBufferWrite - cyclic index for write to rxBuffer,
  50:.\Generated_Source\PSoC5/UART_INT.c ****     *     increments after each byte saved to buffer.
  51:.\Generated_Source\PSoC5/UART_INT.c ****     *  UART_rxBufferRead - cyclic index for read from rxBuffer,
  52:.\Generated_Source\PSoC5/UART_INT.c ****     *     checked to detect overflow condition.
  53:.\Generated_Source\PSoC5/UART_INT.c ****     *  UART_rxBufferOverflow - software overflow flag. Set to one
  54:.\Generated_Source\PSoC5/UART_INT.c ****     *     when UART_rxBufferWrite index overtakes
  55:.\Generated_Source\PSoC5/UART_INT.c ****     *     UART_rxBufferRead index.
  56:.\Generated_Source\PSoC5/UART_INT.c ****     *  UART_rxBufferLoopDetect - additional variable to detect overflow.
  57:.\Generated_Source\PSoC5/UART_INT.c ****     *     Set to one when UART_rxBufferWrite is equal to
  58:.\Generated_Source\PSoC5/UART_INT.c ****     *    UART_rxBufferRead
  59:.\Generated_Source\PSoC5/UART_INT.c ****     *  UART_rxAddressMode - this variable contains the Address mode,
  60:.\Generated_Source\PSoC5/UART_INT.c ****     *     selected in customizer or set by UART_SetRxAddressMode() API.
  61:.\Generated_Source\PSoC5/UART_INT.c ****     *  UART_rxAddressDetected - set to 1 when correct address received,
  62:.\Generated_Source\PSoC5/UART_INT.c ****     *     and analysed to store following addressed data bytes to the buffer.
  63:.\Generated_Source\PSoC5/UART_INT.c ****     *     When not correct address received, set to 0 to skip following data bytes.
  64:.\Generated_Source\PSoC5/UART_INT.c ****     *
  65:.\Generated_Source\PSoC5/UART_INT.c ****     *******************************************************************************/
  66:.\Generated_Source\PSoC5/UART_INT.c ****     CY_ISR(UART_RXISR)
  67:.\Generated_Source\PSoC5/UART_INT.c ****     {
  32              		.loc 1 67 0
  33              		.cfi_startproc
  34              		@ args = 0, pretend = 0, frame = 8
  35              		@ frame_needed = 1, uses_anonymous_args = 0
  36              		@ link register save eliminated.
  37 0000 80B4     		push	{r7}
  38              	.LCFI0:
  39              		.cfi_def_cfa_offset 4
  40 0002 83B0     		sub	sp, sp, #12
  41              	.LCFI1:
  42              		.cfi_def_cfa_offset 16
  43 0004 00AF     		add	r7, sp, #0
ARM GAS  C:\DOCUME~1\david\LOCALS~1\Temp\ccOP2dGl.s 			page 3


  44              		.cfi_offset 7, -4
  45              	.LCFI2:
  46              		.cfi_def_cfa_register 7
  68:.\Generated_Source\PSoC5/UART_INT.c ****         uint8 readData;
  69:.\Generated_Source\PSoC5/UART_INT.c ****         uint8 increment_pointer = 0u;
  47              		.loc 1 69 0
  48 0006 4FF00003 		mov	r3, #0
  49 000a FB71     		strb	r3, [r7, #7]
  70:.\Generated_Source\PSoC5/UART_INT.c ****         #if(CY_PSOC3)
  71:.\Generated_Source\PSoC5/UART_INT.c ****             uint8 int_en;
  72:.\Generated_Source\PSoC5/UART_INT.c ****         #endif /* CY_PSOC3 */
  73:.\Generated_Source\PSoC5/UART_INT.c **** 
  74:.\Generated_Source\PSoC5/UART_INT.c ****         /* User code required at start of ISR */
  75:.\Generated_Source\PSoC5/UART_INT.c ****         /* `#START UART_RXISR_START` */
  76:.\Generated_Source\PSoC5/UART_INT.c **** 
  77:.\Generated_Source\PSoC5/UART_INT.c ****         /* `#END` */
  78:.\Generated_Source\PSoC5/UART_INT.c **** 
  79:.\Generated_Source\PSoC5/UART_INT.c ****         #if(CY_PSOC3)   /* Make sure nested interrupt is enabled */
  80:.\Generated_Source\PSoC5/UART_INT.c ****             int_en = EA;
  81:.\Generated_Source\PSoC5/UART_INT.c ****             CyGlobalIntEnable;
  82:.\Generated_Source\PSoC5/UART_INT.c ****         #endif /* CY_PSOC3 */
  83:.\Generated_Source\PSoC5/UART_INT.c **** 
  84:.\Generated_Source\PSoC5/UART_INT.c ****         readData = UART_RXSTATUS_REG;
  50              		.loc 1 84 0
  51 000c 46F26D43 		movw	r3, #:lower16:1073767533
  52 0010 C4F20003 		movt	r3, #:upper16:1073767533
  53 0014 1B78     		ldrb	r3, [r3, #0]
  54 0016 BB71     		strb	r3, [r7, #6]
  85:.\Generated_Source\PSoC5/UART_INT.c **** 
  86:.\Generated_Source\PSoC5/UART_INT.c ****         if((readData & (UART_RX_STS_BREAK | UART_RX_STS_PAR_ERROR |
  87:.\Generated_Source\PSoC5/UART_INT.c ****                         UART_RX_STS_STOP_ERROR | UART_RX_STS_OVERRUN)) != 0u)
  88:.\Generated_Source\PSoC5/UART_INT.c ****         {
  89:.\Generated_Source\PSoC5/UART_INT.c ****             /* ERROR handling. */
  90:.\Generated_Source\PSoC5/UART_INT.c ****             /* `#START UART_RXISR_ERROR` */
  91:.\Generated_Source\PSoC5/UART_INT.c **** 
  92:.\Generated_Source\PSoC5/UART_INT.c ****             /* `#END` */
  93:.\Generated_Source\PSoC5/UART_INT.c ****         }
  94:.\Generated_Source\PSoC5/UART_INT.c **** 
  95:.\Generated_Source\PSoC5/UART_INT.c ****         while((readData & UART_RX_STS_FIFO_NOTEMPTY) != 0u)
  55              		.loc 1 95 0
  56 0018 5EE0     		b	.L2
  57              	.L6:
  96:.\Generated_Source\PSoC5/UART_INT.c ****         {
  97:.\Generated_Source\PSoC5/UART_INT.c **** 
  98:.\Generated_Source\PSoC5/UART_INT.c ****             #if (UART_RXHW_ADDRESS_ENABLED)
  99:.\Generated_Source\PSoC5/UART_INT.c ****                 if(UART_rxAddressMode == (uint8)UART__B_UART__AM_SW_DETECT_TO_BUFFER)
 100:.\Generated_Source\PSoC5/UART_INT.c ****                 {
 101:.\Generated_Source\PSoC5/UART_INT.c ****                     if((readData & UART_RX_STS_MRKSPC) != 0u)
 102:.\Generated_Source\PSoC5/UART_INT.c ****                     {
 103:.\Generated_Source\PSoC5/UART_INT.c ****                         if ((readData & UART_RX_STS_ADDR_MATCH) != 0u)
 104:.\Generated_Source\PSoC5/UART_INT.c ****                         {
 105:.\Generated_Source\PSoC5/UART_INT.c ****                             UART_rxAddressDetected = 1u;
 106:.\Generated_Source\PSoC5/UART_INT.c ****                         }
 107:.\Generated_Source\PSoC5/UART_INT.c ****                         else
 108:.\Generated_Source\PSoC5/UART_INT.c ****                         {
 109:.\Generated_Source\PSoC5/UART_INT.c ****                             UART_rxAddressDetected = 0u;
 110:.\Generated_Source\PSoC5/UART_INT.c ****                         }
ARM GAS  C:\DOCUME~1\david\LOCALS~1\Temp\ccOP2dGl.s 			page 4


 111:.\Generated_Source\PSoC5/UART_INT.c ****                     }
 112:.\Generated_Source\PSoC5/UART_INT.c **** 
 113:.\Generated_Source\PSoC5/UART_INT.c ****                     readData = UART_RXDATA_REG;
 114:.\Generated_Source\PSoC5/UART_INT.c ****                     if(UART_rxAddressDetected != 0u)
 115:.\Generated_Source\PSoC5/UART_INT.c ****                     {   /* store only addressed data */
 116:.\Generated_Source\PSoC5/UART_INT.c ****                         UART_rxBuffer[UART_rxBufferWrite] = readData;
 117:.\Generated_Source\PSoC5/UART_INT.c ****                         increment_pointer = 1u;
 118:.\Generated_Source\PSoC5/UART_INT.c ****                     }
 119:.\Generated_Source\PSoC5/UART_INT.c ****                 }
 120:.\Generated_Source\PSoC5/UART_INT.c ****                 else /* without software addressing */
 121:.\Generated_Source\PSoC5/UART_INT.c ****                 {
 122:.\Generated_Source\PSoC5/UART_INT.c ****                     UART_rxBuffer[UART_rxBufferWrite] = UART_RXDATA_REG;
 123:.\Generated_Source\PSoC5/UART_INT.c ****                     increment_pointer = 1u;
 124:.\Generated_Source\PSoC5/UART_INT.c ****                 }
 125:.\Generated_Source\PSoC5/UART_INT.c ****             #else  /* without addressing */
 126:.\Generated_Source\PSoC5/UART_INT.c ****                 UART_rxBuffer[UART_rxBufferWrite] = UART_RXDATA_REG;
  58              		.loc 1 126 0
  59 001a 40F20003 		movw	r3, #:lower16:UART_rxBufferWrite
  60 001e C0F20003 		movt	r3, #:upper16:UART_rxBufferWrite
  61 0022 1B78     		ldrb	r3, [r3, #0]
  62 0024 DBB2     		uxtb	r3, r3
  63 0026 1A46     		mov	r2, r3
  64 0028 46F24843 		movw	r3, #:lower16:1073767496
  65 002c C4F20003 		movt	r3, #:upper16:1073767496
  66 0030 1B78     		ldrb	r3, [r3, #0]
  67 0032 D9B2     		uxtb	r1, r3
  68 0034 40F20003 		movw	r3, #:lower16:UART_rxBuffer
  69 0038 C0F20003 		movt	r3, #:upper16:UART_rxBuffer
  70 003c 9954     		strb	r1, [r3, r2]
 127:.\Generated_Source\PSoC5/UART_INT.c ****                 increment_pointer = 1u;
  71              		.loc 1 127 0
  72 003e 4FF00103 		mov	r3, #1
  73 0042 FB71     		strb	r3, [r7, #7]
 128:.\Generated_Source\PSoC5/UART_INT.c ****             #endif /* End SW_DETECT_TO_BUFFER */
 129:.\Generated_Source\PSoC5/UART_INT.c **** 
 130:.\Generated_Source\PSoC5/UART_INT.c ****             /* do not increment buffer pointer when skip not adderessed data */
 131:.\Generated_Source\PSoC5/UART_INT.c ****             if( increment_pointer != 0u )
  74              		.loc 1 131 0
  75 0044 FB79     		ldrb	r3, [r7, #7]	@ zero_extendqisi2
  76 0046 002B     		cmp	r3, #0
  77 0048 40D0     		beq	.L3
 132:.\Generated_Source\PSoC5/UART_INT.c ****             {
 133:.\Generated_Source\PSoC5/UART_INT.c ****                 if(UART_rxBufferLoopDetect != 0u)
  78              		.loc 1 133 0
  79 004a 40F20003 		movw	r3, #:lower16:UART_rxBufferLoopDetect
  80 004e C0F20003 		movt	r3, #:upper16:UART_rxBufferLoopDetect
  81 0052 1B78     		ldrb	r3, [r3, #0]
  82 0054 DBB2     		uxtb	r3, r3
  83 0056 002B     		cmp	r3, #0
  84 0058 06D0     		beq	.L4
 134:.\Generated_Source\PSoC5/UART_INT.c ****                 {   /* Set Software Buffer status Overflow */
 135:.\Generated_Source\PSoC5/UART_INT.c ****                     UART_rxBufferOverflow = 1u;
  85              		.loc 1 135 0
  86 005a 40F20003 		movw	r3, #:lower16:UART_rxBufferOverflow
  87 005e C0F20003 		movt	r3, #:upper16:UART_rxBufferOverflow
  88 0062 4FF00102 		mov	r2, #1
  89 0066 1A70     		strb	r2, [r3, #0]
ARM GAS  C:\DOCUME~1\david\LOCALS~1\Temp\ccOP2dGl.s 			page 5


  90              	.L4:
 136:.\Generated_Source\PSoC5/UART_INT.c ****                 }
 137:.\Generated_Source\PSoC5/UART_INT.c ****                 /* Set next pointer. */
 138:.\Generated_Source\PSoC5/UART_INT.c ****                 UART_rxBufferWrite++;
  91              		.loc 1 138 0
  92 0068 40F20003 		movw	r3, #:lower16:UART_rxBufferWrite
  93 006c C0F20003 		movt	r3, #:upper16:UART_rxBufferWrite
  94 0070 1B78     		ldrb	r3, [r3, #0]
  95 0072 DBB2     		uxtb	r3, r3
  96 0074 03F10103 		add	r3, r3, #1
  97 0078 DAB2     		uxtb	r2, r3
  98 007a 40F20003 		movw	r3, #:lower16:UART_rxBufferWrite
  99 007e C0F20003 		movt	r3, #:upper16:UART_rxBufferWrite
 100 0082 1A70     		strb	r2, [r3, #0]
 139:.\Generated_Source\PSoC5/UART_INT.c **** 
 140:.\Generated_Source\PSoC5/UART_INT.c ****                 /* Check pointer for a loop condition */
 141:.\Generated_Source\PSoC5/UART_INT.c ****                 if(UART_rxBufferWrite >= UART_RXBUFFERSIZE)
 101              		.loc 1 141 0
 102 0084 40F20003 		movw	r3, #:lower16:UART_rxBufferWrite
 103 0088 C0F20003 		movt	r3, #:upper16:UART_rxBufferWrite
 104 008c 1B78     		ldrb	r3, [r3, #0]
 105 008e DBB2     		uxtb	r3, r3
 106 0090 3F2B     		cmp	r3, #63
 107 0092 06D9     		bls	.L5
 142:.\Generated_Source\PSoC5/UART_INT.c ****                 {
 143:.\Generated_Source\PSoC5/UART_INT.c ****                     UART_rxBufferWrite = 0u;
 108              		.loc 1 143 0
 109 0094 40F20003 		movw	r3, #:lower16:UART_rxBufferWrite
 110 0098 C0F20003 		movt	r3, #:upper16:UART_rxBufferWrite
 111 009c 4FF00002 		mov	r2, #0
 112 00a0 1A70     		strb	r2, [r3, #0]
 113              	.L5:
 144:.\Generated_Source\PSoC5/UART_INT.c ****                 }
 145:.\Generated_Source\PSoC5/UART_INT.c ****                 /* Detect pre-overload condition and set flag */
 146:.\Generated_Source\PSoC5/UART_INT.c ****                 if(UART_rxBufferWrite == UART_rxBufferRead)
 114              		.loc 1 146 0
 115 00a2 40F20003 		movw	r3, #:lower16:UART_rxBufferWrite
 116 00a6 C0F20003 		movt	r3, #:upper16:UART_rxBufferWrite
 117 00aa 1B78     		ldrb	r3, [r3, #0]
 118 00ac DAB2     		uxtb	r2, r3
 119 00ae 40F20003 		movw	r3, #:lower16:UART_rxBufferRead
 120 00b2 C0F20003 		movt	r3, #:upper16:UART_rxBufferRead
 121 00b6 1B78     		ldrb	r3, [r3, #0]
 122 00b8 DBB2     		uxtb	r3, r3
 123 00ba 9A42     		cmp	r2, r3
 124 00bc 06D1     		bne	.L3
 147:.\Generated_Source\PSoC5/UART_INT.c ****                 {
 148:.\Generated_Source\PSoC5/UART_INT.c ****                     UART_rxBufferLoopDetect = 1u;
 125              		.loc 1 148 0
 126 00be 40F20003 		movw	r3, #:lower16:UART_rxBufferLoopDetect
 127 00c2 C0F20003 		movt	r3, #:upper16:UART_rxBufferLoopDetect
 128 00c6 4FF00102 		mov	r2, #1
 129 00ca 1A70     		strb	r2, [r3, #0]
 130              	.L3:
 149:.\Generated_Source\PSoC5/UART_INT.c ****                     /* When Hardware Flow Control selected */
 150:.\Generated_Source\PSoC5/UART_INT.c ****                     #if(UART_FLOW_CONTROL != 0u)
 151:.\Generated_Source\PSoC5/UART_INT.c ****                     /* Disable RX interrupt mask, it will be enabled when user read data from the b
ARM GAS  C:\DOCUME~1\david\LOCALS~1\Temp\ccOP2dGl.s 			page 6


 152:.\Generated_Source\PSoC5/UART_INT.c ****                         UART_RXSTATUS_MASK_REG  &= (uint8)~UART_RX_STS_FIFO_NOTEMPTY;
 153:.\Generated_Source\PSoC5/UART_INT.c ****                         CyIntClearPending(UART_RX_VECT_NUM);
 154:.\Generated_Source\PSoC5/UART_INT.c ****                         break; /* Break the reading of the FIFO loop, leave the data there for gene
 155:.\Generated_Source\PSoC5/UART_INT.c ****                     #endif /* End UART_FLOW_CONTROL != 0 */
 156:.\Generated_Source\PSoC5/UART_INT.c ****                 }
 157:.\Generated_Source\PSoC5/UART_INT.c ****             }
 158:.\Generated_Source\PSoC5/UART_INT.c **** 
 159:.\Generated_Source\PSoC5/UART_INT.c ****             /* Check again if there is data. */
 160:.\Generated_Source\PSoC5/UART_INT.c ****             readData = UART_RXSTATUS_REG;
 131              		.loc 1 160 0
 132 00cc 46F26D43 		movw	r3, #:lower16:1073767533
 133 00d0 C4F20003 		movt	r3, #:upper16:1073767533
 134 00d4 1B78     		ldrb	r3, [r3, #0]
 135 00d6 BB71     		strb	r3, [r7, #6]
 136              	.L2:
 137              		.loc 1 95 0
 138 00d8 BB79     		ldrb	r3, [r7, #6]	@ zero_extendqisi2
 139 00da 03F02003 		and	r3, r3, #32
 140 00de 002B     		cmp	r3, #0
 141 00e0 9BD1     		bne	.L6
 161:.\Generated_Source\PSoC5/UART_INT.c ****         }
 162:.\Generated_Source\PSoC5/UART_INT.c **** 
 163:.\Generated_Source\PSoC5/UART_INT.c ****         /* User code required at end of ISR (Optional) */
 164:.\Generated_Source\PSoC5/UART_INT.c ****         /* `#START UART_RXISR_END` */
 165:.\Generated_Source\PSoC5/UART_INT.c **** 
 166:.\Generated_Source\PSoC5/UART_INT.c ****         /* `#END` */
 167:.\Generated_Source\PSoC5/UART_INT.c **** 
 168:.\Generated_Source\PSoC5/UART_INT.c ****         #if(CY_PSOC3)
 169:.\Generated_Source\PSoC5/UART_INT.c ****             EA = int_en;
 170:.\Generated_Source\PSoC5/UART_INT.c ****         #endif /* CY_PSOC3 */
 171:.\Generated_Source\PSoC5/UART_INT.c **** 
 172:.\Generated_Source\PSoC5/UART_INT.c ****     }
 142              		.loc 1 172 0
 143 00e2 07F10C07 		add	r7, r7, #12
 144 00e6 BD46     		mov	sp, r7
 145 00e8 80BC     		pop	{r7}
 146 00ea 7047     		bx	lr
 147              		.cfi_endproc
 148              	.LFE0:
 149              		.size	UART_RXISR, .-UART_RXISR
 150              		.text
 151              	.Letext0:
 152              		.section	.debug_loc,"",%progbits
 153              	.Ldebug_loc0:
 154              	.LLST0:
 155 0000 00000000 		.4byte	.LFB0
 156 0004 02000000 		.4byte	.LCFI0
 157 0008 0100     		.2byte	0x1
 158 000a 5D       		.byte	0x5d
 159 000b 02000000 		.4byte	.LCFI0
 160 000f 04000000 		.4byte	.LCFI1
 161 0013 0200     		.2byte	0x2
 162 0015 7D       		.byte	0x7d
 163 0016 04       		.sleb128 4
 164 0017 04000000 		.4byte	.LCFI1
 165 001b 06000000 		.4byte	.LCFI2
 166 001f 0200     		.2byte	0x2
ARM GAS  C:\DOCUME~1\david\LOCALS~1\Temp\ccOP2dGl.s 			page 7


 167 0021 7D       		.byte	0x7d
 168 0022 10       		.sleb128 16
 169 0023 06000000 		.4byte	.LCFI2
 170 0027 EC000000 		.4byte	.LFE0
 171 002b 0200     		.2byte	0x2
 172 002d 77       		.byte	0x77
 173 002e 10       		.sleb128 16
 174 002f 00000000 		.4byte	0x0
 175 0033 00000000 		.4byte	0x0
 176              		.file 2 ".\\Generated_Source\\PSoC5\\/UART.h"
 177              		.file 3 ".\\Generated_Source\\PSoC5\\/cytypes.h"
 178              		.section	.debug_info
 179 0000 25010000 		.4byte	0x125
 180 0004 0200     		.2byte	0x2
 181 0006 00000000 		.4byte	.Ldebug_abbrev0
 182 000a 04       		.byte	0x4
 183 000b 01       		.uleb128 0x1
 184 000c AF000000 		.4byte	.LASF19
 185 0010 01       		.byte	0x1
 186 0011 80000000 		.4byte	.LASF20
 187 0015 2D010000 		.4byte	.LASF21
 188 0019 00000000 		.4byte	0x0
 189 001d 00000000 		.4byte	0x0
 190 0021 00000000 		.4byte	.Ldebug_ranges0+0x0
 191 0025 00000000 		.4byte	.Ldebug_line0
 192 0029 02       		.uleb128 0x2
 193 002a 01       		.byte	0x1
 194 002b 06       		.byte	0x6
 195 002c F1000000 		.4byte	.LASF0
 196 0030 02       		.uleb128 0x2
 197 0031 01       		.byte	0x1
 198 0032 08       		.byte	0x8
 199 0033 BB000000 		.4byte	.LASF1
 200 0037 02       		.uleb128 0x2
 201 0038 02       		.byte	0x2
 202 0039 05       		.byte	0x5
 203 003a 55010000 		.4byte	.LASF2
 204 003e 02       		.uleb128 0x2
 205 003f 02       		.byte	0x2
 206 0040 07       		.byte	0x7
 207 0041 DE000000 		.4byte	.LASF3
 208 0045 02       		.uleb128 0x2
 209 0046 04       		.byte	0x4
 210 0047 05       		.byte	0x5
 211 0048 CE000000 		.4byte	.LASF4
 212 004c 02       		.uleb128 0x2
 213 004d 04       		.byte	0x4
 214 004e 07       		.byte	0x7
 215 004f 57000000 		.4byte	.LASF5
 216 0053 02       		.uleb128 0x2
 217 0054 08       		.byte	0x8
 218 0055 05       		.byte	0x5
 219 0056 00000000 		.4byte	.LASF6
 220 005a 02       		.uleb128 0x2
 221 005b 08       		.byte	0x8
 222 005c 07       		.byte	0x7
 223 005d 69000000 		.4byte	.LASF7
ARM GAS  C:\DOCUME~1\david\LOCALS~1\Temp\ccOP2dGl.s 			page 8


 224 0061 03       		.uleb128 0x3
 225 0062 04       		.byte	0x4
 226 0063 05       		.byte	0x5
 227 0064 696E7400 		.ascii	"int\000"
 228 0068 02       		.uleb128 0x2
 229 0069 04       		.byte	0x4
 230 006a 07       		.byte	0x7
 231 006b 0E000000 		.4byte	.LASF8
 232 006f 04       		.uleb128 0x4
 233 0070 51000000 		.4byte	.LASF22
 234 0074 03       		.byte	0x3
 235 0075 4C       		.byte	0x4c
 236 0076 30000000 		.4byte	0x30
 237 007a 02       		.uleb128 0x2
 238 007b 04       		.byte	0x4
 239 007c 04       		.byte	0x4
 240 007d 27010000 		.4byte	.LASF9
 241 0081 02       		.uleb128 0x2
 242 0082 08       		.byte	0x8
 243 0083 04       		.byte	0x4
 244 0084 D7000000 		.4byte	.LASF10
 245 0088 02       		.uleb128 0x2
 246 0089 01       		.byte	0x1
 247 008a 08       		.byte	0x8
 248 008b C9000000 		.4byte	.LASF11
 249 008f 05       		.uleb128 0x5
 250 0090 6F000000 		.4byte	0x6f
 251 0094 06       		.uleb128 0x6
 252 0095 04       		.byte	0x4
 253 0096 07       		.byte	0x7
 254 0097 07       		.uleb128 0x7
 255 0098 01       		.byte	0x1
 256 0099 A4000000 		.4byte	.LASF23
 257 009d 01       		.byte	0x1
 258 009e 42       		.byte	0x42
 259 009f 01       		.byte	0x1
 260 00a0 00000000 		.4byte	.LFB0
 261 00a4 EC000000 		.4byte	.LFE0
 262 00a8 00000000 		.4byte	.LLST0
 263 00ac CD000000 		.4byte	0xcd
 264 00b0 08       		.uleb128 0x8
 265 00b1 72010000 		.4byte	.LASF12
 266 00b5 01       		.byte	0x1
 267 00b6 44       		.byte	0x44
 268 00b7 6F000000 		.4byte	0x6f
 269 00bb 02       		.byte	0x2
 270 00bc 91       		.byte	0x91
 271 00bd 76       		.sleb128 -10
 272 00be 08       		.uleb128 0x8
 273 00bf 1B000000 		.4byte	.LASF13
 274 00c3 01       		.byte	0x1
 275 00c4 45       		.byte	0x45
 276 00c5 6F000000 		.4byte	0x6f
 277 00c9 02       		.byte	0x2
 278 00ca 91       		.byte	0x91
 279 00cb 77       		.sleb128 -9
 280 00cc 00       		.byte	0x0
ARM GAS  C:\DOCUME~1\david\LOCALS~1\Temp\ccOP2dGl.s 			page 9


 281 00cd 09       		.uleb128 0x9
 282 00ce 6F000000 		.4byte	0x6f
 283 00d2 DD000000 		.4byte	0xdd
 284 00d6 0A       		.uleb128 0xa
 285 00d7 94000000 		.4byte	0x94
 286 00db 3F       		.byte	0x3f
 287 00dc 00       		.byte	0x0
 288 00dd 0B       		.uleb128 0xb
 289 00de 43000000 		.4byte	.LASF14
 290 00e2 02       		.byte	0x2
 291 00e3 5201     		.2byte	0x152
 292 00e5 EB000000 		.4byte	0xeb
 293 00e9 01       		.byte	0x1
 294 00ea 01       		.byte	0x1
 295 00eb 05       		.uleb128 0x5
 296 00ec CD000000 		.4byte	0xcd
 297 00f0 0B       		.uleb128 0xb
 298 00f1 15010000 		.4byte	.LASF15
 299 00f5 02       		.byte	0x2
 300 00f6 5301     		.2byte	0x153
 301 00f8 8F000000 		.4byte	0x8f
 302 00fc 01       		.byte	0x1
 303 00fd 01       		.byte	0x1
 304 00fe 0B       		.uleb128 0xb
 305 00ff 5F010000 		.4byte	.LASF16
 306 0103 02       		.byte	0x2
 307 0104 5401     		.2byte	0x154
 308 0106 8F000000 		.4byte	0x8f
 309 010a 01       		.byte	0x1
 310 010b 01       		.byte	0x1
 311 010c 0B       		.uleb128 0xb
 312 010d FD000000 		.4byte	.LASF17
 313 0111 02       		.byte	0x2
 314 0112 5501     		.2byte	0x155
 315 0114 8F000000 		.4byte	0x8f
 316 0118 01       		.byte	0x1
 317 0119 01       		.byte	0x1
 318 011a 0B       		.uleb128 0xb
 319 011b 2D000000 		.4byte	.LASF18
 320 011f 02       		.byte	0x2
 321 0120 5601     		.2byte	0x156
 322 0122 8F000000 		.4byte	0x8f
 323 0126 01       		.byte	0x1
 324 0127 01       		.byte	0x1
 325 0128 00       		.byte	0x0
 326              		.section	.debug_abbrev
 327 0000 01       		.uleb128 0x1
 328 0001 11       		.uleb128 0x11
 329 0002 01       		.byte	0x1
 330 0003 25       		.uleb128 0x25
 331 0004 0E       		.uleb128 0xe
 332 0005 13       		.uleb128 0x13
 333 0006 0B       		.uleb128 0xb
 334 0007 03       		.uleb128 0x3
 335 0008 0E       		.uleb128 0xe
 336 0009 1B       		.uleb128 0x1b
 337 000a 0E       		.uleb128 0xe
ARM GAS  C:\DOCUME~1\david\LOCALS~1\Temp\ccOP2dGl.s 			page 10


 338 000b 11       		.uleb128 0x11
 339 000c 01       		.uleb128 0x1
 340 000d 52       		.uleb128 0x52
 341 000e 01       		.uleb128 0x1
 342 000f 55       		.uleb128 0x55
 343 0010 06       		.uleb128 0x6
 344 0011 10       		.uleb128 0x10
 345 0012 06       		.uleb128 0x6
 346 0013 00       		.byte	0x0
 347 0014 00       		.byte	0x0
 348 0015 02       		.uleb128 0x2
 349 0016 24       		.uleb128 0x24
 350 0017 00       		.byte	0x0
 351 0018 0B       		.uleb128 0xb
 352 0019 0B       		.uleb128 0xb
 353 001a 3E       		.uleb128 0x3e
 354 001b 0B       		.uleb128 0xb
 355 001c 03       		.uleb128 0x3
 356 001d 0E       		.uleb128 0xe
 357 001e 00       		.byte	0x0
 358 001f 00       		.byte	0x0
 359 0020 03       		.uleb128 0x3
 360 0021 24       		.uleb128 0x24
 361 0022 00       		.byte	0x0
 362 0023 0B       		.uleb128 0xb
 363 0024 0B       		.uleb128 0xb
 364 0025 3E       		.uleb128 0x3e
 365 0026 0B       		.uleb128 0xb
 366 0027 03       		.uleb128 0x3
 367 0028 08       		.uleb128 0x8
 368 0029 00       		.byte	0x0
 369 002a 00       		.byte	0x0
 370 002b 04       		.uleb128 0x4
 371 002c 16       		.uleb128 0x16
 372 002d 00       		.byte	0x0
 373 002e 03       		.uleb128 0x3
 374 002f 0E       		.uleb128 0xe
 375 0030 3A       		.uleb128 0x3a
 376 0031 0B       		.uleb128 0xb
 377 0032 3B       		.uleb128 0x3b
 378 0033 0B       		.uleb128 0xb
 379 0034 49       		.uleb128 0x49
 380 0035 13       		.uleb128 0x13
 381 0036 00       		.byte	0x0
 382 0037 00       		.byte	0x0
 383 0038 05       		.uleb128 0x5
 384 0039 35       		.uleb128 0x35
 385 003a 00       		.byte	0x0
 386 003b 49       		.uleb128 0x49
 387 003c 13       		.uleb128 0x13
 388 003d 00       		.byte	0x0
 389 003e 00       		.byte	0x0
 390 003f 06       		.uleb128 0x6
 391 0040 24       		.uleb128 0x24
 392 0041 00       		.byte	0x0
 393 0042 0B       		.uleb128 0xb
 394 0043 0B       		.uleb128 0xb
ARM GAS  C:\DOCUME~1\david\LOCALS~1\Temp\ccOP2dGl.s 			page 11


 395 0044 3E       		.uleb128 0x3e
 396 0045 0B       		.uleb128 0xb
 397 0046 00       		.byte	0x0
 398 0047 00       		.byte	0x0
 399 0048 07       		.uleb128 0x7
 400 0049 2E       		.uleb128 0x2e
 401 004a 01       		.byte	0x1
 402 004b 3F       		.uleb128 0x3f
 403 004c 0C       		.uleb128 0xc
 404 004d 03       		.uleb128 0x3
 405 004e 0E       		.uleb128 0xe
 406 004f 3A       		.uleb128 0x3a
 407 0050 0B       		.uleb128 0xb
 408 0051 3B       		.uleb128 0x3b
 409 0052 0B       		.uleb128 0xb
 410 0053 27       		.uleb128 0x27
 411 0054 0C       		.uleb128 0xc
 412 0055 11       		.uleb128 0x11
 413 0056 01       		.uleb128 0x1
 414 0057 12       		.uleb128 0x12
 415 0058 01       		.uleb128 0x1
 416 0059 40       		.uleb128 0x40
 417 005a 06       		.uleb128 0x6
 418 005b 01       		.uleb128 0x1
 419 005c 13       		.uleb128 0x13
 420 005d 00       		.byte	0x0
 421 005e 00       		.byte	0x0
 422 005f 08       		.uleb128 0x8
 423 0060 34       		.uleb128 0x34
 424 0061 00       		.byte	0x0
 425 0062 03       		.uleb128 0x3
 426 0063 0E       		.uleb128 0xe
 427 0064 3A       		.uleb128 0x3a
 428 0065 0B       		.uleb128 0xb
 429 0066 3B       		.uleb128 0x3b
 430 0067 0B       		.uleb128 0xb
 431 0068 49       		.uleb128 0x49
 432 0069 13       		.uleb128 0x13
 433 006a 02       		.uleb128 0x2
 434 006b 0A       		.uleb128 0xa
 435 006c 00       		.byte	0x0
 436 006d 00       		.byte	0x0
 437 006e 09       		.uleb128 0x9
 438 006f 01       		.uleb128 0x1
 439 0070 01       		.byte	0x1
 440 0071 49       		.uleb128 0x49
 441 0072 13       		.uleb128 0x13
 442 0073 01       		.uleb128 0x1
 443 0074 13       		.uleb128 0x13
 444 0075 00       		.byte	0x0
 445 0076 00       		.byte	0x0
 446 0077 0A       		.uleb128 0xa
 447 0078 21       		.uleb128 0x21
 448 0079 00       		.byte	0x0
 449 007a 49       		.uleb128 0x49
 450 007b 13       		.uleb128 0x13
 451 007c 2F       		.uleb128 0x2f
ARM GAS  C:\DOCUME~1\david\LOCALS~1\Temp\ccOP2dGl.s 			page 12


 452 007d 0B       		.uleb128 0xb
 453 007e 00       		.byte	0x0
 454 007f 00       		.byte	0x0
 455 0080 0B       		.uleb128 0xb
 456 0081 34       		.uleb128 0x34
 457 0082 00       		.byte	0x0
 458 0083 03       		.uleb128 0x3
 459 0084 0E       		.uleb128 0xe
 460 0085 3A       		.uleb128 0x3a
 461 0086 0B       		.uleb128 0xb
 462 0087 3B       		.uleb128 0x3b
 463 0088 05       		.uleb128 0x5
 464 0089 49       		.uleb128 0x49
 465 008a 13       		.uleb128 0x13
 466 008b 3F       		.uleb128 0x3f
 467 008c 0C       		.uleb128 0xc
 468 008d 3C       		.uleb128 0x3c
 469 008e 0C       		.uleb128 0xc
 470 008f 00       		.byte	0x0
 471 0090 00       		.byte	0x0
 472 0091 00       		.byte	0x0
 473              		.section	.debug_pubnames,"",%progbits
 474 0000 1D000000 		.4byte	0x1d
 475 0004 0200     		.2byte	0x2
 476 0006 00000000 		.4byte	.Ldebug_info0
 477 000a 29010000 		.4byte	0x129
 478 000e 97000000 		.4byte	0x97
 479 0012 55415254 		.ascii	"UART_RXISR\000"
 479      5F525849 
 479      535200
 480 001d 00000000 		.4byte	0x0
 481              		.section	.debug_aranges,"",%progbits
 482 0000 1C000000 		.4byte	0x1c
 483 0004 0200     		.2byte	0x2
 484 0006 00000000 		.4byte	.Ldebug_info0
 485 000a 04       		.byte	0x4
 486 000b 00       		.byte	0x0
 487 000c 0000     		.2byte	0x0
 488 000e 0000     		.2byte	0x0
 489 0010 00000000 		.4byte	.LFB0
 490 0014 EC000000 		.4byte	.LFE0-.LFB0
 491 0018 00000000 		.4byte	0x0
 492 001c 00000000 		.4byte	0x0
 493              		.section	.debug_ranges,"",%progbits
 494              	.Ldebug_ranges0:
 495 0000 00000000 		.4byte	.Ltext0
 496 0004 00000000 		.4byte	.Letext0
 497 0008 00000000 		.4byte	.LFB0
 498 000c EC000000 		.4byte	.LFE0
 499 0010 00000000 		.4byte	0x0
 500 0014 00000000 		.4byte	0x0
 501              		.section	.debug_str,"MS",%progbits,1
 502              	.LASF6:
 503 0000 6C6F6E67 		.ascii	"long long int\000"
 503      206C6F6E 
 503      6720696E 
 503      7400
ARM GAS  C:\DOCUME~1\david\LOCALS~1\Temp\ccOP2dGl.s 			page 13


 504              	.LASF8:
 505 000e 756E7369 		.ascii	"unsigned int\000"
 505      676E6564 
 505      20696E74 
 505      00
 506              	.LASF13:
 507 001b 696E6372 		.ascii	"increment_pointer\000"
 507      656D656E 
 507      745F706F 
 507      696E7465 
 507      7200
 508              	.LASF18:
 509 002d 55415254 		.ascii	"UART_rxBufferOverflow\000"
 509      5F727842 
 509      75666665 
 509      724F7665 
 509      72666C6F 
 510              	.LASF14:
 511 0043 55415254 		.ascii	"UART_rxBuffer\000"
 511      5F727842 
 511      75666665 
 511      7200
 512              	.LASF22:
 513 0051 75696E74 		.ascii	"uint8\000"
 513      3800
 514              	.LASF5:
 515 0057 6C6F6E67 		.ascii	"long unsigned int\000"
 515      20756E73 
 515      69676E65 
 515      6420696E 
 515      7400
 516              	.LASF7:
 517 0069 6C6F6E67 		.ascii	"long long unsigned int\000"
 517      206C6F6E 
 517      6720756E 
 517      7369676E 
 517      65642069 
 518              	.LASF20:
 519 0080 2E5C4765 		.ascii	".\\Generated_Source\\PSoC5\\UART_INT.c\000"
 519      6E657261 
 519      7465645F 
 519      536F7572 
 519      63655C50 
 520              	.LASF23:
 521 00a4 55415254 		.ascii	"UART_RXISR\000"
 521      5F525849 
 521      535200
 522              	.LASF19:
 523 00af 474E5520 		.ascii	"GNU C 4.4.1\000"
 523      4320342E 
 523      342E3100 
 524              	.LASF1:
 525 00bb 756E7369 		.ascii	"unsigned char\000"
 525      676E6564 
 525      20636861 
 525      7200
 526              	.LASF11:
ARM GAS  C:\DOCUME~1\david\LOCALS~1\Temp\ccOP2dGl.s 			page 14


 527 00c9 63686172 		.ascii	"char\000"
 527      00
 528              	.LASF4:
 529 00ce 6C6F6E67 		.ascii	"long int\000"
 529      20696E74 
 529      00
 530              	.LASF10:
 531 00d7 646F7562 		.ascii	"double\000"
 531      6C6500
 532              	.LASF3:
 533 00de 73686F72 		.ascii	"short unsigned int\000"
 533      7420756E 
 533      7369676E 
 533      65642069 
 533      6E7400
 534              	.LASF0:
 535 00f1 7369676E 		.ascii	"signed char\000"
 535      65642063 
 535      68617200 
 536              	.LASF17:
 537 00fd 55415254 		.ascii	"UART_rxBufferLoopDetect\000"
 537      5F727842 
 537      75666665 
 537      724C6F6F 
 537      70446574 
 538              	.LASF15:
 539 0115 55415254 		.ascii	"UART_rxBufferRead\000"
 539      5F727842 
 539      75666665 
 539      72526561 
 539      6400
 540              	.LASF9:
 541 0127 666C6F61 		.ascii	"float\000"
 541      7400
 542              	.LASF21:
 543 012d 453A5C50 		.ascii	"E:\\PSoC Creator\\connect4\\connect4.cydsn\000"
 543      536F4320 
 543      43726561 
 543      746F725C 
 543      636F6E6E 
 544              	.LASF2:
 545 0155 73686F72 		.ascii	"short int\000"
 545      7420696E 
 545      7400
 546              	.LASF16:
 547 015f 55415254 		.ascii	"UART_rxBufferWrite\000"
 547      5F727842 
 547      75666665 
 547      72577269 
 547      746500
 548              	.LASF12:
 549 0172 72656164 		.ascii	"readData\000"
 549      44617461 
 549      00
 550              		.ident	"GCC: (Sourcery G++ Lite 2010q1-188) 4.4.1"
