ARM GAS  C:\DOCUME~1\david\LOCALS~1\Temp\ccpcIx8l.s 			page 1


   1              		.syntax unified
   2              		.cpu cortex-m3
   3              		.fpu softvfp
   4              		.eabi_attribute 20, 1
   5              		.eabi_attribute 21, 1
   6              		.eabi_attribute 23, 3
   7              		.eabi_attribute 24, 1
   8              		.eabi_attribute 25, 1
   9              		.eabi_attribute 26, 1
  10              		.eabi_attribute 30, 6
  11              		.eabi_attribute 18, 4
  12              		.thumb
  13              		.file	"display.c"
  14              		.section	.debug_abbrev,"",%progbits
  15              	.Ldebug_abbrev0:
  16              		.section	.debug_info,"",%progbits
  17              	.Ldebug_info0:
  18              		.section	.debug_line,"",%progbits
  19              	.Ldebug_line0:
  20 0000 A8000000 		.text
  20      02004900 
  20      00000201 
  20      FB0E0D00 
  20      01010101 
  21              	.Ltext0:
  22              		.cfi_sections	.debug_frame
  23              		.section	.rodata
  24              		.align	2
  25              	.LC0:
  26 0000 20202020 		.ascii	"                \000"
  26      20202020 
  26      20202020 
  26      20202020 
  26      00
  27 0011 000000   		.section	.text.LCD_ClearLine,"ax",%progbits
  28              		.align	2
  29              		.global	LCD_ClearLine
  30              		.thumb
  31              		.thumb_func
  32              		.type	LCD_ClearLine, %function
  33              	LCD_ClearLine:
  34              	.LFB29:
  35              		.file 1 ".\\display.c"
   1:.\display.c   **** #include <device.h>
   2:.\display.c   **** 
   3:.\display.c   **** 
   4:.\display.c   **** 
   5:.\display.c   **** 
   6:.\display.c   **** void LCD_ClearLine (int line) {
  36              		.loc 1 6 0
  37              		.cfi_startproc
  38              		@ args = 0, pretend = 0, frame = 8
  39              		@ frame_needed = 1, uses_anonymous_args = 0
  40 0000 80B5     		push	{r7, lr}
  41              	.LCFI0:
  42              		.cfi_def_cfa_offset 8
  43 0002 82B0     		sub	sp, sp, #8
ARM GAS  C:\DOCUME~1\david\LOCALS~1\Temp\ccpcIx8l.s 			page 2


  44              	.LCFI1:
  45              		.cfi_def_cfa_offset 16
  46 0004 00AF     		add	r7, sp, #0
  47              		.cfi_offset 14, -4
  48              		.cfi_offset 7, -8
  49              	.LCFI2:
  50              		.cfi_def_cfa_register 7
  51 0006 7860     		str	r0, [r7, #4]
   7:.\display.c   ****     LCD_Position(line,0);
  52              		.loc 1 7 0
  53 0008 7B68     		ldr	r3, [r7, #4]
  54 000a DBB2     		uxtb	r3, r3
  55 000c 1846     		mov	r0, r3
  56 000e 4FF00001 		mov	r1, #0
  57 0012 FFF7FEFF 		bl	LCD_Position
   8:.\display.c   ****     LCD_PrintString("                ");
  58              		.loc 1 8 0
  59 0016 40F20000 		movw	r0, #:lower16:.LC0
  60 001a C0F20000 		movt	r0, #:upper16:.LC0
  61 001e FFF7FEFF 		bl	LCD_PrintString
   9:.\display.c   ****     LCD_Position(line,0);
  62              		.loc 1 9 0
  63 0022 7B68     		ldr	r3, [r7, #4]
  64 0024 DBB2     		uxtb	r3, r3
  65 0026 1846     		mov	r0, r3
  66 0028 4FF00001 		mov	r1, #0
  67 002c FFF7FEFF 		bl	LCD_Position
  10:.\display.c   **** }
  68              		.loc 1 10 0
  69 0030 07F10807 		add	r7, r7, #8
  70 0034 BD46     		mov	sp, r7
  71 0036 80BD     		pop	{r7, pc}
  72              		.cfi_endproc
  73              	.LFE29:
  74              		.size	LCD_ClearLine, .-LCD_ClearLine
  75              		.section	.text.LCD_UpdateStatus,"ax",%progbits
  76              		.align	2
  77              		.global	LCD_UpdateStatus
  78              		.thumb
  79              		.thumb_func
  80              		.type	LCD_UpdateStatus, %function
  81              	LCD_UpdateStatus:
  82              	.LFB30:
  11:.\display.c   **** 
  12:.\display.c   **** 
  13:.\display.c   **** 
  14:.\display.c   **** 
  15:.\display.c   **** void LCD_UpdateStatus (const char string[]) {
  83              		.loc 1 15 0
  84              		.cfi_startproc
  85              		@ args = 0, pretend = 0, frame = 8
  86              		@ frame_needed = 1, uses_anonymous_args = 0
  87 0000 80B5     		push	{r7, lr}
  88              	.LCFI3:
  89              		.cfi_def_cfa_offset 8
  90 0002 82B0     		sub	sp, sp, #8
  91              	.LCFI4:
ARM GAS  C:\DOCUME~1\david\LOCALS~1\Temp\ccpcIx8l.s 			page 3


  92              		.cfi_def_cfa_offset 16
  93 0004 00AF     		add	r7, sp, #0
  94              		.cfi_offset 14, -4
  95              		.cfi_offset 7, -8
  96              	.LCFI5:
  97              		.cfi_def_cfa_register 7
  98 0006 7860     		str	r0, [r7, #4]
  16:.\display.c   ****     LCD_ClearDisplay();
  99              		.loc 1 16 0
 100 0008 4FF00100 		mov	r0, #1
 101 000c FFF7FEFF 		bl	LCD_WriteControl
  17:.\display.c   ****     LCD_Position(0,0);
 102              		.loc 1 17 0
 103 0010 4FF00000 		mov	r0, #0
 104 0014 4FF00001 		mov	r1, #0
 105 0018 FFF7FEFF 		bl	LCD_Position
  18:.\display.c   ****     LCD_PrintString(string);
 106              		.loc 1 18 0
 107 001c 7868     		ldr	r0, [r7, #4]
 108 001e FFF7FEFF 		bl	LCD_PrintString
  19:.\display.c   **** }
 109              		.loc 1 19 0
 110 0022 07F10807 		add	r7, r7, #8
 111 0026 BD46     		mov	sp, r7
 112 0028 80BD     		pop	{r7, pc}
 113              		.cfi_endproc
 114              	.LFE30:
 115              		.size	LCD_UpdateStatus, .-LCD_UpdateStatus
 116 002a 00BF     		.section	.text.LCD_UpdateMessage,"ax",%progbits
 117              		.align	2
 118              		.global	LCD_UpdateMessage
 119              		.thumb
 120              		.thumb_func
 121              		.type	LCD_UpdateMessage, %function
 122              	LCD_UpdateMessage:
 123              	.LFB31:
  20:.\display.c   **** 
  21:.\display.c   **** 
  22:.\display.c   **** 
  23:.\display.c   **** 
  24:.\display.c   **** void LCD_UpdateMessage (const char string[]) {
 124              		.loc 1 24 0
 125              		.cfi_startproc
 126              		@ args = 0, pretend = 0, frame = 8
 127              		@ frame_needed = 1, uses_anonymous_args = 0
 128 0000 80B5     		push	{r7, lr}
 129              	.LCFI6:
 130              		.cfi_def_cfa_offset 8
 131 0002 82B0     		sub	sp, sp, #8
 132              	.LCFI7:
 133              		.cfi_def_cfa_offset 16
 134 0004 00AF     		add	r7, sp, #0
 135              		.cfi_offset 14, -4
 136              		.cfi_offset 7, -8
 137              	.LCFI8:
 138              		.cfi_def_cfa_register 7
 139 0006 7860     		str	r0, [r7, #4]
ARM GAS  C:\DOCUME~1\david\LOCALS~1\Temp\ccpcIx8l.s 			page 4


  25:.\display.c   ****     LCD_ClearLine(1);
 140              		.loc 1 25 0
 141 0008 4FF00100 		mov	r0, #1
 142 000c FFF7FEFF 		bl	LCD_ClearLine
  26:.\display.c   ****     LCD_Position(1,0);
 143              		.loc 1 26 0
 144 0010 4FF00100 		mov	r0, #1
 145 0014 4FF00001 		mov	r1, #0
 146 0018 FFF7FEFF 		bl	LCD_Position
  27:.\display.c   ****     LCD_PrintString(string);
 147              		.loc 1 27 0
 148 001c 7868     		ldr	r0, [r7, #4]
 149 001e FFF7FEFF 		bl	LCD_PrintString
  28:.\display.c   **** }
 150              		.loc 1 28 0
 151 0022 07F10807 		add	r7, r7, #8
 152 0026 BD46     		mov	sp, r7
 153 0028 80BD     		pop	{r7, pc}
 154              		.cfi_endproc
 155              	.LFE31:
 156              		.size	LCD_UpdateMessage, .-LCD_UpdateMessage
 157 002a 00BF     		.section	.text.LCD_Spin,"ax",%progbits
 158              		.align	2
 159              		.global	LCD_Spin
 160              		.thumb
 161              		.thumb_func
 162              		.type	LCD_Spin, %function
 163              	LCD_Spin:
 164              	.LFB32:
  29:.\display.c   **** 
  30:.\display.c   **** 
  31:.\display.c   **** 
  32:.\display.c   **** 
  33:.\display.c   **** void LCD_Spin (int row, int col, int speed, int count) {
 165              		.loc 1 33 0
 166              		.cfi_startproc
 167              		@ args = 0, pretend = 0, frame = 16
 168              		@ frame_needed = 1, uses_anonymous_args = 0
 169 0000 80B5     		push	{r7, lr}
 170              	.LCFI9:
 171              		.cfi_def_cfa_offset 8
 172 0002 84B0     		sub	sp, sp, #16
 173              	.LCFI10:
 174              		.cfi_def_cfa_offset 24
 175 0004 00AF     		add	r7, sp, #0
 176              		.cfi_offset 14, -4
 177              		.cfi_offset 7, -8
 178              	.LCFI11:
 179              		.cfi_def_cfa_register 7
 180 0006 F860     		str	r0, [r7, #12]
 181 0008 B960     		str	r1, [r7, #8]
 182 000a 7A60     		str	r2, [r7, #4]
 183 000c 3B60     		str	r3, [r7, #0]
  34:.\display.c   ****     while (count-- > 0) {
 184              		.loc 1 34 0
 185 000e 5BE0     		b	.L8
 186              	.L9:
ARM GAS  C:\DOCUME~1\david\LOCALS~1\Temp\ccpcIx8l.s 			page 5


  35:.\display.c   ****         LCD_Position(row,col);
 187              		.loc 1 35 0
 188 0010 FB68     		ldr	r3, [r7, #12]
 189 0012 DAB2     		uxtb	r2, r3
 190 0014 BB68     		ldr	r3, [r7, #8]
 191 0016 DBB2     		uxtb	r3, r3
 192 0018 1046     		mov	r0, r2
 193 001a 1946     		mov	r1, r3
 194 001c FFF7FEFF 		bl	LCD_Position
  36:.\display.c   ****         LCD_PutChar('|');
 195              		.loc 1 36 0
 196 0020 4FF07C00 		mov	r0, #124
 197 0024 FFF7FEFF 		bl	LCD_PutChar
  37:.\display.c   ****         CyDelay(speed/4);
 198              		.loc 1 37 0
 199 0028 7B68     		ldr	r3, [r7, #4]
 200 002a 03F10302 		add	r2, r3, #3
 201 002e 002B     		cmp	r3, #0
 202 0030 B8BF     		it	lt
 203 0032 1346     		movlt	r3, r2
 204 0034 4FEAA303 		asr	r3, r3, #2
 205 0038 1846     		mov	r0, r3
 206 003a FFF7FEFF 		bl	CyDelay
  38:.\display.c   ****         LCD_Position(row,col);
 207              		.loc 1 38 0
 208 003e FB68     		ldr	r3, [r7, #12]
 209 0040 DAB2     		uxtb	r2, r3
 210 0042 BB68     		ldr	r3, [r7, #8]
 211 0044 DBB2     		uxtb	r3, r3
 212 0046 1046     		mov	r0, r2
 213 0048 1946     		mov	r1, r3
 214 004a FFF7FEFF 		bl	LCD_Position
  39:.\display.c   ****         LCD_PutChar('/');
 215              		.loc 1 39 0
 216 004e 4FF02F00 		mov	r0, #47
 217 0052 FFF7FEFF 		bl	LCD_PutChar
  40:.\display.c   ****         CyDelay(speed/4);
 218              		.loc 1 40 0
 219 0056 7B68     		ldr	r3, [r7, #4]
 220 0058 03F10302 		add	r2, r3, #3
 221 005c 002B     		cmp	r3, #0
 222 005e B8BF     		it	lt
 223 0060 1346     		movlt	r3, r2
 224 0062 4FEAA303 		asr	r3, r3, #2
 225 0066 1846     		mov	r0, r3
 226 0068 FFF7FEFF 		bl	CyDelay
  41:.\display.c   ****         LCD_Position(row,col);
 227              		.loc 1 41 0
 228 006c FB68     		ldr	r3, [r7, #12]
 229 006e DAB2     		uxtb	r2, r3
 230 0070 BB68     		ldr	r3, [r7, #8]
 231 0072 DBB2     		uxtb	r3, r3
 232 0074 1046     		mov	r0, r2
 233 0076 1946     		mov	r1, r3
 234 0078 FFF7FEFF 		bl	LCD_Position
  42:.\display.c   ****         LCD_PutChar('-');
 235              		.loc 1 42 0
ARM GAS  C:\DOCUME~1\david\LOCALS~1\Temp\ccpcIx8l.s 			page 6


 236 007c 4FF02D00 		mov	r0, #45
 237 0080 FFF7FEFF 		bl	LCD_PutChar
  43:.\display.c   ****         CyDelay(speed/4);
 238              		.loc 1 43 0
 239 0084 7B68     		ldr	r3, [r7, #4]
 240 0086 03F10302 		add	r2, r3, #3
 241 008a 002B     		cmp	r3, #0
 242 008c B8BF     		it	lt
 243 008e 1346     		movlt	r3, r2
 244 0090 4FEAA303 		asr	r3, r3, #2
 245 0094 1846     		mov	r0, r3
 246 0096 FFF7FEFF 		bl	CyDelay
  44:.\display.c   ****         LCD_Position(row,col);
 247              		.loc 1 44 0
 248 009a FB68     		ldr	r3, [r7, #12]
 249 009c DAB2     		uxtb	r2, r3
 250 009e BB68     		ldr	r3, [r7, #8]
 251 00a0 DBB2     		uxtb	r3, r3
 252 00a2 1046     		mov	r0, r2
 253 00a4 1946     		mov	r1, r3
 254 00a6 FFF7FEFF 		bl	LCD_Position
  45:.\display.c   ****         LCD_PutChar('\\');
 255              		.loc 1 45 0
 256 00aa 4FF05C00 		mov	r0, #92
 257 00ae FFF7FEFF 		bl	LCD_PutChar
  46:.\display.c   ****         CyDelay(speed/4);
 258              		.loc 1 46 0
 259 00b2 7B68     		ldr	r3, [r7, #4]
 260 00b4 03F10302 		add	r2, r3, #3
 261 00b8 002B     		cmp	r3, #0
 262 00ba B8BF     		it	lt
 263 00bc 1346     		movlt	r3, r2
 264 00be 4FEAA303 		asr	r3, r3, #2
 265 00c2 1846     		mov	r0, r3
 266 00c4 FFF7FEFF 		bl	CyDelay
 267              	.L8:
 268              		.loc 1 34 0
 269 00c8 3B68     		ldr	r3, [r7, #0]
 270 00ca 002B     		cmp	r3, #0
 271 00cc D4BF     		ite	le
 272 00ce 0023     		movle	r3, #0
 273 00d0 0123     		movgt	r3, #1
 274 00d2 DBB2     		uxtb	r3, r3
 275 00d4 3A68     		ldr	r2, [r7, #0]
 276 00d6 02F1FF32 		add	r2, r2, #-1
 277 00da 3A60     		str	r2, [r7, #0]
 278 00dc 002B     		cmp	r3, #0
 279 00de 97D1     		bne	.L9
  47:.\display.c   ****     }
  48:.\display.c   **** }
 280              		.loc 1 48 0
 281 00e0 07F11007 		add	r7, r7, #16
 282 00e4 BD46     		mov	sp, r7
 283 00e6 80BD     		pop	{r7, pc}
 284              		.cfi_endproc
 285              	.LFE32:
 286              		.size	LCD_Spin, .-LCD_Spin
ARM GAS  C:\DOCUME~1\david\LOCALS~1\Temp\ccpcIx8l.s 			page 7


 287              		.text
 288              	.Letext0:
 289              		.section	.debug_loc,"",%progbits
 290              	.Ldebug_loc0:
 291              	.LLST0:
 292 0000 00000000 		.4byte	.LFB29
 293 0004 02000000 		.4byte	.LCFI0
 294 0008 0100     		.2byte	0x1
 295 000a 5D       		.byte	0x5d
 296 000b 02000000 		.4byte	.LCFI0
 297 000f 04000000 		.4byte	.LCFI1
 298 0013 0200     		.2byte	0x2
 299 0015 7D       		.byte	0x7d
 300 0016 08       		.sleb128 8
 301 0017 04000000 		.4byte	.LCFI1
 302 001b 06000000 		.4byte	.LCFI2
 303 001f 0200     		.2byte	0x2
 304 0021 7D       		.byte	0x7d
 305 0022 10       		.sleb128 16
 306 0023 06000000 		.4byte	.LCFI2
 307 0027 38000000 		.4byte	.LFE29
 308 002b 0200     		.2byte	0x2
 309 002d 77       		.byte	0x77
 310 002e 10       		.sleb128 16
 311 002f 00000000 		.4byte	0x0
 312 0033 00000000 		.4byte	0x0
 313              	.LLST1:
 314 0037 00000000 		.4byte	.LFB30
 315 003b 02000000 		.4byte	.LCFI3
 316 003f 0100     		.2byte	0x1
 317 0041 5D       		.byte	0x5d
 318 0042 02000000 		.4byte	.LCFI3
 319 0046 04000000 		.4byte	.LCFI4
 320 004a 0200     		.2byte	0x2
 321 004c 7D       		.byte	0x7d
 322 004d 08       		.sleb128 8
 323 004e 04000000 		.4byte	.LCFI4
 324 0052 06000000 		.4byte	.LCFI5
 325 0056 0200     		.2byte	0x2
 326 0058 7D       		.byte	0x7d
 327 0059 10       		.sleb128 16
 328 005a 06000000 		.4byte	.LCFI5
 329 005e 2A000000 		.4byte	.LFE30
 330 0062 0200     		.2byte	0x2
 331 0064 77       		.byte	0x77
 332 0065 10       		.sleb128 16
 333 0066 00000000 		.4byte	0x0
 334 006a 00000000 		.4byte	0x0
 335              	.LLST2:
 336 006e 00000000 		.4byte	.LFB31
 337 0072 02000000 		.4byte	.LCFI6
 338 0076 0100     		.2byte	0x1
 339 0078 5D       		.byte	0x5d
 340 0079 02000000 		.4byte	.LCFI6
 341 007d 04000000 		.4byte	.LCFI7
 342 0081 0200     		.2byte	0x2
 343 0083 7D       		.byte	0x7d
ARM GAS  C:\DOCUME~1\david\LOCALS~1\Temp\ccpcIx8l.s 			page 8


 344 0084 08       		.sleb128 8
 345 0085 04000000 		.4byte	.LCFI7
 346 0089 06000000 		.4byte	.LCFI8
 347 008d 0200     		.2byte	0x2
 348 008f 7D       		.byte	0x7d
 349 0090 10       		.sleb128 16
 350 0091 06000000 		.4byte	.LCFI8
 351 0095 2A000000 		.4byte	.LFE31
 352 0099 0200     		.2byte	0x2
 353 009b 77       		.byte	0x77
 354 009c 10       		.sleb128 16
 355 009d 00000000 		.4byte	0x0
 356 00a1 00000000 		.4byte	0x0
 357              	.LLST3:
 358 00a5 00000000 		.4byte	.LFB32
 359 00a9 02000000 		.4byte	.LCFI9
 360 00ad 0100     		.2byte	0x1
 361 00af 5D       		.byte	0x5d
 362 00b0 02000000 		.4byte	.LCFI9
 363 00b4 04000000 		.4byte	.LCFI10
 364 00b8 0200     		.2byte	0x2
 365 00ba 7D       		.byte	0x7d
 366 00bb 08       		.sleb128 8
 367 00bc 04000000 		.4byte	.LCFI10
 368 00c0 06000000 		.4byte	.LCFI11
 369 00c4 0200     		.2byte	0x2
 370 00c6 7D       		.byte	0x7d
 371 00c7 18       		.sleb128 24
 372 00c8 06000000 		.4byte	.LCFI11
 373 00cc E8000000 		.4byte	.LFE32
 374 00d0 0200     		.2byte	0x2
 375 00d2 77       		.byte	0x77
 376 00d3 18       		.sleb128 24
 377 00d4 00000000 		.4byte	0x0
 378 00d8 00000000 		.4byte	0x0
 379              		.file 2 "./Generated_Source/PSoC5/core_cm3.h"
 380              		.section	.debug_info
 381 0000 6C010000 		.4byte	0x16c
 382 0004 0200     		.2byte	0x2
 383 0006 00000000 		.4byte	.Ldebug_abbrev0
 384 000a 04       		.byte	0x4
 385 000b 01       		.uleb128 0x1
 386 000c 70000000 		.4byte	.LASF20
 387 0010 01       		.byte	0x1
 388 0011 13010000 		.4byte	.LASF21
 389 0015 43000000 		.4byte	.LASF22
 390 0019 00000000 		.4byte	0x0
 391 001d 00000000 		.4byte	0x0
 392 0021 00000000 		.4byte	.Ldebug_ranges0+0x0
 393 0025 00000000 		.4byte	.Ldebug_line0
 394 0029 02       		.uleb128 0x2
 395 002a 01       		.byte	0x1
 396 002b 06       		.byte	0x6
 397 002c E2000000 		.4byte	.LASF0
 398 0030 02       		.uleb128 0x2
 399 0031 01       		.byte	0x1
 400 0032 08       		.byte	0x8
ARM GAS  C:\DOCUME~1\david\LOCALS~1\Temp\ccpcIx8l.s 			page 9


 401 0033 7C000000 		.4byte	.LASF1
 402 0037 02       		.uleb128 0x2
 403 0038 02       		.byte	0x2
 404 0039 05       		.byte	0x5
 405 003a B5000000 		.4byte	.LASF2
 406 003e 02       		.uleb128 0x2
 407 003f 02       		.byte	0x2
 408 0040 07       		.byte	0x7
 409 0041 CF000000 		.4byte	.LASF3
 410 0045 02       		.uleb128 0x2
 411 0046 04       		.byte	0x4
 412 0047 05       		.byte	0x5
 413 0048 C6000000 		.4byte	.LASF4
 414 004c 02       		.uleb128 0x2
 415 004d 04       		.byte	0x4
 416 004e 07       		.byte	0x7
 417 004f 1A000000 		.4byte	.LASF5
 418 0053 02       		.uleb128 0x2
 419 0054 08       		.byte	0x8
 420 0055 05       		.byte	0x5
 421 0056 00000000 		.4byte	.LASF6
 422 005a 02       		.uleb128 0x2
 423 005b 08       		.byte	0x8
 424 005c 07       		.byte	0x7
 425 005d 2C000000 		.4byte	.LASF7
 426 0061 03       		.uleb128 0x3
 427 0062 04       		.byte	0x4
 428 0063 05       		.byte	0x5
 429 0064 696E7400 		.ascii	"int\000"
 430 0068 02       		.uleb128 0x2
 431 0069 04       		.byte	0x4
 432 006a 07       		.byte	0x7
 433 006b 28010000 		.4byte	.LASF8
 434 006f 02       		.uleb128 0x2
 435 0070 04       		.byte	0x4
 436 0071 04       		.byte	0x4
 437 0072 0D010000 		.4byte	.LASF9
 438 0076 02       		.uleb128 0x2
 439 0077 08       		.byte	0x8
 440 0078 04       		.byte	0x4
 441 0079 BF000000 		.4byte	.LASF10
 442 007d 02       		.uleb128 0x2
 443 007e 01       		.byte	0x1
 444 007f 08       		.byte	0x8
 445 0080 35010000 		.4byte	.LASF11
 446 0084 04       		.uleb128 0x4
 447 0085 04       		.byte	0x4
 448 0086 07       		.byte	0x7
 449 0087 05       		.uleb128 0x5
 450 0088 04       		.byte	0x4
 451 0089 8D000000 		.4byte	0x8d
 452 008d 06       		.uleb128 0x6
 453 008e 7D000000 		.4byte	0x7d
 454 0092 07       		.uleb128 0x7
 455 0093 01       		.byte	0x1
 456 0094 FF000000 		.4byte	.LASF12
 457 0098 01       		.byte	0x1
ARM GAS  C:\DOCUME~1\david\LOCALS~1\Temp\ccpcIx8l.s 			page 10


 458 0099 06       		.byte	0x6
 459 009a 01       		.byte	0x1
 460 009b 00000000 		.4byte	.LFB29
 461 009f 38000000 		.4byte	.LFE29
 462 00a3 00000000 		.4byte	.LLST0
 463 00a7 BA000000 		.4byte	0xba
 464 00ab 08       		.uleb128 0x8
 465 00ac 0E000000 		.4byte	.LASF14
 466 00b0 01       		.byte	0x1
 467 00b1 06       		.byte	0x6
 468 00b2 61000000 		.4byte	0x61
 469 00b6 02       		.byte	0x2
 470 00b7 91       		.byte	0x91
 471 00b8 74       		.sleb128 -12
 472 00b9 00       		.byte	0x0
 473 00ba 07       		.uleb128 0x7
 474 00bb 01       		.byte	0x1
 475 00bc EE000000 		.4byte	.LASF13
 476 00c0 01       		.byte	0x1
 477 00c1 0F       		.byte	0xf
 478 00c2 01       		.byte	0x1
 479 00c3 00000000 		.4byte	.LFB30
 480 00c7 2A000000 		.4byte	.LFE30
 481 00cb 37000000 		.4byte	.LLST1
 482 00cf E2000000 		.4byte	0xe2
 483 00d3 08       		.uleb128 0x8
 484 00d4 13000000 		.4byte	.LASF15
 485 00d8 01       		.byte	0x1
 486 00d9 0F       		.byte	0xf
 487 00da 87000000 		.4byte	0x87
 488 00de 02       		.byte	0x2
 489 00df 91       		.byte	0x91
 490 00e0 74       		.sleb128 -12
 491 00e1 00       		.byte	0x0
 492 00e2 07       		.uleb128 0x7
 493 00e3 01       		.byte	0x1
 494 00e4 90000000 		.4byte	.LASF16
 495 00e8 01       		.byte	0x1
 496 00e9 18       		.byte	0x18
 497 00ea 01       		.byte	0x1
 498 00eb 00000000 		.4byte	.LFB31
 499 00ef 2A000000 		.4byte	.LFE31
 500 00f3 6E000000 		.4byte	.LLST2
 501 00f7 0A010000 		.4byte	0x10a
 502 00fb 08       		.uleb128 0x8
 503 00fc 13000000 		.4byte	.LASF15
 504 0100 01       		.byte	0x1
 505 0101 18       		.byte	0x18
 506 0102 87000000 		.4byte	0x87
 507 0106 02       		.byte	0x2
 508 0107 91       		.byte	0x91
 509 0108 74       		.sleb128 -12
 510 0109 00       		.byte	0x0
 511 010a 07       		.uleb128 0x7
 512 010b 01       		.byte	0x1
 513 010c 1F010000 		.4byte	.LASF17
 514 0110 01       		.byte	0x1
ARM GAS  C:\DOCUME~1\david\LOCALS~1\Temp\ccpcIx8l.s 			page 11


 515 0111 21       		.byte	0x21
 516 0112 01       		.byte	0x1
 517 0113 00000000 		.4byte	.LFB32
 518 0117 E8000000 		.4byte	.LFE32
 519 011b A5000000 		.4byte	.LLST3
 520 011f 5C010000 		.4byte	0x15c
 521 0123 09       		.uleb128 0x9
 522 0124 726F7700 		.ascii	"row\000"
 523 0128 01       		.byte	0x1
 524 0129 21       		.byte	0x21
 525 012a 61000000 		.4byte	0x61
 526 012e 02       		.byte	0x2
 527 012f 91       		.byte	0x91
 528 0130 74       		.sleb128 -12
 529 0131 09       		.uleb128 0x9
 530 0132 636F6C00 		.ascii	"col\000"
 531 0136 01       		.byte	0x1
 532 0137 21       		.byte	0x21
 533 0138 61000000 		.4byte	0x61
 534 013c 02       		.byte	0x2
 535 013d 91       		.byte	0x91
 536 013e 70       		.sleb128 -16
 537 013f 08       		.uleb128 0x8
 538 0140 8A000000 		.4byte	.LASF18
 539 0144 01       		.byte	0x1
 540 0145 21       		.byte	0x21
 541 0146 61000000 		.4byte	0x61
 542 014a 02       		.byte	0x2
 543 014b 91       		.byte	0x91
 544 014c 6C       		.sleb128 -20
 545 014d 08       		.uleb128 0x8
 546 014e A2000000 		.4byte	.LASF19
 547 0152 01       		.byte	0x1
 548 0153 21       		.byte	0x21
 549 0154 61000000 		.4byte	0x61
 550 0158 02       		.byte	0x2
 551 0159 91       		.byte	0x91
 552 015a 68       		.sleb128 -24
 553 015b 00       		.byte	0x0
 554 015c 0A       		.uleb128 0xa
 555 015d A8000000 		.4byte	.LASF23
 556 0161 02       		.byte	0x2
 557 0162 CE06     		.2byte	0x6ce
 558 0164 6A010000 		.4byte	0x16a
 559 0168 01       		.byte	0x1
 560 0169 01       		.byte	0x1
 561 016a 0B       		.uleb128 0xb
 562 016b 61000000 		.4byte	0x61
 563 016f 00       		.byte	0x0
 564              		.section	.debug_abbrev
 565 0000 01       		.uleb128 0x1
 566 0001 11       		.uleb128 0x11
 567 0002 01       		.byte	0x1
 568 0003 25       		.uleb128 0x25
 569 0004 0E       		.uleb128 0xe
 570 0005 13       		.uleb128 0x13
 571 0006 0B       		.uleb128 0xb
ARM GAS  C:\DOCUME~1\david\LOCALS~1\Temp\ccpcIx8l.s 			page 12


 572 0007 03       		.uleb128 0x3
 573 0008 0E       		.uleb128 0xe
 574 0009 1B       		.uleb128 0x1b
 575 000a 0E       		.uleb128 0xe
 576 000b 11       		.uleb128 0x11
 577 000c 01       		.uleb128 0x1
 578 000d 52       		.uleb128 0x52
 579 000e 01       		.uleb128 0x1
 580 000f 55       		.uleb128 0x55
 581 0010 06       		.uleb128 0x6
 582 0011 10       		.uleb128 0x10
 583 0012 06       		.uleb128 0x6
 584 0013 00       		.byte	0x0
 585 0014 00       		.byte	0x0
 586 0015 02       		.uleb128 0x2
 587 0016 24       		.uleb128 0x24
 588 0017 00       		.byte	0x0
 589 0018 0B       		.uleb128 0xb
 590 0019 0B       		.uleb128 0xb
 591 001a 3E       		.uleb128 0x3e
 592 001b 0B       		.uleb128 0xb
 593 001c 03       		.uleb128 0x3
 594 001d 0E       		.uleb128 0xe
 595 001e 00       		.byte	0x0
 596 001f 00       		.byte	0x0
 597 0020 03       		.uleb128 0x3
 598 0021 24       		.uleb128 0x24
 599 0022 00       		.byte	0x0
 600 0023 0B       		.uleb128 0xb
 601 0024 0B       		.uleb128 0xb
 602 0025 3E       		.uleb128 0x3e
 603 0026 0B       		.uleb128 0xb
 604 0027 03       		.uleb128 0x3
 605 0028 08       		.uleb128 0x8
 606 0029 00       		.byte	0x0
 607 002a 00       		.byte	0x0
 608 002b 04       		.uleb128 0x4
 609 002c 24       		.uleb128 0x24
 610 002d 00       		.byte	0x0
 611 002e 0B       		.uleb128 0xb
 612 002f 0B       		.uleb128 0xb
 613 0030 3E       		.uleb128 0x3e
 614 0031 0B       		.uleb128 0xb
 615 0032 00       		.byte	0x0
 616 0033 00       		.byte	0x0
 617 0034 05       		.uleb128 0x5
 618 0035 0F       		.uleb128 0xf
 619 0036 00       		.byte	0x0
 620 0037 0B       		.uleb128 0xb
 621 0038 0B       		.uleb128 0xb
 622 0039 49       		.uleb128 0x49
 623 003a 13       		.uleb128 0x13
 624 003b 00       		.byte	0x0
 625 003c 00       		.byte	0x0
 626 003d 06       		.uleb128 0x6
 627 003e 26       		.uleb128 0x26
 628 003f 00       		.byte	0x0
ARM GAS  C:\DOCUME~1\david\LOCALS~1\Temp\ccpcIx8l.s 			page 13


 629 0040 49       		.uleb128 0x49
 630 0041 13       		.uleb128 0x13
 631 0042 00       		.byte	0x0
 632 0043 00       		.byte	0x0
 633 0044 07       		.uleb128 0x7
 634 0045 2E       		.uleb128 0x2e
 635 0046 01       		.byte	0x1
 636 0047 3F       		.uleb128 0x3f
 637 0048 0C       		.uleb128 0xc
 638 0049 03       		.uleb128 0x3
 639 004a 0E       		.uleb128 0xe
 640 004b 3A       		.uleb128 0x3a
 641 004c 0B       		.uleb128 0xb
 642 004d 3B       		.uleb128 0x3b
 643 004e 0B       		.uleb128 0xb
 644 004f 27       		.uleb128 0x27
 645 0050 0C       		.uleb128 0xc
 646 0051 11       		.uleb128 0x11
 647 0052 01       		.uleb128 0x1
 648 0053 12       		.uleb128 0x12
 649 0054 01       		.uleb128 0x1
 650 0055 40       		.uleb128 0x40
 651 0056 06       		.uleb128 0x6
 652 0057 01       		.uleb128 0x1
 653 0058 13       		.uleb128 0x13
 654 0059 00       		.byte	0x0
 655 005a 00       		.byte	0x0
 656 005b 08       		.uleb128 0x8
 657 005c 05       		.uleb128 0x5
 658 005d 00       		.byte	0x0
 659 005e 03       		.uleb128 0x3
 660 005f 0E       		.uleb128 0xe
 661 0060 3A       		.uleb128 0x3a
 662 0061 0B       		.uleb128 0xb
 663 0062 3B       		.uleb128 0x3b
 664 0063 0B       		.uleb128 0xb
 665 0064 49       		.uleb128 0x49
 666 0065 13       		.uleb128 0x13
 667 0066 02       		.uleb128 0x2
 668 0067 0A       		.uleb128 0xa
 669 0068 00       		.byte	0x0
 670 0069 00       		.byte	0x0
 671 006a 09       		.uleb128 0x9
 672 006b 05       		.uleb128 0x5
 673 006c 00       		.byte	0x0
 674 006d 03       		.uleb128 0x3
 675 006e 08       		.uleb128 0x8
 676 006f 3A       		.uleb128 0x3a
 677 0070 0B       		.uleb128 0xb
 678 0071 3B       		.uleb128 0x3b
 679 0072 0B       		.uleb128 0xb
 680 0073 49       		.uleb128 0x49
 681 0074 13       		.uleb128 0x13
 682 0075 02       		.uleb128 0x2
 683 0076 0A       		.uleb128 0xa
 684 0077 00       		.byte	0x0
 685 0078 00       		.byte	0x0
ARM GAS  C:\DOCUME~1\david\LOCALS~1\Temp\ccpcIx8l.s 			page 14


 686 0079 0A       		.uleb128 0xa
 687 007a 34       		.uleb128 0x34
 688 007b 00       		.byte	0x0
 689 007c 03       		.uleb128 0x3
 690 007d 0E       		.uleb128 0xe
 691 007e 3A       		.uleb128 0x3a
 692 007f 0B       		.uleb128 0xb
 693 0080 3B       		.uleb128 0x3b
 694 0081 05       		.uleb128 0x5
 695 0082 49       		.uleb128 0x49
 696 0083 13       		.uleb128 0x13
 697 0084 3F       		.uleb128 0x3f
 698 0085 0C       		.uleb128 0xc
 699 0086 3C       		.uleb128 0x3c
 700 0087 0C       		.uleb128 0xc
 701 0088 00       		.byte	0x0
 702 0089 00       		.byte	0x0
 703 008a 0B       		.uleb128 0xb
 704 008b 35       		.uleb128 0x35
 705 008c 00       		.byte	0x0
 706 008d 49       		.uleb128 0x49
 707 008e 13       		.uleb128 0x13
 708 008f 00       		.byte	0x0
 709 0090 00       		.byte	0x0
 710 0091 00       		.byte	0x0
 711              		.section	.debug_pubnames,"",%progbits
 712 0000 58000000 		.4byte	0x58
 713 0004 0200     		.2byte	0x2
 714 0006 00000000 		.4byte	.Ldebug_info0
 715 000a 70010000 		.4byte	0x170
 716 000e 92000000 		.4byte	0x92
 717 0012 4C43445F 		.ascii	"LCD_ClearLine\000"
 717      436C6561 
 717      724C696E 
 717      6500
 718 0020 BA000000 		.4byte	0xba
 719 0024 4C43445F 		.ascii	"LCD_UpdateStatus\000"
 719      55706461 
 719      74655374 
 719      61747573 
 719      00
 720 0035 E2000000 		.4byte	0xe2
 721 0039 4C43445F 		.ascii	"LCD_UpdateMessage\000"
 721      55706461 
 721      74654D65 
 721      73736167 
 721      6500
 722 004b 0A010000 		.4byte	0x10a
 723 004f 4C43445F 		.ascii	"LCD_Spin\000"
 723      5370696E 
 723      00
 724 0058 00000000 		.4byte	0x0
 725              		.section	.debug_aranges,"",%progbits
 726 0000 34000000 		.4byte	0x34
 727 0004 0200     		.2byte	0x2
 728 0006 00000000 		.4byte	.Ldebug_info0
 729 000a 04       		.byte	0x4
ARM GAS  C:\DOCUME~1\david\LOCALS~1\Temp\ccpcIx8l.s 			page 15


 730 000b 00       		.byte	0x0
 731 000c 0000     		.2byte	0x0
 732 000e 0000     		.2byte	0x0
 733 0010 00000000 		.4byte	.LFB29
 734 0014 38000000 		.4byte	.LFE29-.LFB29
 735 0018 00000000 		.4byte	.LFB30
 736 001c 2A000000 		.4byte	.LFE30-.LFB30
 737 0020 00000000 		.4byte	.LFB31
 738 0024 2A000000 		.4byte	.LFE31-.LFB31
 739 0028 00000000 		.4byte	.LFB32
 740 002c E8000000 		.4byte	.LFE32-.LFB32
 741 0030 00000000 		.4byte	0x0
 742 0034 00000000 		.4byte	0x0
 743              		.section	.debug_ranges,"",%progbits
 744              	.Ldebug_ranges0:
 745 0000 00000000 		.4byte	.Ltext0
 746 0004 00000000 		.4byte	.Letext0
 747 0008 00000000 		.4byte	.LFB29
 748 000c 38000000 		.4byte	.LFE29
 749 0010 00000000 		.4byte	.LFB30
 750 0014 2A000000 		.4byte	.LFE30
 751 0018 00000000 		.4byte	.LFB31
 752 001c 2A000000 		.4byte	.LFE31
 753 0020 00000000 		.4byte	.LFB32
 754 0024 E8000000 		.4byte	.LFE32
 755 0028 00000000 		.4byte	0x0
 756 002c 00000000 		.4byte	0x0
 757              		.section	.debug_str,"MS",%progbits,1
 758              	.LASF6:
 759 0000 6C6F6E67 		.ascii	"long long int\000"
 759      206C6F6E 
 759      6720696E 
 759      7400
 760              	.LASF14:
 761 000e 6C696E65 		.ascii	"line\000"
 761      00
 762              	.LASF15:
 763 0013 73747269 		.ascii	"string\000"
 763      6E6700
 764              	.LASF5:
 765 001a 6C6F6E67 		.ascii	"long unsigned int\000"
 765      20756E73 
 765      69676E65 
 765      6420696E 
 765      7400
 766              	.LASF7:
 767 002c 6C6F6E67 		.ascii	"long long unsigned int\000"
 767      206C6F6E 
 767      6720756E 
 767      7369676E 
 767      65642069 
 768              	.LASF22:
 769 0043 453A5C50 		.ascii	"E:\\PSoC Creator\\FathersDay2013\\marquee.cydsn\000"
 769      536F4320 
 769      43726561 
 769      746F725C 
 769      46617468 
ARM GAS  C:\DOCUME~1\david\LOCALS~1\Temp\ccpcIx8l.s 			page 16


 770              	.LASF20:
 771 0070 474E5520 		.ascii	"GNU C 4.4.1\000"
 771      4320342E 
 771      342E3100 
 772              	.LASF1:
 773 007c 756E7369 		.ascii	"unsigned char\000"
 773      676E6564 
 773      20636861 
 773      7200
 774              	.LASF18:
 775 008a 73706565 		.ascii	"speed\000"
 775      6400
 776              	.LASF16:
 777 0090 4C43445F 		.ascii	"LCD_UpdateMessage\000"
 777      55706461 
 777      74654D65 
 777      73736167 
 777      6500
 778              	.LASF19:
 779 00a2 636F756E 		.ascii	"count\000"
 779      7400
 780              	.LASF23:
 781 00a8 49544D5F 		.ascii	"ITM_RxBuffer\000"
 781      52784275 
 781      66666572 
 781      00
 782              	.LASF2:
 783 00b5 73686F72 		.ascii	"short int\000"
 783      7420696E 
 783      7400
 784              	.LASF10:
 785 00bf 646F7562 		.ascii	"double\000"
 785      6C6500
 786              	.LASF4:
 787 00c6 6C6F6E67 		.ascii	"long int\000"
 787      20696E74 
 787      00
 788              	.LASF3:
 789 00cf 73686F72 		.ascii	"short unsigned int\000"
 789      7420756E 
 789      7369676E 
 789      65642069 
 789      6E7400
 790              	.LASF0:
 791 00e2 7369676E 		.ascii	"signed char\000"
 791      65642063 
 791      68617200 
 792              	.LASF13:
 793 00ee 4C43445F 		.ascii	"LCD_UpdateStatus\000"
 793      55706461 
 793      74655374 
 793      61747573 
 793      00
 794              	.LASF12:
 795 00ff 4C43445F 		.ascii	"LCD_ClearLine\000"
 795      436C6561 
 795      724C696E 
ARM GAS  C:\DOCUME~1\david\LOCALS~1\Temp\ccpcIx8l.s 			page 17


 795      6500
 796              	.LASF9:
 797 010d 666C6F61 		.ascii	"float\000"
 797      7400
 798              	.LASF21:
 799 0113 2E5C6469 		.ascii	".\\display.c\000"
 799      73706C61 
 799      792E6300 
 800              	.LASF17:
 801 011f 4C43445F 		.ascii	"LCD_Spin\000"
 801      5370696E 
 801      00
 802              	.LASF8:
 803 0128 756E7369 		.ascii	"unsigned int\000"
 803      676E6564 
 803      20696E74 
 803      00
 804              	.LASF11:
 805 0135 63686172 		.ascii	"char\000"
 805      00
 806              		.ident	"GCC: (Sourcery G++ Lite 2010q1-188) 4.4.1"
