ARM GAS  C:\DOCUME~1\david\LOCALS~1\Temp\ccR2CFNh.s 			page 1


   1              		.syntax unified
   2              		.cpu cortex-m3
   3              		.fpu softvfp
   4              		.eabi_attribute 20, 1
   5              		.eabi_attribute 21, 1
   6              		.eabi_attribute 23, 3
   7              		.eabi_attribute 24, 1
   8              		.eabi_attribute 25, 1
   9              		.eabi_attribute 26, 1
  10              		.eabi_attribute 30, 6
  11              		.eabi_attribute 18, 4
  12              		.thumb
  13              		.file	"matrix.c"
  14              		.section	.debug_abbrev,"",%progbits
  15              	.Ldebug_abbrev0:
  16              		.section	.debug_info,"",%progbits
  17              	.Ldebug_info0:
  18              		.section	.debug_line,"",%progbits
  19              	.Ldebug_line0:
  20 0000 1D010000 		.text
  20      02005500 
  20      00000201 
  20      FB0E0D00 
  20      01010101 
  21              	.Ltext0:
  22              		.cfi_sections	.debug_frame
  23              		.global	rPos
  24              		.data
  25              		.align	1
  26              		.type	rPos, %object
  27              		.size	rPos, 2
  28              	rPos:
  29 0000 0800     		.short	8
  30              		.global	cPos
  31              		.align	1
  32              		.type	cPos, %object
  33              		.size	cPos, 2
  34              	cPos:
  35 0002 0800     		.short	8
  36              		.section	.text.matrix_refresh,"ax",%progbits
  37              		.align	2
  38              		.global	matrix_refresh
  39              		.thumb
  40              		.thumb_func
  41              		.type	matrix_refresh, %function
  42              	matrix_refresh:
  43              	.LFB29:
  44              		.file 1 ".\\matrix.c"
   1:.\matrix.c    **** #include <device.h>
   2:.\matrix.c    **** #include <stdbool.h>
   3:.\matrix.c    **** #include <display.h>
   4:.\matrix.c    **** #include <matrix.h>
   5:.\matrix.c    **** 
   6:.\matrix.c    **** 
   7:.\matrix.c    **** 
   8:.\matrix.c    **** 
   9:.\matrix.c    **** uint16 rPos = MATRIX_ROWS, cPos = MATRIX_COLS;
ARM GAS  C:\DOCUME~1\david\LOCALS~1\Temp\ccR2CFNh.s 			page 2


  10:.\matrix.c    **** void matrix_refresh ( uint8 on[MATRIX_ROWS][MATRIX_COLS] ) {
  45              		.loc 1 10 0
  46              		.cfi_startproc
  47              		@ args = 0, pretend = 0, frame = 16
  48              		@ frame_needed = 1, uses_anonymous_args = 0
  49 0000 80B5     		push	{r7, lr}
  50              	.LCFI0:
  51              		.cfi_def_cfa_offset 8
  52 0002 84B0     		sub	sp, sp, #16
  53              	.LCFI1:
  54              		.cfi_def_cfa_offset 24
  55 0004 00AF     		add	r7, sp, #0
  56              		.cfi_offset 14, -4
  57              		.cfi_offset 7, -8
  58              	.LCFI2:
  59              		.cfi_def_cfa_register 7
  60 0006 7860     		str	r0, [r7, #4]
  61              	.LBB2:
  11:.\matrix.c    **** 
  12:.\matrix.c    ****     if (SERIAL && false) { // DEBUG
  13:.\matrix.c    ****         /* Column by Column */
  14:.\matrix.c    ****         matrix_deluminate();
  15:.\matrix.c    ****         if (++cPos > MATRIX_COLS) cPos = 0;
  16:.\matrix.c    ****         for (rPos=0; rPos < MATRIX_ROWS ;++rPos)
  17:.\matrix.c    ****             if (on[rPos][cPos]) matrix_illuminate(rPos,cPos,on[rPos][cPos]);
  18:.\matrix.c    ****         
  19:.\matrix.c    ****         /* Row by Row *
  20:.\matrix.c    ****         matrix_deluminate();
  21:.\matrix.c    ****         if (++rPos > MATRIX_ROWS) rPos = 0;
  22:.\matrix.c    ****         for (cPos=0; cPos < MATRIX_COLS ;++cPos)
  23:.\matrix.c    ****             if (on[rPos][cPos]) matrix_illuminate(rPos,cPos,on[rPos][cPos]);
  24:.\matrix.c    ****         /**/
  25:.\matrix.c    ****     }
  26:.\matrix.c    ****     else {
  27:.\matrix.c    ****         uint16 cells = MATRIX_ROWS*MATRIX_COLS;
  62              		.loc 1 27 0
  63 0008 4FF04003 		mov	r3, #64
  64 000c FB81     		strh	r3, [r7, #14]	@ movhi
  28:.\matrix.c    ****         while (cells-- > 0) {
  65              		.loc 1 28 0
  66 000e FB89     		ldrh	r3, [r7, #14]
  67 0010 002B     		cmp	r3, #0
  68 0012 0CBF     		ite	eq
  69 0014 0023     		moveq	r3, #0
  70 0016 0123     		movne	r3, #1
  71 0018 DBB2     		uxtb	r3, r3
  72 001a FA89     		ldrh	r2, [r7, #14]	@ movhi
  73 001c 02F1FF32 		add	r2, r2, #-1
  74 0020 FA81     		strh	r2, [r7, #14]	@ movhi
  75 0022 002B     		cmp	r3, #0
  76 0024 6AD0     		beq	.L5
  29:.\matrix.c    ****             if (++cPos >= MATRIX_COLS) {
  77              		.loc 1 29 0
  78 0026 40F20003 		movw	r3, #:lower16:cPos
  79 002a C0F20003 		movt	r3, #:upper16:cPos
  80 002e 1B88     		ldrh	r3, [r3, #0]
  81 0030 03F10103 		add	r3, r3, #1
ARM GAS  C:\DOCUME~1\david\LOCALS~1\Temp\ccR2CFNh.s 			page 3


  82 0034 9AB2     		uxth	r2, r3
  83 0036 40F20003 		movw	r3, #:lower16:cPos
  84 003a C0F20003 		movt	r3, #:upper16:cPos
  85 003e 1A80     		strh	r2, [r3, #0]	@ movhi
  86 0040 40F20003 		movw	r3, #:lower16:cPos
  87 0044 C0F20003 		movt	r3, #:upper16:cPos
  88 0048 1B88     		ldrh	r3, [r3, #0]
  89 004a 072B     		cmp	r3, #7
  90 004c 21D9     		bls	.L3
  30:.\matrix.c    ****                 cPos = 0;
  91              		.loc 1 30 0
  92 004e 40F20003 		movw	r3, #:lower16:cPos
  93 0052 C0F20003 		movt	r3, #:upper16:cPos
  94 0056 4FF00002 		mov	r2, #0
  95 005a 1A80     		strh	r2, [r3, #0]	@ movhi
  31:.\matrix.c    ****                 if (++rPos >= MATRIX_ROWS) rPos = 0;
  96              		.loc 1 31 0
  97 005c 40F20003 		movw	r3, #:lower16:rPos
  98 0060 C0F20003 		movt	r3, #:upper16:rPos
  99 0064 1B88     		ldrh	r3, [r3, #0]
 100 0066 03F10103 		add	r3, r3, #1
 101 006a 9AB2     		uxth	r2, r3
 102 006c 40F20003 		movw	r3, #:lower16:rPos
 103 0070 C0F20003 		movt	r3, #:upper16:rPos
 104 0074 1A80     		strh	r2, [r3, #0]	@ movhi
 105 0076 40F20003 		movw	r3, #:lower16:rPos
 106 007a C0F20003 		movt	r3, #:upper16:rPos
 107 007e 1B88     		ldrh	r3, [r3, #0]
 108 0080 072B     		cmp	r3, #7
 109 0082 06D9     		bls	.L3
 110 0084 40F20003 		movw	r3, #:lower16:rPos
 111 0088 C0F20003 		movt	r3, #:upper16:rPos
 112 008c 4FF00002 		mov	r2, #0
 113 0090 1A80     		strh	r2, [r3, #0]	@ movhi
 114              	.L3:
  32:.\matrix.c    ****             }
  33:.\matrix.c    ****             matrix_deluminate();
 115              		.loc 1 33 0
 116 0092 FFF7FEFF 		bl	matrix_deluminate
  34:.\matrix.c    ****             if (on[rPos][cPos]) {
 117              		.loc 1 34 0
 118 0096 40F20003 		movw	r3, #:lower16:rPos
 119 009a C0F20003 		movt	r3, #:upper16:rPos
 120 009e 1B88     		ldrh	r3, [r3, #0]
 121 00a0 4FEAC302 		lsl	r2, r3, #3
 122 00a4 7B68     		ldr	r3, [r7, #4]
 123 00a6 1A44     		add	r2, r2, r3
 124 00a8 40F20003 		movw	r3, #:lower16:cPos
 125 00ac C0F20003 		movt	r3, #:upper16:cPos
 126 00b0 1B88     		ldrh	r3, [r3, #0]
 127 00b2 D35C     		ldrb	r3, [r2, r3]	@ zero_extendqisi2
 128 00b4 002B     		cmp	r3, #0
 129 00b6 20D0     		beq	.L6
  35:.\matrix.c    ****                 //matrix_deluminate();
  36:.\matrix.c    ****                 matrix_illuminate(rPos,cPos,on[rPos][cPos]);
 130              		.loc 1 36 0
 131 00b8 40F20003 		movw	r3, #:lower16:rPos
ARM GAS  C:\DOCUME~1\david\LOCALS~1\Temp\ccR2CFNh.s 			page 4


 132 00bc C0F20003 		movt	r3, #:upper16:rPos
 133 00c0 1B88     		ldrh	r3, [r3, #0]
 134 00c2 1946     		mov	r1, r3
 135 00c4 40F20003 		movw	r3, #:lower16:cPos
 136 00c8 C0F20003 		movt	r3, #:upper16:cPos
 137 00cc 1B88     		ldrh	r3, [r3, #0]
 138 00ce 1A46     		mov	r2, r3
 139 00d0 40F20003 		movw	r3, #:lower16:rPos
 140 00d4 C0F20003 		movt	r3, #:upper16:rPos
 141 00d8 1B88     		ldrh	r3, [r3, #0]
 142 00da 4FEAC300 		lsl	r0, r3, #3
 143 00de 7B68     		ldr	r3, [r7, #4]
 144 00e0 1844     		add	r0, r0, r3
 145 00e2 40F20003 		movw	r3, #:lower16:cPos
 146 00e6 C0F20003 		movt	r3, #:upper16:cPos
 147 00ea 1B88     		ldrh	r3, [r3, #0]
 148 00ec C35C     		ldrb	r3, [r0, r3]	@ zero_extendqisi2
 149 00ee 0846     		mov	r0, r1
 150 00f0 1146     		mov	r1, r2
 151 00f2 1A46     		mov	r2, r3
 152 00f4 FFF7FEFF 		bl	matrix_illuminate
  37:.\matrix.c    ****             }
  38:.\matrix.c    ****             break;
 153              		.loc 1 38 0
 154 00f8 00E0     		b	.L5
 155              	.L6:
 156 00fa 00BF     		nop
 157              	.L5:
 158              	.LBE2:
  39:.\matrix.c    ****         }
  40:.\matrix.c    ****     }
  41:.\matrix.c    **** }
 159              		.loc 1 41 0
 160 00fc 07F11007 		add	r7, r7, #16
 161 0100 BD46     		mov	sp, r7
 162 0102 80BD     		pop	{r7, pc}
 163              		.cfi_endproc
 164              	.LFE29:
 165              		.size	matrix_refresh, .-matrix_refresh
 166              		.section	.rodata
 167              		.align	2
 168              	.LC0:
 169 0000 73657269 		.ascii	"serial error\000"
 169      616C2065 
 169      72726F72 
 169      00
 170 000d 000000   		.align	2
 171              	.LC1:
 172 0010 636F6C6F 		.ascii	"color mismatch\000"
 172      72206D69 
 172      736D6174 
 172      636800
 173              		.section	.text.matrix_illuminate,"ax",%progbits
 174              		.align	2
 175              		.global	matrix_illuminate
 176              		.thumb
 177              		.thumb_func
ARM GAS  C:\DOCUME~1\david\LOCALS~1\Temp\ccR2CFNh.s 			page 5


 178              		.type	matrix_illuminate, %function
 179              	matrix_illuminate:
 180              	.LFB30:
  42:.\matrix.c    **** 
  43:.\matrix.c    **** 
  44:.\matrix.c    **** 
  45:.\matrix.c    **** 
  46:.\matrix.c    **** void matrix_illuminate ( int row , int col , uint8 color ) {
 181              		.loc 1 46 0
 182              		.cfi_startproc
 183              		@ args = 0, pretend = 0, frame = 32
 184              		@ frame_needed = 1, uses_anonymous_args = 0
 185 0000 80B5     		push	{r7, lr}
 186              	.LCFI3:
 187              		.cfi_def_cfa_offset 8
 188 0002 88B0     		sub	sp, sp, #32
 189              	.LCFI4:
 190              		.cfi_def_cfa_offset 40
 191 0004 00AF     		add	r7, sp, #0
 192              		.cfi_offset 14, -4
 193              		.cfi_offset 7, -8
 194              	.LCFI5:
 195              		.cfi_def_cfa_register 7
 196 0006 F860     		str	r0, [r7, #12]
 197 0008 B960     		str	r1, [r7, #8]
 198 000a 1346     		mov	r3, r2
 199 000c FB71     		strb	r3, [r7, #7]
  47:.\matrix.c    ****     uint8 off = 0x00, on = 0x01;
 200              		.loc 1 47 0
 201 000e 4FF00003 		mov	r3, #0
 202 0012 BB74     		strb	r3, [r7, #18]
 203 0014 4FF00103 		mov	r3, #1
 204 0018 FB74     		strb	r3, [r7, #19]
 205              	.LBB3:
  48:.\matrix.c    ****     if (SERIAL) {
  49:.\matrix.c    ****         uint8 rows = 0b00000001 << row;
 206              		.loc 1 49 0
 207 001a 4FF00102 		mov	r2, #1
 208 001e FB68     		ldr	r3, [r7, #12]
 209 0020 02FA03F3 		lsl	r3, r2, r3
 210 0024 3B75     		strb	r3, [r7, #20]
  50:.\matrix.c    ****         uint8 reds = 0b00000001;
 211              		.loc 1 50 0
 212 0026 4FF00103 		mov	r3, #1
 213 002a 7B75     		strb	r3, [r7, #21]
  51:.\matrix.c    ****         uint8 grns = 0b00000001;
 214              		.loc 1 51 0
 215 002c 4FF00103 		mov	r3, #1
 216 0030 BB75     		strb	r3, [r7, #22]
  52:.\matrix.c    ****         uint8 blus = 0b00000001;
 217              		.loc 1 52 0
 218 0032 4FF00103 		mov	r3, #1
 219 0036 FB75     		strb	r3, [r7, #23]
  53:.\matrix.c    ****         switch (color) {
 220              		.loc 1 53 0
 221 0038 FB79     		ldrb	r3, [r7, #7]	@ zero_extendqisi2
 222 003a 072B     		cmp	r3, #7
ARM GAS  C:\DOCUME~1\david\LOCALS~1\Temp\ccR2CFNh.s 			page 6


 223 003c 6ED8     		bhi	.L8
 224 003e 01A2     		adr	r2, .L17
 225 0040 52F823F0 		ldr	pc, [r2, r3, lsl #2]
 226              		.align	2
 227              	.L17:
 228 0044 65000000 		.word	.L9+1
 229 0048 73000000 		.word	.L10+1
 230 004c 87000000 		.word	.L11+1
 231 0050 9B000000 		.word	.L12+1
 232 0054 B5000000 		.word	.L13+1
 233 0058 C9000000 		.word	.L14+1
 234 005c E3000000 		.word	.L15+1
 235 0060 FD000000 		.word	.L16+1
 236              	.L9:
  54:.\matrix.c    ****             case OFF:     reds   = off;
 237              		.loc 1 54 0
 238 0064 BB7C     		ldrb	r3, [r7, #18]
 239 0066 7B75     		strb	r3, [r7, #21]
  55:.\matrix.c    ****                           grns   = off;
 240              		.loc 1 55 0
 241 0068 BB7C     		ldrb	r3, [r7, #18]
 242 006a BB75     		strb	r3, [r7, #22]
  56:.\matrix.c    ****                           blus   = off; break;
 243              		.loc 1 56 0
 244 006c BB7C     		ldrb	r3, [r7, #18]
 245 006e FB75     		strb	r3, [r7, #23]
 246 0070 6BE0     		b	.L18
 247              	.L10:
  57:.\matrix.c    ****             case RED:     reds <<= col;
 248              		.loc 1 57 0
 249 0072 7A7D     		ldrb	r2, [r7, #21]	@ zero_extendqisi2
 250 0074 BB68     		ldr	r3, [r7, #8]
 251 0076 02FA03F3 		lsl	r3, r2, r3
 252 007a 7B75     		strb	r3, [r7, #21]
  58:.\matrix.c    ****                           grns   = off;
 253              		.loc 1 58 0
 254 007c BB7C     		ldrb	r3, [r7, #18]
 255 007e BB75     		strb	r3, [r7, #22]
  59:.\matrix.c    ****                           blus   = off; break;
 256              		.loc 1 59 0
 257 0080 BB7C     		ldrb	r3, [r7, #18]
 258 0082 FB75     		strb	r3, [r7, #23]
 259 0084 61E0     		b	.L18
 260              	.L11:
  60:.\matrix.c    ****             case GREEN:   reds   = off;
 261              		.loc 1 60 0
 262 0086 BB7C     		ldrb	r3, [r7, #18]
 263 0088 7B75     		strb	r3, [r7, #21]
  61:.\matrix.c    ****                           grns <<= col;
 264              		.loc 1 61 0
 265 008a BA7D     		ldrb	r2, [r7, #22]	@ zero_extendqisi2
 266 008c BB68     		ldr	r3, [r7, #8]
 267 008e 02FA03F3 		lsl	r3, r2, r3
 268 0092 BB75     		strb	r3, [r7, #22]
  62:.\matrix.c    ****                           blus   = off; break;
 269              		.loc 1 62 0
 270 0094 BB7C     		ldrb	r3, [r7, #18]
ARM GAS  C:\DOCUME~1\david\LOCALS~1\Temp\ccR2CFNh.s 			page 7


 271 0096 FB75     		strb	r3, [r7, #23]
 272 0098 57E0     		b	.L18
 273              	.L12:
  63:.\matrix.c    ****             case YELLOW:  reds <<= col;
 274              		.loc 1 63 0
 275 009a 7A7D     		ldrb	r2, [r7, #21]	@ zero_extendqisi2
 276 009c BB68     		ldr	r3, [r7, #8]
 277 009e 02FA03F3 		lsl	r3, r2, r3
 278 00a2 7B75     		strb	r3, [r7, #21]
  64:.\matrix.c    ****                           grns <<= col;
 279              		.loc 1 64 0
 280 00a4 BA7D     		ldrb	r2, [r7, #22]	@ zero_extendqisi2
 281 00a6 BB68     		ldr	r3, [r7, #8]
 282 00a8 02FA03F3 		lsl	r3, r2, r3
 283 00ac BB75     		strb	r3, [r7, #22]
  65:.\matrix.c    ****                           blus   = off; break;
 284              		.loc 1 65 0
 285 00ae BB7C     		ldrb	r3, [r7, #18]
 286 00b0 FB75     		strb	r3, [r7, #23]
 287 00b2 4AE0     		b	.L18
 288              	.L13:
  66:.\matrix.c    ****             case BLUE:    reds   = off;
 289              		.loc 1 66 0
 290 00b4 BB7C     		ldrb	r3, [r7, #18]
 291 00b6 7B75     		strb	r3, [r7, #21]
  67:.\matrix.c    ****                           grns   = off;
 292              		.loc 1 67 0
 293 00b8 BB7C     		ldrb	r3, [r7, #18]
 294 00ba BB75     		strb	r3, [r7, #22]
  68:.\matrix.c    ****                           blus <<= col; break;
 295              		.loc 1 68 0
 296 00bc FA7D     		ldrb	r2, [r7, #23]	@ zero_extendqisi2
 297 00be BB68     		ldr	r3, [r7, #8]
 298 00c0 02FA03F3 		lsl	r3, r2, r3
 299 00c4 FB75     		strb	r3, [r7, #23]
 300 00c6 40E0     		b	.L18
 301              	.L14:
  69:.\matrix.c    ****             case MAGENTA: reds <<= col;
 302              		.loc 1 69 0
 303 00c8 7A7D     		ldrb	r2, [r7, #21]	@ zero_extendqisi2
 304 00ca BB68     		ldr	r3, [r7, #8]
 305 00cc 02FA03F3 		lsl	r3, r2, r3
 306 00d0 7B75     		strb	r3, [r7, #21]
  70:.\matrix.c    ****                           grns   = off;
 307              		.loc 1 70 0
 308 00d2 BB7C     		ldrb	r3, [r7, #18]
 309 00d4 BB75     		strb	r3, [r7, #22]
  71:.\matrix.c    ****                           blus <<= col; break;
 310              		.loc 1 71 0
 311 00d6 FA7D     		ldrb	r2, [r7, #23]	@ zero_extendqisi2
 312 00d8 BB68     		ldr	r3, [r7, #8]
 313 00da 02FA03F3 		lsl	r3, r2, r3
 314 00de FB75     		strb	r3, [r7, #23]
 315 00e0 33E0     		b	.L18
 316              	.L15:
  72:.\matrix.c    ****             case CYAN:    reds   = off;
 317              		.loc 1 72 0
ARM GAS  C:\DOCUME~1\david\LOCALS~1\Temp\ccR2CFNh.s 			page 8


 318 00e2 BB7C     		ldrb	r3, [r7, #18]
 319 00e4 7B75     		strb	r3, [r7, #21]
  73:.\matrix.c    ****                           grns <<= col;
 320              		.loc 1 73 0
 321 00e6 BA7D     		ldrb	r2, [r7, #22]	@ zero_extendqisi2
 322 00e8 BB68     		ldr	r3, [r7, #8]
 323 00ea 02FA03F3 		lsl	r3, r2, r3
 324 00ee BB75     		strb	r3, [r7, #22]
  74:.\matrix.c    ****                           blus <<= col; break;
 325              		.loc 1 74 0
 326 00f0 FA7D     		ldrb	r2, [r7, #23]	@ zero_extendqisi2
 327 00f2 BB68     		ldr	r3, [r7, #8]
 328 00f4 02FA03F3 		lsl	r3, r2, r3
 329 00f8 FB75     		strb	r3, [r7, #23]
 330 00fa 26E0     		b	.L18
 331              	.L16:
  75:.\matrix.c    ****             case WHITE:   reds <<= col;
 332              		.loc 1 75 0
 333 00fc 7A7D     		ldrb	r2, [r7, #21]	@ zero_extendqisi2
 334 00fe BB68     		ldr	r3, [r7, #8]
 335 0100 02FA03F3 		lsl	r3, r2, r3
 336 0104 7B75     		strb	r3, [r7, #21]
  76:.\matrix.c    ****                           grns <<= col;
 337              		.loc 1 76 0
 338 0106 BA7D     		ldrb	r2, [r7, #22]	@ zero_extendqisi2
 339 0108 BB68     		ldr	r3, [r7, #8]
 340 010a 02FA03F3 		lsl	r3, r2, r3
 341 010e BB75     		strb	r3, [r7, #22]
  77:.\matrix.c    ****                           blus <<= col; break;
 342              		.loc 1 77 0
 343 0110 FA7D     		ldrb	r2, [r7, #23]	@ zero_extendqisi2
 344 0112 BB68     		ldr	r3, [r7, #8]
 345 0114 02FA03F3 		lsl	r3, r2, r3
 346 0118 FB75     		strb	r3, [r7, #23]
 347 011a 16E0     		b	.L18
 348              	.L8:
  78:.\matrix.c    ****             
  79:.\matrix.c    ****             default: LCD_UpdateStatus("serial error");
 349              		.loc 1 79 0
 350 011c 40F20000 		movw	r0, #:lower16:.LC0
 351 0120 C0F20000 		movt	r0, #:upper16:.LC0
 352 0124 FFF7FEFF 		bl	LCD_UpdateStatus
  80:.\matrix.c    ****                      LCD_UpdateMessage("color mismatch");
 353              		.loc 1 80 0
 354 0128 40F20000 		movw	r0, #:lower16:.LC1
 355 012c C0F20000 		movt	r0, #:upper16:.LC1
 356 0130 FFF7FEFF 		bl	LCD_UpdateMessage
  81:.\matrix.c    ****                      LCD_Position(1,14);
 357              		.loc 1 81 0
 358 0134 4FF00100 		mov	r0, #1
 359 0138 4FF00E01 		mov	r1, #14
 360 013c FFF7FEFF 		bl	LCD_Position
  82:.\matrix.c    ****                      LCD_PrintInt8(color);
 361              		.loc 1 82 0
 362 0140 FB79     		ldrb	r3, [r7, #7]	@ zero_extendqisi2
 363 0142 1846     		mov	r0, r3
 364 0144 FFF7FEFF 		bl	LCD_PrintInt8
ARM GAS  C:\DOCUME~1\david\LOCALS~1\Temp\ccR2CFNh.s 			page 9


 365              	.L19:
  83:.\matrix.c    ****                      while (true);
 366              		.loc 1 83 0
 367 0148 FEE7     		b	.L19
 368              	.L18:
  84:.\matrix.c    ****         }
  85:.\matrix.c    ****         
  86:.\matrix.c    ****         rows = ~rows;
 369              		.loc 1 86 0
 370 014a 3B7D     		ldrb	r3, [r7, #20]
 371 014c 6FEA0303 		mvn	r3, r3
 372 0150 3B75     		strb	r3, [r7, #20]
  87:.\matrix.c    ****         reds = ~reds;
 373              		.loc 1 87 0
 374 0152 7B7D     		ldrb	r3, [r7, #21]
 375 0154 6FEA0303 		mvn	r3, r3
 376 0158 7B75     		strb	r3, [r7, #21]
  88:.\matrix.c    ****         grns = ~grns;
 377              		.loc 1 88 0
 378 015a BB7D     		ldrb	r3, [r7, #22]
 379 015c 6FEA0303 		mvn	r3, r3
 380 0160 BB75     		strb	r3, [r7, #22]
  89:.\matrix.c    ****         blus = ~blus;
 381              		.loc 1 89 0
 382 0162 FB7D     		ldrb	r3, [r7, #23]
 383 0164 6FEA0303 		mvn	r3, r3
 384 0168 FB75     		strb	r3, [r7, #23]
  90:.\matrix.c    ****         
  91:.\matrix.c    ****         Colors_Write(off);
 385              		.loc 1 91 0
 386 016a BB7C     		ldrb	r3, [r7, #18]	@ zero_extendqisi2
 387 016c 1846     		mov	r0, r3
 388 016e FFF7FEFF 		bl	Colors_Write
  92:.\matrix.c    ****         int i;
  93:.\matrix.c    ****         for (i=0; i < 8 ;++i) {
 389              		.loc 1 93 0
 390 0172 4FF00003 		mov	r3, #0
 391 0176 BB61     		str	r3, [r7, #24]
 392 0178 4BE0     		b	.L20
 393              	.L29:
  94:.\matrix.c    ****             Row_Write(  (rows & (0b10000000 >> i)) ? on : off);
 394              		.loc 1 94 0
 395 017a 3A7D     		ldrb	r2, [r7, #20]	@ zero_extendqisi2
 396 017c 4FF08001 		mov	r1, #128
 397 0180 BB69     		ldr	r3, [r7, #24]
 398 0182 41FA03F3 		asr	r3, r1, r3
 399 0186 02EA0303 		and	r3, r2, r3
 400 018a 002B     		cmp	r3, #0
 401 018c 01D0     		beq	.L21
 402 018e FB7C     		ldrb	r3, [r7, #19]	@ zero_extendqisi2
 403 0190 00E0     		b	.L22
 404              	.L21:
 405 0192 BB7C     		ldrb	r3, [r7, #18]	@ zero_extendqisi2
 406              	.L22:
 407 0194 1846     		mov	r0, r3
 408 0196 FFF7FEFF 		bl	Row_Write
  95:.\matrix.c    ****             Red_Write(  (reds & (0b10000000 >> i)) ? on : off);
ARM GAS  C:\DOCUME~1\david\LOCALS~1\Temp\ccR2CFNh.s 			page 10


 409              		.loc 1 95 0
 410 019a 7A7D     		ldrb	r2, [r7, #21]	@ zero_extendqisi2
 411 019c 4FF08001 		mov	r1, #128
 412 01a0 BB69     		ldr	r3, [r7, #24]
 413 01a2 41FA03F3 		asr	r3, r1, r3
 414 01a6 02EA0303 		and	r3, r2, r3
 415 01aa 002B     		cmp	r3, #0
 416 01ac 01D0     		beq	.L23
 417 01ae FB7C     		ldrb	r3, [r7, #19]	@ zero_extendqisi2
 418 01b0 00E0     		b	.L24
 419              	.L23:
 420 01b2 BB7C     		ldrb	r3, [r7, #18]	@ zero_extendqisi2
 421              	.L24:
 422 01b4 1846     		mov	r0, r3
 423 01b6 FFF7FEFF 		bl	Red_Write
  96:.\matrix.c    ****             Green_Write((grns & (0b10000000 >> i)) ? on : off);
 424              		.loc 1 96 0
 425 01ba BA7D     		ldrb	r2, [r7, #22]	@ zero_extendqisi2
 426 01bc 4FF08001 		mov	r1, #128
 427 01c0 BB69     		ldr	r3, [r7, #24]
 428 01c2 41FA03F3 		asr	r3, r1, r3
 429 01c6 02EA0303 		and	r3, r2, r3
 430 01ca 002B     		cmp	r3, #0
 431 01cc 01D0     		beq	.L25
 432 01ce FB7C     		ldrb	r3, [r7, #19]	@ zero_extendqisi2
 433 01d0 00E0     		b	.L26
 434              	.L25:
 435 01d2 BB7C     		ldrb	r3, [r7, #18]	@ zero_extendqisi2
 436              	.L26:
 437 01d4 1846     		mov	r0, r3
 438 01d6 FFF7FEFF 		bl	Green_Write
  97:.\matrix.c    ****             Blue_Write( (blus & (0b10000000 >> i)) ? on : off);
 439              		.loc 1 97 0
 440 01da FA7D     		ldrb	r2, [r7, #23]	@ zero_extendqisi2
 441 01dc 4FF08001 		mov	r1, #128
 442 01e0 BB69     		ldr	r3, [r7, #24]
 443 01e2 41FA03F3 		asr	r3, r1, r3
 444 01e6 02EA0303 		and	r3, r2, r3
 445 01ea 002B     		cmp	r3, #0
 446 01ec 01D0     		beq	.L27
 447 01ee FB7C     		ldrb	r3, [r7, #19]	@ zero_extendqisi2
 448 01f0 00E0     		b	.L28
 449              	.L27:
 450 01f2 BB7C     		ldrb	r3, [r7, #18]	@ zero_extendqisi2
 451              	.L28:
 452 01f4 1846     		mov	r0, r3
 453 01f6 FFF7FEFF 		bl	Blue_Write
  98:.\matrix.c    ****             
  99:.\matrix.c    ****             //generate a rising edge
 100:.\matrix.c    ****             Shifter_Write(on);
 454              		.loc 1 100 0
 455 01fa FB7C     		ldrb	r3, [r7, #19]	@ zero_extendqisi2
 456 01fc 1846     		mov	r0, r3
 457 01fe FFF7FEFF 		bl	Shifter_Write
 101:.\matrix.c    ****             Shifter_Write(off);
 458              		.loc 1 101 0
 459 0202 BB7C     		ldrb	r3, [r7, #18]	@ zero_extendqisi2
ARM GAS  C:\DOCUME~1\david\LOCALS~1\Temp\ccR2CFNh.s 			page 11


 460 0204 1846     		mov	r0, r3
 461 0206 FFF7FEFF 		bl	Shifter_Write
 462              		.loc 1 93 0
 463 020a BB69     		ldr	r3, [r7, #24]
 464 020c 03F10103 		add	r3, r3, #1
 465 0210 BB61     		str	r3, [r7, #24]
 466              	.L20:
 467 0212 BB69     		ldr	r3, [r7, #24]
 468 0214 072B     		cmp	r3, #7
 469 0216 B0DD     		ble	.L29
 102:.\matrix.c    ****         }
 103:.\matrix.c    ****         Colors_Write(on);
 470              		.loc 1 103 0
 471 0218 FB7C     		ldrb	r3, [r7, #19]	@ zero_extendqisi2
 472 021a 1846     		mov	r0, r3
 473 021c FFF7FEFF 		bl	Colors_Write
 474              	.LBE3:
 104:.\matrix.c    ****     }
 105:.\matrix.c    ****     else {
 106:.\matrix.c    ****         uint8 r = on, c = on;
 107:.\matrix.c    ****         while (row-- > 0) r *= 2;
 108:.\matrix.c    ****         Row_Write(r);
 109:.\matrix.c    ****         while (col-- > 0) c *= 2;
 110:.\matrix.c    ****         switch (color) {
 111:.\matrix.c    ****             case RED:       Red_Write(c); break;
 112:.\matrix.c    ****             case GREEN:   Green_Write(c); break;
 113:.\matrix.c    ****             case YELLOW:    Red_Write(c);
 114:.\matrix.c    ****                           Green_Write(c); break;
 115:.\matrix.c    ****             case BLUE:     Blue_Write(c); break;
 116:.\matrix.c    ****             case MAGENTA:   Red_Write(c);
 117:.\matrix.c    ****                            Blue_Write(c); break;
 118:.\matrix.c    ****             case CYAN:    Green_Write(c);
 119:.\matrix.c    ****                            Blue_Write(c); break;
 120:.\matrix.c    ****             case WHITE:     Red_Write(c);
 121:.\matrix.c    ****                           Green_Write(c);
 122:.\matrix.c    ****                            Blue_Write(c); break;
 123:.\matrix.c    ****             
 124:.\matrix.c    ****             default:  LCD_UpdateStatus("parallel error");
 125:.\matrix.c    ****                       LCD_UpdateMessage("color mismatch");
 126:.\matrix.c    ****                       LCD_Position(1,14);
 127:.\matrix.c    ****                       LCD_PrintInt8(color);
 128:.\matrix.c    ****                       while (true);
 129:.\matrix.c    ****             case OFF: break;
 130:.\matrix.c    ****         }
 131:.\matrix.c    ****     }
 132:.\matrix.c    **** }
 475              		.loc 1 132 0
 476 0220 07F12007 		add	r7, r7, #32
 477 0224 BD46     		mov	sp, r7
 478 0226 80BD     		pop	{r7, pc}
 479              		.cfi_endproc
 480              	.LFE30:
 481              		.size	matrix_illuminate, .-matrix_illuminate
 482              		.section	.text.matrix_deluminate,"ax",%progbits
 483              		.align	2
 484              		.global	matrix_deluminate
 485              		.thumb
ARM GAS  C:\DOCUME~1\david\LOCALS~1\Temp\ccR2CFNh.s 			page 12


 486              		.thumb_func
 487              		.type	matrix_deluminate, %function
 488              	matrix_deluminate:
 489              	.LFB31:
 133:.\matrix.c    **** 
 134:.\matrix.c    **** 
 135:.\matrix.c    **** 
 136:.\matrix.c    **** 
 137:.\matrix.c    **** void matrix_deluminate () {
 490              		.loc 1 137 0
 491              		.cfi_startproc
 492              		@ args = 0, pretend = 0, frame = 8
 493              		@ frame_needed = 1, uses_anonymous_args = 0
 494 0000 80B5     		push	{r7, lr}
 495              	.LCFI6:
 496              		.cfi_def_cfa_offset 8
 497 0002 82B0     		sub	sp, sp, #8
 498              	.LCFI7:
 499              		.cfi_def_cfa_offset 16
 500 0004 00AF     		add	r7, sp, #0
 501              		.cfi_offset 14, -4
 502              		.cfi_offset 7, -8
 503              	.LCFI8:
 504              		.cfi_def_cfa_register 7
 138:.\matrix.c    ****     uint8 off = 0x00, on = 0x01;
 505              		.loc 1 138 0
 506 0006 4FF00003 		mov	r3, #0
 507 000a BB70     		strb	r3, [r7, #2]
 508 000c 4FF00103 		mov	r3, #1
 509 0010 FB70     		strb	r3, [r7, #3]
 510              	.LBB4:
 139:.\matrix.c    ****     if (SERIAL) {
 140:.\matrix.c    ****         Colors_Write(off);
 511              		.loc 1 140 0
 512 0012 BB78     		ldrb	r3, [r7, #2]	@ zero_extendqisi2
 513 0014 1846     		mov	r0, r3
 514 0016 FFF7FEFF 		bl	Colors_Write
 141:.\matrix.c    ****         int i;
 142:.\matrix.c    ****         for (i=0; i < 8 ;++i) {
 515              		.loc 1 142 0
 516 001a 4FF00003 		mov	r3, #0
 517 001e 7B60     		str	r3, [r7, #4]
 518 0020 1BE0     		b	.L32
 519              	.L33:
 143:.\matrix.c    ****             Row_Write(0xFF);
 520              		.loc 1 143 0
 521 0022 4FF0FF00 		mov	r0, #255
 522 0026 FFF7FEFF 		bl	Row_Write
 144:.\matrix.c    ****             Red_Write(0xFF);
 523              		.loc 1 144 0
 524 002a 4FF0FF00 		mov	r0, #255
 525 002e FFF7FEFF 		bl	Red_Write
 145:.\matrix.c    ****             Green_Write(0xFF);
 526              		.loc 1 145 0
 527 0032 4FF0FF00 		mov	r0, #255
 528 0036 FFF7FEFF 		bl	Green_Write
 146:.\matrix.c    ****             Blue_Write(0xFF);
ARM GAS  C:\DOCUME~1\david\LOCALS~1\Temp\ccR2CFNh.s 			page 13


 529              		.loc 1 146 0
 530 003a 4FF0FF00 		mov	r0, #255
 531 003e FFF7FEFF 		bl	Blue_Write
 147:.\matrix.c    ****             
 148:.\matrix.c    ****             //generate a rising edge
 149:.\matrix.c    ****             Shifter_Write(on);
 532              		.loc 1 149 0
 533 0042 FB78     		ldrb	r3, [r7, #3]	@ zero_extendqisi2
 534 0044 1846     		mov	r0, r3
 535 0046 FFF7FEFF 		bl	Shifter_Write
 150:.\matrix.c    ****             Shifter_Write(off);
 536              		.loc 1 150 0
 537 004a BB78     		ldrb	r3, [r7, #2]	@ zero_extendqisi2
 538 004c 1846     		mov	r0, r3
 539 004e FFF7FEFF 		bl	Shifter_Write
 540              		.loc 1 142 0
 541 0052 7B68     		ldr	r3, [r7, #4]
 542 0054 03F10103 		add	r3, r3, #1
 543 0058 7B60     		str	r3, [r7, #4]
 544              	.L32:
 545 005a 7B68     		ldr	r3, [r7, #4]
 546 005c 072B     		cmp	r3, #7
 547 005e E0DD     		ble	.L33
 151:.\matrix.c    ****         }
 152:.\matrix.c    ****         Colors_Write(on);
 548              		.loc 1 152 0
 549 0060 FB78     		ldrb	r3, [r7, #3]	@ zero_extendqisi2
 550 0062 1846     		mov	r0, r3
 551 0064 FFF7FEFF 		bl	Colors_Write
 552              	.LBE4:
 153:.\matrix.c    ****     }
 154:.\matrix.c    ****     else {
 155:.\matrix.c    ****         Row_Write(off);
 156:.\matrix.c    ****         Red_Write(off);
 157:.\matrix.c    ****         Green_Write(off);
 158:.\matrix.c    ****         Blue_Write(off);
 159:.\matrix.c    ****     }
 160:.\matrix.c    **** }
 553              		.loc 1 160 0
 554 0068 07F10807 		add	r7, r7, #8
 555 006c BD46     		mov	sp, r7
 556 006e 80BD     		pop	{r7, pc}
 557              		.cfi_endproc
 558              	.LFE31:
 559              		.size	matrix_deluminate, .-matrix_deluminate
 560              		.section	.rodata
 561 001f 00       		.align	2
 562              	.LC2:
 563 0020 20202020 		.ascii	"       \000"
 563      20202000 
 564              		.align	2
 565              	.LC3:
 566 0028 52656400 		.ascii	"Red\000"
 567              		.align	2
 568              	.LC4:
 569 002c 47726565 		.ascii	"Green\000"
 569      6E00
ARM GAS  C:\DOCUME~1\david\LOCALS~1\Temp\ccR2CFNh.s 			page 14


 570 0032 0000     		.align	2
 571              	.LC5:
 572 0034 59656C6C 		.ascii	"Yellow\000"
 572      6F7700
 573 003b 00       		.align	2
 574              	.LC6:
 575 003c 426C7565 		.ascii	"Blue\000"
 575      00
 576 0041 000000   		.align	2
 577              	.LC7:
 578 0044 4D616765 		.ascii	"Magenta\000"
 578      6E746100 
 579              		.align	2
 580              	.LC8:
 581 004c 4379616E 		.ascii	"Cyan\000"
 581      00
 582 0051 000000   		.align	2
 583              	.LC9:
 584 0054 57686974 		.ascii	"White\000"
 584      6500
 585 005a 0000     		.align	2
 586              	.LC10:
 587 005c 6572726F 		.ascii	"error\000"
 587      7200
 588 0062 0000     		.section	.text.matrix_test,"ax",%progbits
 589              		.align	2
 590              		.global	matrix_test
 591              		.thumb
 592              		.thumb_func
 593              		.type	matrix_test, %function
 594              	matrix_test:
 595              	.LFB32:
 161:.\matrix.c    **** 
 162:.\matrix.c    **** 
 163:.\matrix.c    **** 
 164:.\matrix.c    **** 
 165:.\matrix.c    **** void matrix_test ( bool extended , bool slow ) {
 596              		.loc 1 165 0
 597              		.cfi_startproc
 598              		@ args = 0, pretend = 0, frame = 16
 599              		@ frame_needed = 1, uses_anonymous_args = 0
 600 0000 80B5     		push	{r7, lr}
 601              	.LCFI9:
 602              		.cfi_def_cfa_offset 8
 603 0002 84B0     		sub	sp, sp, #16
 604              	.LCFI10:
 605              		.cfi_def_cfa_offset 24
 606 0004 00AF     		add	r7, sp, #0
 607              		.cfi_offset 14, -4
 608              		.cfi_offset 7, -8
 609              	.LCFI11:
 610              		.cfi_def_cfa_register 7
 611 0006 0246     		mov	r2, r0
 612 0008 0B46     		mov	r3, r1
 613 000a FA71     		strb	r2, [r7, #7]
 614 000c BB71     		strb	r3, [r7, #6]
 166:.\matrix.c    ****     matrix_deluminate();
ARM GAS  C:\DOCUME~1\david\LOCALS~1\Temp\ccR2CFNh.s 			page 15


 615              		.loc 1 166 0
 616 000e FFF7FEFF 		bl	matrix_deluminate
 167:.\matrix.c    ****     uint8 color = 0x01;
 617              		.loc 1 167 0
 618 0012 4FF00103 		mov	r3, #1
 619 0016 7B73     		strb	r3, [r7, #13]
 168:.\matrix.c    ****     while (color < 0x08) {
 620              		.loc 1 168 0
 621 0018 C2E0     		b	.L36
 622              	.L56:
 623              	.LBB5:
 169:.\matrix.c    ****         uint8 i, j;
 170:.\matrix.c    ****         for (i=0; i < MATRIX_ROWS ;++i) {
 624              		.loc 1 170 0
 625 001a 4FF00003 		mov	r3, #0
 626 001e BB73     		strb	r3, [r7, #14]
 627 0020 ADE0     		b	.L37
 628              	.L53:
 171:.\matrix.c    ****             for (j=0; j < MATRIX_COLS ;++j) {
 629              		.loc 1 171 0
 630 0022 4FF00003 		mov	r3, #0
 631 0026 FB73     		strb	r3, [r7, #15]
 632 0028 A1E0     		b	.L38
 633              	.L52:
 172:.\matrix.c    ****                 LCD_ClearLine(1);
 634              		.loc 1 172 0
 635 002a 4FF00100 		mov	r0, #1
 636 002e FFF7FEFF 		bl	LCD_ClearLine
 173:.\matrix.c    ****                 LCD_Position(1,0);
 637              		.loc 1 173 0
 638 0032 4FF00100 		mov	r0, #1
 639 0036 4FF00001 		mov	r1, #0
 640 003a FFF7FEFF 		bl	LCD_Position
 174:.\matrix.c    ****                 LCD_PrintNumber(i);
 641              		.loc 1 174 0
 642 003e BB7B     		ldrb	r3, [r7, #14]	@ zero_extendqisi2
 643 0040 1846     		mov	r0, r3
 644 0042 FFF7FEFF 		bl	LCD_PrintNumber
 175:.\matrix.c    ****                 LCD_Position(1,1);
 645              		.loc 1 175 0
 646 0046 4FF00100 		mov	r0, #1
 647 004a 4FF00101 		mov	r1, #1
 648 004e FFF7FEFF 		bl	LCD_Position
 176:.\matrix.c    ****                 LCD_PutChar(',');
 649              		.loc 1 176 0
 650 0052 4FF02C00 		mov	r0, #44
 651 0056 FFF7FEFF 		bl	LCD_PutChar
 177:.\matrix.c    ****                 LCD_Position(1,2);
 652              		.loc 1 177 0
 653 005a 4FF00100 		mov	r0, #1
 654 005e 4FF00201 		mov	r1, #2
 655 0062 FFF7FEFF 		bl	LCD_Position
 178:.\matrix.c    ****                 LCD_PrintNumber(j);
 656              		.loc 1 178 0
 657 0066 FB7B     		ldrb	r3, [r7, #15]	@ zero_extendqisi2
 658 0068 1846     		mov	r0, r3
 659 006a FFF7FEFF 		bl	LCD_PrintNumber
ARM GAS  C:\DOCUME~1\david\LOCALS~1\Temp\ccR2CFNh.s 			page 16


 179:.\matrix.c    ****                 LCD_Position(1,4);
 660              		.loc 1 179 0
 661 006e 4FF00100 		mov	r0, #1
 662 0072 4FF00401 		mov	r1, #4
 663 0076 FFF7FEFF 		bl	LCD_Position
 180:.\matrix.c    ****                 LCD_PrintString("       ");
 664              		.loc 1 180 0
 665 007a 40F20000 		movw	r0, #:lower16:.LC2
 666 007e C0F20000 		movt	r0, #:upper16:.LC2
 667 0082 FFF7FEFF 		bl	LCD_PrintString
 181:.\matrix.c    ****                 LCD_Position(1,4);
 668              		.loc 1 181 0
 669 0086 4FF00100 		mov	r0, #1
 670 008a 4FF00401 		mov	r1, #4
 671 008e FFF7FEFF 		bl	LCD_Position
 182:.\matrix.c    ****                 switch (color) {
 672              		.loc 1 182 0
 673 0092 7B7B     		ldrb	r3, [r7, #13]	@ zero_extendqisi2
 674 0094 03F1FF33 		add	r3, r3, #-1
 675 0098 062B     		cmp	r3, #6
 676 009a 42D8     		bhi	.L39
 677 009c 01A2     		adr	r2, .L47
 678 009e 52F823F0 		ldr	pc, [r2, r3, lsl #2]
 679 00a2 00BF     		.align	2
 680              	.L47:
 681 00a4 C1000000 		.word	.L40+1
 682 00a8 CF000000 		.word	.L41+1
 683 00ac DD000000 		.word	.L42+1
 684 00b0 EB000000 		.word	.L43+1
 685 00b4 F9000000 		.word	.L44+1
 686 00b8 07010000 		.word	.L45+1
 687 00bc 15010000 		.word	.L46+1
 688              	.L40:
 183:.\matrix.c    ****                     case RED:     LCD_PrintString("Red");     break;
 689              		.loc 1 183 0
 690 00c0 40F20000 		movw	r0, #:lower16:.LC3
 691 00c4 C0F20000 		movt	r0, #:upper16:.LC3
 692 00c8 FFF7FEFF 		bl	LCD_PrintString
 693 00cc 36E0     		b	.L48
 694              	.L41:
 184:.\matrix.c    ****                     case GREEN:   LCD_PrintString("Green");   break;
 695              		.loc 1 184 0
 696 00ce 40F20000 		movw	r0, #:lower16:.LC4
 697 00d2 C0F20000 		movt	r0, #:upper16:.LC4
 698 00d6 FFF7FEFF 		bl	LCD_PrintString
 699 00da 2FE0     		b	.L48
 700              	.L42:
 185:.\matrix.c    ****                     case YELLOW:  LCD_PrintString("Yellow");  break;
 701              		.loc 1 185 0
 702 00dc 40F20000 		movw	r0, #:lower16:.LC5
 703 00e0 C0F20000 		movt	r0, #:upper16:.LC5
 704 00e4 FFF7FEFF 		bl	LCD_PrintString
 705 00e8 28E0     		b	.L48
 706              	.L43:
 186:.\matrix.c    ****                     case BLUE:    LCD_PrintString("Blue");    break;
 707              		.loc 1 186 0
 708 00ea 40F20000 		movw	r0, #:lower16:.LC6
ARM GAS  C:\DOCUME~1\david\LOCALS~1\Temp\ccR2CFNh.s 			page 17


 709 00ee C0F20000 		movt	r0, #:upper16:.LC6
 710 00f2 FFF7FEFF 		bl	LCD_PrintString
 711 00f6 21E0     		b	.L48
 712              	.L44:
 187:.\matrix.c    ****                     case MAGENTA: LCD_PrintString("Magenta"); break;
 713              		.loc 1 187 0
 714 00f8 40F20000 		movw	r0, #:lower16:.LC7
 715 00fc C0F20000 		movt	r0, #:upper16:.LC7
 716 0100 FFF7FEFF 		bl	LCD_PrintString
 717 0104 1AE0     		b	.L48
 718              	.L45:
 188:.\matrix.c    ****                     case CYAN:    LCD_PrintString("Cyan");    break;
 719              		.loc 1 188 0
 720 0106 40F20000 		movw	r0, #:lower16:.LC8
 721 010a C0F20000 		movt	r0, #:upper16:.LC8
 722 010e FFF7FEFF 		bl	LCD_PrintString
 723 0112 13E0     		b	.L48
 724              	.L46:
 189:.\matrix.c    ****                     case WHITE:   LCD_PrintString("White");   break;
 725              		.loc 1 189 0
 726 0114 40F20000 		movw	r0, #:lower16:.LC9
 727 0118 C0F20000 		movt	r0, #:upper16:.LC9
 728 011c FFF7FEFF 		bl	LCD_PrintString
 729 0120 0CE0     		b	.L48
 730              	.L39:
 190:.\matrix.c    ****                     
 191:.\matrix.c    ****                     default: LCD_UpdateStatus("error");
 731              		.loc 1 191 0
 732 0122 40F20000 		movw	r0, #:lower16:.LC10
 733 0126 C0F20000 		movt	r0, #:upper16:.LC10
 734 012a FFF7FEFF 		bl	LCD_UpdateStatus
 192:.\matrix.c    ****                              LCD_UpdateMessage("color mismatch");
 735              		.loc 1 192 0
 736 012e 40F20000 		movw	r0, #:lower16:.LC1
 737 0132 C0F20000 		movt	r0, #:upper16:.LC1
 738 0136 FFF7FEFF 		bl	LCD_UpdateMessage
 739              	.L49:
 193:.\matrix.c    ****                              while(true);
 740              		.loc 1 193 0
 741 013a FEE7     		b	.L49
 742              	.L48:
 194:.\matrix.c    ****                              break;
 195:.\matrix.c    ****                 }
 196:.\matrix.c    ****                 matrix_illuminate(i,j,color);
 743              		.loc 1 196 0
 744 013c B97B     		ldrb	r1, [r7, #14]	@ zero_extendqisi2
 745 013e FA7B     		ldrb	r2, [r7, #15]	@ zero_extendqisi2
 746 0140 7B7B     		ldrb	r3, [r7, #13]	@ zero_extendqisi2
 747 0142 0846     		mov	r0, r1
 748 0144 1146     		mov	r1, r2
 749 0146 1A46     		mov	r2, r3
 750 0148 FFF7FEFF 		bl	matrix_illuminate
 197:.\matrix.c    ****                 CyDelay((slow) ? 1000/MATRIX_COLS : 5);
 751              		.loc 1 197 0
 752 014c BB79     		ldrb	r3, [r7, #6]	@ zero_extendqisi2
 753 014e 002B     		cmp	r3, #0
 754 0150 02D0     		beq	.L50
ARM GAS  C:\DOCUME~1\david\LOCALS~1\Temp\ccR2CFNh.s 			page 18


 755 0152 4FF07D03 		mov	r3, #125
 756 0156 01E0     		b	.L51
 757              	.L50:
 758 0158 4FF00503 		mov	r3, #5
 759              	.L51:
 760 015c 1846     		mov	r0, r3
 761 015e FFF7FEFF 		bl	CyDelay
 198:.\matrix.c    ****                 matrix_deluminate();
 762              		.loc 1 198 0
 763 0162 FFF7FEFF 		bl	matrix_deluminate
 764              		.loc 1 171 0
 765 0166 FB7B     		ldrb	r3, [r7, #15]
 766 0168 03F10103 		add	r3, r3, #1
 767 016c FB73     		strb	r3, [r7, #15]
 768              	.L38:
 769 016e FB7B     		ldrb	r3, [r7, #15]	@ zero_extendqisi2
 770 0170 072B     		cmp	r3, #7
 771 0172 7FF65AAF 		bls	.L52
 772              		.loc 1 170 0
 773 0176 BB7B     		ldrb	r3, [r7, #14]
 774 0178 03F10103 		add	r3, r3, #1
 775 017c BB73     		strb	r3, [r7, #14]
 776              	.L37:
 777 017e BB7B     		ldrb	r3, [r7, #14]	@ zero_extendqisi2
 778 0180 072B     		cmp	r3, #7
 779 0182 7FF64EAF 		bls	.L53
 199:.\matrix.c    ****             }
 200:.\matrix.c    ****         }
 201:.\matrix.c    ****         color = (extended) ? color+1 : color*2;
 780              		.loc 1 201 0
 781 0186 FB79     		ldrb	r3, [r7, #7]	@ zero_extendqisi2
 782 0188 002B     		cmp	r3, #0
 783 018a 04D0     		beq	.L54
 784 018c 7B7B     		ldrb	r3, [r7, #13]
 785 018e 03F10103 		add	r3, r3, #1
 786 0192 DBB2     		uxtb	r3, r3
 787 0194 03E0     		b	.L55
 788              	.L54:
 789 0196 7B7B     		ldrb	r3, [r7, #13]
 790 0198 4FEA4303 		lsl	r3, r3, #1
 791 019c DBB2     		uxtb	r3, r3
 792              	.L55:
 793 019e 7B73     		strb	r3, [r7, #13]
 794              	.L36:
 795              	.LBE5:
 796              		.loc 1 168 0
 797 01a0 7B7B     		ldrb	r3, [r7, #13]	@ zero_extendqisi2
 798 01a2 072B     		cmp	r3, #7
 799 01a4 7FF639AF 		bls	.L56
 202:.\matrix.c    ****     }
 203:.\matrix.c    **** }
 800              		.loc 1 203 0
 801 01a8 07F11007 		add	r7, r7, #16
 802 01ac BD46     		mov	sp, r7
 803 01ae 80BD     		pop	{r7, pc}
 804              		.cfi_endproc
 805              	.LFE32:
ARM GAS  C:\DOCUME~1\david\LOCALS~1\Temp\ccR2CFNh.s 			page 19


 806              		.size	matrix_test, .-matrix_test
 807              		.text
 808              	.Letext0:
 809              		.section	.debug_loc,"",%progbits
 810              	.Ldebug_loc0:
 811              	.LLST0:
 812 0000 00000000 		.4byte	.LFB29
 813 0004 02000000 		.4byte	.LCFI0
 814 0008 0100     		.2byte	0x1
 815 000a 5D       		.byte	0x5d
 816 000b 02000000 		.4byte	.LCFI0
 817 000f 04000000 		.4byte	.LCFI1
 818 0013 0200     		.2byte	0x2
 819 0015 7D       		.byte	0x7d
 820 0016 08       		.sleb128 8
 821 0017 04000000 		.4byte	.LCFI1
 822 001b 06000000 		.4byte	.LCFI2
 823 001f 0200     		.2byte	0x2
 824 0021 7D       		.byte	0x7d
 825 0022 18       		.sleb128 24
 826 0023 06000000 		.4byte	.LCFI2
 827 0027 04010000 		.4byte	.LFE29
 828 002b 0200     		.2byte	0x2
 829 002d 77       		.byte	0x77
 830 002e 18       		.sleb128 24
 831 002f 00000000 		.4byte	0x0
 832 0033 00000000 		.4byte	0x0
 833              	.LLST1:
 834 0037 00000000 		.4byte	.LFB30
 835 003b 02000000 		.4byte	.LCFI3
 836 003f 0100     		.2byte	0x1
 837 0041 5D       		.byte	0x5d
 838 0042 02000000 		.4byte	.LCFI3
 839 0046 04000000 		.4byte	.LCFI4
 840 004a 0200     		.2byte	0x2
 841 004c 7D       		.byte	0x7d
 842 004d 08       		.sleb128 8
 843 004e 04000000 		.4byte	.LCFI4
 844 0052 06000000 		.4byte	.LCFI5
 845 0056 0200     		.2byte	0x2
 846 0058 7D       		.byte	0x7d
 847 0059 28       		.sleb128 40
 848 005a 06000000 		.4byte	.LCFI5
 849 005e 28020000 		.4byte	.LFE30
 850 0062 0200     		.2byte	0x2
 851 0064 77       		.byte	0x77
 852 0065 28       		.sleb128 40
 853 0066 00000000 		.4byte	0x0
 854 006a 00000000 		.4byte	0x0
 855              	.LLST2:
 856 006e 00000000 		.4byte	.LFB31
 857 0072 02000000 		.4byte	.LCFI6
 858 0076 0100     		.2byte	0x1
 859 0078 5D       		.byte	0x5d
 860 0079 02000000 		.4byte	.LCFI6
 861 007d 04000000 		.4byte	.LCFI7
 862 0081 0200     		.2byte	0x2
ARM GAS  C:\DOCUME~1\david\LOCALS~1\Temp\ccR2CFNh.s 			page 20


 863 0083 7D       		.byte	0x7d
 864 0084 08       		.sleb128 8
 865 0085 04000000 		.4byte	.LCFI7
 866 0089 06000000 		.4byte	.LCFI8
 867 008d 0200     		.2byte	0x2
 868 008f 7D       		.byte	0x7d
 869 0090 10       		.sleb128 16
 870 0091 06000000 		.4byte	.LCFI8
 871 0095 70000000 		.4byte	.LFE31
 872 0099 0200     		.2byte	0x2
 873 009b 77       		.byte	0x77
 874 009c 10       		.sleb128 16
 875 009d 00000000 		.4byte	0x0
 876 00a1 00000000 		.4byte	0x0
 877              	.LLST3:
 878 00a5 00000000 		.4byte	.LFB32
 879 00a9 02000000 		.4byte	.LCFI9
 880 00ad 0100     		.2byte	0x1
 881 00af 5D       		.byte	0x5d
 882 00b0 02000000 		.4byte	.LCFI9
 883 00b4 04000000 		.4byte	.LCFI10
 884 00b8 0200     		.2byte	0x2
 885 00ba 7D       		.byte	0x7d
 886 00bb 08       		.sleb128 8
 887 00bc 04000000 		.4byte	.LCFI10
 888 00c0 06000000 		.4byte	.LCFI11
 889 00c4 0200     		.2byte	0x2
 890 00c6 7D       		.byte	0x7d
 891 00c7 18       		.sleb128 24
 892 00c8 06000000 		.4byte	.LCFI11
 893 00cc B0010000 		.4byte	.LFE32
 894 00d0 0200     		.2byte	0x2
 895 00d2 77       		.byte	0x77
 896 00d3 18       		.sleb128 24
 897 00d4 00000000 		.4byte	0x0
 898 00d8 00000000 		.4byte	0x0
 899              		.file 2 "./Generated_Source/PSoC5/cytypes.h"
 900              		.file 3 "./Generated_Source/PSoC5/core_cm3.h"
 901              		.section	.debug_info
 902 0000 8A020000 		.4byte	0x28a
 903 0004 0200     		.2byte	0x2
 904 0006 00000000 		.4byte	.Ldebug_abbrev0
 905 000a 04       		.byte	0x4
 906 000b 01       		.uleb128 0x1
 907 000c 14010000 		.4byte	.LASF29
 908 0010 01       		.byte	0x1
 909 0011 09010000 		.4byte	.LASF30
 910 0015 20000000 		.4byte	.LASF31
 911 0019 00000000 		.4byte	0x0
 912 001d 00000000 		.4byte	0x0
 913 0021 00000000 		.4byte	.Ldebug_ranges0+0x0
 914 0025 00000000 		.4byte	.Ldebug_line0
 915 0029 02       		.uleb128 0x2
 916 002a 01       		.byte	0x1
 917 002b 06       		.byte	0x6
 918 002c 3E010000 		.4byte	.LASF0
 919 0030 02       		.uleb128 0x2
ARM GAS  C:\DOCUME~1\david\LOCALS~1\Temp\ccR2CFNh.s 			page 21


 920 0031 01       		.byte	0x1
 921 0032 08       		.byte	0x8
 922 0033 72000000 		.4byte	.LASF1
 923 0037 02       		.uleb128 0x2
 924 0038 02       		.byte	0x2
 925 0039 05       		.byte	0x5
 926 003a BF000000 		.4byte	.LASF2
 927 003e 02       		.uleb128 0x2
 928 003f 02       		.byte	0x2
 929 0040 07       		.byte	0x7
 930 0041 4D000000 		.4byte	.LASF3
 931 0045 02       		.uleb128 0x2
 932 0046 04       		.byte	0x4
 933 0047 05       		.byte	0x5
 934 0048 30010000 		.4byte	.LASF4
 935 004c 02       		.uleb128 0x2
 936 004d 04       		.byte	0x4
 937 004e 07       		.byte	0x7
 938 004f 8E000000 		.4byte	.LASF5
 939 0053 02       		.uleb128 0x2
 940 0054 08       		.byte	0x8
 941 0055 05       		.byte	0x5
 942 0056 00000000 		.4byte	.LASF6
 943 005a 02       		.uleb128 0x2
 944 005b 08       		.byte	0x8
 945 005c 07       		.byte	0x7
 946 005d E3000000 		.4byte	.LASF7
 947 0061 03       		.uleb128 0x3
 948 0062 04       		.byte	0x4
 949 0063 05       		.byte	0x5
 950 0064 696E7400 		.ascii	"int\000"
 951 0068 02       		.uleb128 0x2
 952 0069 04       		.byte	0x4
 953 006a 07       		.byte	0x7
 954 006b D6000000 		.4byte	.LASF8
 955 006f 04       		.uleb128 0x4
 956 0070 A0000000 		.4byte	.LASF9
 957 0074 02       		.byte	0x2
 958 0075 4C       		.byte	0x4c
 959 0076 30000000 		.4byte	0x30
 960 007a 04       		.uleb128 0x4
 961 007b CF000000 		.4byte	.LASF10
 962 007f 02       		.byte	0x2
 963 0080 4D       		.byte	0x4d
 964 0081 3E000000 		.4byte	0x3e
 965 0085 02       		.uleb128 0x2
 966 0086 04       		.byte	0x4
 967 0087 04       		.byte	0x4
 968 0088 6C000000 		.4byte	.LASF11
 969 008c 02       		.uleb128 0x2
 970 008d 08       		.byte	0x8
 971 008e 04       		.byte	0x4
 972 008f B8000000 		.4byte	.LASF12
 973 0093 02       		.uleb128 0x2
 974 0094 01       		.byte	0x1
 975 0095 08       		.byte	0x8
 976 0096 39010000 		.4byte	.LASF13
ARM GAS  C:\DOCUME~1\david\LOCALS~1\Temp\ccR2CFNh.s 			page 22


 977 009a 05       		.uleb128 0x5
 978 009b 04       		.byte	0x4
 979 009c 07       		.byte	0x7
 980 009d 06       		.uleb128 0x6
 981 009e 01       		.byte	0x1
 982 009f 4A010000 		.4byte	.LASF14
 983 00a3 01       		.byte	0x1
 984 00a4 0A       		.byte	0xa
 985 00a5 01       		.byte	0x1
 986 00a6 00000000 		.4byte	.LFB29
 987 00aa 04010000 		.4byte	.LFE29
 988 00ae 00000000 		.4byte	.LLST0
 989 00b2 DC000000 		.4byte	0xdc
 990 00b6 07       		.uleb128 0x7
 991 00b7 6F6E00   		.ascii	"on\000"
 992 00ba 01       		.byte	0x1
 993 00bb 0A       		.byte	0xa
 994 00bc EC000000 		.4byte	0xec
 995 00c0 02       		.byte	0x2
 996 00c1 91       		.byte	0x91
 997 00c2 6C       		.sleb128 -20
 998 00c3 08       		.uleb128 0x8
 999 00c4 08000000 		.4byte	.LBB2
 1000 00c8 FC000000 		.4byte	.LBE2
 1001 00cc 09       		.uleb128 0x9
 1002 00cd 2A010000 		.4byte	.LASF17
 1003 00d1 01       		.byte	0x1
 1004 00d2 1B       		.byte	0x1b
 1005 00d3 7A000000 		.4byte	0x7a
 1006 00d7 02       		.byte	0x2
 1007 00d8 91       		.byte	0x91
 1008 00d9 76       		.sleb128 -10
 1009 00da 00       		.byte	0x0
 1010 00db 00       		.byte	0x0
 1011 00dc 0A       		.uleb128 0xa
 1012 00dd 6F000000 		.4byte	0x6f
 1013 00e1 EC000000 		.4byte	0xec
 1014 00e5 0B       		.uleb128 0xb
 1015 00e6 9A000000 		.4byte	0x9a
 1016 00ea 07       		.byte	0x7
 1017 00eb 00       		.byte	0x0
 1018 00ec 0C       		.uleb128 0xc
 1019 00ed 04       		.byte	0x4
 1020 00ee DC000000 		.4byte	0xdc
 1021 00f2 06       		.uleb128 0x6
 1022 00f3 01       		.byte	0x1
 1023 00f4 5F010000 		.4byte	.LASF15
 1024 00f8 01       		.byte	0x1
 1025 00f9 2E       		.byte	0x2e
 1026 00fa 01       		.byte	0x1
 1027 00fb 00000000 		.4byte	.LFB30
 1028 00ff 28020000 		.4byte	.LFE30
 1029 0103 37000000 		.4byte	.LLST1
 1030 0107 9F010000 		.4byte	0x19f
 1031 010b 07       		.uleb128 0x7
 1032 010c 726F7700 		.ascii	"row\000"
 1033 0110 01       		.byte	0x1
ARM GAS  C:\DOCUME~1\david\LOCALS~1\Temp\ccR2CFNh.s 			page 23


 1034 0111 2E       		.byte	0x2e
 1035 0112 61000000 		.4byte	0x61
 1036 0116 02       		.byte	0x2
 1037 0117 91       		.byte	0x91
 1038 0118 64       		.sleb128 -28
 1039 0119 07       		.uleb128 0x7
 1040 011a 636F6C00 		.ascii	"col\000"
 1041 011e 01       		.byte	0x1
 1042 011f 2E       		.byte	0x2e
 1043 0120 61000000 		.4byte	0x61
 1044 0124 02       		.byte	0x2
 1045 0125 91       		.byte	0x91
 1046 0126 60       		.sleb128 -32
 1047 0127 0D       		.uleb128 0xd
 1048 0128 C9000000 		.4byte	.LASF16
 1049 012c 01       		.byte	0x1
 1050 012d 2E       		.byte	0x2e
 1051 012e 6F000000 		.4byte	0x6f
 1052 0132 02       		.byte	0x2
 1053 0133 91       		.byte	0x91
 1054 0134 5F       		.sleb128 -33
 1055 0135 0E       		.uleb128 0xe
 1056 0136 6F666600 		.ascii	"off\000"
 1057 013a 01       		.byte	0x1
 1058 013b 2F       		.byte	0x2f
 1059 013c 6F000000 		.4byte	0x6f
 1060 0140 02       		.byte	0x2
 1061 0141 91       		.byte	0x91
 1062 0142 6A       		.sleb128 -22
 1063 0143 0E       		.uleb128 0xe
 1064 0144 6F6E00   		.ascii	"on\000"
 1065 0147 01       		.byte	0x1
 1066 0148 2F       		.byte	0x2f
 1067 0149 6F000000 		.4byte	0x6f
 1068 014d 02       		.byte	0x2
 1069 014e 91       		.byte	0x91
 1070 014f 6B       		.sleb128 -21
 1071 0150 08       		.uleb128 0x8
 1072 0151 1A000000 		.4byte	.LBB3
 1073 0155 20020000 		.4byte	.LBE3
 1074 0159 09       		.uleb128 0x9
 1075 015a 04010000 		.4byte	.LASF18
 1076 015e 01       		.byte	0x1
 1077 015f 31       		.byte	0x31
 1078 0160 6F000000 		.4byte	0x6f
 1079 0164 02       		.byte	0x2
 1080 0165 91       		.byte	0x91
 1081 0166 6C       		.sleb128 -20
 1082 0167 09       		.uleb128 0x9
 1083 0168 B3000000 		.4byte	.LASF19
 1084 016c 01       		.byte	0x1
 1085 016d 32       		.byte	0x32
 1086 016e 6F000000 		.4byte	0x6f
 1087 0172 02       		.byte	0x2
 1088 0173 91       		.byte	0x91
 1089 0174 6D       		.sleb128 -19
 1090 0175 09       		.uleb128 0x9
ARM GAS  C:\DOCUME~1\david\LOCALS~1\Temp\ccR2CFNh.s 			page 24


 1091 0176 25010000 		.4byte	.LASF20
 1092 017a 01       		.byte	0x1
 1093 017b 33       		.byte	0x33
 1094 017c 6F000000 		.4byte	0x6f
 1095 0180 02       		.byte	0x2
 1096 0181 91       		.byte	0x91
 1097 0182 6E       		.sleb128 -18
 1098 0183 09       		.uleb128 0x9
 1099 0184 89000000 		.4byte	.LASF21
 1100 0188 01       		.byte	0x1
 1101 0189 34       		.byte	0x34
 1102 018a 6F000000 		.4byte	0x6f
 1103 018e 02       		.byte	0x2
 1104 018f 91       		.byte	0x91
 1105 0190 6F       		.sleb128 -17
 1106 0191 0E       		.uleb128 0xe
 1107 0192 6900     		.ascii	"i\000"
 1108 0194 01       		.byte	0x1
 1109 0195 5C       		.byte	0x5c
 1110 0196 61000000 		.4byte	0x61
 1111 019a 02       		.byte	0x2
 1112 019b 91       		.byte	0x91
 1113 019c 70       		.sleb128 -16
 1114 019d 00       		.byte	0x0
 1115 019e 00       		.byte	0x0
 1116 019f 0F       		.uleb128 0xf
 1117 01a0 01       		.byte	0x1
 1118 01a1 0E000000 		.4byte	.LASF32
 1119 01a5 01       		.byte	0x1
 1120 01a6 89       		.byte	0x89
 1121 01a7 00000000 		.4byte	.LFB31
 1122 01ab 70000000 		.4byte	.LFE31
 1123 01af 6E000000 		.4byte	.LLST2
 1124 01b3 E9010000 		.4byte	0x1e9
 1125 01b7 0E       		.uleb128 0xe
 1126 01b8 6F666600 		.ascii	"off\000"
 1127 01bc 01       		.byte	0x1
 1128 01bd 8A       		.byte	0x8a
 1129 01be 6F000000 		.4byte	0x6f
 1130 01c2 02       		.byte	0x2
 1131 01c3 91       		.byte	0x91
 1132 01c4 72       		.sleb128 -14
 1133 01c5 0E       		.uleb128 0xe
 1134 01c6 6F6E00   		.ascii	"on\000"
 1135 01c9 01       		.byte	0x1
 1136 01ca 8A       		.byte	0x8a
 1137 01cb 6F000000 		.4byte	0x6f
 1138 01cf 02       		.byte	0x2
 1139 01d0 91       		.byte	0x91
 1140 01d1 73       		.sleb128 -13
 1141 01d2 08       		.uleb128 0x8
 1142 01d3 12000000 		.4byte	.LBB4
 1143 01d7 68000000 		.4byte	.LBE4
 1144 01db 0E       		.uleb128 0xe
 1145 01dc 6900     		.ascii	"i\000"
 1146 01de 01       		.byte	0x1
 1147 01df 8D       		.byte	0x8d
ARM GAS  C:\DOCUME~1\david\LOCALS~1\Temp\ccR2CFNh.s 			page 25


 1148 01e0 61000000 		.4byte	0x61
 1149 01e4 02       		.byte	0x2
 1150 01e5 91       		.byte	0x91
 1151 01e6 74       		.sleb128 -12
 1152 01e7 00       		.byte	0x0
 1153 01e8 00       		.byte	0x0
 1154 01e9 06       		.uleb128 0x6
 1155 01ea 01       		.byte	0x1
 1156 01eb 60000000 		.4byte	.LASF22
 1157 01ef 01       		.byte	0x1
 1158 01f0 A5       		.byte	0xa5
 1159 01f1 01       		.byte	0x1
 1160 01f2 00000000 		.4byte	.LFB32
 1161 01f6 B0010000 		.4byte	.LFE32
 1162 01fa A5000000 		.4byte	.LLST3
 1163 01fe 4F020000 		.4byte	0x24f
 1164 0202 0D       		.uleb128 0xd
 1165 0203 80000000 		.4byte	.LASF23
 1166 0207 01       		.byte	0x1
 1167 0208 A5       		.byte	0xa5
 1168 0209 4F020000 		.4byte	0x24f
 1169 020d 02       		.byte	0x2
 1170 020e 91       		.byte	0x91
 1171 020f 6F       		.sleb128 -17
 1172 0210 0D       		.uleb128 0xd
 1173 0211 FF000000 		.4byte	.LASF24
 1174 0215 01       		.byte	0x1
 1175 0216 A5       		.byte	0xa5
 1176 0217 4F020000 		.4byte	0x24f
 1177 021b 02       		.byte	0x2
 1178 021c 91       		.byte	0x91
 1179 021d 6E       		.sleb128 -18
 1180 021e 09       		.uleb128 0x9
 1181 021f C9000000 		.4byte	.LASF16
 1182 0223 01       		.byte	0x1
 1183 0224 A7       		.byte	0xa7
 1184 0225 6F000000 		.4byte	0x6f
 1185 0229 02       		.byte	0x2
 1186 022a 91       		.byte	0x91
 1187 022b 75       		.sleb128 -11
 1188 022c 08       		.uleb128 0x8
 1189 022d 1A000000 		.4byte	.LBB5
 1190 0231 A0010000 		.4byte	.LBE5
 1191 0235 0E       		.uleb128 0xe
 1192 0236 6900     		.ascii	"i\000"
 1193 0238 01       		.byte	0x1
 1194 0239 A9       		.byte	0xa9
 1195 023a 6F000000 		.4byte	0x6f
 1196 023e 02       		.byte	0x2
 1197 023f 91       		.byte	0x91
 1198 0240 76       		.sleb128 -10
 1199 0241 0E       		.uleb128 0xe
 1200 0242 6A00     		.ascii	"j\000"
 1201 0244 01       		.byte	0x1
 1202 0245 A9       		.byte	0xa9
 1203 0246 6F000000 		.4byte	0x6f
 1204 024a 02       		.byte	0x2
ARM GAS  C:\DOCUME~1\david\LOCALS~1\Temp\ccR2CFNh.s 			page 26


 1205 024b 91       		.byte	0x91
 1206 024c 77       		.sleb128 -9
 1207 024d 00       		.byte	0x0
 1208 024e 00       		.byte	0x0
 1209 024f 02       		.uleb128 0x2
 1210 0250 01       		.byte	0x1
 1211 0251 02       		.byte	0x2
 1212 0252 59010000 		.4byte	.LASF25
 1213 0256 10       		.uleb128 0x10
 1214 0257 A6000000 		.4byte	.LASF26
 1215 025b 03       		.byte	0x3
 1216 025c CE06     		.2byte	0x6ce
 1217 025e 64020000 		.4byte	0x264
 1218 0262 01       		.byte	0x1
 1219 0263 01       		.byte	0x1
 1220 0264 11       		.uleb128 0x11
 1221 0265 61000000 		.4byte	0x61
 1222 0269 12       		.uleb128 0x12
 1223 026a 20010000 		.4byte	.LASF27
 1224 026e 01       		.byte	0x1
 1225 026f 09       		.byte	0x9
 1226 0270 7A000000 		.4byte	0x7a
 1227 0274 01       		.byte	0x1
 1228 0275 05       		.byte	0x5
 1229 0276 03       		.byte	0x3
 1230 0277 00000000 		.4byte	rPos
 1231 027b 12       		.uleb128 0x12
 1232 027c FA000000 		.4byte	.LASF28
 1233 0280 01       		.byte	0x1
 1234 0281 09       		.byte	0x9
 1235 0282 7A000000 		.4byte	0x7a
 1236 0286 01       		.byte	0x1
 1237 0287 05       		.byte	0x5
 1238 0288 03       		.byte	0x3
 1239 0289 00000000 		.4byte	cPos
 1240 028d 00       		.byte	0x0
 1241              		.section	.debug_abbrev
 1242 0000 01       		.uleb128 0x1
 1243 0001 11       		.uleb128 0x11
 1244 0002 01       		.byte	0x1
 1245 0003 25       		.uleb128 0x25
 1246 0004 0E       		.uleb128 0xe
 1247 0005 13       		.uleb128 0x13
 1248 0006 0B       		.uleb128 0xb
 1249 0007 03       		.uleb128 0x3
 1250 0008 0E       		.uleb128 0xe
 1251 0009 1B       		.uleb128 0x1b
 1252 000a 0E       		.uleb128 0xe
 1253 000b 11       		.uleb128 0x11
 1254 000c 01       		.uleb128 0x1
 1255 000d 52       		.uleb128 0x52
 1256 000e 01       		.uleb128 0x1
 1257 000f 55       		.uleb128 0x55
 1258 0010 06       		.uleb128 0x6
 1259 0011 10       		.uleb128 0x10
 1260 0012 06       		.uleb128 0x6
 1261 0013 00       		.byte	0x0
ARM GAS  C:\DOCUME~1\david\LOCALS~1\Temp\ccR2CFNh.s 			page 27


 1262 0014 00       		.byte	0x0
 1263 0015 02       		.uleb128 0x2
 1264 0016 24       		.uleb128 0x24
 1265 0017 00       		.byte	0x0
 1266 0018 0B       		.uleb128 0xb
 1267 0019 0B       		.uleb128 0xb
 1268 001a 3E       		.uleb128 0x3e
 1269 001b 0B       		.uleb128 0xb
 1270 001c 03       		.uleb128 0x3
 1271 001d 0E       		.uleb128 0xe
 1272 001e 00       		.byte	0x0
 1273 001f 00       		.byte	0x0
 1274 0020 03       		.uleb128 0x3
 1275 0021 24       		.uleb128 0x24
 1276 0022 00       		.byte	0x0
 1277 0023 0B       		.uleb128 0xb
 1278 0024 0B       		.uleb128 0xb
 1279 0025 3E       		.uleb128 0x3e
 1280 0026 0B       		.uleb128 0xb
 1281 0027 03       		.uleb128 0x3
 1282 0028 08       		.uleb128 0x8
 1283 0029 00       		.byte	0x0
 1284 002a 00       		.byte	0x0
 1285 002b 04       		.uleb128 0x4
 1286 002c 16       		.uleb128 0x16
 1287 002d 00       		.byte	0x0
 1288 002e 03       		.uleb128 0x3
 1289 002f 0E       		.uleb128 0xe
 1290 0030 3A       		.uleb128 0x3a
 1291 0031 0B       		.uleb128 0xb
 1292 0032 3B       		.uleb128 0x3b
 1293 0033 0B       		.uleb128 0xb
 1294 0034 49       		.uleb128 0x49
 1295 0035 13       		.uleb128 0x13
 1296 0036 00       		.byte	0x0
 1297 0037 00       		.byte	0x0
 1298 0038 05       		.uleb128 0x5
 1299 0039 24       		.uleb128 0x24
 1300 003a 00       		.byte	0x0
 1301 003b 0B       		.uleb128 0xb
 1302 003c 0B       		.uleb128 0xb
 1303 003d 3E       		.uleb128 0x3e
 1304 003e 0B       		.uleb128 0xb
 1305 003f 00       		.byte	0x0
 1306 0040 00       		.byte	0x0
 1307 0041 06       		.uleb128 0x6
 1308 0042 2E       		.uleb128 0x2e
 1309 0043 01       		.byte	0x1
 1310 0044 3F       		.uleb128 0x3f
 1311 0045 0C       		.uleb128 0xc
 1312 0046 03       		.uleb128 0x3
 1313 0047 0E       		.uleb128 0xe
 1314 0048 3A       		.uleb128 0x3a
 1315 0049 0B       		.uleb128 0xb
 1316 004a 3B       		.uleb128 0x3b
 1317 004b 0B       		.uleb128 0xb
 1318 004c 27       		.uleb128 0x27
ARM GAS  C:\DOCUME~1\david\LOCALS~1\Temp\ccR2CFNh.s 			page 28


 1319 004d 0C       		.uleb128 0xc
 1320 004e 11       		.uleb128 0x11
 1321 004f 01       		.uleb128 0x1
 1322 0050 12       		.uleb128 0x12
 1323 0051 01       		.uleb128 0x1
 1324 0052 40       		.uleb128 0x40
 1325 0053 06       		.uleb128 0x6
 1326 0054 01       		.uleb128 0x1
 1327 0055 13       		.uleb128 0x13
 1328 0056 00       		.byte	0x0
 1329 0057 00       		.byte	0x0
 1330 0058 07       		.uleb128 0x7
 1331 0059 05       		.uleb128 0x5
 1332 005a 00       		.byte	0x0
 1333 005b 03       		.uleb128 0x3
 1334 005c 08       		.uleb128 0x8
 1335 005d 3A       		.uleb128 0x3a
 1336 005e 0B       		.uleb128 0xb
 1337 005f 3B       		.uleb128 0x3b
 1338 0060 0B       		.uleb128 0xb
 1339 0061 49       		.uleb128 0x49
 1340 0062 13       		.uleb128 0x13
 1341 0063 02       		.uleb128 0x2
 1342 0064 0A       		.uleb128 0xa
 1343 0065 00       		.byte	0x0
 1344 0066 00       		.byte	0x0
 1345 0067 08       		.uleb128 0x8
 1346 0068 0B       		.uleb128 0xb
 1347 0069 01       		.byte	0x1
 1348 006a 11       		.uleb128 0x11
 1349 006b 01       		.uleb128 0x1
 1350 006c 12       		.uleb128 0x12
 1351 006d 01       		.uleb128 0x1
 1352 006e 00       		.byte	0x0
 1353 006f 00       		.byte	0x0
 1354 0070 09       		.uleb128 0x9
 1355 0071 34       		.uleb128 0x34
 1356 0072 00       		.byte	0x0
 1357 0073 03       		.uleb128 0x3
 1358 0074 0E       		.uleb128 0xe
 1359 0075 3A       		.uleb128 0x3a
 1360 0076 0B       		.uleb128 0xb
 1361 0077 3B       		.uleb128 0x3b
 1362 0078 0B       		.uleb128 0xb
 1363 0079 49       		.uleb128 0x49
 1364 007a 13       		.uleb128 0x13
 1365 007b 02       		.uleb128 0x2
 1366 007c 0A       		.uleb128 0xa
 1367 007d 00       		.byte	0x0
 1368 007e 00       		.byte	0x0
 1369 007f 0A       		.uleb128 0xa
 1370 0080 01       		.uleb128 0x1
 1371 0081 01       		.byte	0x1
 1372 0082 49       		.uleb128 0x49
 1373 0083 13       		.uleb128 0x13
 1374 0084 01       		.uleb128 0x1
 1375 0085 13       		.uleb128 0x13
ARM GAS  C:\DOCUME~1\david\LOCALS~1\Temp\ccR2CFNh.s 			page 29


 1376 0086 00       		.byte	0x0
 1377 0087 00       		.byte	0x0
 1378 0088 0B       		.uleb128 0xb
 1379 0089 21       		.uleb128 0x21
 1380 008a 00       		.byte	0x0
 1381 008b 49       		.uleb128 0x49
 1382 008c 13       		.uleb128 0x13
 1383 008d 2F       		.uleb128 0x2f
 1384 008e 0B       		.uleb128 0xb
 1385 008f 00       		.byte	0x0
 1386 0090 00       		.byte	0x0
 1387 0091 0C       		.uleb128 0xc
 1388 0092 0F       		.uleb128 0xf
 1389 0093 00       		.byte	0x0
 1390 0094 0B       		.uleb128 0xb
 1391 0095 0B       		.uleb128 0xb
 1392 0096 49       		.uleb128 0x49
 1393 0097 13       		.uleb128 0x13
 1394 0098 00       		.byte	0x0
 1395 0099 00       		.byte	0x0
 1396 009a 0D       		.uleb128 0xd
 1397 009b 05       		.uleb128 0x5
 1398 009c 00       		.byte	0x0
 1399 009d 03       		.uleb128 0x3
 1400 009e 0E       		.uleb128 0xe
 1401 009f 3A       		.uleb128 0x3a
 1402 00a0 0B       		.uleb128 0xb
 1403 00a1 3B       		.uleb128 0x3b
 1404 00a2 0B       		.uleb128 0xb
 1405 00a3 49       		.uleb128 0x49
 1406 00a4 13       		.uleb128 0x13
 1407 00a5 02       		.uleb128 0x2
 1408 00a6 0A       		.uleb128 0xa
 1409 00a7 00       		.byte	0x0
 1410 00a8 00       		.byte	0x0
 1411 00a9 0E       		.uleb128 0xe
 1412 00aa 34       		.uleb128 0x34
 1413 00ab 00       		.byte	0x0
 1414 00ac 03       		.uleb128 0x3
 1415 00ad 08       		.uleb128 0x8
 1416 00ae 3A       		.uleb128 0x3a
 1417 00af 0B       		.uleb128 0xb
 1418 00b0 3B       		.uleb128 0x3b
 1419 00b1 0B       		.uleb128 0xb
 1420 00b2 49       		.uleb128 0x49
 1421 00b3 13       		.uleb128 0x13
 1422 00b4 02       		.uleb128 0x2
 1423 00b5 0A       		.uleb128 0xa
 1424 00b6 00       		.byte	0x0
 1425 00b7 00       		.byte	0x0
 1426 00b8 0F       		.uleb128 0xf
 1427 00b9 2E       		.uleb128 0x2e
 1428 00ba 01       		.byte	0x1
 1429 00bb 3F       		.uleb128 0x3f
 1430 00bc 0C       		.uleb128 0xc
 1431 00bd 03       		.uleb128 0x3
 1432 00be 0E       		.uleb128 0xe
ARM GAS  C:\DOCUME~1\david\LOCALS~1\Temp\ccR2CFNh.s 			page 30


 1433 00bf 3A       		.uleb128 0x3a
 1434 00c0 0B       		.uleb128 0xb
 1435 00c1 3B       		.uleb128 0x3b
 1436 00c2 0B       		.uleb128 0xb
 1437 00c3 11       		.uleb128 0x11
 1438 00c4 01       		.uleb128 0x1
 1439 00c5 12       		.uleb128 0x12
 1440 00c6 01       		.uleb128 0x1
 1441 00c7 40       		.uleb128 0x40
 1442 00c8 06       		.uleb128 0x6
 1443 00c9 01       		.uleb128 0x1
 1444 00ca 13       		.uleb128 0x13
 1445 00cb 00       		.byte	0x0
 1446 00cc 00       		.byte	0x0
 1447 00cd 10       		.uleb128 0x10
 1448 00ce 34       		.uleb128 0x34
 1449 00cf 00       		.byte	0x0
 1450 00d0 03       		.uleb128 0x3
 1451 00d1 0E       		.uleb128 0xe
 1452 00d2 3A       		.uleb128 0x3a
 1453 00d3 0B       		.uleb128 0xb
 1454 00d4 3B       		.uleb128 0x3b
 1455 00d5 05       		.uleb128 0x5
 1456 00d6 49       		.uleb128 0x49
 1457 00d7 13       		.uleb128 0x13
 1458 00d8 3F       		.uleb128 0x3f
 1459 00d9 0C       		.uleb128 0xc
 1460 00da 3C       		.uleb128 0x3c
 1461 00db 0C       		.uleb128 0xc
 1462 00dc 00       		.byte	0x0
 1463 00dd 00       		.byte	0x0
 1464 00de 11       		.uleb128 0x11
 1465 00df 35       		.uleb128 0x35
 1466 00e0 00       		.byte	0x0
 1467 00e1 49       		.uleb128 0x49
 1468 00e2 13       		.uleb128 0x13
 1469 00e3 00       		.byte	0x0
 1470 00e4 00       		.byte	0x0
 1471 00e5 12       		.uleb128 0x12
 1472 00e6 34       		.uleb128 0x34
 1473 00e7 00       		.byte	0x0
 1474 00e8 03       		.uleb128 0x3
 1475 00e9 0E       		.uleb128 0xe
 1476 00ea 3A       		.uleb128 0x3a
 1477 00eb 0B       		.uleb128 0xb
 1478 00ec 3B       		.uleb128 0x3b
 1479 00ed 0B       		.uleb128 0xb
 1480 00ee 49       		.uleb128 0x49
 1481 00ef 13       		.uleb128 0x13
 1482 00f0 3F       		.uleb128 0x3f
 1483 00f1 0C       		.uleb128 0xc
 1484 00f2 02       		.uleb128 0x2
 1485 00f3 0A       		.uleb128 0xa
 1486 00f4 00       		.byte	0x0
 1487 00f5 00       		.byte	0x0
 1488 00f6 00       		.byte	0x0
 1489              		.section	.debug_pubnames,"",%progbits
ARM GAS  C:\DOCUME~1\david\LOCALS~1\Temp\ccR2CFNh.s 			page 31


 1490 0000 6F000000 		.4byte	0x6f
 1491 0004 0200     		.2byte	0x2
 1492 0006 00000000 		.4byte	.Ldebug_info0
 1493 000a 8E020000 		.4byte	0x28e
 1494 000e 9D000000 		.4byte	0x9d
 1495 0012 6D617472 		.ascii	"matrix_refresh\000"
 1495      69785F72 
 1495      65667265 
 1495      736800
 1496 0021 F2000000 		.4byte	0xf2
 1497 0025 6D617472 		.ascii	"matrix_illuminate\000"
 1497      69785F69 
 1497      6C6C756D 
 1497      696E6174 
 1497      6500
 1498 0037 9F010000 		.4byte	0x19f
 1499 003b 6D617472 		.ascii	"matrix_deluminate\000"
 1499      69785F64 
 1499      656C756D 
 1499      696E6174 
 1499      6500
 1500 004d E9010000 		.4byte	0x1e9
 1501 0051 6D617472 		.ascii	"matrix_test\000"
 1501      69785F74 
 1501      65737400 
 1502 005d 69020000 		.4byte	0x269
 1503 0061 72506F73 		.ascii	"rPos\000"
 1503      00
 1504 0066 7B020000 		.4byte	0x27b
 1505 006a 63506F73 		.ascii	"cPos\000"
 1505      00
 1506 006f 00000000 		.4byte	0x0
 1507              		.section	.debug_aranges,"",%progbits
 1508 0000 34000000 		.4byte	0x34
 1509 0004 0200     		.2byte	0x2
 1510 0006 00000000 		.4byte	.Ldebug_info0
 1511 000a 04       		.byte	0x4
 1512 000b 00       		.byte	0x0
 1513 000c 0000     		.2byte	0x0
 1514 000e 0000     		.2byte	0x0
 1515 0010 00000000 		.4byte	.LFB29
 1516 0014 04010000 		.4byte	.LFE29-.LFB29
 1517 0018 00000000 		.4byte	.LFB30
 1518 001c 28020000 		.4byte	.LFE30-.LFB30
 1519 0020 00000000 		.4byte	.LFB31
 1520 0024 70000000 		.4byte	.LFE31-.LFB31
 1521 0028 00000000 		.4byte	.LFB32
 1522 002c B0010000 		.4byte	.LFE32-.LFB32
 1523 0030 00000000 		.4byte	0x0
 1524 0034 00000000 		.4byte	0x0
 1525              		.section	.debug_ranges,"",%progbits
 1526              	.Ldebug_ranges0:
 1527 0000 00000000 		.4byte	.Ltext0
 1528 0004 00000000 		.4byte	.Letext0
 1529 0008 00000000 		.4byte	.LFB29
 1530 000c 04010000 		.4byte	.LFE29
 1531 0010 00000000 		.4byte	.LFB30
ARM GAS  C:\DOCUME~1\david\LOCALS~1\Temp\ccR2CFNh.s 			page 32


 1532 0014 28020000 		.4byte	.LFE30
 1533 0018 00000000 		.4byte	.LFB31
 1534 001c 70000000 		.4byte	.LFE31
 1535 0020 00000000 		.4byte	.LFB32
 1536 0024 B0010000 		.4byte	.LFE32
 1537 0028 00000000 		.4byte	0x0
 1538 002c 00000000 		.4byte	0x0
 1539              		.section	.debug_str,"MS",%progbits,1
 1540              	.LASF6:
 1541 0000 6C6F6E67 		.ascii	"long long int\000"
 1541      206C6F6E 
 1541      6720696E 
 1541      7400
 1542              	.LASF32:
 1543 000e 6D617472 		.ascii	"matrix_deluminate\000"
 1543      69785F64 
 1543      656C756D 
 1543      696E6174 
 1543      6500
 1544              	.LASF31:
 1545 0020 453A5C50 		.ascii	"E:\\PSoC Creator\\FathersDay2013\\marquee.cydsn\000"
 1545      536F4320 
 1545      43726561 
 1545      746F725C 
 1545      46617468 
 1546              	.LASF3:
 1547 004d 73686F72 		.ascii	"short unsigned int\000"
 1547      7420756E 
 1547      7369676E 
 1547      65642069 
 1547      6E7400
 1548              	.LASF22:
 1549 0060 6D617472 		.ascii	"matrix_test\000"
 1549      69785F74 
 1549      65737400 
 1550              	.LASF11:
 1551 006c 666C6F61 		.ascii	"float\000"
 1551      7400
 1552              	.LASF1:
 1553 0072 756E7369 		.ascii	"unsigned char\000"
 1553      676E6564 
 1553      20636861 
 1553      7200
 1554              	.LASF23:
 1555 0080 65787465 		.ascii	"extended\000"
 1555      6E646564 
 1555      00
 1556              	.LASF21:
 1557 0089 626C7573 		.ascii	"blus\000"
 1557      00
 1558              	.LASF5:
 1559 008e 6C6F6E67 		.ascii	"long unsigned int\000"
 1559      20756E73 
 1559      69676E65 
 1559      6420696E 
 1559      7400
 1560              	.LASF9:
ARM GAS  C:\DOCUME~1\david\LOCALS~1\Temp\ccR2CFNh.s 			page 33


 1561 00a0 75696E74 		.ascii	"uint8\000"
 1561      3800
 1562              	.LASF26:
 1563 00a6 49544D5F 		.ascii	"ITM_RxBuffer\000"
 1563      52784275 
 1563      66666572 
 1563      00
 1564              	.LASF19:
 1565 00b3 72656473 		.ascii	"reds\000"
 1565      00
 1566              	.LASF12:
 1567 00b8 646F7562 		.ascii	"double\000"
 1567      6C6500
 1568              	.LASF2:
 1569 00bf 73686F72 		.ascii	"short int\000"
 1569      7420696E 
 1569      7400
 1570              	.LASF16:
 1571 00c9 636F6C6F 		.ascii	"color\000"
 1571      7200
 1572              	.LASF10:
 1573 00cf 75696E74 		.ascii	"uint16\000"
 1573      313600
 1574              	.LASF8:
 1575 00d6 756E7369 		.ascii	"unsigned int\000"
 1575      676E6564 
 1575      20696E74 
 1575      00
 1576              	.LASF7:
 1577 00e3 6C6F6E67 		.ascii	"long long unsigned int\000"
 1577      206C6F6E 
 1577      6720756E 
 1577      7369676E 
 1577      65642069 
 1578              	.LASF28:
 1579 00fa 63506F73 		.ascii	"cPos\000"
 1579      00
 1580              	.LASF24:
 1581 00ff 736C6F77 		.ascii	"slow\000"
 1581      00
 1582              	.LASF18:
 1583 0104 726F7773 		.ascii	"rows\000"
 1583      00
 1584              	.LASF30:
 1585 0109 2E5C6D61 		.ascii	".\\matrix.c\000"
 1585      74726978 
 1585      2E6300
 1586              	.LASF29:
 1587 0114 474E5520 		.ascii	"GNU C 4.4.1\000"
 1587      4320342E 
 1587      342E3100 
 1588              	.LASF27:
 1589 0120 72506F73 		.ascii	"rPos\000"
 1589      00
 1590              	.LASF20:
 1591 0125 67726E73 		.ascii	"grns\000"
 1591      00
ARM GAS  C:\DOCUME~1\david\LOCALS~1\Temp\ccR2CFNh.s 			page 34


 1592              	.LASF17:
 1593 012a 63656C6C 		.ascii	"cells\000"
 1593      7300
 1594              	.LASF4:
 1595 0130 6C6F6E67 		.ascii	"long int\000"
 1595      20696E74 
 1595      00
 1596              	.LASF13:
 1597 0139 63686172 		.ascii	"char\000"
 1597      00
 1598              	.LASF0:
 1599 013e 7369676E 		.ascii	"signed char\000"
 1599      65642063 
 1599      68617200 
 1600              	.LASF14:
 1601 014a 6D617472 		.ascii	"matrix_refresh\000"
 1601      69785F72 
 1601      65667265 
 1601      736800
 1602              	.LASF25:
 1603 0159 5F426F6F 		.ascii	"_Bool\000"
 1603      6C00
 1604              	.LASF15:
 1605 015f 6D617472 		.ascii	"matrix_illuminate\000"
 1605      69785F69 
 1605      6C6C756D 
 1605      696E6174 
 1605      6500
 1606              		.ident	"GCC: (Sourcery G++ Lite 2010q1-188) 4.4.1"
