ARM GAS  C:\DOCUME~1\david\LOCALS~1\Temp\ccYBZ8gP.s 			page 1


   1              		.syntax unified
   2              		.cpu cortex-m3
   3              		.fpu softvfp
   4              		.eabi_attribute 20, 1
   5              		.eabi_attribute 21, 1
   6              		.eabi_attribute 23, 3
   7              		.eabi_attribute 24, 1
   8              		.eabi_attribute 25, 1
   9              		.eabi_attribute 26, 1
  10              		.eabi_attribute 30, 6
  11              		.eabi_attribute 18, 4
  12              		.thumb
  13              		.file	"CapSense_IdacCH0_PM.c"
  14              		.section	.debug_abbrev,"",%progbits
  15              	.Ldebug_abbrev0:
  16              		.section	.debug_info,"",%progbits
  17              	.Ldebug_info0:
  18              		.section	.debug_line,"",%progbits
  19              	.Ldebug_line0:
  20 0000 DB000000 		.text
  20      02008200 
  20      00000201 
  20      FB0E0D00 
  20      01010101 
  21              	.Ltext0:
  22              		.cfi_sections	.debug_frame
  23              		.bss
  24              		.align	2
  25              	CapSense_IdacCH0_backup:
  26 0000 0000     		.space	2
  27 0002 0000     		.section	.text.CapSense_IdacCH0_SaveConfig,"ax",%progbits
  28              		.align	2
  29              		.global	CapSense_IdacCH0_SaveConfig
  30              		.thumb
  31              		.thumb_func
  32              		.type	CapSense_IdacCH0_SaveConfig, %function
  33              	CapSense_IdacCH0_SaveConfig:
  34              	.LFB0:
  35              		.file 1 ".\\Generated_Source\\PSoC5\\CapSense_IdacCH0_PM.c"
   1:.\Generated_Source\PSoC5/CapSense_IdacCH0_PM.c **** /*******************************************************************************
   2:.\Generated_Source\PSoC5/CapSense_IdacCH0_PM.c **** * File Name: CapSense_IdacCH0.c
   3:.\Generated_Source\PSoC5/CapSense_IdacCH0_PM.c **** * Version 2.0
   4:.\Generated_Source\PSoC5/CapSense_IdacCH0_PM.c **** *
   5:.\Generated_Source\PSoC5/CapSense_IdacCH0_PM.c **** * Description:
   6:.\Generated_Source\PSoC5/CapSense_IdacCH0_PM.c **** *  This file provides the power management source code to API for the
   7:.\Generated_Source\PSoC5/CapSense_IdacCH0_PM.c **** *  IDAC8.
   8:.\Generated_Source\PSoC5/CapSense_IdacCH0_PM.c **** *
   9:.\Generated_Source\PSoC5/CapSense_IdacCH0_PM.c **** * Note:
  10:.\Generated_Source\PSoC5/CapSense_IdacCH0_PM.c **** *  None
  11:.\Generated_Source\PSoC5/CapSense_IdacCH0_PM.c **** *
  12:.\Generated_Source\PSoC5/CapSense_IdacCH0_PM.c **** ********************************************************************************
  13:.\Generated_Source\PSoC5/CapSense_IdacCH0_PM.c **** * Copyright 2008-2012, Cypress Semiconductor Corporation.  All rights reserved.
  14:.\Generated_Source\PSoC5/CapSense_IdacCH0_PM.c **** * You may use this file only in accordance with the license, terms, conditions, 
  15:.\Generated_Source\PSoC5/CapSense_IdacCH0_PM.c **** * disclaimers, and limitations in the end user license agreement accompanying 
  16:.\Generated_Source\PSoC5/CapSense_IdacCH0_PM.c **** * the software package with which this file was provided.
  17:.\Generated_Source\PSoC5/CapSense_IdacCH0_PM.c **** *******************************************************************************/
  18:.\Generated_Source\PSoC5/CapSense_IdacCH0_PM.c **** 
ARM GAS  C:\DOCUME~1\david\LOCALS~1\Temp\ccYBZ8gP.s 			page 2


  19:.\Generated_Source\PSoC5/CapSense_IdacCH0_PM.c **** 
  20:.\Generated_Source\PSoC5/CapSense_IdacCH0_PM.c **** #include "CapSense_IdacCH0.h"
  21:.\Generated_Source\PSoC5/CapSense_IdacCH0_PM.c **** 
  22:.\Generated_Source\PSoC5/CapSense_IdacCH0_PM.c **** static CapSense_IdacCH0_backupStruct CapSense_IdacCH0_backup;
  23:.\Generated_Source\PSoC5/CapSense_IdacCH0_PM.c **** 
  24:.\Generated_Source\PSoC5/CapSense_IdacCH0_PM.c **** 
  25:.\Generated_Source\PSoC5/CapSense_IdacCH0_PM.c **** /*******************************************************************************
  26:.\Generated_Source\PSoC5/CapSense_IdacCH0_PM.c **** * Function Name: CapSense_IdacCH0_SaveConfig
  27:.\Generated_Source\PSoC5/CapSense_IdacCH0_PM.c **** ********************************************************************************
  28:.\Generated_Source\PSoC5/CapSense_IdacCH0_PM.c **** * Summary:
  29:.\Generated_Source\PSoC5/CapSense_IdacCH0_PM.c **** *  Save the current user configuration
  30:.\Generated_Source\PSoC5/CapSense_IdacCH0_PM.c **** *
  31:.\Generated_Source\PSoC5/CapSense_IdacCH0_PM.c **** * Parameters:
  32:.\Generated_Source\PSoC5/CapSense_IdacCH0_PM.c **** *  void
  33:.\Generated_Source\PSoC5/CapSense_IdacCH0_PM.c **** *
  34:.\Generated_Source\PSoC5/CapSense_IdacCH0_PM.c **** * Return:
  35:.\Generated_Source\PSoC5/CapSense_IdacCH0_PM.c **** *  void
  36:.\Generated_Source\PSoC5/CapSense_IdacCH0_PM.c **** *
  37:.\Generated_Source\PSoC5/CapSense_IdacCH0_PM.c **** *******************************************************************************/
  38:.\Generated_Source\PSoC5/CapSense_IdacCH0_PM.c **** void CapSense_IdacCH0_SaveConfig(void) 
  39:.\Generated_Source\PSoC5/CapSense_IdacCH0_PM.c **** {
  36              		.loc 1 39 0
  37              		.cfi_startproc
  38              		@ args = 0, pretend = 0, frame = 0
  39              		@ frame_needed = 1, uses_anonymous_args = 0
  40              		@ link register save eliminated.
  41 0000 80B4     		push	{r7}
  42              	.LCFI0:
  43              		.cfi_def_cfa_offset 4
  44 0002 00AF     		add	r7, sp, #0
  45              		.cfi_offset 7, -4
  46              	.LCFI1:
  47              		.cfi_def_cfa_register 7
  40:.\Generated_Source\PSoC5/CapSense_IdacCH0_PM.c ****     if (!((CapSense_IdacCH0_CR1 & CapSense_IdacCH0_SRC_MASK) == CapSense_IdacCH0_SRC_UDB))
  48              		.loc 1 40 0
  49 0004 45F62D03 		movw	r3, #:lower16:1073764397
  50 0008 C4F20003 		movt	r3, #:upper16:1073764397
  51 000c 1B78     		ldrb	r3, [r3, #0]
  52 000e DBB2     		uxtb	r3, r3
  53 0010 03F02003 		and	r3, r3, #32
  54 0014 002B     		cmp	r3, #0
  55 0016 0AD1     		bne	.L3
  41:.\Generated_Source\PSoC5/CapSense_IdacCH0_PM.c ****     {
  42:.\Generated_Source\PSoC5/CapSense_IdacCH0_PM.c ****         CapSense_IdacCH0_backup.data_value = CapSense_IdacCH0_Data;
  56              		.loc 1 42 0
  57 0018 45F68333 		movw	r3, #:lower16:1073765251
  58 001c C4F20003 		movt	r3, #:upper16:1073765251
  59 0020 1B78     		ldrb	r3, [r3, #0]
  60 0022 DAB2     		uxtb	r2, r3
  61 0024 40F20003 		movw	r3, #:lower16:CapSense_IdacCH0_backup
  62 0028 C0F20003 		movt	r3, #:upper16:CapSense_IdacCH0_backup
  63 002c 5A70     		strb	r2, [r3, #1]
  64              	.L3:
  43:.\Generated_Source\PSoC5/CapSense_IdacCH0_PM.c ****     }
  44:.\Generated_Source\PSoC5/CapSense_IdacCH0_PM.c **** }
  65              		.loc 1 44 0
  66 002e BD46     		mov	sp, r7
ARM GAS  C:\DOCUME~1\david\LOCALS~1\Temp\ccYBZ8gP.s 			page 3


  67 0030 80BC     		pop	{r7}
  68 0032 7047     		bx	lr
  69              		.cfi_endproc
  70              	.LFE0:
  71              		.size	CapSense_IdacCH0_SaveConfig, .-CapSense_IdacCH0_SaveConfig
  72              		.section	.text.CapSense_IdacCH0_RestoreConfig,"ax",%progbits
  73              		.align	2
  74              		.global	CapSense_IdacCH0_RestoreConfig
  75              		.thumb
  76              		.thumb_func
  77              		.type	CapSense_IdacCH0_RestoreConfig, %function
  78              	CapSense_IdacCH0_RestoreConfig:
  79              	.LFB1:
  45:.\Generated_Source\PSoC5/CapSense_IdacCH0_PM.c **** 
  46:.\Generated_Source\PSoC5/CapSense_IdacCH0_PM.c **** 
  47:.\Generated_Source\PSoC5/CapSense_IdacCH0_PM.c **** /*******************************************************************************
  48:.\Generated_Source\PSoC5/CapSense_IdacCH0_PM.c **** * Function Name: CapSense_IdacCH0_RestoreConfig
  49:.\Generated_Source\PSoC5/CapSense_IdacCH0_PM.c **** ********************************************************************************
  50:.\Generated_Source\PSoC5/CapSense_IdacCH0_PM.c **** *
  51:.\Generated_Source\PSoC5/CapSense_IdacCH0_PM.c **** * Summary:
  52:.\Generated_Source\PSoC5/CapSense_IdacCH0_PM.c **** *  Restores the current user configuration.
  53:.\Generated_Source\PSoC5/CapSense_IdacCH0_PM.c **** *
  54:.\Generated_Source\PSoC5/CapSense_IdacCH0_PM.c **** * Parameters:
  55:.\Generated_Source\PSoC5/CapSense_IdacCH0_PM.c **** *  void
  56:.\Generated_Source\PSoC5/CapSense_IdacCH0_PM.c **** *
  57:.\Generated_Source\PSoC5/CapSense_IdacCH0_PM.c **** * Return:
  58:.\Generated_Source\PSoC5/CapSense_IdacCH0_PM.c **** *  void
  59:.\Generated_Source\PSoC5/CapSense_IdacCH0_PM.c **** *
  60:.\Generated_Source\PSoC5/CapSense_IdacCH0_PM.c **** *******************************************************************************/
  61:.\Generated_Source\PSoC5/CapSense_IdacCH0_PM.c **** void CapSense_IdacCH0_RestoreConfig(void) 
  62:.\Generated_Source\PSoC5/CapSense_IdacCH0_PM.c **** {
  80              		.loc 1 62 0
  81              		.cfi_startproc
  82              		@ args = 0, pretend = 0, frame = 0
  83              		@ frame_needed = 1, uses_anonymous_args = 0
  84              		@ link register save eliminated.
  85 0000 80B4     		push	{r7}
  86              	.LCFI2:
  87              		.cfi_def_cfa_offset 4
  88 0002 00AF     		add	r7, sp, #0
  89              		.cfi_offset 7, -4
  90              	.LCFI3:
  91              		.cfi_def_cfa_register 7
  63:.\Generated_Source\PSoC5/CapSense_IdacCH0_PM.c ****     if (!((CapSense_IdacCH0_CR1 & CapSense_IdacCH0_SRC_MASK) == CapSense_IdacCH0_SRC_UDB))
  92              		.loc 1 63 0
  93 0004 45F62D03 		movw	r3, #:lower16:1073764397
  94 0008 C4F20003 		movt	r3, #:upper16:1073764397
  95 000c 1B78     		ldrb	r3, [r3, #0]
  96 000e DBB2     		uxtb	r3, r3
  97 0010 03F02003 		and	r3, r3, #32
  98 0014 002B     		cmp	r3, #0
  99 0016 39D1     		bne	.L7
  64:.\Generated_Source\PSoC5/CapSense_IdacCH0_PM.c ****     {
  65:.\Generated_Source\PSoC5/CapSense_IdacCH0_PM.c ****         if((CapSense_IdacCH0_Strobe & CapSense_IdacCH0_STRB_MASK) == CapSense_IdacCH0_STRB_EN)
 100              		.loc 1 65 0
 101 0018 45F69F23 		movw	r3, #:lower16:1073765023
 102 001c C4F20003 		movt	r3, #:upper16:1073765023
ARM GAS  C:\DOCUME~1\david\LOCALS~1\Temp\ccYBZ8gP.s 			page 4


 103 0020 1B78     		ldrb	r3, [r3, #0]
 104 0022 DBB2     		uxtb	r3, r3
 105 0024 03F00803 		and	r3, r3, #8
 106 0028 002B     		cmp	r3, #0
 107 002a 25D0     		beq	.L6
  66:.\Generated_Source\PSoC5/CapSense_IdacCH0_PM.c ****         {
  67:.\Generated_Source\PSoC5/CapSense_IdacCH0_PM.c ****             CapSense_IdacCH0_Strobe &= (uint8)(~CapSense_IdacCH0_STRB_MASK);
 108              		.loc 1 67 0
 109 002c 45F69F23 		movw	r3, #:lower16:1073765023
 110 0030 C4F20003 		movt	r3, #:upper16:1073765023
 111 0034 45F69F22 		movw	r2, #:lower16:1073765023
 112 0038 C4F20002 		movt	r2, #:upper16:1073765023
 113 003c 1278     		ldrb	r2, [r2, #0]
 114 003e D2B2     		uxtb	r2, r2
 115 0040 02F0F702 		and	r2, r2, #247
 116 0044 1A70     		strb	r2, [r3, #0]
  68:.\Generated_Source\PSoC5/CapSense_IdacCH0_PM.c ****             CapSense_IdacCH0_Data = CapSense_IdacCH0_backup.data_value;
 117              		.loc 1 68 0
 118 0046 45F68333 		movw	r3, #:lower16:1073765251
 119 004a C4F20003 		movt	r3, #:upper16:1073765251
 120 004e 40F20002 		movw	r2, #:lower16:CapSense_IdacCH0_backup
 121 0052 C0F20002 		movt	r2, #:upper16:CapSense_IdacCH0_backup
 122 0056 5278     		ldrb	r2, [r2, #1]	@ zero_extendqisi2
 123 0058 1A70     		strb	r2, [r3, #0]
  69:.\Generated_Source\PSoC5/CapSense_IdacCH0_PM.c ****             CapSense_IdacCH0_Strobe |= CapSense_IdacCH0_STRB_EN;
 124              		.loc 1 69 0
 125 005a 45F69F23 		movw	r3, #:lower16:1073765023
 126 005e C4F20003 		movt	r3, #:upper16:1073765023
 127 0062 45F69F22 		movw	r2, #:lower16:1073765023
 128 0066 C4F20002 		movt	r2, #:upper16:1073765023
 129 006a 1278     		ldrb	r2, [r2, #0]
 130 006c D2B2     		uxtb	r2, r2
 131 006e 42F00802 		orr	r2, r2, #8
 132 0072 D2B2     		uxtb	r2, r2
 133 0074 1A70     		strb	r2, [r3, #0]
 134 0076 09E0     		b	.L7
 135              	.L6:
  70:.\Generated_Source\PSoC5/CapSense_IdacCH0_PM.c ****         }
  71:.\Generated_Source\PSoC5/CapSense_IdacCH0_PM.c ****         else
  72:.\Generated_Source\PSoC5/CapSense_IdacCH0_PM.c ****         {
  73:.\Generated_Source\PSoC5/CapSense_IdacCH0_PM.c ****             CapSense_IdacCH0_Data = CapSense_IdacCH0_backup.data_value;
 136              		.loc 1 73 0
 137 0078 45F68333 		movw	r3, #:lower16:1073765251
 138 007c C4F20003 		movt	r3, #:upper16:1073765251
 139 0080 40F20002 		movw	r2, #:lower16:CapSense_IdacCH0_backup
 140 0084 C0F20002 		movt	r2, #:upper16:CapSense_IdacCH0_backup
 141 0088 5278     		ldrb	r2, [r2, #1]	@ zero_extendqisi2
 142 008a 1A70     		strb	r2, [r3, #0]
 143              	.L7:
  74:.\Generated_Source\PSoC5/CapSense_IdacCH0_PM.c ****         }
  75:.\Generated_Source\PSoC5/CapSense_IdacCH0_PM.c ****     }
  76:.\Generated_Source\PSoC5/CapSense_IdacCH0_PM.c **** }
 144              		.loc 1 76 0
 145 008c BD46     		mov	sp, r7
 146 008e 80BC     		pop	{r7}
 147 0090 7047     		bx	lr
 148              		.cfi_endproc
ARM GAS  C:\DOCUME~1\david\LOCALS~1\Temp\ccYBZ8gP.s 			page 5


 149              	.LFE1:
 150              		.size	CapSense_IdacCH0_RestoreConfig, .-CapSense_IdacCH0_RestoreConfig
 151 0092 00BF     		.section	.text.CapSense_IdacCH0_Sleep,"ax",%progbits
 152              		.align	2
 153              		.global	CapSense_IdacCH0_Sleep
 154              		.thumb
 155              		.thumb_func
 156              		.type	CapSense_IdacCH0_Sleep, %function
 157              	CapSense_IdacCH0_Sleep:
 158              	.LFB2:
  77:.\Generated_Source\PSoC5/CapSense_IdacCH0_PM.c **** 
  78:.\Generated_Source\PSoC5/CapSense_IdacCH0_PM.c **** 
  79:.\Generated_Source\PSoC5/CapSense_IdacCH0_PM.c **** /*******************************************************************************
  80:.\Generated_Source\PSoC5/CapSense_IdacCH0_PM.c **** * Function Name: CapSense_IdacCH0_Sleep
  81:.\Generated_Source\PSoC5/CapSense_IdacCH0_PM.c **** ********************************************************************************
  82:.\Generated_Source\PSoC5/CapSense_IdacCH0_PM.c **** * Summary:
  83:.\Generated_Source\PSoC5/CapSense_IdacCH0_PM.c **** *  Stop and Save the user configuration
  84:.\Generated_Source\PSoC5/CapSense_IdacCH0_PM.c **** *
  85:.\Generated_Source\PSoC5/CapSense_IdacCH0_PM.c **** * Parameters:
  86:.\Generated_Source\PSoC5/CapSense_IdacCH0_PM.c **** *  void:
  87:.\Generated_Source\PSoC5/CapSense_IdacCH0_PM.c **** *
  88:.\Generated_Source\PSoC5/CapSense_IdacCH0_PM.c **** * Return:
  89:.\Generated_Source\PSoC5/CapSense_IdacCH0_PM.c **** *  void
  90:.\Generated_Source\PSoC5/CapSense_IdacCH0_PM.c **** *
  91:.\Generated_Source\PSoC5/CapSense_IdacCH0_PM.c **** * Global variables:
  92:.\Generated_Source\PSoC5/CapSense_IdacCH0_PM.c **** *  CapSense_IdacCH0_backup.enableState: Is modified depending on the enable 
  93:.\Generated_Source\PSoC5/CapSense_IdacCH0_PM.c **** *  state of the block before entering sleep mode.
  94:.\Generated_Source\PSoC5/CapSense_IdacCH0_PM.c **** *
  95:.\Generated_Source\PSoC5/CapSense_IdacCH0_PM.c **** *******************************************************************************/
  96:.\Generated_Source\PSoC5/CapSense_IdacCH0_PM.c **** void CapSense_IdacCH0_Sleep(void) 
  97:.\Generated_Source\PSoC5/CapSense_IdacCH0_PM.c **** {
 159              		.loc 1 97 0
 160              		.cfi_startproc
 161              		@ args = 0, pretend = 0, frame = 0
 162              		@ frame_needed = 1, uses_anonymous_args = 0
 163 0000 80B5     		push	{r7, lr}
 164              	.LCFI4:
 165              		.cfi_def_cfa_offset 8
 166 0002 00AF     		add	r7, sp, #0
 167              		.cfi_offset 14, -4
 168              		.cfi_offset 7, -8
 169              	.LCFI5:
 170              		.cfi_def_cfa_register 7
  98:.\Generated_Source\PSoC5/CapSense_IdacCH0_PM.c ****     if(CapSense_IdacCH0_ACT_PWR_EN == (CapSense_IdacCH0_PWRMGR & CapSense_IdacCH0_ACT_PWR_EN))
 171              		.loc 1 98 0
 172 0004 44F2A833 		movw	r3, #:lower16:1073759144
 173 0008 C4F20003 		movt	r3, #:upper16:1073759144
 174 000c 1B78     		ldrb	r3, [r3, #0]
 175 000e DBB2     		uxtb	r3, r3
 176 0010 03F00803 		and	r3, r3, #8
 177 0014 002B     		cmp	r3, #0
 178 0016 07D0     		beq	.L9
  99:.\Generated_Source\PSoC5/CapSense_IdacCH0_PM.c ****     {
 100:.\Generated_Source\PSoC5/CapSense_IdacCH0_PM.c ****         /* IDAC8 is enabled */
 101:.\Generated_Source\PSoC5/CapSense_IdacCH0_PM.c ****         CapSense_IdacCH0_backup.enableState = 1u;
 179              		.loc 1 101 0
 180 0018 40F20003 		movw	r3, #:lower16:CapSense_IdacCH0_backup
ARM GAS  C:\DOCUME~1\david\LOCALS~1\Temp\ccYBZ8gP.s 			page 6


 181 001c C0F20003 		movt	r3, #:upper16:CapSense_IdacCH0_backup
 182 0020 4FF00102 		mov	r2, #1
 183 0024 1A70     		strb	r2, [r3, #0]
 184 0026 06E0     		b	.L10
 185              	.L9:
 102:.\Generated_Source\PSoC5/CapSense_IdacCH0_PM.c ****     }
 103:.\Generated_Source\PSoC5/CapSense_IdacCH0_PM.c ****     else
 104:.\Generated_Source\PSoC5/CapSense_IdacCH0_PM.c ****     {
 105:.\Generated_Source\PSoC5/CapSense_IdacCH0_PM.c ****         /* IDAC8 is disabled */
 106:.\Generated_Source\PSoC5/CapSense_IdacCH0_PM.c ****         CapSense_IdacCH0_backup.enableState = 0u;
 186              		.loc 1 106 0
 187 0028 40F20003 		movw	r3, #:lower16:CapSense_IdacCH0_backup
 188 002c C0F20003 		movt	r3, #:upper16:CapSense_IdacCH0_backup
 189 0030 4FF00002 		mov	r2, #0
 190 0034 1A70     		strb	r2, [r3, #0]
 191              	.L10:
 107:.\Generated_Source\PSoC5/CapSense_IdacCH0_PM.c ****     }
 108:.\Generated_Source\PSoC5/CapSense_IdacCH0_PM.c **** 
 109:.\Generated_Source\PSoC5/CapSense_IdacCH0_PM.c ****     CapSense_IdacCH0_Stop();
 192              		.loc 1 109 0
 193 0036 FFF7FEFF 		bl	CapSense_IdacCH0_Stop
 110:.\Generated_Source\PSoC5/CapSense_IdacCH0_PM.c ****     CapSense_IdacCH0_SaveConfig();
 194              		.loc 1 110 0
 195 003a FFF7FEFF 		bl	CapSense_IdacCH0_SaveConfig
 111:.\Generated_Source\PSoC5/CapSense_IdacCH0_PM.c **** }
 196              		.loc 1 111 0
 197 003e 80BD     		pop	{r7, pc}
 198              		.cfi_endproc
 199              	.LFE2:
 200              		.size	CapSense_IdacCH0_Sleep, .-CapSense_IdacCH0_Sleep
 201              		.section	.text.CapSense_IdacCH0_Wakeup,"ax",%progbits
 202              		.align	2
 203              		.global	CapSense_IdacCH0_Wakeup
 204              		.thumb
 205              		.thumb_func
 206              		.type	CapSense_IdacCH0_Wakeup, %function
 207              	CapSense_IdacCH0_Wakeup:
 208              	.LFB3:
 112:.\Generated_Source\PSoC5/CapSense_IdacCH0_PM.c **** 
 113:.\Generated_Source\PSoC5/CapSense_IdacCH0_PM.c **** 
 114:.\Generated_Source\PSoC5/CapSense_IdacCH0_PM.c **** /*******************************************************************************
 115:.\Generated_Source\PSoC5/CapSense_IdacCH0_PM.c **** * Function Name: CapSense_IdacCH0_Wakeup
 116:.\Generated_Source\PSoC5/CapSense_IdacCH0_PM.c **** ********************************************************************************
 117:.\Generated_Source\PSoC5/CapSense_IdacCH0_PM.c **** *
 118:.\Generated_Source\PSoC5/CapSense_IdacCH0_PM.c **** * Summary:
 119:.\Generated_Source\PSoC5/CapSense_IdacCH0_PM.c **** *  Restores and enables the user configuration
 120:.\Generated_Source\PSoC5/CapSense_IdacCH0_PM.c **** *  
 121:.\Generated_Source\PSoC5/CapSense_IdacCH0_PM.c **** * Parameters:
 122:.\Generated_Source\PSoC5/CapSense_IdacCH0_PM.c **** *  void
 123:.\Generated_Source\PSoC5/CapSense_IdacCH0_PM.c **** *
 124:.\Generated_Source\PSoC5/CapSense_IdacCH0_PM.c **** * Return:
 125:.\Generated_Source\PSoC5/CapSense_IdacCH0_PM.c **** *  void
 126:.\Generated_Source\PSoC5/CapSense_IdacCH0_PM.c **** *
 127:.\Generated_Source\PSoC5/CapSense_IdacCH0_PM.c **** * Global variables:
 128:.\Generated_Source\PSoC5/CapSense_IdacCH0_PM.c **** *  CapSense_IdacCH0_backup.enableState: Is used to restore the enable state of 
 129:.\Generated_Source\PSoC5/CapSense_IdacCH0_PM.c **** *  block on wakeup from sleep mode.
 130:.\Generated_Source\PSoC5/CapSense_IdacCH0_PM.c **** *
ARM GAS  C:\DOCUME~1\david\LOCALS~1\Temp\ccYBZ8gP.s 			page 7


 131:.\Generated_Source\PSoC5/CapSense_IdacCH0_PM.c **** *******************************************************************************/
 132:.\Generated_Source\PSoC5/CapSense_IdacCH0_PM.c **** void CapSense_IdacCH0_Wakeup(void) 
 133:.\Generated_Source\PSoC5/CapSense_IdacCH0_PM.c **** {
 209              		.loc 1 133 0
 210              		.cfi_startproc
 211              		@ args = 0, pretend = 0, frame = 0
 212              		@ frame_needed = 1, uses_anonymous_args = 0
 213 0000 80B5     		push	{r7, lr}
 214              	.LCFI6:
 215              		.cfi_def_cfa_offset 8
 216 0002 00AF     		add	r7, sp, #0
 217              		.cfi_offset 14, -4
 218              		.cfi_offset 7, -8
 219              	.LCFI7:
 220              		.cfi_def_cfa_register 7
 134:.\Generated_Source\PSoC5/CapSense_IdacCH0_PM.c ****     CapSense_IdacCH0_RestoreConfig();
 221              		.loc 1 134 0
 222 0004 FFF7FEFF 		bl	CapSense_IdacCH0_RestoreConfig
 135:.\Generated_Source\PSoC5/CapSense_IdacCH0_PM.c ****     
 136:.\Generated_Source\PSoC5/CapSense_IdacCH0_PM.c ****     if(CapSense_IdacCH0_backup.enableState == 1u)
 223              		.loc 1 136 0
 224 0008 40F20003 		movw	r3, #:lower16:CapSense_IdacCH0_backup
 225 000c C0F20003 		movt	r3, #:upper16:CapSense_IdacCH0_backup
 226 0010 1B78     		ldrb	r3, [r3, #0]	@ zero_extendqisi2
 227 0012 012B     		cmp	r3, #1
 228 0014 0AD1     		bne	.L14
 137:.\Generated_Source\PSoC5/CapSense_IdacCH0_PM.c ****     {
 138:.\Generated_Source\PSoC5/CapSense_IdacCH0_PM.c ****         /* Enable IDAC8's operation */
 139:.\Generated_Source\PSoC5/CapSense_IdacCH0_PM.c ****         CapSense_IdacCH0_Enable();
 229              		.loc 1 139 0
 230 0016 FFF7FEFF 		bl	CapSense_IdacCH0_Enable
 140:.\Generated_Source\PSoC5/CapSense_IdacCH0_PM.c ****         
 141:.\Generated_Source\PSoC5/CapSense_IdacCH0_PM.c ****         /* Set the data register */
 142:.\Generated_Source\PSoC5/CapSense_IdacCH0_PM.c ****         CapSense_IdacCH0_SetValue(CapSense_IdacCH0_Data);
 231              		.loc 1 142 0
 232 001a 45F68333 		movw	r3, #:lower16:1073765251
 233 001e C4F20003 		movt	r3, #:upper16:1073765251
 234 0022 1B78     		ldrb	r3, [r3, #0]
 235 0024 DBB2     		uxtb	r3, r3
 236 0026 1846     		mov	r0, r3
 237 0028 FFF7FEFF 		bl	CapSense_IdacCH0_SetValue
 238              	.L14:
 143:.\Generated_Source\PSoC5/CapSense_IdacCH0_PM.c ****     } /* Do nothing if IDAC8 was disabled before */    
 144:.\Generated_Source\PSoC5/CapSense_IdacCH0_PM.c **** }
 239              		.loc 1 144 0
 240 002c 80BD     		pop	{r7, pc}
 241              		.cfi_endproc
 242              	.LFE3:
 243              		.size	CapSense_IdacCH0_Wakeup, .-CapSense_IdacCH0_Wakeup
 244 002e 00BF     		.text
 245              	.Letext0:
 246              		.section	.debug_loc,"",%progbits
 247              	.Ldebug_loc0:
 248              	.LLST0:
 249 0000 00000000 		.4byte	.LFB0
 250 0004 02000000 		.4byte	.LCFI0
 251 0008 0100     		.2byte	0x1
ARM GAS  C:\DOCUME~1\david\LOCALS~1\Temp\ccYBZ8gP.s 			page 8


 252 000a 5D       		.byte	0x5d
 253 000b 02000000 		.4byte	.LCFI0
 254 000f 04000000 		.4byte	.LCFI1
 255 0013 0200     		.2byte	0x2
 256 0015 7D       		.byte	0x7d
 257 0016 04       		.sleb128 4
 258 0017 04000000 		.4byte	.LCFI1
 259 001b 34000000 		.4byte	.LFE0
 260 001f 0200     		.2byte	0x2
 261 0021 77       		.byte	0x77
 262 0022 04       		.sleb128 4
 263 0023 00000000 		.4byte	0x0
 264 0027 00000000 		.4byte	0x0
 265              	.LLST1:
 266 002b 00000000 		.4byte	.LFB1
 267 002f 02000000 		.4byte	.LCFI2
 268 0033 0100     		.2byte	0x1
 269 0035 5D       		.byte	0x5d
 270 0036 02000000 		.4byte	.LCFI2
 271 003a 04000000 		.4byte	.LCFI3
 272 003e 0200     		.2byte	0x2
 273 0040 7D       		.byte	0x7d
 274 0041 04       		.sleb128 4
 275 0042 04000000 		.4byte	.LCFI3
 276 0046 92000000 		.4byte	.LFE1
 277 004a 0200     		.2byte	0x2
 278 004c 77       		.byte	0x77
 279 004d 04       		.sleb128 4
 280 004e 00000000 		.4byte	0x0
 281 0052 00000000 		.4byte	0x0
 282              	.LLST2:
 283 0056 00000000 		.4byte	.LFB2
 284 005a 02000000 		.4byte	.LCFI4
 285 005e 0100     		.2byte	0x1
 286 0060 5D       		.byte	0x5d
 287 0061 02000000 		.4byte	.LCFI4
 288 0065 04000000 		.4byte	.LCFI5
 289 0069 0200     		.2byte	0x2
 290 006b 7D       		.byte	0x7d
 291 006c 08       		.sleb128 8
 292 006d 04000000 		.4byte	.LCFI5
 293 0071 40000000 		.4byte	.LFE2
 294 0075 0200     		.2byte	0x2
 295 0077 77       		.byte	0x77
 296 0078 08       		.sleb128 8
 297 0079 00000000 		.4byte	0x0
 298 007d 00000000 		.4byte	0x0
 299              	.LLST3:
 300 0081 00000000 		.4byte	.LFB3
 301 0085 02000000 		.4byte	.LCFI6
 302 0089 0100     		.2byte	0x1
 303 008b 5D       		.byte	0x5d
 304 008c 02000000 		.4byte	.LCFI6
 305 0090 04000000 		.4byte	.LCFI7
 306 0094 0200     		.2byte	0x2
 307 0096 7D       		.byte	0x7d
 308 0097 08       		.sleb128 8
ARM GAS  C:\DOCUME~1\david\LOCALS~1\Temp\ccYBZ8gP.s 			page 9


 309 0098 04000000 		.4byte	.LCFI7
 310 009c 2E000000 		.4byte	.LFE3
 311 00a0 0200     		.2byte	0x2
 312 00a2 77       		.byte	0x77
 313 00a3 08       		.sleb128 8
 314 00a4 00000000 		.4byte	0x0
 315 00a8 00000000 		.4byte	0x0
 316              		.file 2 ".\\Generated_Source\\PSoC5\\/CapSense_IdacCH0.h"
 317              		.file 3 ".\\Generated_Source\\PSoC5\\/cytypes.h"
 318              		.section	.debug_info
 319 0000 21010000 		.4byte	0x121
 320 0004 0200     		.2byte	0x2
 321 0006 00000000 		.4byte	.Ldebug_abbrev0
 322 000a 04       		.byte	0x4
 323 000b 01       		.uleb128 0x1
 324 000c 5D010000 		.4byte	.LASF20
 325 0010 01       		.byte	0x1
 326 0011 DA000000 		.4byte	.LASF21
 327 0015 86000000 		.4byte	.LASF22
 328 0019 00000000 		.4byte	0x0
 329 001d 00000000 		.4byte	0x0
 330 0021 00000000 		.4byte	.Ldebug_ranges0+0x0
 331 0025 00000000 		.4byte	.Ldebug_line0
 332 0029 02       		.uleb128 0x2
 333 002a 01       		.byte	0x1
 334 002b 06       		.byte	0x6
 335 002c AA010000 		.4byte	.LASF0
 336 0030 02       		.uleb128 0x2
 337 0031 01       		.byte	0x1
 338 0032 08       		.byte	0x8
 339 0033 78000000 		.4byte	.LASF1
 340 0037 02       		.uleb128 0x2
 341 0038 02       		.byte	0x2
 342 0039 05       		.byte	0x5
 343 003a 6E010000 		.4byte	.LASF2
 344 003e 02       		.uleb128 0x2
 345 003f 02       		.byte	0x2
 346 0040 07       		.byte	0x7
 347 0041 C0000000 		.4byte	.LASF3
 348 0045 02       		.uleb128 0x2
 349 0046 04       		.byte	0x4
 350 0047 05       		.byte	0x5
 351 0048 95010000 		.4byte	.LASF4
 352 004c 02       		.uleb128 0x2
 353 004d 04       		.byte	0x4
 354 004e 07       		.byte	0x7
 355 004f AE000000 		.4byte	.LASF5
 356 0053 02       		.uleb128 0x2
 357 0054 08       		.byte	0x8
 358 0055 05       		.byte	0x5
 359 0056 00000000 		.4byte	.LASF6
 360 005a 02       		.uleb128 0x2
 361 005b 08       		.byte	0x8
 362 005c 07       		.byte	0x7
 363 005d 2E010000 		.4byte	.LASF7
 364 0061 03       		.uleb128 0x3
 365 0062 04       		.byte	0x4
ARM GAS  C:\DOCUME~1\david\LOCALS~1\Temp\ccYBZ8gP.s 			page 10


 366 0063 05       		.byte	0x5
 367 0064 696E7400 		.ascii	"int\000"
 368 0068 02       		.uleb128 0x2
 369 0069 04       		.byte	0x4
 370 006a 07       		.byte	0x7
 371 006b 09010000 		.4byte	.LASF8
 372 006f 04       		.uleb128 0x4
 373 0070 78010000 		.4byte	.LASF14
 374 0074 03       		.byte	0x3
 375 0075 4C       		.byte	0x4c
 376 0076 30000000 		.4byte	0x30
 377 007a 02       		.uleb128 0x2
 378 007b 04       		.byte	0x4
 379 007c 04       		.byte	0x4
 380 007d 72000000 		.4byte	.LASF9
 381 0081 02       		.uleb128 0x2
 382 0082 08       		.byte	0x8
 383 0083 04       		.byte	0x4
 384 0084 D3000000 		.4byte	.LASF10
 385 0088 02       		.uleb128 0x2
 386 0089 01       		.byte	0x1
 387 008a 08       		.byte	0x8
 388 008b 69010000 		.4byte	.LASF11
 389 008f 05       		.uleb128 0x5
 390 0090 02       		.byte	0x2
 391 0091 02       		.byte	0x2
 392 0092 26       		.byte	0x26
 393 0093 B4000000 		.4byte	0xb4
 394 0097 06       		.uleb128 0x6
 395 0098 9E010000 		.4byte	.LASF12
 396 009c 02       		.byte	0x2
 397 009d 27       		.byte	0x27
 398 009e 6F000000 		.4byte	0x6f
 399 00a2 02       		.byte	0x2
 400 00a3 23       		.byte	0x23
 401 00a4 00       		.uleb128 0x0
 402 00a5 06       		.uleb128 0x6
 403 00a6 2C000000 		.4byte	.LASF13
 404 00aa 02       		.byte	0x2
 405 00ab 28       		.byte	0x28
 406 00ac 6F000000 		.4byte	0x6f
 407 00b0 02       		.byte	0x2
 408 00b1 23       		.byte	0x23
 409 00b2 01       		.uleb128 0x1
 410 00b3 00       		.byte	0x0
 411 00b4 04       		.uleb128 0x4
 412 00b5 0E000000 		.4byte	.LASF15
 413 00b9 02       		.byte	0x2
 414 00ba 29       		.byte	0x29
 415 00bb 8F000000 		.4byte	0x8f
 416 00bf 07       		.uleb128 0x7
 417 00c0 01       		.byte	0x1
 418 00c1 37000000 		.4byte	.LASF16
 419 00c5 01       		.byte	0x1
 420 00c6 26       		.byte	0x26
 421 00c7 01       		.byte	0x1
 422 00c8 00000000 		.4byte	.LFB0
ARM GAS  C:\DOCUME~1\david\LOCALS~1\Temp\ccYBZ8gP.s 			page 11


 423 00cc 34000000 		.4byte	.LFE0
 424 00d0 00000000 		.4byte	.LLST0
 425 00d4 07       		.uleb128 0x7
 426 00d5 01       		.byte	0x1
 427 00d6 53000000 		.4byte	.LASF17
 428 00da 01       		.byte	0x1
 429 00db 3D       		.byte	0x3d
 430 00dc 01       		.byte	0x1
 431 00dd 00000000 		.4byte	.LFB1
 432 00e1 92000000 		.4byte	.LFE1
 433 00e5 2B000000 		.4byte	.LLST1
 434 00e9 07       		.uleb128 0x7
 435 00ea 01       		.byte	0x1
 436 00eb 7E010000 		.4byte	.LASF18
 437 00ef 01       		.byte	0x1
 438 00f0 60       		.byte	0x60
 439 00f1 01       		.byte	0x1
 440 00f2 00000000 		.4byte	.LFB2
 441 00f6 40000000 		.4byte	.LFE2
 442 00fa 56000000 		.4byte	.LLST2
 443 00fe 07       		.uleb128 0x7
 444 00ff 01       		.byte	0x1
 445 0100 45010000 		.4byte	.LASF19
 446 0104 01       		.byte	0x1
 447 0105 84       		.byte	0x84
 448 0106 01       		.byte	0x1
 449 0107 00000000 		.4byte	.LFB3
 450 010b 2E000000 		.4byte	.LFE3
 451 010f 81000000 		.4byte	.LLST3
 452 0113 08       		.uleb128 0x8
 453 0114 16010000 		.4byte	.LASF23
 454 0118 01       		.byte	0x1
 455 0119 16       		.byte	0x16
 456 011a B4000000 		.4byte	0xb4
 457 011e 05       		.byte	0x5
 458 011f 03       		.byte	0x3
 459 0120 00000000 		.4byte	CapSense_IdacCH0_backup
 460 0124 00       		.byte	0x0
 461              		.section	.debug_abbrev
 462 0000 01       		.uleb128 0x1
 463 0001 11       		.uleb128 0x11
 464 0002 01       		.byte	0x1
 465 0003 25       		.uleb128 0x25
 466 0004 0E       		.uleb128 0xe
 467 0005 13       		.uleb128 0x13
 468 0006 0B       		.uleb128 0xb
 469 0007 03       		.uleb128 0x3
 470 0008 0E       		.uleb128 0xe
 471 0009 1B       		.uleb128 0x1b
 472 000a 0E       		.uleb128 0xe
 473 000b 11       		.uleb128 0x11
 474 000c 01       		.uleb128 0x1
 475 000d 52       		.uleb128 0x52
 476 000e 01       		.uleb128 0x1
 477 000f 55       		.uleb128 0x55
 478 0010 06       		.uleb128 0x6
 479 0011 10       		.uleb128 0x10
ARM GAS  C:\DOCUME~1\david\LOCALS~1\Temp\ccYBZ8gP.s 			page 12


 480 0012 06       		.uleb128 0x6
 481 0013 00       		.byte	0x0
 482 0014 00       		.byte	0x0
 483 0015 02       		.uleb128 0x2
 484 0016 24       		.uleb128 0x24
 485 0017 00       		.byte	0x0
 486 0018 0B       		.uleb128 0xb
 487 0019 0B       		.uleb128 0xb
 488 001a 3E       		.uleb128 0x3e
 489 001b 0B       		.uleb128 0xb
 490 001c 03       		.uleb128 0x3
 491 001d 0E       		.uleb128 0xe
 492 001e 00       		.byte	0x0
 493 001f 00       		.byte	0x0
 494 0020 03       		.uleb128 0x3
 495 0021 24       		.uleb128 0x24
 496 0022 00       		.byte	0x0
 497 0023 0B       		.uleb128 0xb
 498 0024 0B       		.uleb128 0xb
 499 0025 3E       		.uleb128 0x3e
 500 0026 0B       		.uleb128 0xb
 501 0027 03       		.uleb128 0x3
 502 0028 08       		.uleb128 0x8
 503 0029 00       		.byte	0x0
 504 002a 00       		.byte	0x0
 505 002b 04       		.uleb128 0x4
 506 002c 16       		.uleb128 0x16
 507 002d 00       		.byte	0x0
 508 002e 03       		.uleb128 0x3
 509 002f 0E       		.uleb128 0xe
 510 0030 3A       		.uleb128 0x3a
 511 0031 0B       		.uleb128 0xb
 512 0032 3B       		.uleb128 0x3b
 513 0033 0B       		.uleb128 0xb
 514 0034 49       		.uleb128 0x49
 515 0035 13       		.uleb128 0x13
 516 0036 00       		.byte	0x0
 517 0037 00       		.byte	0x0
 518 0038 05       		.uleb128 0x5
 519 0039 13       		.uleb128 0x13
 520 003a 01       		.byte	0x1
 521 003b 0B       		.uleb128 0xb
 522 003c 0B       		.uleb128 0xb
 523 003d 3A       		.uleb128 0x3a
 524 003e 0B       		.uleb128 0xb
 525 003f 3B       		.uleb128 0x3b
 526 0040 0B       		.uleb128 0xb
 527 0041 01       		.uleb128 0x1
 528 0042 13       		.uleb128 0x13
 529 0043 00       		.byte	0x0
 530 0044 00       		.byte	0x0
 531 0045 06       		.uleb128 0x6
 532 0046 0D       		.uleb128 0xd
 533 0047 00       		.byte	0x0
 534 0048 03       		.uleb128 0x3
 535 0049 0E       		.uleb128 0xe
 536 004a 3A       		.uleb128 0x3a
ARM GAS  C:\DOCUME~1\david\LOCALS~1\Temp\ccYBZ8gP.s 			page 13


 537 004b 0B       		.uleb128 0xb
 538 004c 3B       		.uleb128 0x3b
 539 004d 0B       		.uleb128 0xb
 540 004e 49       		.uleb128 0x49
 541 004f 13       		.uleb128 0x13
 542 0050 38       		.uleb128 0x38
 543 0051 0A       		.uleb128 0xa
 544 0052 00       		.byte	0x0
 545 0053 00       		.byte	0x0
 546 0054 07       		.uleb128 0x7
 547 0055 2E       		.uleb128 0x2e
 548 0056 00       		.byte	0x0
 549 0057 3F       		.uleb128 0x3f
 550 0058 0C       		.uleb128 0xc
 551 0059 03       		.uleb128 0x3
 552 005a 0E       		.uleb128 0xe
 553 005b 3A       		.uleb128 0x3a
 554 005c 0B       		.uleb128 0xb
 555 005d 3B       		.uleb128 0x3b
 556 005e 0B       		.uleb128 0xb
 557 005f 27       		.uleb128 0x27
 558 0060 0C       		.uleb128 0xc
 559 0061 11       		.uleb128 0x11
 560 0062 01       		.uleb128 0x1
 561 0063 12       		.uleb128 0x12
 562 0064 01       		.uleb128 0x1
 563 0065 40       		.uleb128 0x40
 564 0066 06       		.uleb128 0x6
 565 0067 00       		.byte	0x0
 566 0068 00       		.byte	0x0
 567 0069 08       		.uleb128 0x8
 568 006a 34       		.uleb128 0x34
 569 006b 00       		.byte	0x0
 570 006c 03       		.uleb128 0x3
 571 006d 0E       		.uleb128 0xe
 572 006e 3A       		.uleb128 0x3a
 573 006f 0B       		.uleb128 0xb
 574 0070 3B       		.uleb128 0x3b
 575 0071 0B       		.uleb128 0xb
 576 0072 49       		.uleb128 0x49
 577 0073 13       		.uleb128 0x13
 578 0074 02       		.uleb128 0x2
 579 0075 0A       		.uleb128 0xa
 580 0076 00       		.byte	0x0
 581 0077 00       		.byte	0x0
 582 0078 00       		.byte	0x0
 583              		.section	.debug_pubnames,"",%progbits
 584 0000 88000000 		.4byte	0x88
 585 0004 0200     		.2byte	0x2
 586 0006 00000000 		.4byte	.Ldebug_info0
 587 000a 25010000 		.4byte	0x125
 588 000e BF000000 		.4byte	0xbf
 589 0012 43617053 		.ascii	"CapSense_IdacCH0_SaveConfig\000"
 589      656E7365 
 589      5F496461 
 589      63434830 
 589      5F536176 
ARM GAS  C:\DOCUME~1\david\LOCALS~1\Temp\ccYBZ8gP.s 			page 14


 590 002e D4000000 		.4byte	0xd4
 591 0032 43617053 		.ascii	"CapSense_IdacCH0_RestoreConfig\000"
 591      656E7365 
 591      5F496461 
 591      63434830 
 591      5F526573 
 592 0051 E9000000 		.4byte	0xe9
 593 0055 43617053 		.ascii	"CapSense_IdacCH0_Sleep\000"
 593      656E7365 
 593      5F496461 
 593      63434830 
 593      5F536C65 
 594 006c FE000000 		.4byte	0xfe
 595 0070 43617053 		.ascii	"CapSense_IdacCH0_Wakeup\000"
 595      656E7365 
 595      5F496461 
 595      63434830 
 595      5F57616B 
 596 0088 00000000 		.4byte	0x0
 597              		.section	.debug_aranges,"",%progbits
 598 0000 34000000 		.4byte	0x34
 599 0004 0200     		.2byte	0x2
 600 0006 00000000 		.4byte	.Ldebug_info0
 601 000a 04       		.byte	0x4
 602 000b 00       		.byte	0x0
 603 000c 0000     		.2byte	0x0
 604 000e 0000     		.2byte	0x0
 605 0010 00000000 		.4byte	.LFB0
 606 0014 34000000 		.4byte	.LFE0-.LFB0
 607 0018 00000000 		.4byte	.LFB1
 608 001c 92000000 		.4byte	.LFE1-.LFB1
 609 0020 00000000 		.4byte	.LFB2
 610 0024 40000000 		.4byte	.LFE2-.LFB2
 611 0028 00000000 		.4byte	.LFB3
 612 002c 2E000000 		.4byte	.LFE3-.LFB3
 613 0030 00000000 		.4byte	0x0
 614 0034 00000000 		.4byte	0x0
 615              		.section	.debug_ranges,"",%progbits
 616              	.Ldebug_ranges0:
 617 0000 00000000 		.4byte	.Ltext0
 618 0004 00000000 		.4byte	.Letext0
 619 0008 00000000 		.4byte	.LFB0
 620 000c 34000000 		.4byte	.LFE0
 621 0010 00000000 		.4byte	.LFB1
 622 0014 92000000 		.4byte	.LFE1
 623 0018 00000000 		.4byte	.LFB2
 624 001c 40000000 		.4byte	.LFE2
 625 0020 00000000 		.4byte	.LFB3
 626 0024 2E000000 		.4byte	.LFE3
 627 0028 00000000 		.4byte	0x0
 628 002c 00000000 		.4byte	0x0
 629              		.section	.debug_str,"MS",%progbits,1
 630              	.LASF6:
 631 0000 6C6F6E67 		.ascii	"long long int\000"
 631      206C6F6E 
 631      6720696E 
 631      7400
ARM GAS  C:\DOCUME~1\david\LOCALS~1\Temp\ccYBZ8gP.s 			page 15


 632              	.LASF15:
 633 000e 43617053 		.ascii	"CapSense_IdacCH0_backupStruct\000"
 633      656E7365 
 633      5F496461 
 633      63434830 
 633      5F626163 
 634              	.LASF13:
 635 002c 64617461 		.ascii	"data_value\000"
 635      5F76616C 
 635      756500
 636              	.LASF16:
 637 0037 43617053 		.ascii	"CapSense_IdacCH0_SaveConfig\000"
 637      656E7365 
 637      5F496461 
 637      63434830 
 637      5F536176 
 638              	.LASF17:
 639 0053 43617053 		.ascii	"CapSense_IdacCH0_RestoreConfig\000"
 639      656E7365 
 639      5F496461 
 639      63434830 
 639      5F526573 
 640              	.LASF9:
 641 0072 666C6F61 		.ascii	"float\000"
 641      7400
 642              	.LASF1:
 643 0078 756E7369 		.ascii	"unsigned char\000"
 643      676E6564 
 643      20636861 
 643      7200
 644              	.LASF22:
 645 0086 453A5C50 		.ascii	"E:\\PSoC Creator\\connect4\\connect4.cydsn\000"
 645      536F4320 
 645      43726561 
 645      746F725C 
 645      636F6E6E 
 646              	.LASF5:
 647 00ae 6C6F6E67 		.ascii	"long unsigned int\000"
 647      20756E73 
 647      69676E65 
 647      6420696E 
 647      7400
 648              	.LASF3:
 649 00c0 73686F72 		.ascii	"short unsigned int\000"
 649      7420756E 
 649      7369676E 
 649      65642069 
 649      6E7400
 650              	.LASF10:
 651 00d3 646F7562 		.ascii	"double\000"
 651      6C6500
 652              	.LASF21:
 653 00da 2E5C4765 		.ascii	".\\Generated_Source\\PSoC5\\CapSense_IdacCH0_PM.c\000"
 653      6E657261 
 653      7465645F 
 653      536F7572 
 653      63655C50 
ARM GAS  C:\DOCUME~1\david\LOCALS~1\Temp\ccYBZ8gP.s 			page 16


 654              	.LASF8:
 655 0109 756E7369 		.ascii	"unsigned int\000"
 655      676E6564 
 655      20696E74 
 655      00
 656              	.LASF23:
 657 0116 43617053 		.ascii	"CapSense_IdacCH0_backup\000"
 657      656E7365 
 657      5F496461 
 657      63434830 
 657      5F626163 
 658              	.LASF7:
 659 012e 6C6F6E67 		.ascii	"long long unsigned int\000"
 659      206C6F6E 
 659      6720756E 
 659      7369676E 
 659      65642069 
 660              	.LASF19:
 661 0145 43617053 		.ascii	"CapSense_IdacCH0_Wakeup\000"
 661      656E7365 
 661      5F496461 
 661      63434830 
 661      5F57616B 
 662              	.LASF20:
 663 015d 474E5520 		.ascii	"GNU C 4.4.1\000"
 663      4320342E 
 663      342E3100 
 664              	.LASF11:
 665 0169 63686172 		.ascii	"char\000"
 665      00
 666              	.LASF2:
 667 016e 73686F72 		.ascii	"short int\000"
 667      7420696E 
 667      7400
 668              	.LASF14:
 669 0178 75696E74 		.ascii	"uint8\000"
 669      3800
 670              	.LASF18:
 671 017e 43617053 		.ascii	"CapSense_IdacCH0_Sleep\000"
 671      656E7365 
 671      5F496461 
 671      63434830 
 671      5F536C65 
 672              	.LASF4:
 673 0195 6C6F6E67 		.ascii	"long int\000"
 673      20696E74 
 673      00
 674              	.LASF12:
 675 019e 656E6162 		.ascii	"enableState\000"
 675      6C655374 
 675      61746500 
 676              	.LASF0:
 677 01aa 7369676E 		.ascii	"signed char\000"
 677      65642063 
 677      68617200 
 678              		.ident	"GCC: (Sourcery G++ Lite 2010q1-188) 4.4.1"
