ARM GAS  C:\Users\dmtucker\AppData\Local\Temp\ccIUOWi9.s 			page 1


   1              		.syntax unified
   2              		.cpu cortex-m3
   3              		.fpu softvfp
   4              		.eabi_attribute 20, 1
   5              		.eabi_attribute 21, 1
   6              		.eabi_attribute 23, 3
   7              		.eabi_attribute 24, 1
   8              		.eabi_attribute 25, 1
   9              		.eabi_attribute 26, 1
  10              		.eabi_attribute 30, 6
  11              		.eabi_attribute 18, 4
  12              		.thumb
  13              		.file	"UART_INT.c"
  14              		.section	.debug_abbrev,"",%progbits
  15              	.Ldebug_abbrev0:
  16              		.section	.debug_info,"",%progbits
  17              	.Ldebug_info0:
  18              		.section	.debug_line,"",%progbits
  19              	.Ldebug_line0:
  20 0000 C0000000 		.text
  20      02006B00 
  20      00000201 
  20      FB0E0D00 
  20      01010101 
  21              	.Ltext0:
  22              		.cfi_sections	.debug_frame
  23              		.section	.text.UART_RXISR,"ax",%progbits
  24              		.align	2
  25              		.global	UART_RXISR
  26              		.thumb
  27              		.thumb_func
  28              		.type	UART_RXISR, %function
  29              	UART_RXISR:
  30              	.LFB0:
  31              		.file 1 ".\\Generated_Source\\PSoC5\\UART_INT.c"
   1:.\Generated_Source\PSoC5/UART_INT.c **** /*******************************************************************************
   2:.\Generated_Source\PSoC5/UART_INT.c **** * File Name: UART_INT.c
   3:.\Generated_Source\PSoC5/UART_INT.c **** * Version 2.30
   4:.\Generated_Source\PSoC5/UART_INT.c **** *
   5:.\Generated_Source\PSoC5/UART_INT.c **** * Description:
   6:.\Generated_Source\PSoC5/UART_INT.c **** *  This file provides all Interrupt Service functionality of the UART component
   7:.\Generated_Source\PSoC5/UART_INT.c **** *
   8:.\Generated_Source\PSoC5/UART_INT.c **** * Note:
   9:.\Generated_Source\PSoC5/UART_INT.c **** *  Any unusual or non-standard behavior should be noted here. Other-
  10:.\Generated_Source\PSoC5/UART_INT.c **** *  wise, this section should remain blank.
  11:.\Generated_Source\PSoC5/UART_INT.c **** *
  12:.\Generated_Source\PSoC5/UART_INT.c **** ********************************************************************************
  13:.\Generated_Source\PSoC5/UART_INT.c **** * Copyright 2008-2012, Cypress Semiconductor Corporation.  All rights reserved.
  14:.\Generated_Source\PSoC5/UART_INT.c **** * You may use this file only in accordance with the license, terms, conditions,
  15:.\Generated_Source\PSoC5/UART_INT.c **** * disclaimers, and limitations in the end user license agreement accompanying
  16:.\Generated_Source\PSoC5/UART_INT.c **** * the software package with which this file was provided.
  17:.\Generated_Source\PSoC5/UART_INT.c **** *******************************************************************************/
  18:.\Generated_Source\PSoC5/UART_INT.c **** 
  19:.\Generated_Source\PSoC5/UART_INT.c **** #include "UART.h"
  20:.\Generated_Source\PSoC5/UART_INT.c **** #include "CyLib.h"
  21:.\Generated_Source\PSoC5/UART_INT.c **** 
  22:.\Generated_Source\PSoC5/UART_INT.c **** 
ARM GAS  C:\Users\dmtucker\AppData\Local\Temp\ccIUOWi9.s 			page 2


  23:.\Generated_Source\PSoC5/UART_INT.c **** /***************************************
  24:.\Generated_Source\PSoC5/UART_INT.c **** * Custom Declratations
  25:.\Generated_Source\PSoC5/UART_INT.c **** ***************************************/
  26:.\Generated_Source\PSoC5/UART_INT.c **** /* `#START CUSTOM_DECLARATIONS` Place your declaration here */
  27:.\Generated_Source\PSoC5/UART_INT.c **** 
  28:.\Generated_Source\PSoC5/UART_INT.c **** /* `#END` */
  29:.\Generated_Source\PSoC5/UART_INT.c **** 
  30:.\Generated_Source\PSoC5/UART_INT.c **** #if( (UART_RX_ENABLED || UART_HD_ENABLED) && \
  31:.\Generated_Source\PSoC5/UART_INT.c ****      (UART_RXBUFFERSIZE > UART_FIFO_LENGTH))
  32:.\Generated_Source\PSoC5/UART_INT.c **** 
  33:.\Generated_Source\PSoC5/UART_INT.c **** 
  34:.\Generated_Source\PSoC5/UART_INT.c ****     /*******************************************************************************
  35:.\Generated_Source\PSoC5/UART_INT.c ****     * Function Name: UART_RXISR
  36:.\Generated_Source\PSoC5/UART_INT.c ****     ********************************************************************************
  37:.\Generated_Source\PSoC5/UART_INT.c ****     *
  38:.\Generated_Source\PSoC5/UART_INT.c ****     * Summary:
  39:.\Generated_Source\PSoC5/UART_INT.c ****     *  Interrupt Service Routine for RX portion of the UART
  40:.\Generated_Source\PSoC5/UART_INT.c ****     *
  41:.\Generated_Source\PSoC5/UART_INT.c ****     * Parameters:
  42:.\Generated_Source\PSoC5/UART_INT.c ****     *  None.
  43:.\Generated_Source\PSoC5/UART_INT.c ****     *
  44:.\Generated_Source\PSoC5/UART_INT.c ****     * Return:
  45:.\Generated_Source\PSoC5/UART_INT.c ****     *  None.
  46:.\Generated_Source\PSoC5/UART_INT.c ****     *
  47:.\Generated_Source\PSoC5/UART_INT.c ****     * Global Variables:
  48:.\Generated_Source\PSoC5/UART_INT.c ****     *  UART_rxBuffer - RAM buffer pointer for save received data.
  49:.\Generated_Source\PSoC5/UART_INT.c ****     *  UART_rxBufferWrite - cyclic index for write to rxBuffer,
  50:.\Generated_Source\PSoC5/UART_INT.c ****     *     increments after each byte saved to buffer.
  51:.\Generated_Source\PSoC5/UART_INT.c ****     *  UART_rxBufferRead - cyclic index for read from rxBuffer,
  52:.\Generated_Source\PSoC5/UART_INT.c ****     *     checked to detect overflow condition.
  53:.\Generated_Source\PSoC5/UART_INT.c ****     *  UART_rxBufferOverflow - software overflow flag. Set to one
  54:.\Generated_Source\PSoC5/UART_INT.c ****     *     when UART_rxBufferWrite index overtakes
  55:.\Generated_Source\PSoC5/UART_INT.c ****     *     UART_rxBufferRead index.
  56:.\Generated_Source\PSoC5/UART_INT.c ****     *  UART_rxBufferLoopDetect - additional variable to detect overflow.
  57:.\Generated_Source\PSoC5/UART_INT.c ****     *     Set to one when UART_rxBufferWrite is equal to
  58:.\Generated_Source\PSoC5/UART_INT.c ****     *    UART_rxBufferRead
  59:.\Generated_Source\PSoC5/UART_INT.c ****     *  UART_rxAddressMode - this variable contains the Address mode,
  60:.\Generated_Source\PSoC5/UART_INT.c ****     *     selected in customizer or set by UART_SetRxAddressMode() API.
  61:.\Generated_Source\PSoC5/UART_INT.c ****     *  UART_rxAddressDetected - set to 1 when correct address received,
  62:.\Generated_Source\PSoC5/UART_INT.c ****     *     and analysed to store following addressed data bytes to the buffer.
  63:.\Generated_Source\PSoC5/UART_INT.c ****     *     When not correct address received, set to 0 to skip following data bytes.
  64:.\Generated_Source\PSoC5/UART_INT.c ****     *
  65:.\Generated_Source\PSoC5/UART_INT.c ****     *******************************************************************************/
  66:.\Generated_Source\PSoC5/UART_INT.c ****     CY_ISR(UART_RXISR)
  67:.\Generated_Source\PSoC5/UART_INT.c ****     {
  32              		.loc 1 67 0
  33              		.cfi_startproc
  34              		@ args = 0, pretend = 0, frame = 8
  35              		@ frame_needed = 1, uses_anonymous_args = 0
  36              		@ link register save eliminated.
  37 0000 80B4     		push	{r7}
  38              	.LCFI0:
  39              		.cfi_def_cfa_offset 4
  40 0002 83B0     		sub	sp, sp, #12
  41              	.LCFI1:
  42              		.cfi_def_cfa_offset 16
  43 0004 00AF     		add	r7, sp, #0
ARM GAS  C:\Users\dmtucker\AppData\Local\Temp\ccIUOWi9.s 			page 3


  44              		.cfi_offset 7, -4
  45              	.LCFI2:
  46              		.cfi_def_cfa_register 7
  68:.\Generated_Source\PSoC5/UART_INT.c ****         uint8 readData;
  69:.\Generated_Source\PSoC5/UART_INT.c ****         uint8 increment_pointer = 0u;
  47              		.loc 1 69 0
  48 0006 4FF00003 		mov	r3, #0
  49 000a FB71     		strb	r3, [r7, #7]
  70:.\Generated_Source\PSoC5/UART_INT.c ****         #if(CY_PSOC3)
  71:.\Generated_Source\PSoC5/UART_INT.c ****             uint8 int_en;
  72:.\Generated_Source\PSoC5/UART_INT.c ****         #endif /* CY_PSOC3 */
  73:.\Generated_Source\PSoC5/UART_INT.c **** 
  74:.\Generated_Source\PSoC5/UART_INT.c ****         /* User code required at start of ISR */
  75:.\Generated_Source\PSoC5/UART_INT.c ****         /* `#START UART_RXISR_START` */
  76:.\Generated_Source\PSoC5/UART_INT.c **** 
  77:.\Generated_Source\PSoC5/UART_INT.c ****         /* `#END` */
  78:.\Generated_Source\PSoC5/UART_INT.c **** 
  79:.\Generated_Source\PSoC5/UART_INT.c ****         #if(CY_PSOC3)   /* Make sure nested interrupt is enabled */
  80:.\Generated_Source\PSoC5/UART_INT.c ****             int_en = EA;
  81:.\Generated_Source\PSoC5/UART_INT.c ****             CyGlobalIntEnable;
  82:.\Generated_Source\PSoC5/UART_INT.c ****         #endif /* CY_PSOC3 */
  83:.\Generated_Source\PSoC5/UART_INT.c **** 
  84:.\Generated_Source\PSoC5/UART_INT.c ****         readData = UART_RXSTATUS_REG;
  50              		.loc 1 84 0
  51 000c 46F26343 		movw	r3, #:lower16:1073767523
  52 0010 C4F20003 		movt	r3, #:upper16:1073767523
  53 0014 1B78     		ldrb	r3, [r3, #0]
  54 0016 BB71     		strb	r3, [r7, #6]
  85:.\Generated_Source\PSoC5/UART_INT.c **** 
  86:.\Generated_Source\PSoC5/UART_INT.c ****         if((readData & (UART_RX_STS_BREAK | UART_RX_STS_PAR_ERROR |
  87:.\Generated_Source\PSoC5/UART_INT.c ****                         UART_RX_STS_STOP_ERROR | UART_RX_STS_OVERRUN)) != 0u)
  88:.\Generated_Source\PSoC5/UART_INT.c ****         {
  89:.\Generated_Source\PSoC5/UART_INT.c ****             /* ERROR handling. */
  90:.\Generated_Source\PSoC5/UART_INT.c ****             /* `#START UART_RXISR_ERROR` */
  91:.\Generated_Source\PSoC5/UART_INT.c **** 
  92:.\Generated_Source\PSoC5/UART_INT.c ****             /* `#END` */
  93:.\Generated_Source\PSoC5/UART_INT.c ****         }
  94:.\Generated_Source\PSoC5/UART_INT.c **** 
  95:.\Generated_Source\PSoC5/UART_INT.c ****         while((readData & UART_RX_STS_FIFO_NOTEMPTY) != 0u)
  55              		.loc 1 95 0
  56 0018 5EE0     		b	.L2
  57              	.L6:
  96:.\Generated_Source\PSoC5/UART_INT.c ****         {
  97:.\Generated_Source\PSoC5/UART_INT.c **** 
  98:.\Generated_Source\PSoC5/UART_INT.c ****             #if (UART_RXHW_ADDRESS_ENABLED)
  99:.\Generated_Source\PSoC5/UART_INT.c ****                 if(UART_rxAddressMode == (uint8)UART__B_UART__AM_SW_DETECT_TO_BUFFER)
 100:.\Generated_Source\PSoC5/UART_INT.c ****                 {
 101:.\Generated_Source\PSoC5/UART_INT.c ****                     if((readData & UART_RX_STS_MRKSPC) != 0u)
 102:.\Generated_Source\PSoC5/UART_INT.c ****                     {
 103:.\Generated_Source\PSoC5/UART_INT.c ****                         if ((readData & UART_RX_STS_ADDR_MATCH) != 0u)
 104:.\Generated_Source\PSoC5/UART_INT.c ****                         {
 105:.\Generated_Source\PSoC5/UART_INT.c ****                             UART_rxAddressDetected = 1u;
 106:.\Generated_Source\PSoC5/UART_INT.c ****                         }
 107:.\Generated_Source\PSoC5/UART_INT.c ****                         else
 108:.\Generated_Source\PSoC5/UART_INT.c ****                         {
 109:.\Generated_Source\PSoC5/UART_INT.c ****                             UART_rxAddressDetected = 0u;
 110:.\Generated_Source\PSoC5/UART_INT.c ****                         }
ARM GAS  C:\Users\dmtucker\AppData\Local\Temp\ccIUOWi9.s 			page 4


 111:.\Generated_Source\PSoC5/UART_INT.c ****                     }
 112:.\Generated_Source\PSoC5/UART_INT.c **** 
 113:.\Generated_Source\PSoC5/UART_INT.c ****                     readData = UART_RXDATA_REG;
 114:.\Generated_Source\PSoC5/UART_INT.c ****                     if(UART_rxAddressDetected != 0u)
 115:.\Generated_Source\PSoC5/UART_INT.c ****                     {   /* store only addressed data */
 116:.\Generated_Source\PSoC5/UART_INT.c ****                         UART_rxBuffer[UART_rxBufferWrite] = readData;
 117:.\Generated_Source\PSoC5/UART_INT.c ****                         increment_pointer = 1u;
 118:.\Generated_Source\PSoC5/UART_INT.c ****                     }
 119:.\Generated_Source\PSoC5/UART_INT.c ****                 }
 120:.\Generated_Source\PSoC5/UART_INT.c ****                 else /* without software addressing */
 121:.\Generated_Source\PSoC5/UART_INT.c ****                 {
 122:.\Generated_Source\PSoC5/UART_INT.c ****                     UART_rxBuffer[UART_rxBufferWrite] = UART_RXDATA_REG;
 123:.\Generated_Source\PSoC5/UART_INT.c ****                     increment_pointer = 1u;
 124:.\Generated_Source\PSoC5/UART_INT.c ****                 }
 125:.\Generated_Source\PSoC5/UART_INT.c ****             #else  /* without addressing */
 126:.\Generated_Source\PSoC5/UART_INT.c ****                 UART_rxBuffer[UART_rxBufferWrite] = UART_RXDATA_REG;
  58              		.loc 1 126 0
  59 001a 40F20003 		movw	r3, #:lower16:UART_rxBufferWrite
  60 001e C0F20003 		movt	r3, #:upper16:UART_rxBufferWrite
  61 0022 1B78     		ldrb	r3, [r3, #0]
  62 0024 DBB2     		uxtb	r3, r3
  63 0026 1A46     		mov	r2, r3
  64 0028 46F24243 		movw	r3, #:lower16:1073767490
  65 002c C4F20003 		movt	r3, #:upper16:1073767490
  66 0030 1B78     		ldrb	r3, [r3, #0]
  67 0032 D9B2     		uxtb	r1, r3
  68 0034 40F20003 		movw	r3, #:lower16:UART_rxBuffer
  69 0038 C0F20003 		movt	r3, #:upper16:UART_rxBuffer
  70 003c 9954     		strb	r1, [r3, r2]
 127:.\Generated_Source\PSoC5/UART_INT.c ****                 increment_pointer = 1u;
  71              		.loc 1 127 0
  72 003e 4FF00103 		mov	r3, #1
  73 0042 FB71     		strb	r3, [r7, #7]
 128:.\Generated_Source\PSoC5/UART_INT.c ****             #endif /* End SW_DETECT_TO_BUFFER */
 129:.\Generated_Source\PSoC5/UART_INT.c **** 
 130:.\Generated_Source\PSoC5/UART_INT.c ****             /* do not increment buffer pointer when skip not adderessed data */
 131:.\Generated_Source\PSoC5/UART_INT.c ****             if( increment_pointer != 0u )
  74              		.loc 1 131 0
  75 0044 FB79     		ldrb	r3, [r7, #7]	@ zero_extendqisi2
  76 0046 002B     		cmp	r3, #0
  77 0048 40D0     		beq	.L3
 132:.\Generated_Source\PSoC5/UART_INT.c ****             {
 133:.\Generated_Source\PSoC5/UART_INT.c ****                 if(UART_rxBufferLoopDetect != 0u)
  78              		.loc 1 133 0
  79 004a 40F20003 		movw	r3, #:lower16:UART_rxBufferLoopDetect
  80 004e C0F20003 		movt	r3, #:upper16:UART_rxBufferLoopDetect
  81 0052 1B78     		ldrb	r3, [r3, #0]
  82 0054 DBB2     		uxtb	r3, r3
  83 0056 002B     		cmp	r3, #0
  84 0058 06D0     		beq	.L4
 134:.\Generated_Source\PSoC5/UART_INT.c ****                 {   /* Set Software Buffer status Overflow */
 135:.\Generated_Source\PSoC5/UART_INT.c ****                     UART_rxBufferOverflow = 1u;
  85              		.loc 1 135 0
  86 005a 40F20003 		movw	r3, #:lower16:UART_rxBufferOverflow
  87 005e C0F20003 		movt	r3, #:upper16:UART_rxBufferOverflow
  88 0062 4FF00102 		mov	r2, #1
  89 0066 1A70     		strb	r2, [r3, #0]
ARM GAS  C:\Users\dmtucker\AppData\Local\Temp\ccIUOWi9.s 			page 5


  90              	.L4:
 136:.\Generated_Source\PSoC5/UART_INT.c ****                 }
 137:.\Generated_Source\PSoC5/UART_INT.c ****                 /* Set next pointer. */
 138:.\Generated_Source\PSoC5/UART_INT.c ****                 UART_rxBufferWrite++;
  91              		.loc 1 138 0
  92 0068 40F20003 		movw	r3, #:lower16:UART_rxBufferWrite
  93 006c C0F20003 		movt	r3, #:upper16:UART_rxBufferWrite
  94 0070 1B78     		ldrb	r3, [r3, #0]
  95 0072 DBB2     		uxtb	r3, r3
  96 0074 03F10103 		add	r3, r3, #1
  97 0078 DAB2     		uxtb	r2, r3
  98 007a 40F20003 		movw	r3, #:lower16:UART_rxBufferWrite
  99 007e C0F20003 		movt	r3, #:upper16:UART_rxBufferWrite
 100 0082 1A70     		strb	r2, [r3, #0]
 139:.\Generated_Source\PSoC5/UART_INT.c **** 
 140:.\Generated_Source\PSoC5/UART_INT.c ****                 /* Check pointer for a loop condition */
 141:.\Generated_Source\PSoC5/UART_INT.c ****                 if(UART_rxBufferWrite >= UART_RXBUFFERSIZE)
 101              		.loc 1 141 0
 102 0084 40F20003 		movw	r3, #:lower16:UART_rxBufferWrite
 103 0088 C0F20003 		movt	r3, #:upper16:UART_rxBufferWrite
 104 008c 1B78     		ldrb	r3, [r3, #0]
 105 008e DBB2     		uxtb	r3, r3
 106 0090 3F2B     		cmp	r3, #63
 107 0092 06D9     		bls	.L5
 142:.\Generated_Source\PSoC5/UART_INT.c ****                 {
 143:.\Generated_Source\PSoC5/UART_INT.c ****                     UART_rxBufferWrite = 0u;
 108              		.loc 1 143 0
 109 0094 40F20003 		movw	r3, #:lower16:UART_rxBufferWrite
 110 0098 C0F20003 		movt	r3, #:upper16:UART_rxBufferWrite
 111 009c 4FF00002 		mov	r2, #0
 112 00a0 1A70     		strb	r2, [r3, #0]
 113              	.L5:
 144:.\Generated_Source\PSoC5/UART_INT.c ****                 }
 145:.\Generated_Source\PSoC5/UART_INT.c ****                 /* Detect pre-overload condition and set flag */
 146:.\Generated_Source\PSoC5/UART_INT.c ****                 if(UART_rxBufferWrite == UART_rxBufferRead)
 114              		.loc 1 146 0
 115 00a2 40F20003 		movw	r3, #:lower16:UART_rxBufferWrite
 116 00a6 C0F20003 		movt	r3, #:upper16:UART_rxBufferWrite
 117 00aa 1B78     		ldrb	r3, [r3, #0]
 118 00ac DAB2     		uxtb	r2, r3
 119 00ae 40F20003 		movw	r3, #:lower16:UART_rxBufferRead
 120 00b2 C0F20003 		movt	r3, #:upper16:UART_rxBufferRead
 121 00b6 1B78     		ldrb	r3, [r3, #0]
 122 00b8 DBB2     		uxtb	r3, r3
 123 00ba 9A42     		cmp	r2, r3
 124 00bc 06D1     		bne	.L3
 147:.\Generated_Source\PSoC5/UART_INT.c ****                 {
 148:.\Generated_Source\PSoC5/UART_INT.c ****                     UART_rxBufferLoopDetect = 1u;
 125              		.loc 1 148 0
 126 00be 40F20003 		movw	r3, #:lower16:UART_rxBufferLoopDetect
 127 00c2 C0F20003 		movt	r3, #:upper16:UART_rxBufferLoopDetect
 128 00c6 4FF00102 		mov	r2, #1
 129 00ca 1A70     		strb	r2, [r3, #0]
 130              	.L3:
 149:.\Generated_Source\PSoC5/UART_INT.c ****                     /* When Hardware Flow Control selected */
 150:.\Generated_Source\PSoC5/UART_INT.c ****                     #if(UART_FLOW_CONTROL != 0u)
 151:.\Generated_Source\PSoC5/UART_INT.c ****                     /* Disable RX interrupt mask, it will be enabled when user read data from the b
ARM GAS  C:\Users\dmtucker\AppData\Local\Temp\ccIUOWi9.s 			page 6


 152:.\Generated_Source\PSoC5/UART_INT.c ****                         UART_RXSTATUS_MASK_REG  &= (uint8)~UART_RX_STS_FIFO_NOTEMPTY;
 153:.\Generated_Source\PSoC5/UART_INT.c ****                         CyIntClearPending(UART_RX_VECT_NUM);
 154:.\Generated_Source\PSoC5/UART_INT.c ****                         break; /* Break the reading of the FIFO loop, leave the data there for gene
 155:.\Generated_Source\PSoC5/UART_INT.c ****                     #endif /* End UART_FLOW_CONTROL != 0 */
 156:.\Generated_Source\PSoC5/UART_INT.c ****                 }
 157:.\Generated_Source\PSoC5/UART_INT.c ****             }
 158:.\Generated_Source\PSoC5/UART_INT.c **** 
 159:.\Generated_Source\PSoC5/UART_INT.c ****             /* Check again if there is data. */
 160:.\Generated_Source\PSoC5/UART_INT.c ****             readData = UART_RXSTATUS_REG;
 131              		.loc 1 160 0
 132 00cc 46F26343 		movw	r3, #:lower16:1073767523
 133 00d0 C4F20003 		movt	r3, #:upper16:1073767523
 134 00d4 1B78     		ldrb	r3, [r3, #0]
 135 00d6 BB71     		strb	r3, [r7, #6]
 136              	.L2:
 137              		.loc 1 95 0
 138 00d8 BB79     		ldrb	r3, [r7, #6]	@ zero_extendqisi2
 139 00da 03F02003 		and	r3, r3, #32
 140 00de 002B     		cmp	r3, #0
 141 00e0 9BD1     		bne	.L6
 161:.\Generated_Source\PSoC5/UART_INT.c ****         }
 162:.\Generated_Source\PSoC5/UART_INT.c **** 
 163:.\Generated_Source\PSoC5/UART_INT.c ****         /* User code required at end of ISR (Optional) */
 164:.\Generated_Source\PSoC5/UART_INT.c ****         /* `#START UART_RXISR_END` */
 165:.\Generated_Source\PSoC5/UART_INT.c **** 
 166:.\Generated_Source\PSoC5/UART_INT.c ****         /* `#END` */
 167:.\Generated_Source\PSoC5/UART_INT.c **** 
 168:.\Generated_Source\PSoC5/UART_INT.c ****         #if(CY_PSOC3)
 169:.\Generated_Source\PSoC5/UART_INT.c ****             EA = int_en;
 170:.\Generated_Source\PSoC5/UART_INT.c ****         #endif /* CY_PSOC3 */
 171:.\Generated_Source\PSoC5/UART_INT.c **** 
 172:.\Generated_Source\PSoC5/UART_INT.c ****     }
 142              		.loc 1 172 0
 143 00e2 07F10C07 		add	r7, r7, #12
 144 00e6 BD46     		mov	sp, r7
 145 00e8 80BC     		pop	{r7}
 146 00ea 7047     		bx	lr
 147              		.cfi_endproc
 148              	.LFE0:
 149              		.size	UART_RXISR, .-UART_RXISR
 150              		.section	.text.UART_TXISR,"ax",%progbits
 151              		.align	2
 152              		.global	UART_TXISR
 153              		.thumb
 154              		.thumb_func
 155              		.type	UART_TXISR, %function
 156              	UART_TXISR:
 157              	.LFB1:
 173:.\Generated_Source\PSoC5/UART_INT.c **** 
 174:.\Generated_Source\PSoC5/UART_INT.c **** #endif /* End UART_RX_ENABLED && (UART_RXBUFFERSIZE > UART_FIFO_LENGTH) */
 175:.\Generated_Source\PSoC5/UART_INT.c **** 
 176:.\Generated_Source\PSoC5/UART_INT.c **** 
 177:.\Generated_Source\PSoC5/UART_INT.c **** #if(UART_TX_ENABLED && (UART_TXBUFFERSIZE > UART_FIFO_LENGTH))
 178:.\Generated_Source\PSoC5/UART_INT.c **** 
 179:.\Generated_Source\PSoC5/UART_INT.c **** 
 180:.\Generated_Source\PSoC5/UART_INT.c ****     /*******************************************************************************
 181:.\Generated_Source\PSoC5/UART_INT.c ****     * Function Name: UART_TXISR
ARM GAS  C:\Users\dmtucker\AppData\Local\Temp\ccIUOWi9.s 			page 7


 182:.\Generated_Source\PSoC5/UART_INT.c ****     ********************************************************************************
 183:.\Generated_Source\PSoC5/UART_INT.c ****     *
 184:.\Generated_Source\PSoC5/UART_INT.c ****     * Summary:
 185:.\Generated_Source\PSoC5/UART_INT.c ****     * Interrupt Service Routine for the TX portion of the UART
 186:.\Generated_Source\PSoC5/UART_INT.c ****     *
 187:.\Generated_Source\PSoC5/UART_INT.c ****     * Parameters:
 188:.\Generated_Source\PSoC5/UART_INT.c ****     *  None.
 189:.\Generated_Source\PSoC5/UART_INT.c ****     *
 190:.\Generated_Source\PSoC5/UART_INT.c ****     * Return:
 191:.\Generated_Source\PSoC5/UART_INT.c ****     *  None.
 192:.\Generated_Source\PSoC5/UART_INT.c ****     *
 193:.\Generated_Source\PSoC5/UART_INT.c ****     * Global Variables:
 194:.\Generated_Source\PSoC5/UART_INT.c ****     *  UART_txBuffer - RAM buffer pointer for transmit data from.
 195:.\Generated_Source\PSoC5/UART_INT.c ****     *  UART_txBufferRead - cyclic index for read and transmit data
 196:.\Generated_Source\PSoC5/UART_INT.c ****     *     from txBuffer, increments after each transmited byte.
 197:.\Generated_Source\PSoC5/UART_INT.c ****     *  UART_rxBufferWrite - cyclic index for write to txBuffer,
 198:.\Generated_Source\PSoC5/UART_INT.c ****     *     checked to detect available for transmission bytes.
 199:.\Generated_Source\PSoC5/UART_INT.c ****     *
 200:.\Generated_Source\PSoC5/UART_INT.c ****     *******************************************************************************/
 201:.\Generated_Source\PSoC5/UART_INT.c ****     CY_ISR(UART_TXISR)
 202:.\Generated_Source\PSoC5/UART_INT.c ****     {
 158              		.loc 1 202 0
 159              		.cfi_startproc
 160              		@ args = 0, pretend = 0, frame = 0
 161              		@ frame_needed = 1, uses_anonymous_args = 0
 162              		@ link register save eliminated.
 163 0000 80B4     		push	{r7}
 164              	.LCFI3:
 165              		.cfi_def_cfa_offset 4
 166 0002 00AF     		add	r7, sp, #0
 167              		.cfi_offset 7, -4
 168              	.LCFI4:
 169              		.cfi_def_cfa_register 7
 203:.\Generated_Source\PSoC5/UART_INT.c **** 
 204:.\Generated_Source\PSoC5/UART_INT.c ****         #if(CY_PSOC3)
 205:.\Generated_Source\PSoC5/UART_INT.c ****             uint8 int_en;
 206:.\Generated_Source\PSoC5/UART_INT.c ****         #endif /* CY_PSOC3 */
 207:.\Generated_Source\PSoC5/UART_INT.c **** 
 208:.\Generated_Source\PSoC5/UART_INT.c ****         /* User code required at start of ISR */
 209:.\Generated_Source\PSoC5/UART_INT.c ****         /* `#START UART_TXISR_START` */
 210:.\Generated_Source\PSoC5/UART_INT.c **** 
 211:.\Generated_Source\PSoC5/UART_INT.c ****         /* `#END` */
 212:.\Generated_Source\PSoC5/UART_INT.c **** 
 213:.\Generated_Source\PSoC5/UART_INT.c ****         #if(CY_PSOC3)   /* Make sure nested interrupt is enabled */
 214:.\Generated_Source\PSoC5/UART_INT.c ****             int_en = EA;
 215:.\Generated_Source\PSoC5/UART_INT.c ****             CyGlobalIntEnable;
 216:.\Generated_Source\PSoC5/UART_INT.c ****         #endif /* CY_PSOC3 */
 217:.\Generated_Source\PSoC5/UART_INT.c **** 
 218:.\Generated_Source\PSoC5/UART_INT.c ****         while((UART_txBufferRead != UART_txBufferWrite) &&
 170              		.loc 1 218 0
 171 0004 2EE0     		b	.L9
 172              	.L12:
 219:.\Generated_Source\PSoC5/UART_INT.c ****              ((UART_TXSTATUS_REG & UART_TX_STS_FIFO_FULL) == 0u))
 220:.\Generated_Source\PSoC5/UART_INT.c ****         {
 221:.\Generated_Source\PSoC5/UART_INT.c ****             /* Check pointer. */
 222:.\Generated_Source\PSoC5/UART_INT.c ****             if(UART_txBufferRead >= UART_TXBUFFERSIZE)
 173              		.loc 1 222 0
ARM GAS  C:\Users\dmtucker\AppData\Local\Temp\ccIUOWi9.s 			page 8


 174 0006 40F20003 		movw	r3, #:lower16:UART_txBufferRead
 175 000a C0F20003 		movt	r3, #:upper16:UART_txBufferRead
 176 000e 1B78     		ldrb	r3, [r3, #0]
 177 0010 DBB2     		uxtb	r3, r3
 178 0012 3F2B     		cmp	r3, #63
 179 0014 06D9     		bls	.L10
 223:.\Generated_Source\PSoC5/UART_INT.c ****             {
 224:.\Generated_Source\PSoC5/UART_INT.c ****                 UART_txBufferRead = 0u;
 180              		.loc 1 224 0
 181 0016 40F20003 		movw	r3, #:lower16:UART_txBufferRead
 182 001a C0F20003 		movt	r3, #:upper16:UART_txBufferRead
 183 001e 4FF00002 		mov	r2, #0
 184 0022 1A70     		strb	r2, [r3, #0]
 185              	.L10:
 225:.\Generated_Source\PSoC5/UART_INT.c ****             }
 226:.\Generated_Source\PSoC5/UART_INT.c **** 
 227:.\Generated_Source\PSoC5/UART_INT.c ****             UART_TXDATA_REG = UART_txBuffer[UART_txBufferRead];
 186              		.loc 1 227 0
 187 0024 46F24443 		movw	r3, #:lower16:1073767492
 188 0028 C4F20003 		movt	r3, #:upper16:1073767492
 189 002c 40F20002 		movw	r2, #:lower16:UART_txBufferRead
 190 0030 C0F20002 		movt	r2, #:upper16:UART_txBufferRead
 191 0034 1278     		ldrb	r2, [r2, #0]
 192 0036 D2B2     		uxtb	r2, r2
 193 0038 1146     		mov	r1, r2
 194 003a 40F20002 		movw	r2, #:lower16:UART_txBuffer
 195 003e C0F20002 		movt	r2, #:upper16:UART_txBuffer
 196 0042 525C     		ldrb	r2, [r2, r1]
 197 0044 D2B2     		uxtb	r2, r2
 198 0046 1A70     		strb	r2, [r3, #0]
 228:.\Generated_Source\PSoC5/UART_INT.c **** 
 229:.\Generated_Source\PSoC5/UART_INT.c ****             /* Set next pointer. */
 230:.\Generated_Source\PSoC5/UART_INT.c ****             UART_txBufferRead++;
 199              		.loc 1 230 0
 200 0048 40F20003 		movw	r3, #:lower16:UART_txBufferRead
 201 004c C0F20003 		movt	r3, #:upper16:UART_txBufferRead
 202 0050 1B78     		ldrb	r3, [r3, #0]
 203 0052 DBB2     		uxtb	r3, r3
 204 0054 03F10103 		add	r3, r3, #1
 205 0058 DAB2     		uxtb	r2, r3
 206 005a 40F20003 		movw	r3, #:lower16:UART_txBufferRead
 207 005e C0F20003 		movt	r3, #:upper16:UART_txBufferRead
 208 0062 1A70     		strb	r2, [r3, #0]
 209              	.L9:
 210              		.loc 1 218 0
 211 0064 40F20003 		movw	r3, #:lower16:UART_txBufferRead
 212 0068 C0F20003 		movt	r3, #:upper16:UART_txBufferRead
 213 006c 1B78     		ldrb	r3, [r3, #0]
 214 006e DAB2     		uxtb	r2, r3
 215 0070 40F20003 		movw	r3, #:lower16:UART_txBufferWrite
 216 0074 C0F20003 		movt	r3, #:upper16:UART_txBufferWrite
 217 0078 1B78     		ldrb	r3, [r3, #0]	@ zero_extendqisi2
 218 007a 9A42     		cmp	r2, r3
 219 007c 09D0     		beq	.L13
 220              		.loc 1 219 0
 221 007e 46F26443 		movw	r3, #:lower16:1073767524
 222 0082 C4F20003 		movt	r3, #:upper16:1073767524
ARM GAS  C:\Users\dmtucker\AppData\Local\Temp\ccIUOWi9.s 			page 9


 223 0086 1B78     		ldrb	r3, [r3, #0]
 224 0088 DBB2     		uxtb	r3, r3
 225 008a 03F00403 		and	r3, r3, #4
 226              		.loc 1 218 0
 227 008e 002B     		cmp	r3, #0
 228 0090 B9D0     		beq	.L12
 229              	.L13:
 231:.\Generated_Source\PSoC5/UART_INT.c ****         }
 232:.\Generated_Source\PSoC5/UART_INT.c **** 
 233:.\Generated_Source\PSoC5/UART_INT.c ****         /* User code required at end of ISR (Optional) */
 234:.\Generated_Source\PSoC5/UART_INT.c ****         /* `#START UART_TXISR_END` */
 235:.\Generated_Source\PSoC5/UART_INT.c **** 
 236:.\Generated_Source\PSoC5/UART_INT.c ****         /* `#END` */
 237:.\Generated_Source\PSoC5/UART_INT.c **** 
 238:.\Generated_Source\PSoC5/UART_INT.c ****         #if(CY_PSOC3)
 239:.\Generated_Source\PSoC5/UART_INT.c ****             EA = int_en;
 240:.\Generated_Source\PSoC5/UART_INT.c ****         #endif /* CY_PSOC3 */
 241:.\Generated_Source\PSoC5/UART_INT.c **** 
 242:.\Generated_Source\PSoC5/UART_INT.c ****     }
 230              		.loc 1 242 0
 231 0092 BD46     		mov	sp, r7
 232 0094 80BC     		pop	{r7}
 233 0096 7047     		bx	lr
 234              		.cfi_endproc
 235              	.LFE1:
 236              		.size	UART_TXISR, .-UART_TXISR
 237              		.text
 238              	.Letext0:
 239              		.section	.debug_loc,"",%progbits
 240              	.Ldebug_loc0:
 241              	.LLST0:
 242 0000 00000000 		.4byte	.LFB0
 243 0004 02000000 		.4byte	.LCFI0
 244 0008 0100     		.2byte	0x1
 245 000a 5D       		.byte	0x5d
 246 000b 02000000 		.4byte	.LCFI0
 247 000f 04000000 		.4byte	.LCFI1
 248 0013 0200     		.2byte	0x2
 249 0015 7D       		.byte	0x7d
 250 0016 04       		.sleb128 4
 251 0017 04000000 		.4byte	.LCFI1
 252 001b 06000000 		.4byte	.LCFI2
 253 001f 0200     		.2byte	0x2
 254 0021 7D       		.byte	0x7d
 255 0022 10       		.sleb128 16
 256 0023 06000000 		.4byte	.LCFI2
 257 0027 EC000000 		.4byte	.LFE0
 258 002b 0200     		.2byte	0x2
 259 002d 77       		.byte	0x77
 260 002e 10       		.sleb128 16
 261 002f 00000000 		.4byte	0x0
 262 0033 00000000 		.4byte	0x0
 263              	.LLST1:
 264 0037 00000000 		.4byte	.LFB1
 265 003b 02000000 		.4byte	.LCFI3
 266 003f 0100     		.2byte	0x1
 267 0041 5D       		.byte	0x5d
ARM GAS  C:\Users\dmtucker\AppData\Local\Temp\ccIUOWi9.s 			page 10


 268 0042 02000000 		.4byte	.LCFI3
 269 0046 04000000 		.4byte	.LCFI4
 270 004a 0200     		.2byte	0x2
 271 004c 7D       		.byte	0x7d
 272 004d 04       		.sleb128 4
 273 004e 04000000 		.4byte	.LCFI4
 274 0052 98000000 		.4byte	.LFE1
 275 0056 0200     		.2byte	0x2
 276 0058 77       		.byte	0x77
 277 0059 04       		.sleb128 4
 278 005a 00000000 		.4byte	0x0
 279 005e 00000000 		.4byte	0x0
 280              		.file 2 ".\\Generated_Source\\PSoC5\\/UART.h"
 281              		.file 3 ".\\Generated_Source\\PSoC5\\/cytypes.h"
 282              		.section	.debug_info
 283 0000 69010000 		.4byte	0x169
 284 0004 0200     		.2byte	0x2
 285 0006 00000000 		.4byte	.Ldebug_abbrev0
 286 000a 04       		.byte	0x4
 287 000b 01       		.uleb128 0x1
 288 000c C2000000 		.4byte	.LASF22
 289 0010 01       		.byte	0x1
 290 0011 93000000 		.4byte	.LASF23
 291 0015 0E010000 		.4byte	.LASF24
 292 0019 00000000 		.4byte	0x0
 293 001d 00000000 		.4byte	0x0
 294 0021 00000000 		.4byte	.Ldebug_ranges0+0x0
 295 0025 00000000 		.4byte	.Ldebug_line0
 296 0029 02       		.uleb128 0x2
 297 002a 01       		.byte	0x1
 298 002b 06       		.byte	0x6
 299 002c 42010000 		.4byte	.LASF0
 300 0030 02       		.uleb128 0x2
 301 0031 01       		.byte	0x1
 302 0032 08       		.byte	0x8
 303 0033 CE000000 		.4byte	.LASF1
 304 0037 02       		.uleb128 0x2
 305 0038 02       		.byte	0x2
 306 0039 05       		.byte	0x5
 307 003a 7E010000 		.4byte	.LASF2
 308 003e 02       		.uleb128 0x2
 309 003f 02       		.byte	0x2
 310 0040 07       		.byte	0x7
 311 0041 2F010000 		.4byte	.LASF3
 312 0045 02       		.uleb128 0x2
 313 0046 04       		.byte	0x4
 314 0047 05       		.byte	0x5
 315 0048 E1000000 		.4byte	.LASF4
 316 004c 02       		.uleb128 0x2
 317 004d 04       		.byte	0x4
 318 004e 07       		.byte	0x7
 319 004f 6A000000 		.4byte	.LASF5
 320 0053 02       		.uleb128 0x2
 321 0054 08       		.byte	0x8
 322 0055 05       		.byte	0x5
 323 0056 00000000 		.4byte	.LASF6
 324 005a 02       		.uleb128 0x2
ARM GAS  C:\Users\dmtucker\AppData\Local\Temp\ccIUOWi9.s 			page 11


 325 005b 08       		.byte	0x8
 326 005c 07       		.byte	0x7
 327 005d 7C000000 		.4byte	.LASF7
 328 0061 03       		.uleb128 0x3
 329 0062 04       		.byte	0x4
 330 0063 05       		.byte	0x5
 331 0064 696E7400 		.ascii	"int\000"
 332 0068 02       		.uleb128 0x2
 333 0069 04       		.byte	0x4
 334 006a 07       		.byte	0x7
 335 006b 0E000000 		.4byte	.LASF8
 336 006f 04       		.uleb128 0x4
 337 0070 64000000 		.4byte	.LASF25
 338 0074 03       		.byte	0x3
 339 0075 4C       		.byte	0x4c
 340 0076 30000000 		.4byte	0x30
 341 007a 02       		.uleb128 0x2
 342 007b 04       		.byte	0x4
 343 007c 04       		.byte	0x4
 344 007d 78010000 		.4byte	.LASF9
 345 0081 02       		.uleb128 0x2
 346 0082 08       		.byte	0x8
 347 0083 04       		.byte	0x4
 348 0084 FC000000 		.4byte	.LASF10
 349 0088 02       		.uleb128 0x2
 350 0089 01       		.byte	0x1
 351 008a 08       		.byte	0x8
 352 008b DC000000 		.4byte	.LASF11
 353 008f 05       		.uleb128 0x5
 354 0090 6F000000 		.4byte	0x6f
 355 0094 06       		.uleb128 0x6
 356 0095 04       		.byte	0x4
 357 0096 07       		.byte	0x7
 358 0097 07       		.uleb128 0x7
 359 0098 01       		.byte	0x1
 360 0099 B7000000 		.4byte	.LASF26
 361 009d 01       		.byte	0x1
 362 009e 42       		.byte	0x42
 363 009f 01       		.byte	0x1
 364 00a0 00000000 		.4byte	.LFB0
 365 00a4 EC000000 		.4byte	.LFE0
 366 00a8 00000000 		.4byte	.LLST0
 367 00ac CD000000 		.4byte	0xcd
 368 00b0 08       		.uleb128 0x8
 369 00b1 9B010000 		.4byte	.LASF12
 370 00b5 01       		.byte	0x1
 371 00b6 44       		.byte	0x44
 372 00b7 6F000000 		.4byte	0x6f
 373 00bb 02       		.byte	0x2
 374 00bc 91       		.byte	0x91
 375 00bd 76       		.sleb128 -10
 376 00be 08       		.uleb128 0x8
 377 00bf 1B000000 		.4byte	.LASF13
 378 00c3 01       		.byte	0x1
 379 00c4 45       		.byte	0x45
 380 00c5 6F000000 		.4byte	0x6f
 381 00c9 02       		.byte	0x2
ARM GAS  C:\Users\dmtucker\AppData\Local\Temp\ccIUOWi9.s 			page 12


 382 00ca 91       		.byte	0x91
 383 00cb 77       		.sleb128 -9
 384 00cc 00       		.byte	0x0
 385 00cd 09       		.uleb128 0x9
 386 00ce 01       		.byte	0x1
 387 00cf 03010000 		.4byte	.LASF27
 388 00d3 01       		.byte	0x1
 389 00d4 C9       		.byte	0xc9
 390 00d5 01       		.byte	0x1
 391 00d6 00000000 		.4byte	.LFB1
 392 00da 98000000 		.4byte	.LFE1
 393 00de 37000000 		.4byte	.LLST1
 394 00e2 0A       		.uleb128 0xa
 395 00e3 6F000000 		.4byte	0x6f
 396 00e7 F2000000 		.4byte	0xf2
 397 00eb 0B       		.uleb128 0xb
 398 00ec 94000000 		.4byte	0x94
 399 00f0 3F       		.byte	0x3f
 400 00f1 00       		.byte	0x0
 401 00f2 0C       		.uleb128 0xc
 402 00f3 A4010000 		.4byte	.LASF14
 403 00f7 02       		.byte	0x2
 404 00f8 4C01     		.2byte	0x14c
 405 00fa 00010000 		.4byte	0x100
 406 00fe 01       		.byte	0x1
 407 00ff 01       		.byte	0x1
 408 0100 05       		.uleb128 0x5
 409 0101 E2000000 		.4byte	0xe2
 410 0105 0C       		.uleb128 0xc
 411 0106 EA000000 		.4byte	.LASF15
 412 010a 02       		.byte	0x2
 413 010b 4D01     		.2byte	0x14d
 414 010d 8F000000 		.4byte	0x8f
 415 0111 01       		.byte	0x1
 416 0112 01       		.byte	0x1
 417 0113 0C       		.uleb128 0xc
 418 0114 2D000000 		.4byte	.LASF16
 419 0118 02       		.byte	0x2
 420 0119 4E01     		.2byte	0x14e
 421 011b 6F000000 		.4byte	0x6f
 422 011f 01       		.byte	0x1
 423 0120 01       		.byte	0x1
 424 0121 0C       		.uleb128 0xc
 425 0122 56000000 		.4byte	.LASF17
 426 0126 02       		.byte	0x2
 427 0127 5201     		.2byte	0x152
 428 0129 2F010000 		.4byte	0x12f
 429 012d 01       		.byte	0x1
 430 012e 01       		.byte	0x1
 431 012f 05       		.uleb128 0x5
 432 0130 E2000000 		.4byte	0xe2
 433 0134 0C       		.uleb128 0xc
 434 0135 66010000 		.4byte	.LASF18
 435 0139 02       		.byte	0x2
 436 013a 5301     		.2byte	0x153
 437 013c 8F000000 		.4byte	0x8f
 438 0140 01       		.byte	0x1
ARM GAS  C:\Users\dmtucker\AppData\Local\Temp\ccIUOWi9.s 			page 13


 439 0141 01       		.byte	0x1
 440 0142 0C       		.uleb128 0xc
 441 0143 88010000 		.4byte	.LASF19
 442 0147 02       		.byte	0x2
 443 0148 5401     		.2byte	0x154
 444 014a 8F000000 		.4byte	0x8f
 445 014e 01       		.byte	0x1
 446 014f 01       		.byte	0x1
 447 0150 0C       		.uleb128 0xc
 448 0151 4E010000 		.4byte	.LASF20
 449 0155 02       		.byte	0x2
 450 0156 5501     		.2byte	0x155
 451 0158 8F000000 		.4byte	0x8f
 452 015c 01       		.byte	0x1
 453 015d 01       		.byte	0x1
 454 015e 0C       		.uleb128 0xc
 455 015f 40000000 		.4byte	.LASF21
 456 0163 02       		.byte	0x2
 457 0164 5601     		.2byte	0x156
 458 0166 8F000000 		.4byte	0x8f
 459 016a 01       		.byte	0x1
 460 016b 01       		.byte	0x1
 461 016c 00       		.byte	0x0
 462              		.section	.debug_abbrev
 463 0000 01       		.uleb128 0x1
 464 0001 11       		.uleb128 0x11
 465 0002 01       		.byte	0x1
 466 0003 25       		.uleb128 0x25
 467 0004 0E       		.uleb128 0xe
 468 0005 13       		.uleb128 0x13
 469 0006 0B       		.uleb128 0xb
 470 0007 03       		.uleb128 0x3
 471 0008 0E       		.uleb128 0xe
 472 0009 1B       		.uleb128 0x1b
 473 000a 0E       		.uleb128 0xe
 474 000b 11       		.uleb128 0x11
 475 000c 01       		.uleb128 0x1
 476 000d 52       		.uleb128 0x52
 477 000e 01       		.uleb128 0x1
 478 000f 55       		.uleb128 0x55
 479 0010 06       		.uleb128 0x6
 480 0011 10       		.uleb128 0x10
 481 0012 06       		.uleb128 0x6
 482 0013 00       		.byte	0x0
 483 0014 00       		.byte	0x0
 484 0015 02       		.uleb128 0x2
 485 0016 24       		.uleb128 0x24
 486 0017 00       		.byte	0x0
 487 0018 0B       		.uleb128 0xb
 488 0019 0B       		.uleb128 0xb
 489 001a 3E       		.uleb128 0x3e
 490 001b 0B       		.uleb128 0xb
 491 001c 03       		.uleb128 0x3
 492 001d 0E       		.uleb128 0xe
 493 001e 00       		.byte	0x0
 494 001f 00       		.byte	0x0
 495 0020 03       		.uleb128 0x3
ARM GAS  C:\Users\dmtucker\AppData\Local\Temp\ccIUOWi9.s 			page 14


 496 0021 24       		.uleb128 0x24
 497 0022 00       		.byte	0x0
 498 0023 0B       		.uleb128 0xb
 499 0024 0B       		.uleb128 0xb
 500 0025 3E       		.uleb128 0x3e
 501 0026 0B       		.uleb128 0xb
 502 0027 03       		.uleb128 0x3
 503 0028 08       		.uleb128 0x8
 504 0029 00       		.byte	0x0
 505 002a 00       		.byte	0x0
 506 002b 04       		.uleb128 0x4
 507 002c 16       		.uleb128 0x16
 508 002d 00       		.byte	0x0
 509 002e 03       		.uleb128 0x3
 510 002f 0E       		.uleb128 0xe
 511 0030 3A       		.uleb128 0x3a
 512 0031 0B       		.uleb128 0xb
 513 0032 3B       		.uleb128 0x3b
 514 0033 0B       		.uleb128 0xb
 515 0034 49       		.uleb128 0x49
 516 0035 13       		.uleb128 0x13
 517 0036 00       		.byte	0x0
 518 0037 00       		.byte	0x0
 519 0038 05       		.uleb128 0x5
 520 0039 35       		.uleb128 0x35
 521 003a 00       		.byte	0x0
 522 003b 49       		.uleb128 0x49
 523 003c 13       		.uleb128 0x13
 524 003d 00       		.byte	0x0
 525 003e 00       		.byte	0x0
 526 003f 06       		.uleb128 0x6
 527 0040 24       		.uleb128 0x24
 528 0041 00       		.byte	0x0
 529 0042 0B       		.uleb128 0xb
 530 0043 0B       		.uleb128 0xb
 531 0044 3E       		.uleb128 0x3e
 532 0045 0B       		.uleb128 0xb
 533 0046 00       		.byte	0x0
 534 0047 00       		.byte	0x0
 535 0048 07       		.uleb128 0x7
 536 0049 2E       		.uleb128 0x2e
 537 004a 01       		.byte	0x1
 538 004b 3F       		.uleb128 0x3f
 539 004c 0C       		.uleb128 0xc
 540 004d 03       		.uleb128 0x3
 541 004e 0E       		.uleb128 0xe
 542 004f 3A       		.uleb128 0x3a
 543 0050 0B       		.uleb128 0xb
 544 0051 3B       		.uleb128 0x3b
 545 0052 0B       		.uleb128 0xb
 546 0053 27       		.uleb128 0x27
 547 0054 0C       		.uleb128 0xc
 548 0055 11       		.uleb128 0x11
 549 0056 01       		.uleb128 0x1
 550 0057 12       		.uleb128 0x12
 551 0058 01       		.uleb128 0x1
 552 0059 40       		.uleb128 0x40
ARM GAS  C:\Users\dmtucker\AppData\Local\Temp\ccIUOWi9.s 			page 15


 553 005a 06       		.uleb128 0x6
 554 005b 01       		.uleb128 0x1
 555 005c 13       		.uleb128 0x13
 556 005d 00       		.byte	0x0
 557 005e 00       		.byte	0x0
 558 005f 08       		.uleb128 0x8
 559 0060 34       		.uleb128 0x34
 560 0061 00       		.byte	0x0
 561 0062 03       		.uleb128 0x3
 562 0063 0E       		.uleb128 0xe
 563 0064 3A       		.uleb128 0x3a
 564 0065 0B       		.uleb128 0xb
 565 0066 3B       		.uleb128 0x3b
 566 0067 0B       		.uleb128 0xb
 567 0068 49       		.uleb128 0x49
 568 0069 13       		.uleb128 0x13
 569 006a 02       		.uleb128 0x2
 570 006b 0A       		.uleb128 0xa
 571 006c 00       		.byte	0x0
 572 006d 00       		.byte	0x0
 573 006e 09       		.uleb128 0x9
 574 006f 2E       		.uleb128 0x2e
 575 0070 00       		.byte	0x0
 576 0071 3F       		.uleb128 0x3f
 577 0072 0C       		.uleb128 0xc
 578 0073 03       		.uleb128 0x3
 579 0074 0E       		.uleb128 0xe
 580 0075 3A       		.uleb128 0x3a
 581 0076 0B       		.uleb128 0xb
 582 0077 3B       		.uleb128 0x3b
 583 0078 0B       		.uleb128 0xb
 584 0079 27       		.uleb128 0x27
 585 007a 0C       		.uleb128 0xc
 586 007b 11       		.uleb128 0x11
 587 007c 01       		.uleb128 0x1
 588 007d 12       		.uleb128 0x12
 589 007e 01       		.uleb128 0x1
 590 007f 40       		.uleb128 0x40
 591 0080 06       		.uleb128 0x6
 592 0081 00       		.byte	0x0
 593 0082 00       		.byte	0x0
 594 0083 0A       		.uleb128 0xa
 595 0084 01       		.uleb128 0x1
 596 0085 01       		.byte	0x1
 597 0086 49       		.uleb128 0x49
 598 0087 13       		.uleb128 0x13
 599 0088 01       		.uleb128 0x1
 600 0089 13       		.uleb128 0x13
 601 008a 00       		.byte	0x0
 602 008b 00       		.byte	0x0
 603 008c 0B       		.uleb128 0xb
 604 008d 21       		.uleb128 0x21
 605 008e 00       		.byte	0x0
 606 008f 49       		.uleb128 0x49
 607 0090 13       		.uleb128 0x13
 608 0091 2F       		.uleb128 0x2f
 609 0092 0B       		.uleb128 0xb
ARM GAS  C:\Users\dmtucker\AppData\Local\Temp\ccIUOWi9.s 			page 16


 610 0093 00       		.byte	0x0
 611 0094 00       		.byte	0x0
 612 0095 0C       		.uleb128 0xc
 613 0096 34       		.uleb128 0x34
 614 0097 00       		.byte	0x0
 615 0098 03       		.uleb128 0x3
 616 0099 0E       		.uleb128 0xe
 617 009a 3A       		.uleb128 0x3a
 618 009b 0B       		.uleb128 0xb
 619 009c 3B       		.uleb128 0x3b
 620 009d 05       		.uleb128 0x5
 621 009e 49       		.uleb128 0x49
 622 009f 13       		.uleb128 0x13
 623 00a0 3F       		.uleb128 0x3f
 624 00a1 0C       		.uleb128 0xc
 625 00a2 3C       		.uleb128 0x3c
 626 00a3 0C       		.uleb128 0xc
 627 00a4 00       		.byte	0x0
 628 00a5 00       		.byte	0x0
 629 00a6 00       		.byte	0x0
 630              		.section	.debug_pubnames,"",%progbits
 631 0000 2C000000 		.4byte	0x2c
 632 0004 0200     		.2byte	0x2
 633 0006 00000000 		.4byte	.Ldebug_info0
 634 000a 6D010000 		.4byte	0x16d
 635 000e 97000000 		.4byte	0x97
 636 0012 55415254 		.ascii	"UART_RXISR\000"
 636      5F525849 
 636      535200
 637 001d CD000000 		.4byte	0xcd
 638 0021 55415254 		.ascii	"UART_TXISR\000"
 638      5F545849 
 638      535200
 639 002c 00000000 		.4byte	0x0
 640              		.section	.debug_aranges,"",%progbits
 641 0000 24000000 		.4byte	0x24
 642 0004 0200     		.2byte	0x2
 643 0006 00000000 		.4byte	.Ldebug_info0
 644 000a 04       		.byte	0x4
 645 000b 00       		.byte	0x0
 646 000c 0000     		.2byte	0x0
 647 000e 0000     		.2byte	0x0
 648 0010 00000000 		.4byte	.LFB0
 649 0014 EC000000 		.4byte	.LFE0-.LFB0
 650 0018 00000000 		.4byte	.LFB1
 651 001c 98000000 		.4byte	.LFE1-.LFB1
 652 0020 00000000 		.4byte	0x0
 653 0024 00000000 		.4byte	0x0
 654              		.section	.debug_ranges,"",%progbits
 655              	.Ldebug_ranges0:
 656 0000 00000000 		.4byte	.Ltext0
 657 0004 00000000 		.4byte	.Letext0
 658 0008 00000000 		.4byte	.LFB0
 659 000c EC000000 		.4byte	.LFE0
 660 0010 00000000 		.4byte	.LFB1
 661 0014 98000000 		.4byte	.LFE1
 662 0018 00000000 		.4byte	0x0
ARM GAS  C:\Users\dmtucker\AppData\Local\Temp\ccIUOWi9.s 			page 17


 663 001c 00000000 		.4byte	0x0
 664              		.section	.debug_str,"MS",%progbits,1
 665              	.LASF6:
 666 0000 6C6F6E67 		.ascii	"long long int\000"
 666      206C6F6E 
 666      6720696E 
 666      7400
 667              	.LASF8:
 668 000e 756E7369 		.ascii	"unsigned int\000"
 668      676E6564 
 668      20696E74 
 668      00
 669              	.LASF13:
 670 001b 696E6372 		.ascii	"increment_pointer\000"
 670      656D656E 
 670      745F706F 
 670      696E7465 
 670      7200
 671              	.LASF16:
 672 002d 55415254 		.ascii	"UART_txBufferWrite\000"
 672      5F747842 
 672      75666665 
 672      72577269 
 672      746500
 673              	.LASF21:
 674 0040 55415254 		.ascii	"UART_rxBufferOverflow\000"
 674      5F727842 
 674      75666665 
 674      724F7665 
 674      72666C6F 
 675              	.LASF17:
 676 0056 55415254 		.ascii	"UART_rxBuffer\000"
 676      5F727842 
 676      75666665 
 676      7200
 677              	.LASF25:
 678 0064 75696E74 		.ascii	"uint8\000"
 678      3800
 679              	.LASF5:
 680 006a 6C6F6E67 		.ascii	"long unsigned int\000"
 680      20756E73 
 680      69676E65 
 680      6420696E 
 680      7400
 681              	.LASF7:
 682 007c 6C6F6E67 		.ascii	"long long unsigned int\000"
 682      206C6F6E 
 682      6720756E 
 682      7369676E 
 682      65642069 
 683              	.LASF23:
 684 0093 2E5C4765 		.ascii	".\\Generated_Source\\PSoC5\\UART_INT.c\000"
 684      6E657261 
 684      7465645F 
 684      536F7572 
 684      63655C50 
 685              	.LASF26:
ARM GAS  C:\Users\dmtucker\AppData\Local\Temp\ccIUOWi9.s 			page 18


 686 00b7 55415254 		.ascii	"UART_RXISR\000"
 686      5F525849 
 686      535200
 687              	.LASF22:
 688 00c2 474E5520 		.ascii	"GNU C 4.4.1\000"
 688      4320342E 
 688      342E3100 
 689              	.LASF1:
 690 00ce 756E7369 		.ascii	"unsigned char\000"
 690      676E6564 
 690      20636861 
 690      7200
 691              	.LASF11:
 692 00dc 63686172 		.ascii	"char\000"
 692      00
 693              	.LASF4:
 694 00e1 6C6F6E67 		.ascii	"long int\000"
 694      20696E74 
 694      00
 695              	.LASF15:
 696 00ea 55415254 		.ascii	"UART_txBufferRead\000"
 696      5F747842 
 696      75666665 
 696      72526561 
 696      6400
 697              	.LASF10:
 698 00fc 646F7562 		.ascii	"double\000"
 698      6C6500
 699              	.LASF27:
 700 0103 55415254 		.ascii	"UART_TXISR\000"
 700      5F545849 
 700      535200
 701              	.LASF24:
 702 010e 463A5C50 		.ascii	"F:\\PSoC Creator\\lab3\\part1.cydsn\000"
 702      536F4320 
 702      43726561 
 702      746F725C 
 702      6C616233 
 703              	.LASF3:
 704 012f 73686F72 		.ascii	"short unsigned int\000"
 704      7420756E 
 704      7369676E 
 704      65642069 
 704      6E7400
 705              	.LASF0:
 706 0142 7369676E 		.ascii	"signed char\000"
 706      65642063 
 706      68617200 
 707              	.LASF20:
 708 014e 55415254 		.ascii	"UART_rxBufferLoopDetect\000"
 708      5F727842 
 708      75666665 
 708      724C6F6F 
 708      70446574 
 709              	.LASF18:
 710 0166 55415254 		.ascii	"UART_rxBufferRead\000"
 710      5F727842 
ARM GAS  C:\Users\dmtucker\AppData\Local\Temp\ccIUOWi9.s 			page 19


 710      75666665 
 710      72526561 
 710      6400
 711              	.LASF9:
 712 0178 666C6F61 		.ascii	"float\000"
 712      7400
 713              	.LASF2:
 714 017e 73686F72 		.ascii	"short int\000"
 714      7420696E 
 714      7400
 715              	.LASF19:
 716 0188 55415254 		.ascii	"UART_rxBufferWrite\000"
 716      5F727842 
 716      75666665 
 716      72577269 
 716      746500
 717              	.LASF12:
 718 019b 72656164 		.ascii	"readData\000"
 718      44617461 
 718      00
 719              	.LASF14:
 720 01a4 55415254 		.ascii	"UART_txBuffer\000"
 720      5F747842 
 720      75666665 
 720      7200
 721              		.ident	"GCC: (Sourcery G++ Lite 2010q1-188) 4.4.1"
