ARM GAS  C:\DOCUME~1\dtucker\LOCALS~1\Temp\ccWDs4Ef.s 			page 1


   1              		.syntax unified
   2              		.cpu cortex-m3
   3              		.fpu softvfp
   4              		.eabi_attribute 20, 1
   5              		.eabi_attribute 21, 1
   6              		.eabi_attribute 23, 3
   7              		.eabi_attribute 24, 1
   8              		.eabi_attribute 25, 1
   9              		.eabi_attribute 26, 1
  10              		.eabi_attribute 30, 6
  11              		.eabi_attribute 18, 4
  12              		.thumb
  13              		.file	"main.c"
  14              		.section	.debug_abbrev,"",%progbits
  15              	.Ldebug_abbrev0:
  16              		.section	.debug_info,"",%progbits
  17              	.Ldebug_info0:
  18              		.section	.debug_line,"",%progbits
  19              	.Ldebug_line0:
  20 0000 0B010000 		.text
  20      02005300 
  20      00000201 
  20      FB0E0D00 
  20      01010101 
  21              	.Ltext0:
  22              		.cfi_sections	.debug_frame
  23              		.section	.rodata
  24              		.align	1
  25              		.type	POST, %object
  26              		.size	POST, 2
  27              	POST:
  28 0000 D007     		.short	2000
  29              		.comm	outgoing,4096,4
  30              		.comm	incoming,4096,4
  31              		.global	tx_cursor
  32              		.data
  33              		.align	1
  34              		.type	tx_cursor, %object
  35              		.size	tx_cursor, 2
  36              	tx_cursor:
  37 0000 0010     		.short	4096
  38              		.global	tx_count
  39              		.bss
  40              		.align	1
  41              		.type	tx_count, %object
  42              		.size	tx_count, 2
  43              	tx_count:
  44 0000 0000     		.space	2
  45              		.section	.text.LCD_Spin,"ax",%progbits
  46              		.align	2
  47              		.global	LCD_Spin
  48              		.thumb
  49              		.thumb_func
  50              		.type	LCD_Spin, %function
  51              	LCD_Spin:
  52              	.LFB29:
  53              		.file 1 ".\\main.c"
ARM GAS  C:\DOCUME~1\dtucker\LOCALS~1\Temp\ccWDs4Ef.s 			page 2


   1:.\main.c      **** #define SIZE 4096
   2:.\main.c      **** #define VERBOSE true
   3:.\main.c      **** #define SHOW_ALL false
   4:.\main.c      **** 
   5:.\main.c      **** #include <device.h>
   6:.\main.c      **** #include <stdbool.h>
   7:.\main.c      **** 
   8:.\main.c      **** 
   9:.\main.c      **** 
  10:.\main.c      **** static const uint16 POST = 2000;
  11:.\main.c      **** 
  12:.\main.c      **** uint8 outgoing[SIZE];
  13:.\main.c      **** uint8 incoming[SIZE];
  14:.\main.c      **** uint16 tx_cursor = SIZE;
  15:.\main.c      **** uint16 tx_count = 0;
  16:.\main.c      **** 
  17:.\main.c      **** 
  18:.\main.c      **** 
  19:.\main.c      **** 
  20:.\main.c      **** void LCD_Spin (int row, int col, int speed, int count) {
  54              		.loc 1 20 0
  55              		.cfi_startproc
  56              		@ args = 0, pretend = 0, frame = 16
  57              		@ frame_needed = 1, uses_anonymous_args = 0
  58 0000 80B5     		push	{r7, lr}
  59              	.LCFI0:
  60              		.cfi_def_cfa_offset 8
  61 0002 84B0     		sub	sp, sp, #16
  62              	.LCFI1:
  63              		.cfi_def_cfa_offset 24
  64 0004 00AF     		add	r7, sp, #0
  65              		.cfi_offset 14, -4
  66              		.cfi_offset 7, -8
  67              	.LCFI2:
  68              		.cfi_def_cfa_register 7
  69 0006 F860     		str	r0, [r7, #12]
  70 0008 B960     		str	r1, [r7, #8]
  71 000a 7A60     		str	r2, [r7, #4]
  72 000c 3B60     		str	r3, [r7, #0]
  21:.\main.c      ****     for (; count > 0 ;--count) {
  73              		.loc 1 21 0
  74 000e 50E0     		b	.L2
  75              	.L3:
  22:.\main.c      ****         LCD_Position(row,col);
  76              		.loc 1 22 0
  77 0010 FB68     		ldr	r3, [r7, #12]
  78 0012 DAB2     		uxtb	r2, r3
  79 0014 BB68     		ldr	r3, [r7, #8]
  80 0016 DBB2     		uxtb	r3, r3
  81 0018 1046     		mov	r0, r2
  82 001a 1946     		mov	r1, r3
  83 001c FFF7FEFF 		bl	LCD_Position
  23:.\main.c      ****         LCD_PutChar('|');
  84              		.loc 1 23 0
  85 0020 4FF07C00 		mov	r0, #124
  86 0024 FFF7FEFF 		bl	LCD_PutChar
  24:.\main.c      ****         CyDelay(speed*3/8);
ARM GAS  C:\DOCUME~1\dtucker\LOCALS~1\Temp\ccWDs4Ef.s 			page 3


  87              		.loc 1 24 0
  88 0028 7A68     		ldr	r2, [r7, #4]
  89 002a 1346     		mov	r3, r2
  90 002c 4FEA4303 		lsl	r3, r3, #1
  91 0030 1344     		add	r3, r3, r2
  92 0032 03F10702 		add	r2, r3, #7
  93 0036 002B     		cmp	r3, #0
  94 0038 B8BF     		it	lt
  95 003a 1346     		movlt	r3, r2
  96 003c 4FEAE303 		asr	r3, r3, #3
  97 0040 1846     		mov	r0, r3
  98 0042 FFF7FEFF 		bl	CyDelay
  25:.\main.c      ****         LCD_Position(row,col);
  99              		.loc 1 25 0
 100 0046 FB68     		ldr	r3, [r7, #12]
 101 0048 DAB2     		uxtb	r2, r3
 102 004a BB68     		ldr	r3, [r7, #8]
 103 004c DBB2     		uxtb	r3, r3
 104 004e 1046     		mov	r0, r2
 105 0050 1946     		mov	r1, r3
 106 0052 FFF7FEFF 		bl	LCD_Position
  26:.\main.c      ****         LCD_PutChar('/');
 107              		.loc 1 26 0
 108 0056 4FF02F00 		mov	r0, #47
 109 005a FFF7FEFF 		bl	LCD_PutChar
  27:.\main.c      ****         CyDelay(speed/4);
 110              		.loc 1 27 0
 111 005e 7B68     		ldr	r3, [r7, #4]
 112 0060 03F10302 		add	r2, r3, #3
 113 0064 002B     		cmp	r3, #0
 114 0066 B8BF     		it	lt
 115 0068 1346     		movlt	r3, r2
 116 006a 4FEAA303 		asr	r3, r3, #2
 117 006e 1846     		mov	r0, r3
 118 0070 FFF7FEFF 		bl	CyDelay
  28:.\main.c      ****         LCD_Position(row,col);
 119              		.loc 1 28 0
 120 0074 FB68     		ldr	r3, [r7, #12]
 121 0076 DAB2     		uxtb	r2, r3
 122 0078 BB68     		ldr	r3, [r7, #8]
 123 007a DBB2     		uxtb	r3, r3
 124 007c 1046     		mov	r0, r2
 125 007e 1946     		mov	r1, r3
 126 0080 FFF7FEFF 		bl	LCD_Position
  29:.\main.c      ****         LCD_PutChar('-');
 127              		.loc 1 29 0
 128 0084 4FF02D00 		mov	r0, #45
 129 0088 FFF7FEFF 		bl	LCD_PutChar
  30:.\main.c      ****         CyDelay(speed*3/8);
 130              		.loc 1 30 0
 131 008c 7A68     		ldr	r2, [r7, #4]
 132 008e 1346     		mov	r3, r2
 133 0090 4FEA4303 		lsl	r3, r3, #1
 134 0094 1344     		add	r3, r3, r2
 135 0096 03F10702 		add	r2, r3, #7
 136 009a 002B     		cmp	r3, #0
 137 009c B8BF     		it	lt
ARM GAS  C:\DOCUME~1\dtucker\LOCALS~1\Temp\ccWDs4Ef.s 			page 4


 138 009e 1346     		movlt	r3, r2
 139 00a0 4FEAE303 		asr	r3, r3, #3
 140 00a4 1846     		mov	r0, r3
 141 00a6 FFF7FEFF 		bl	CyDelay
 142              		.loc 1 21 0
 143 00aa 3B68     		ldr	r3, [r7, #0]
 144 00ac 03F1FF33 		add	r3, r3, #-1
 145 00b0 3B60     		str	r3, [r7, #0]
 146              	.L2:
 147 00b2 3B68     		ldr	r3, [r7, #0]
 148 00b4 002B     		cmp	r3, #0
 149 00b6 ABDC     		bgt	.L3
  31:.\main.c      ****         //LCD_Position(row,col);
  32:.\main.c      ****         //LCD_PutChar('\\');
  33:.\main.c      ****         //CyDelay(speed/4);
  34:.\main.c      ****     }
  35:.\main.c      **** }
 150              		.loc 1 35 0
 151 00b8 07F11007 		add	r7, r7, #16
 152 00bc BD46     		mov	sp, r7
 153 00be 80BD     		pop	{r7, pc}
 154              		.cfi_endproc
 155              	.LFE29:
 156              		.size	LCD_Spin, .-LCD_Spin
 157              		.section	.rodata
 158 0002 0000     		.align	2
 159              	.LC0:
 160 0004 20202020 		.ascii	"                \000"
 160      20202020 
 160      20202020 
 160      20202020 
 160      00
 161              		.section	.text.LCD_ClearLine,"ax",%progbits
 162              		.align	2
 163              		.global	LCD_ClearLine
 164              		.thumb
 165              		.thumb_func
 166              		.type	LCD_ClearLine, %function
 167              	LCD_ClearLine:
 168              	.LFB30:
  36:.\main.c      **** 
  37:.\main.c      **** 
  38:.\main.c      **** 
  39:.\main.c      **** 
  40:.\main.c      **** void LCD_ClearLine (int line) {
 169              		.loc 1 40 0
 170              		.cfi_startproc
 171              		@ args = 0, pretend = 0, frame = 8
 172              		@ frame_needed = 1, uses_anonymous_args = 0
 173 0000 80B5     		push	{r7, lr}
 174              	.LCFI3:
 175              		.cfi_def_cfa_offset 8
 176 0002 82B0     		sub	sp, sp, #8
 177              	.LCFI4:
 178              		.cfi_def_cfa_offset 16
 179 0004 00AF     		add	r7, sp, #0
 180              		.cfi_offset 14, -4
ARM GAS  C:\DOCUME~1\dtucker\LOCALS~1\Temp\ccWDs4Ef.s 			page 5


 181              		.cfi_offset 7, -8
 182              	.LCFI5:
 183              		.cfi_def_cfa_register 7
 184 0006 7860     		str	r0, [r7, #4]
  41:.\main.c      ****     LCD_Position(line,0);
 185              		.loc 1 41 0
 186 0008 7B68     		ldr	r3, [r7, #4]
 187 000a DBB2     		uxtb	r3, r3
 188 000c 1846     		mov	r0, r3
 189 000e 4FF00001 		mov	r1, #0
 190 0012 FFF7FEFF 		bl	LCD_Position
  42:.\main.c      ****     LCD_PrintString("                ");
 191              		.loc 1 42 0
 192 0016 40F20000 		movw	r0, #:lower16:.LC0
 193 001a C0F20000 		movt	r0, #:upper16:.LC0
 194 001e FFF7FEFF 		bl	LCD_PrintString
  43:.\main.c      **** }
 195              		.loc 1 43 0
 196 0022 07F10807 		add	r7, r7, #8
 197 0026 BD46     		mov	sp, r7
 198 0028 80BD     		pop	{r7, pc}
 199              		.cfi_endproc
 200              	.LFE30:
 201              		.size	LCD_ClearLine, .-LCD_ClearLine
 202 002a 00BF     		.section	.text.LCD_UpdateStatus,"ax",%progbits
 203              		.align	2
 204              		.global	LCD_UpdateStatus
 205              		.thumb
 206              		.thumb_func
 207              		.type	LCD_UpdateStatus, %function
 208              	LCD_UpdateStatus:
 209              	.LFB31:
  44:.\main.c      **** 
  45:.\main.c      **** 
  46:.\main.c      **** 
  47:.\main.c      **** 
  48:.\main.c      **** void LCD_UpdateStatus (const char string[]) {
 210              		.loc 1 48 0
 211              		.cfi_startproc
 212              		@ args = 0, pretend = 0, frame = 8
 213              		@ frame_needed = 1, uses_anonymous_args = 0
 214 0000 80B5     		push	{r7, lr}
 215              	.LCFI6:
 216              		.cfi_def_cfa_offset 8
 217 0002 82B0     		sub	sp, sp, #8
 218              	.LCFI7:
 219              		.cfi_def_cfa_offset 16
 220 0004 00AF     		add	r7, sp, #0
 221              		.cfi_offset 14, -4
 222              		.cfi_offset 7, -8
 223              	.LCFI8:
 224              		.cfi_def_cfa_register 7
 225 0006 7860     		str	r0, [r7, #4]
  49:.\main.c      ****     LCD_ClearDisplay();
 226              		.loc 1 49 0
 227 0008 4FF00100 		mov	r0, #1
 228 000c FFF7FEFF 		bl	LCD_WriteControl
ARM GAS  C:\DOCUME~1\dtucker\LOCALS~1\Temp\ccWDs4Ef.s 			page 6


  50:.\main.c      ****     LCD_Position(0,0);
 229              		.loc 1 50 0
 230 0010 4FF00000 		mov	r0, #0
 231 0014 4FF00001 		mov	r1, #0
 232 0018 FFF7FEFF 		bl	LCD_Position
  51:.\main.c      ****     LCD_PrintString(string);
 233              		.loc 1 51 0
 234 001c 7868     		ldr	r0, [r7, #4]
 235 001e FFF7FEFF 		bl	LCD_PrintString
  52:.\main.c      **** }
 236              		.loc 1 52 0
 237 0022 07F10807 		add	r7, r7, #8
 238 0026 BD46     		mov	sp, r7
 239 0028 80BD     		pop	{r7, pc}
 240              		.cfi_endproc
 241              	.LFE31:
 242              		.size	LCD_UpdateStatus, .-LCD_UpdateStatus
 243 002a 00BF     		.section	.text.LCD_UpdateMessage,"ax",%progbits
 244              		.align	2
 245              		.global	LCD_UpdateMessage
 246              		.thumb
 247              		.thumb_func
 248              		.type	LCD_UpdateMessage, %function
 249              	LCD_UpdateMessage:
 250              	.LFB32:
  53:.\main.c      **** 
  54:.\main.c      **** 
  55:.\main.c      **** 
  56:.\main.c      **** 
  57:.\main.c      **** void LCD_UpdateMessage (const char string[]) {
 251              		.loc 1 57 0
 252              		.cfi_startproc
 253              		@ args = 0, pretend = 0, frame = 8
 254              		@ frame_needed = 1, uses_anonymous_args = 0
 255 0000 80B5     		push	{r7, lr}
 256              	.LCFI9:
 257              		.cfi_def_cfa_offset 8
 258 0002 82B0     		sub	sp, sp, #8
 259              	.LCFI10:
 260              		.cfi_def_cfa_offset 16
 261 0004 00AF     		add	r7, sp, #0
 262              		.cfi_offset 14, -4
 263              		.cfi_offset 7, -8
 264              	.LCFI11:
 265              		.cfi_def_cfa_register 7
 266 0006 7860     		str	r0, [r7, #4]
  58:.\main.c      ****     LCD_ClearLine(1);
 267              		.loc 1 58 0
 268 0008 4FF00100 		mov	r0, #1
 269 000c FFF7FEFF 		bl	LCD_ClearLine
  59:.\main.c      ****     LCD_Position(1,0);
 270              		.loc 1 59 0
 271 0010 4FF00100 		mov	r0, #1
 272 0014 4FF00001 		mov	r1, #0
 273 0018 FFF7FEFF 		bl	LCD_Position
  60:.\main.c      ****     LCD_PrintString(string);
 274              		.loc 1 60 0
ARM GAS  C:\DOCUME~1\dtucker\LOCALS~1\Temp\ccWDs4Ef.s 			page 7


 275 001c 7868     		ldr	r0, [r7, #4]
 276 001e FFF7FEFF 		bl	LCD_PrintString
  61:.\main.c      ****     if (VERBOSE) CyDelay(500);
 277              		.loc 1 61 0
 278 0022 4FF4FA70 		mov	r0, #500
 279 0026 FFF7FEFF 		bl	CyDelay
  62:.\main.c      **** }
 280              		.loc 1 62 0
 281 002a 07F10807 		add	r7, r7, #8
 282 002e BD46     		mov	sp, r7
 283 0030 80BD     		pop	{r7, pc}
 284              		.cfi_endproc
 285              	.LFE32:
 286              		.size	LCD_UpdateMessage, .-LCD_UpdateMessage
 287 0032 00BF     		.section	.text.ISR_tx,"ax",%progbits
 288              		.align	2
 289              		.global	ISR_tx
 290              		.thumb
 291              		.thumb_func
 292              		.type	ISR_tx, %function
 293              	ISR_tx:
 294              	.LFB33:
  63:.\main.c      **** 
  64:.\main.c      **** 
  65:.\main.c      **** 
  66:.\main.c      **** 
  67:.\main.c      **** CY_ISR (ISR_tx) {
 295              		.loc 1 67 0
 296              		.cfi_startproc
 297              		@ args = 0, pretend = 0, frame = 0
 298              		@ frame_needed = 1, uses_anonymous_args = 0
 299 0000 80B5     		push	{r7, lr}
 300              	.LCFI12:
 301              		.cfi_def_cfa_offset 8
 302 0002 00AF     		add	r7, sp, #0
 303              		.cfi_offset 14, -4
 304              		.cfi_offset 7, -8
 305              	.LCFI13:
 306              		.cfi_def_cfa_register 7
  68:.\main.c      ****     ++tx_count;
 307              		.loc 1 68 0
 308 0004 40F20003 		movw	r3, #:lower16:tx_count
 309 0008 C0F20003 		movt	r3, #:upper16:tx_count
 310 000c 1B88     		ldrh	r3, [r3, #0]
 311 000e 03F10103 		add	r3, r3, #1
 312 0012 9AB2     		uxth	r2, r3
 313 0014 40F20003 		movw	r3, #:lower16:tx_count
 314 0018 C0F20003 		movt	r3, #:upper16:tx_count
 315 001c 1A80     		strh	r2, [r3, #0]	@ movhi
 316              	.L12:
  69:.\main.c      ****     //if (tx_cursor < 4096) {
  70:.\main.c      ****         while (UART_GetTxBufferSize() > 63);
 317              		.loc 1 70 0
 318 001e FFF7FEFF 		bl	UART_GetTxBufferSize
 319 0022 0346     		mov	r3, r0
 320 0024 3F2B     		cmp	r3, #63
 321 0026 FAD8     		bhi	.L12
ARM GAS  C:\DOCUME~1\dtucker\LOCALS~1\Temp\ccWDs4Ef.s 			page 8


  71:.\main.c      ****         UART_WriteTxData(outgoing[tx_cursor++]);
 322              		.loc 1 71 0
 323 0028 40F20003 		movw	r3, #:lower16:tx_cursor
 324 002c C0F20003 		movt	r3, #:upper16:tx_cursor
 325 0030 1A88     		ldrh	r2, [r3, #0]
 326 0032 1146     		mov	r1, r2
 327 0034 40F20003 		movw	r3, #:lower16:outgoing
 328 0038 C0F20003 		movt	r3, #:upper16:outgoing
 329 003c 595C     		ldrb	r1, [r3, r1]	@ zero_extendqisi2
 330 003e 02F10103 		add	r3, r2, #1
 331 0042 9AB2     		uxth	r2, r3
 332 0044 40F20003 		movw	r3, #:lower16:tx_cursor
 333 0048 C0F20003 		movt	r3, #:upper16:tx_cursor
 334 004c 1A80     		strh	r2, [r3, #0]	@ movhi
 335 004e 0846     		mov	r0, r1
 336 0050 FFF7FEFF 		bl	UART_WriteTxData
  72:.\main.c      ****         if (VERBOSE && SHOW_ALL) {
  73:.\main.c      ****             LCD_UpdateMessage("sending");
  74:.\main.c      ****             LCD_Position(1,8);
  75:.\main.c      ****             LCD_PrintInt8(outgoing[tx_cursor-1]);
  76:.\main.c      ****             LCD_Position(1,12);
  77:.\main.c      ****             LCD_PrintInt16(tx_cursor-1);
  78:.\main.c      ****             CyDelay(1);
  79:.\main.c      ****         }
  80:.\main.c      ****     //}
  81:.\main.c      **** }
 337              		.loc 1 81 0
 338 0054 80BD     		pop	{r7, pc}
 339              		.cfi_endproc
 340              	.LFE33:
 341              		.size	ISR_tx, .-ISR_tx
 342 0056 00BF     		.section	.rodata
 343 0015 000000   		.align	2
 344              	.LC1:
 345 0018 696E6974 		.ascii	"initializing...\000"
 345      69616C69 
 345      7A696E67 
 345      2E2E2E00 
 346              		.align	2
 347              	.LC2:
 348 0028 696E7465 		.ascii	"interrupts\000"
 348      72727570 
 348      747300
 349 0033 00       		.align	2
 350              	.LC3:
 351 0034 55415254 		.ascii	"UART\000"
 351      00
 352 0039 000000   		.align	2
 353              	.LC4:
 354 003c 7061636B 		.ascii	"packets\000"
 354      65747300 
 355              		.align	2
 356              	.LC5:
 357 0044 72756E6E 		.ascii	"running...\000"
 357      696E672E 
 357      2E2E00
 358 004f 00       		.align	2
ARM GAS  C:\DOCUME~1\dtucker\LOCALS~1\Temp\ccWDs4Ef.s 			page 9


 359              	.LC6:
 360 0050 7472616E 		.ascii	"transferring\000"
 360      73666572 
 360      72696E67 
 360      00
 361 005d 000000   		.align	2
 362              	.LC7:
 363 0060 7472616E 		.ascii	"transfer done\000"
 363      73666572 
 363      20646F6E 
 363      6500
 364 006e 0000     		.align	2
 365              	.LC8:
 366 0070 6E6F00   		.ascii	"no\000"
 367 0073 00       		.align	2
 368              	.LC9:
 369 0074 6572726F 		.ascii	"errors\000"
 369      727300
 370 007b 00       		.align	2
 371              	.LC10:
 372 007c 49525173 		.ascii	"IRQs\000"
 372      00
 373 0081 000000   		.section	.text.main,"ax",%progbits
 374              		.align	2
 375              		.global	main
 376              		.thumb
 377              		.thumb_func
 378              		.type	main, %function
 379              	main:
 380              	.LFB34:
  82:.\main.c      **** 
  83:.\main.c      **** 
  84:.\main.c      **** 
  85:.\main.c      **** 
  86:.\main.c      **** void main () {
 381              		.loc 1 86 0
 382              		.cfi_startproc
 383              		@ args = 0, pretend = 0, frame = 8
 384              		@ frame_needed = 1, uses_anonymous_args = 0
 385 0000 90B5     		push	{r4, r7, lr}
 386              	.LCFI14:
 387              		.cfi_def_cfa_offset 12
 388 0002 83B0     		sub	sp, sp, #12
 389              	.LCFI15:
 390              		.cfi_def_cfa_offset 24
 391 0004 00AF     		add	r7, sp, #0
 392              		.cfi_offset 14, -4
 393              		.cfi_offset 7, -8
 394              		.cfi_offset 4, -12
 395              	.LCFI16:
 396              		.cfi_def_cfa_register 7
  87:.\main.c      ****     LCD_Start();
 397              		.loc 1 87 0
 398 0006 FFF7FEFF 		bl	LCD_Start
  88:.\main.c      ****     
  89:.\main.c      ****     
  90:.\main.c      ****     LCD_UpdateStatus("initializing...");
ARM GAS  C:\DOCUME~1\dtucker\LOCALS~1\Temp\ccWDs4Ef.s 			page 10


 399              		.loc 1 90 0
 400 000a 40F20000 		movw	r0, #:lower16:.LC1
 401 000e C0F20000 		movt	r0, #:upper16:.LC1
 402 0012 FFF7FEFF 		bl	LCD_UpdateStatus
  91:.\main.c      ****     LCD_UpdateMessage("interrupts");
 403              		.loc 1 91 0
 404 0016 40F20000 		movw	r0, #:lower16:.LC2
 405 001a C0F20000 		movt	r0, #:upper16:.LC2
 406 001e FFF7FEFF 		bl	LCD_UpdateMessage
  92:.\main.c      ****     CyGlobalIntEnable;
 407              		.loc 1 92 0
 408              	@ 92 ".\main.c" 1
 409 0022 62B6     		CPSIE   i
 410              	@ 0 "" 2
  93:.\main.c      ****     txISR_StartEx(ISR_tx);
 411              		.loc 1 93 0
 412              		.thumb
 413 0024 40F20000 		movw	r0, #:lower16:ISR_tx
 414 0028 C0F20000 		movt	r0, #:upper16:ISR_tx
 415 002c FFF7FEFF 		bl	txISR_StartEx
  94:.\main.c      ****     txISR_Disable();
 416              		.loc 1 94 0
 417 0030 FFF7FEFF 		bl	txISR_Disable
  95:.\main.c      ****     LCD_UpdateMessage("UART");
 418              		.loc 1 95 0
 419 0034 40F20000 		movw	r0, #:lower16:.LC3
 420 0038 C0F20000 		movt	r0, #:upper16:.LC3
 421 003c FFF7FEFF 		bl	LCD_UpdateMessage
  96:.\main.c      ****     UART_Start();
 422              		.loc 1 96 0
 423 0040 FFF7FEFF 		bl	UART_Start
  97:.\main.c      ****     UART_DisableRxInt();
 424              		.loc 1 97 0
 425 0044 FFF7FEFF 		bl	UART_DisableRxInt
  98:.\main.c      ****     LCD_UpdateMessage("packets");
 426              		.loc 1 98 0
 427 0048 40F20000 		movw	r0, #:lower16:.LC4
 428 004c C0F20000 		movt	r0, #:upper16:.LC4
 429 0050 FFF7FEFF 		bl	LCD_UpdateMessage
  99:.\main.c      ****     uint16 i;
 100:.\main.c      ****     for (i=0; i < SIZE ;++i) {
 430              		.loc 1 100 0
 431 0054 4FF00003 		mov	r3, #0
 432 0058 BB80     		strh	r3, [r7, #4]	@ movhi
 433 005a 13E0     		b	.L15
 434              	.L16:
 101:.\main.c      ****         outgoing[i] = (uint8) i;
 435              		.loc 1 101 0
 436 005c BA88     		ldrh	r2, [r7, #4]
 437 005e BB88     		ldrh	r3, [r7, #4]	@ movhi
 438 0060 D9B2     		uxtb	r1, r3
 439 0062 40F20003 		movw	r3, #:lower16:outgoing
 440 0066 C0F20003 		movt	r3, #:upper16:outgoing
 441 006a 9954     		strb	r1, [r3, r2]
 102:.\main.c      ****         incoming[i] = 0;
 442              		.loc 1 102 0
 443 006c BA88     		ldrh	r2, [r7, #4]
ARM GAS  C:\DOCUME~1\dtucker\LOCALS~1\Temp\ccWDs4Ef.s 			page 11


 444 006e 40F20003 		movw	r3, #:lower16:incoming
 445 0072 C0F20003 		movt	r3, #:upper16:incoming
 446 0076 4FF00001 		mov	r1, #0
 447 007a 9954     		strb	r1, [r3, r2]
 448              		.loc 1 100 0
 449 007c BB88     		ldrh	r3, [r7, #4]	@ movhi
 450 007e 03F10103 		add	r3, r3, #1
 451 0082 BB80     		strh	r3, [r7, #4]	@ movhi
 452              	.L15:
 453 0084 BA88     		ldrh	r2, [r7, #4]
 454 0086 40F6FF73 		movw	r3, #4095
 455 008a 9A42     		cmp	r2, r3
 456 008c E6D9     		bls	.L16
 103:.\main.c      ****     }
 104:.\main.c      ****     
 105:.\main.c      ****     
 106:.\main.c      ****     LCD_UpdateStatus("running...");
 457              		.loc 1 106 0
 458 008e 40F20000 		movw	r0, #:lower16:.LC5
 459 0092 C0F20000 		movt	r0, #:upper16:.LC5
 460 0096 FFF7FEFF 		bl	LCD_UpdateStatus
 461              	.L22:
 462              	.LBB2:
 107:.\main.c      ****     while (true) {
 108:.\main.c      ****         UART_ClearTxBuffer();
 463              		.loc 1 108 0
 464 009a FFF7FEFF 		bl	UART_ClearTxBuffer
 109:.\main.c      ****         UART_ClearRxBuffer();
 465              		.loc 1 109 0
 466 009e FFF7FEFF 		bl	UART_ClearRxBuffer
 110:.\main.c      ****         uint16 errors = 0;
 467              		.loc 1 110 0
 468 00a2 4FF00003 		mov	r3, #0
 469 00a6 FB80     		strh	r3, [r7, #6]	@ movhi
 111:.\main.c      ****         tx_cursor = 0;
 470              		.loc 1 111 0
 471 00a8 40F20003 		movw	r3, #:lower16:tx_cursor
 472 00ac C0F20003 		movt	r3, #:upper16:tx_cursor
 473 00b0 4FF00002 		mov	r2, #0
 474 00b4 1A80     		strh	r2, [r3, #0]	@ movhi
 112:.\main.c      ****         tx_count = 0;
 475              		.loc 1 112 0
 476 00b6 40F20003 		movw	r3, #:lower16:tx_count
 477 00ba C0F20003 		movt	r3, #:upper16:tx_count
 478 00be 4FF00002 		mov	r2, #0
 479 00c2 1A80     		strh	r2, [r3, #0]	@ movhi
 113:.\main.c      ****         LCD_UpdateMessage("transferring");
 480              		.loc 1 113 0
 481 00c4 40F20000 		movw	r0, #:lower16:.LC6
 482 00c8 C0F20000 		movt	r0, #:upper16:.LC6
 483 00cc FFF7FEFF 		bl	LCD_UpdateMessage
 114:.\main.c      ****         txISR_Enable();
 484              		.loc 1 114 0
 485 00d0 FFF7FEFF 		bl	txISR_Enable
 115:.\main.c      ****         for (i=0; i < SIZE ;++i) {
 486              		.loc 1 115 0
 487 00d4 4FF00003 		mov	r3, #0
ARM GAS  C:\DOCUME~1\dtucker\LOCALS~1\Temp\ccWDs4Ef.s 			page 12


 488 00d8 BB80     		strh	r3, [r7, #4]	@ movhi
 489 00da 23E0     		b	.L17
 490              	.L19:
 116:.\main.c      ****             CyDelay(1);
 491              		.loc 1 116 0
 492 00dc 4FF00100 		mov	r0, #1
 493 00e0 FFF7FEFF 		bl	CyDelay
 117:.\main.c      ****             //while (!(UART_ReadRxStatus() & UART_RX_STS_FIFO_NOTEMPTY));
 118:.\main.c      ****             incoming[i] = UART_ReadRxData();
 494              		.loc 1 118 0
 495 00e4 BC88     		ldrh	r4, [r7, #4]
 496 00e6 FFF7FEFF 		bl	UART_ReadRxData
 497 00ea 0346     		mov	r3, r0
 498 00ec 1A46     		mov	r2, r3
 499 00ee 40F20003 		movw	r3, #:lower16:incoming
 500 00f2 C0F20003 		movt	r3, #:upper16:incoming
 501 00f6 1A55     		strb	r2, [r3, r4]
 119:.\main.c      ****             if (incoming[i] != outgoing[i]) ++errors;
 502              		.loc 1 119 0
 503 00f8 BA88     		ldrh	r2, [r7, #4]
 504 00fa 40F20003 		movw	r3, #:lower16:incoming
 505 00fe C0F20003 		movt	r3, #:upper16:incoming
 506 0102 9A5C     		ldrb	r2, [r3, r2]	@ zero_extendqisi2
 507 0104 B988     		ldrh	r1, [r7, #4]
 508 0106 40F20003 		movw	r3, #:lower16:outgoing
 509 010a C0F20003 		movt	r3, #:upper16:outgoing
 510 010e 5B5C     		ldrb	r3, [r3, r1]	@ zero_extendqisi2
 511 0110 9A42     		cmp	r2, r3
 512 0112 03D0     		beq	.L18
 513 0114 FB88     		ldrh	r3, [r7, #6]	@ movhi
 514 0116 03F10103 		add	r3, r3, #1
 515 011a FB80     		strh	r3, [r7, #6]	@ movhi
 516              	.L18:
 517              		.loc 1 115 0
 518 011c BB88     		ldrh	r3, [r7, #4]	@ movhi
 519 011e 03F10103 		add	r3, r3, #1
 520 0122 BB80     		strh	r3, [r7, #4]	@ movhi
 521              	.L17:
 522 0124 BA88     		ldrh	r2, [r7, #4]
 523 0126 40F6FF73 		movw	r3, #4095
 524 012a 9A42     		cmp	r2, r3
 525 012c D6D9     		bls	.L19
 120:.\main.c      ****             if (VERBOSE && SHOW_ALL) {
 121:.\main.c      ****                 LCD_Position(0,14);
 122:.\main.c      ****                 LCD_PrintInt8((uint8) (i>>8));
 123:.\main.c      ****                 LCD_Position(1,14);
 124:.\main.c      ****                 LCD_PrintInt8(incoming[i]);
 125:.\main.c      ****                 CyDelay(1);
 126:.\main.c      ****             }
 127:.\main.c      ****         }
 128:.\main.c      ****         txISR_Disable();
 526              		.loc 1 128 0
 527 012e FFF7FEFF 		bl	txISR_Disable
 129:.\main.c      ****         LCD_UpdateMessage("transfer done");
 528              		.loc 1 129 0
 529 0132 40F20000 		movw	r0, #:lower16:.LC7
 530 0136 C0F20000 		movt	r0, #:upper16:.LC7
ARM GAS  C:\DOCUME~1\dtucker\LOCALS~1\Temp\ccWDs4Ef.s 			page 13


 531 013a FFF7FEFF 		bl	LCD_UpdateMessage
 130:.\main.c      ****         CyDelay(POST);
 532              		.loc 1 130 0
 533 013e 40F20003 		movw	r3, #:lower16:POST
 534 0142 C0F20003 		movt	r3, #:upper16:POST
 535 0146 1B88     		ldrh	r3, [r3, #0]
 536 0148 1846     		mov	r0, r3
 537 014a FFF7FEFF 		bl	CyDelay
 131:.\main.c      ****         /*
 132:.\main.c      ****         uint16 errors = 0;
 133:.\main.c      ****         for (i=0; i < SIZE ;++i) {
 134:.\main.c      ****             if (incoming[i] != outgoing[i]) ++errors;
 135:.\main.c      ****             if (VERBOSE &&false) {
 136:.\main.c      ****                 LCD_ClearLine(1);
 137:.\main.c      ****                 LCD_Position(1,0);
 138:.\main.c      ****                 LCD_PrintInt8(incoming[i]);
 139:.\main.c      ****                 LCD_Position(1,3);
 140:.\main.c      ****                 if (incoming[i] == outgoing[i]) LCD_PrintString("==");
 141:.\main.c      ****                 else LCD_PrintString("!=");
 142:.\main.c      ****                 LCD_Position(1,6);
 143:.\main.c      ****                 LCD_PrintInt8(incoming[i]);
 144:.\main.c      ****                 LCD_Position(1,12);
 145:.\main.c      ****                 LCD_PrintInt16(errors);
 146:.\main.c      ****                 CyDelay(10);
 147:.\main.c      ****             }
 148:.\main.c      ****         }
 149:.\main.c      ****         */
 150:.\main.c      ****         LCD_ClearLine(1);
 538              		.loc 1 150 0
 539 014e 4FF00100 		mov	r0, #1
 540 0152 FFF7FEFF 		bl	LCD_ClearLine
 151:.\main.c      ****         LCD_Position(1,0);
 541              		.loc 1 151 0
 542 0156 4FF00100 		mov	r0, #1
 543 015a 4FF00001 		mov	r1, #0
 544 015e FFF7FEFF 		bl	LCD_Position
 152:.\main.c      ****         if (errors == 0) {
 545              		.loc 1 152 0
 546 0162 FB88     		ldrh	r3, [r7, #6]
 547 0164 002B     		cmp	r3, #0
 548 0166 0CD1     		bne	.L20
 153:.\main.c      ****             LCD_PrintString("no");
 549              		.loc 1 153 0
 550 0168 40F20000 		movw	r0, #:lower16:.LC8
 551 016c C0F20000 		movt	r0, #:upper16:.LC8
 552 0170 FFF7FEFF 		bl	LCD_PrintString
 154:.\main.c      ****             LCD_Position(1,3);
 553              		.loc 1 154 0
 554 0174 4FF00100 		mov	r0, #1
 555 0178 4FF00301 		mov	r1, #3
 556 017c FFF7FEFF 		bl	LCD_Position
 557 0180 09E0     		b	.L21
 558              	.L20:
 155:.\main.c      ****         }
 156:.\main.c      ****         else {
 157:.\main.c      ****             LCD_PrintInt16(errors);
 559              		.loc 1 157 0
ARM GAS  C:\DOCUME~1\dtucker\LOCALS~1\Temp\ccWDs4Ef.s 			page 14


 560 0182 FB88     		ldrh	r3, [r7, #6]
 561 0184 1846     		mov	r0, r3
 562 0186 FFF7FEFF 		bl	LCD_PrintInt16
 158:.\main.c      ****             LCD_Position(1,5);
 563              		.loc 1 158 0
 564 018a 4FF00100 		mov	r0, #1
 565 018e 4FF00501 		mov	r1, #5
 566 0192 FFF7FEFF 		bl	LCD_Position
 567              	.L21:
 159:.\main.c      ****         }
 160:.\main.c      ****         LCD_PrintString("errors");
 568              		.loc 1 160 0
 569 0196 40F20000 		movw	r0, #:lower16:.LC9
 570 019a C0F20000 		movt	r0, #:upper16:.LC9
 571 019e FFF7FEFF 		bl	LCD_PrintString
 161:.\main.c      ****         CyDelay(POST);
 572              		.loc 1 161 0
 573 01a2 40F20003 		movw	r3, #:lower16:POST
 574 01a6 C0F20003 		movt	r3, #:upper16:POST
 575 01aa 1B88     		ldrh	r3, [r3, #0]
 576 01ac 1846     		mov	r0, r3
 577 01ae FFF7FEFF 		bl	CyDelay
 162:.\main.c      ****         
 163:.\main.c      ****         if (SHOW_ALL ||true) {
 164:.\main.c      ****             LCD_ClearLine(1);
 578              		.loc 1 164 0
 579 01b2 4FF00100 		mov	r0, #1
 580 01b6 FFF7FEFF 		bl	LCD_ClearLine
 165:.\main.c      ****             LCD_Position(1,1);
 581              		.loc 1 165 0
 582 01ba 4FF00100 		mov	r0, #1
 583 01be 4FF00101 		mov	r1, #1
 584 01c2 FFF7FEFF 		bl	LCD_Position
 166:.\main.c      ****             LCD_PrintInt16(tx_count);
 585              		.loc 1 166 0
 586 01c6 40F20003 		movw	r3, #:lower16:tx_count
 587 01ca C0F20003 		movt	r3, #:upper16:tx_count
 588 01ce 1B88     		ldrh	r3, [r3, #0]
 589 01d0 1846     		mov	r0, r3
 590 01d2 FFF7FEFF 		bl	LCD_PrintInt16
 167:.\main.c      ****             LCD_Position(1,6);
 591              		.loc 1 167 0
 592 01d6 4FF00100 		mov	r0, #1
 593 01da 4FF00601 		mov	r1, #6
 594 01de FFF7FEFF 		bl	LCD_Position
 168:.\main.c      ****             LCD_PrintString("IRQs");
 595              		.loc 1 168 0
 596 01e2 40F20000 		movw	r0, #:lower16:.LC10
 597 01e6 C0F20000 		movt	r0, #:upper16:.LC10
 598 01ea FFF7FEFF 		bl	LCD_PrintString
 169:.\main.c      ****             CyDelay(POST);
 599              		.loc 1 169 0
 600 01ee 40F20003 		movw	r3, #:lower16:POST
 601 01f2 C0F20003 		movt	r3, #:upper16:POST
 602 01f6 1B88     		ldrh	r3, [r3, #0]
 603 01f8 1846     		mov	r0, r3
 604 01fa FFF7FEFF 		bl	CyDelay
ARM GAS  C:\DOCUME~1\dtucker\LOCALS~1\Temp\ccWDs4Ef.s 			page 15


 605              	.LBE2:
 170:.\main.c      ****         }
 171:.\main.c      ****     }
 606              		.loc 1 171 0
 607 01fe 4CE7     		b	.L22
 608              		.cfi_endproc
 609              	.LFE34:
 610              		.size	main, .-main
 611              		.text
 612              	.Letext0:
 613              		.section	.debug_loc,"",%progbits
 614              	.Ldebug_loc0:
 615              	.LLST0:
 616 0000 00000000 		.4byte	.LFB29
 617 0004 02000000 		.4byte	.LCFI0
 618 0008 0100     		.2byte	0x1
 619 000a 5D       		.byte	0x5d
 620 000b 02000000 		.4byte	.LCFI0
 621 000f 04000000 		.4byte	.LCFI1
 622 0013 0200     		.2byte	0x2
 623 0015 7D       		.byte	0x7d
 624 0016 08       		.sleb128 8
 625 0017 04000000 		.4byte	.LCFI1
 626 001b 06000000 		.4byte	.LCFI2
 627 001f 0200     		.2byte	0x2
 628 0021 7D       		.byte	0x7d
 629 0022 18       		.sleb128 24
 630 0023 06000000 		.4byte	.LCFI2
 631 0027 C0000000 		.4byte	.LFE29
 632 002b 0200     		.2byte	0x2
 633 002d 77       		.byte	0x77
 634 002e 18       		.sleb128 24
 635 002f 00000000 		.4byte	0x0
 636 0033 00000000 		.4byte	0x0
 637              	.LLST1:
 638 0037 00000000 		.4byte	.LFB30
 639 003b 02000000 		.4byte	.LCFI3
 640 003f 0100     		.2byte	0x1
 641 0041 5D       		.byte	0x5d
 642 0042 02000000 		.4byte	.LCFI3
 643 0046 04000000 		.4byte	.LCFI4
 644 004a 0200     		.2byte	0x2
 645 004c 7D       		.byte	0x7d
 646 004d 08       		.sleb128 8
 647 004e 04000000 		.4byte	.LCFI4
 648 0052 06000000 		.4byte	.LCFI5
 649 0056 0200     		.2byte	0x2
 650 0058 7D       		.byte	0x7d
 651 0059 10       		.sleb128 16
 652 005a 06000000 		.4byte	.LCFI5
 653 005e 2A000000 		.4byte	.LFE30
 654 0062 0200     		.2byte	0x2
 655 0064 77       		.byte	0x77
 656 0065 10       		.sleb128 16
 657 0066 00000000 		.4byte	0x0
 658 006a 00000000 		.4byte	0x0
 659              	.LLST2:
ARM GAS  C:\DOCUME~1\dtucker\LOCALS~1\Temp\ccWDs4Ef.s 			page 16


 660 006e 00000000 		.4byte	.LFB31
 661 0072 02000000 		.4byte	.LCFI6
 662 0076 0100     		.2byte	0x1
 663 0078 5D       		.byte	0x5d
 664 0079 02000000 		.4byte	.LCFI6
 665 007d 04000000 		.4byte	.LCFI7
 666 0081 0200     		.2byte	0x2
 667 0083 7D       		.byte	0x7d
 668 0084 08       		.sleb128 8
 669 0085 04000000 		.4byte	.LCFI7
 670 0089 06000000 		.4byte	.LCFI8
 671 008d 0200     		.2byte	0x2
 672 008f 7D       		.byte	0x7d
 673 0090 10       		.sleb128 16
 674 0091 06000000 		.4byte	.LCFI8
 675 0095 2A000000 		.4byte	.LFE31
 676 0099 0200     		.2byte	0x2
 677 009b 77       		.byte	0x77
 678 009c 10       		.sleb128 16
 679 009d 00000000 		.4byte	0x0
 680 00a1 00000000 		.4byte	0x0
 681              	.LLST3:
 682 00a5 00000000 		.4byte	.LFB32
 683 00a9 02000000 		.4byte	.LCFI9
 684 00ad 0100     		.2byte	0x1
 685 00af 5D       		.byte	0x5d
 686 00b0 02000000 		.4byte	.LCFI9
 687 00b4 04000000 		.4byte	.LCFI10
 688 00b8 0200     		.2byte	0x2
 689 00ba 7D       		.byte	0x7d
 690 00bb 08       		.sleb128 8
 691 00bc 04000000 		.4byte	.LCFI10
 692 00c0 06000000 		.4byte	.LCFI11
 693 00c4 0200     		.2byte	0x2
 694 00c6 7D       		.byte	0x7d
 695 00c7 10       		.sleb128 16
 696 00c8 06000000 		.4byte	.LCFI11
 697 00cc 32000000 		.4byte	.LFE32
 698 00d0 0200     		.2byte	0x2
 699 00d2 77       		.byte	0x77
 700 00d3 10       		.sleb128 16
 701 00d4 00000000 		.4byte	0x0
 702 00d8 00000000 		.4byte	0x0
 703              	.LLST4:
 704 00dc 00000000 		.4byte	.LFB33
 705 00e0 02000000 		.4byte	.LCFI12
 706 00e4 0100     		.2byte	0x1
 707 00e6 5D       		.byte	0x5d
 708 00e7 02000000 		.4byte	.LCFI12
 709 00eb 04000000 		.4byte	.LCFI13
 710 00ef 0200     		.2byte	0x2
 711 00f1 7D       		.byte	0x7d
 712 00f2 08       		.sleb128 8
 713 00f3 04000000 		.4byte	.LCFI13
 714 00f7 56000000 		.4byte	.LFE33
 715 00fb 0200     		.2byte	0x2
 716 00fd 77       		.byte	0x77
ARM GAS  C:\DOCUME~1\dtucker\LOCALS~1\Temp\ccWDs4Ef.s 			page 17


 717 00fe 08       		.sleb128 8
 718 00ff 00000000 		.4byte	0x0
 719 0103 00000000 		.4byte	0x0
 720              	.LLST5:
 721 0107 00000000 		.4byte	.LFB34
 722 010b 02000000 		.4byte	.LCFI14
 723 010f 0100     		.2byte	0x1
 724 0111 5D       		.byte	0x5d
 725 0112 02000000 		.4byte	.LCFI14
 726 0116 04000000 		.4byte	.LCFI15
 727 011a 0200     		.2byte	0x2
 728 011c 7D       		.byte	0x7d
 729 011d 0C       		.sleb128 12
 730 011e 04000000 		.4byte	.LCFI15
 731 0122 06000000 		.4byte	.LCFI16
 732 0126 0200     		.2byte	0x2
 733 0128 7D       		.byte	0x7d
 734 0129 18       		.sleb128 24
 735 012a 06000000 		.4byte	.LCFI16
 736 012e 00020000 		.4byte	.LFE34
 737 0132 0200     		.2byte	0x2
 738 0134 77       		.byte	0x77
 739 0135 18       		.sleb128 24
 740 0136 00000000 		.4byte	0x0
 741 013a 00000000 		.4byte	0x0
 742              		.file 2 "./Generated_Source/PSoC5/cytypes.h"
 743              		.file 3 "./Generated_Source/PSoC5/core_cm3.h"
 744              		.section	.debug_info
 745 0000 43020000 		.4byte	0x243
 746 0004 0200     		.2byte	0x2
 747 0006 00000000 		.4byte	.Ldebug_abbrev0
 748 000a 04       		.byte	0x4
 749 000b 01       		.uleb128 0x1
 750 000c 0C010000 		.4byte	.LASF29
 751 0010 01       		.byte	0x1
 752 0011 B8000000 		.4byte	.LASF30
 753 0015 1D000000 		.4byte	.LASF31
 754 0019 00000000 		.4byte	0x0
 755 001d 00000000 		.4byte	0x0
 756 0021 00000000 		.4byte	.Ldebug_ranges0+0x0
 757 0025 00000000 		.4byte	.Ldebug_line0
 758 0029 02       		.uleb128 0x2
 759 002a 01       		.byte	0x1
 760 002b 06       		.byte	0x6
 761 002c 62010000 		.4byte	.LASF0
 762 0030 02       		.uleb128 0x2
 763 0031 01       		.byte	0x1
 764 0032 08       		.byte	0x8
 765 0033 75000000 		.4byte	.LASF1
 766 0037 02       		.uleb128 0x2
 767 0038 02       		.byte	0x2
 768 0039 05       		.byte	0x5
 769 003a 30010000 		.4byte	.LASF2
 770 003e 02       		.uleb128 0x2
 771 003f 02       		.byte	0x2
 772 0040 07       		.byte	0x7
 773 0041 3E000000 		.4byte	.LASF3
ARM GAS  C:\DOCUME~1\dtucker\LOCALS~1\Temp\ccWDs4Ef.s 			page 18


 774 0045 02       		.uleb128 0x2
 775 0046 04       		.byte	0x4
 776 0047 05       		.byte	0x5
 777 0048 4B010000 		.4byte	.LASF4
 778 004c 02       		.uleb128 0x2
 779 004d 04       		.byte	0x4
 780 004e 07       		.byte	0x7
 781 004f 83000000 		.4byte	.LASF5
 782 0053 02       		.uleb128 0x2
 783 0054 08       		.byte	0x8
 784 0055 05       		.byte	0x5
 785 0056 00000000 		.4byte	.LASF6
 786 005a 02       		.uleb128 0x2
 787 005b 08       		.byte	0x8
 788 005c 07       		.byte	0x7
 789 005d EA000000 		.4byte	.LASF7
 790 0061 03       		.uleb128 0x3
 791 0062 04       		.byte	0x4
 792 0063 05       		.byte	0x5
 793 0064 696E7400 		.ascii	"int\000"
 794 0068 02       		.uleb128 0x2
 795 0069 04       		.byte	0x4
 796 006a 07       		.byte	0x7
 797 006b DD000000 		.4byte	.LASF8
 798 006f 04       		.uleb128 0x4
 799 0070 95000000 		.4byte	.LASF9
 800 0074 02       		.byte	0x2
 801 0075 4C       		.byte	0x4c
 802 0076 30000000 		.4byte	0x30
 803 007a 04       		.uleb128 0x4
 804 007b C1000000 		.4byte	.LASF10
 805 007f 02       		.byte	0x2
 806 0080 4D       		.byte	0x4d
 807 0081 3E000000 		.4byte	0x3e
 808 0085 02       		.uleb128 0x2
 809 0086 04       		.byte	0x4
 810 0087 04       		.byte	0x4
 811 0088 6A000000 		.4byte	.LASF11
 812 008c 02       		.uleb128 0x2
 813 008d 08       		.byte	0x8
 814 008e 04       		.byte	0x4
 815 008f B1000000 		.4byte	.LASF12
 816 0093 02       		.uleb128 0x2
 817 0094 01       		.byte	0x1
 818 0095 08       		.byte	0x8
 819 0096 18010000 		.4byte	.LASF13
 820 009a 05       		.uleb128 0x5
 821 009b 04       		.byte	0x4
 822 009c 07       		.byte	0x7
 823 009d 06       		.uleb128 0x6
 824 009e 04       		.byte	0x4
 825 009f A3000000 		.4byte	0xa3
 826 00a3 07       		.uleb128 0x7
 827 00a4 93000000 		.4byte	0x93
 828 00a8 08       		.uleb128 0x8
 829 00a9 01       		.byte	0x1
 830 00aa C8000000 		.4byte	.LASF16
ARM GAS  C:\DOCUME~1\dtucker\LOCALS~1\Temp\ccWDs4Ef.s 			page 19


 831 00ae 01       		.byte	0x1
 832 00af 14       		.byte	0x14
 833 00b0 01       		.byte	0x1
 834 00b1 00000000 		.4byte	.LFB29
 835 00b5 C0000000 		.4byte	.LFE29
 836 00b9 00000000 		.4byte	.LLST0
 837 00bd FA000000 		.4byte	0xfa
 838 00c1 09       		.uleb128 0x9
 839 00c2 726F7700 		.ascii	"row\000"
 840 00c6 01       		.byte	0x1
 841 00c7 14       		.byte	0x14
 842 00c8 61000000 		.4byte	0x61
 843 00cc 02       		.byte	0x2
 844 00cd 91       		.byte	0x91
 845 00ce 74       		.sleb128 -12
 846 00cf 09       		.uleb128 0x9
 847 00d0 636F6C00 		.ascii	"col\000"
 848 00d4 01       		.byte	0x1
 849 00d5 14       		.byte	0x14
 850 00d6 61000000 		.4byte	0x61
 851 00da 02       		.byte	0x2
 852 00db 91       		.byte	0x91
 853 00dc 70       		.sleb128 -16
 854 00dd 0A       		.uleb128 0xa
 855 00de 06010000 		.4byte	.LASF14
 856 00e2 01       		.byte	0x1
 857 00e3 14       		.byte	0x14
 858 00e4 61000000 		.4byte	0x61
 859 00e8 02       		.byte	0x2
 860 00e9 91       		.byte	0x91
 861 00ea 6C       		.sleb128 -20
 862 00eb 0A       		.uleb128 0xa
 863 00ec 17000000 		.4byte	.LASF15
 864 00f0 01       		.byte	0x1
 865 00f1 14       		.byte	0x14
 866 00f2 61000000 		.4byte	0x61
 867 00f6 02       		.byte	0x2
 868 00f7 91       		.byte	0x91
 869 00f8 68       		.sleb128 -24
 870 00f9 00       		.byte	0x0
 871 00fa 08       		.uleb128 0x8
 872 00fb 01       		.byte	0x1
 873 00fc 54010000 		.4byte	.LASF17
 874 0100 01       		.byte	0x1
 875 0101 28       		.byte	0x28
 876 0102 01       		.byte	0x1
 877 0103 00000000 		.4byte	.LFB30
 878 0107 2A000000 		.4byte	.LFE30
 879 010b 37000000 		.4byte	.LLST1
 880 010f 22010000 		.4byte	0x122
 881 0113 0A       		.uleb128 0xa
 882 0114 01010000 		.4byte	.LASF18
 883 0118 01       		.byte	0x1
 884 0119 28       		.byte	0x28
 885 011a 61000000 		.4byte	0x61
 886 011e 02       		.byte	0x2
 887 011f 91       		.byte	0x91
ARM GAS  C:\DOCUME~1\dtucker\LOCALS~1\Temp\ccWDs4Ef.s 			page 20


 888 0120 74       		.sleb128 -12
 889 0121 00       		.byte	0x0
 890 0122 08       		.uleb128 0x8
 891 0123 01       		.byte	0x1
 892 0124 3A010000 		.4byte	.LASF19
 893 0128 01       		.byte	0x1
 894 0129 30       		.byte	0x30
 895 012a 01       		.byte	0x1
 896 012b 00000000 		.4byte	.LFB31
 897 012f 2A000000 		.4byte	.LFE31
 898 0133 6E000000 		.4byte	.LLST2
 899 0137 4A010000 		.4byte	0x14a
 900 013b 0A       		.uleb128 0xa
 901 013c 51000000 		.4byte	.LASF20
 902 0140 01       		.byte	0x1
 903 0141 30       		.byte	0x30
 904 0142 9D000000 		.4byte	0x9d
 905 0146 02       		.byte	0x2
 906 0147 91       		.byte	0x91
 907 0148 74       		.sleb128 -12
 908 0149 00       		.byte	0x0
 909 014a 08       		.uleb128 0x8
 910 014b 01       		.byte	0x1
 911 014c 58000000 		.4byte	.LASF21
 912 0150 01       		.byte	0x1
 913 0151 39       		.byte	0x39
 914 0152 01       		.byte	0x1
 915 0153 00000000 		.4byte	.LFB32
 916 0157 32000000 		.4byte	.LFE32
 917 015b A5000000 		.4byte	.LLST3
 918 015f 72010000 		.4byte	0x172
 919 0163 0A       		.uleb128 0xa
 920 0164 51000000 		.4byte	.LASF20
 921 0168 01       		.byte	0x1
 922 0169 39       		.byte	0x39
 923 016a 9D000000 		.4byte	0x9d
 924 016e 02       		.byte	0x2
 925 016f 91       		.byte	0x91
 926 0170 74       		.sleb128 -12
 927 0171 00       		.byte	0x0
 928 0172 0B       		.uleb128 0xb
 929 0173 01       		.byte	0x1
 930 0174 6E010000 		.4byte	.LASF32
 931 0178 01       		.byte	0x1
 932 0179 43       		.byte	0x43
 933 017a 01       		.byte	0x1
 934 017b 00000000 		.4byte	.LFB33
 935 017f 56000000 		.4byte	.LFE33
 936 0183 DC000000 		.4byte	.LLST4
 937 0187 0C       		.uleb128 0xc
 938 0188 01       		.byte	0x1
 939 0189 D1000000 		.4byte	.LASF33
 940 018d 01       		.byte	0x1
 941 018e 56       		.byte	0x56
 942 018f 00000000 		.4byte	.LFB34
 943 0193 00020000 		.4byte	.LFE34
 944 0197 07010000 		.4byte	.LLST5
ARM GAS  C:\DOCUME~1\dtucker\LOCALS~1\Temp\ccWDs4Ef.s 			page 21


 945 019b C4010000 		.4byte	0x1c4
 946 019f 0D       		.uleb128 0xd
 947 01a0 6900     		.ascii	"i\000"
 948 01a2 01       		.byte	0x1
 949 01a3 63       		.byte	0x63
 950 01a4 7A000000 		.4byte	0x7a
 951 01a8 02       		.byte	0x2
 952 01a9 91       		.byte	0x91
 953 01aa 6C       		.sleb128 -20
 954 01ab 0E       		.uleb128 0xe
 955 01ac 9A000000 		.4byte	.LBB2
 956 01b0 FE010000 		.4byte	.LBE2
 957 01b4 0F       		.uleb128 0xf
 958 01b5 D6000000 		.4byte	.LASF22
 959 01b9 01       		.byte	0x1
 960 01ba 6E       		.byte	0x6e
 961 01bb 7A000000 		.4byte	0x7a
 962 01bf 02       		.byte	0x2
 963 01c0 91       		.byte	0x91
 964 01c1 6E       		.sleb128 -18
 965 01c2 00       		.byte	0x0
 966 01c3 00       		.byte	0x0
 967 01c4 0F       		.uleb128 0xf
 968 01c5 70000000 		.4byte	.LASF23
 969 01c9 01       		.byte	0x1
 970 01ca 0A       		.byte	0xa
 971 01cb D5010000 		.4byte	0x1d5
 972 01cf 05       		.byte	0x5
 973 01d0 03       		.byte	0x3
 974 01d1 00000000 		.4byte	POST
 975 01d5 07       		.uleb128 0x7
 976 01d6 7A000000 		.4byte	0x7a
 977 01da 10       		.uleb128 0x10
 978 01db A4000000 		.4byte	.LASF24
 979 01df 03       		.byte	0x3
 980 01e0 CE06     		.2byte	0x6ce
 981 01e2 E8010000 		.4byte	0x1e8
 982 01e6 01       		.byte	0x1
 983 01e7 01       		.byte	0x1
 984 01e8 11       		.uleb128 0x11
 985 01e9 61000000 		.4byte	0x61
 986 01ed 12       		.uleb128 0x12
 987 01ee 6F000000 		.4byte	0x6f
 988 01f2 FE010000 		.4byte	0x1fe
 989 01f6 13       		.uleb128 0x13
 990 01f7 9A000000 		.4byte	0x9a
 991 01fb FF0F     		.2byte	0xfff
 992 01fd 00       		.byte	0x0
 993 01fe 14       		.uleb128 0x14
 994 01ff 0E000000 		.4byte	.LASF25
 995 0203 01       		.byte	0x1
 996 0204 0C       		.byte	0xc
 997 0205 ED010000 		.4byte	0x1ed
 998 0209 01       		.byte	0x1
 999 020a 05       		.byte	0x5
 1000 020b 03       		.byte	0x3
 1001 020c 00000000 		.4byte	outgoing
ARM GAS  C:\DOCUME~1\dtucker\LOCALS~1\Temp\ccWDs4Ef.s 			page 22


 1002 0210 14       		.uleb128 0x14
 1003 0211 27010000 		.4byte	.LASF26
 1004 0215 01       		.byte	0x1
 1005 0216 0D       		.byte	0xd
 1006 0217 ED010000 		.4byte	0x1ed
 1007 021b 01       		.byte	0x1
 1008 021c 05       		.byte	0x5
 1009 021d 03       		.byte	0x3
 1010 021e 00000000 		.4byte	incoming
 1011 0222 14       		.uleb128 0x14
 1012 0223 1D010000 		.4byte	.LASF27
 1013 0227 01       		.byte	0x1
 1014 0228 0E       		.byte	0xe
 1015 0229 7A000000 		.4byte	0x7a
 1016 022d 01       		.byte	0x1
 1017 022e 05       		.byte	0x5
 1018 022f 03       		.byte	0x3
 1019 0230 00000000 		.4byte	tx_cursor
 1020 0234 14       		.uleb128 0x14
 1021 0235 9B000000 		.4byte	.LASF28
 1022 0239 01       		.byte	0x1
 1023 023a 0F       		.byte	0xf
 1024 023b 7A000000 		.4byte	0x7a
 1025 023f 01       		.byte	0x1
 1026 0240 05       		.byte	0x5
 1027 0241 03       		.byte	0x3
 1028 0242 00000000 		.4byte	tx_count
 1029 0246 00       		.byte	0x0
 1030              		.section	.debug_abbrev
 1031 0000 01       		.uleb128 0x1
 1032 0001 11       		.uleb128 0x11
 1033 0002 01       		.byte	0x1
 1034 0003 25       		.uleb128 0x25
 1035 0004 0E       		.uleb128 0xe
 1036 0005 13       		.uleb128 0x13
 1037 0006 0B       		.uleb128 0xb
 1038 0007 03       		.uleb128 0x3
 1039 0008 0E       		.uleb128 0xe
 1040 0009 1B       		.uleb128 0x1b
 1041 000a 0E       		.uleb128 0xe
 1042 000b 11       		.uleb128 0x11
 1043 000c 01       		.uleb128 0x1
 1044 000d 52       		.uleb128 0x52
 1045 000e 01       		.uleb128 0x1
 1046 000f 55       		.uleb128 0x55
 1047 0010 06       		.uleb128 0x6
 1048 0011 10       		.uleb128 0x10
 1049 0012 06       		.uleb128 0x6
 1050 0013 00       		.byte	0x0
 1051 0014 00       		.byte	0x0
 1052 0015 02       		.uleb128 0x2
 1053 0016 24       		.uleb128 0x24
 1054 0017 00       		.byte	0x0
 1055 0018 0B       		.uleb128 0xb
 1056 0019 0B       		.uleb128 0xb
 1057 001a 3E       		.uleb128 0x3e
 1058 001b 0B       		.uleb128 0xb
ARM GAS  C:\DOCUME~1\dtucker\LOCALS~1\Temp\ccWDs4Ef.s 			page 23


 1059 001c 03       		.uleb128 0x3
 1060 001d 0E       		.uleb128 0xe
 1061 001e 00       		.byte	0x0
 1062 001f 00       		.byte	0x0
 1063 0020 03       		.uleb128 0x3
 1064 0021 24       		.uleb128 0x24
 1065 0022 00       		.byte	0x0
 1066 0023 0B       		.uleb128 0xb
 1067 0024 0B       		.uleb128 0xb
 1068 0025 3E       		.uleb128 0x3e
 1069 0026 0B       		.uleb128 0xb
 1070 0027 03       		.uleb128 0x3
 1071 0028 08       		.uleb128 0x8
 1072 0029 00       		.byte	0x0
 1073 002a 00       		.byte	0x0
 1074 002b 04       		.uleb128 0x4
 1075 002c 16       		.uleb128 0x16
 1076 002d 00       		.byte	0x0
 1077 002e 03       		.uleb128 0x3
 1078 002f 0E       		.uleb128 0xe
 1079 0030 3A       		.uleb128 0x3a
 1080 0031 0B       		.uleb128 0xb
 1081 0032 3B       		.uleb128 0x3b
 1082 0033 0B       		.uleb128 0xb
 1083 0034 49       		.uleb128 0x49
 1084 0035 13       		.uleb128 0x13
 1085 0036 00       		.byte	0x0
 1086 0037 00       		.byte	0x0
 1087 0038 05       		.uleb128 0x5
 1088 0039 24       		.uleb128 0x24
 1089 003a 00       		.byte	0x0
 1090 003b 0B       		.uleb128 0xb
 1091 003c 0B       		.uleb128 0xb
 1092 003d 3E       		.uleb128 0x3e
 1093 003e 0B       		.uleb128 0xb
 1094 003f 00       		.byte	0x0
 1095 0040 00       		.byte	0x0
 1096 0041 06       		.uleb128 0x6
 1097 0042 0F       		.uleb128 0xf
 1098 0043 00       		.byte	0x0
 1099 0044 0B       		.uleb128 0xb
 1100 0045 0B       		.uleb128 0xb
 1101 0046 49       		.uleb128 0x49
 1102 0047 13       		.uleb128 0x13
 1103 0048 00       		.byte	0x0
 1104 0049 00       		.byte	0x0
 1105 004a 07       		.uleb128 0x7
 1106 004b 26       		.uleb128 0x26
 1107 004c 00       		.byte	0x0
 1108 004d 49       		.uleb128 0x49
 1109 004e 13       		.uleb128 0x13
 1110 004f 00       		.byte	0x0
 1111 0050 00       		.byte	0x0
 1112 0051 08       		.uleb128 0x8
 1113 0052 2E       		.uleb128 0x2e
 1114 0053 01       		.byte	0x1
 1115 0054 3F       		.uleb128 0x3f
ARM GAS  C:\DOCUME~1\dtucker\LOCALS~1\Temp\ccWDs4Ef.s 			page 24


 1116 0055 0C       		.uleb128 0xc
 1117 0056 03       		.uleb128 0x3
 1118 0057 0E       		.uleb128 0xe
 1119 0058 3A       		.uleb128 0x3a
 1120 0059 0B       		.uleb128 0xb
 1121 005a 3B       		.uleb128 0x3b
 1122 005b 0B       		.uleb128 0xb
 1123 005c 27       		.uleb128 0x27
 1124 005d 0C       		.uleb128 0xc
 1125 005e 11       		.uleb128 0x11
 1126 005f 01       		.uleb128 0x1
 1127 0060 12       		.uleb128 0x12
 1128 0061 01       		.uleb128 0x1
 1129 0062 40       		.uleb128 0x40
 1130 0063 06       		.uleb128 0x6
 1131 0064 01       		.uleb128 0x1
 1132 0065 13       		.uleb128 0x13
 1133 0066 00       		.byte	0x0
 1134 0067 00       		.byte	0x0
 1135 0068 09       		.uleb128 0x9
 1136 0069 05       		.uleb128 0x5
 1137 006a 00       		.byte	0x0
 1138 006b 03       		.uleb128 0x3
 1139 006c 08       		.uleb128 0x8
 1140 006d 3A       		.uleb128 0x3a
 1141 006e 0B       		.uleb128 0xb
 1142 006f 3B       		.uleb128 0x3b
 1143 0070 0B       		.uleb128 0xb
 1144 0071 49       		.uleb128 0x49
 1145 0072 13       		.uleb128 0x13
 1146 0073 02       		.uleb128 0x2
 1147 0074 0A       		.uleb128 0xa
 1148 0075 00       		.byte	0x0
 1149 0076 00       		.byte	0x0
 1150 0077 0A       		.uleb128 0xa
 1151 0078 05       		.uleb128 0x5
 1152 0079 00       		.byte	0x0
 1153 007a 03       		.uleb128 0x3
 1154 007b 0E       		.uleb128 0xe
 1155 007c 3A       		.uleb128 0x3a
 1156 007d 0B       		.uleb128 0xb
 1157 007e 3B       		.uleb128 0x3b
 1158 007f 0B       		.uleb128 0xb
 1159 0080 49       		.uleb128 0x49
 1160 0081 13       		.uleb128 0x13
 1161 0082 02       		.uleb128 0x2
 1162 0083 0A       		.uleb128 0xa
 1163 0084 00       		.byte	0x0
 1164 0085 00       		.byte	0x0
 1165 0086 0B       		.uleb128 0xb
 1166 0087 2E       		.uleb128 0x2e
 1167 0088 00       		.byte	0x0
 1168 0089 3F       		.uleb128 0x3f
 1169 008a 0C       		.uleb128 0xc
 1170 008b 03       		.uleb128 0x3
 1171 008c 0E       		.uleb128 0xe
 1172 008d 3A       		.uleb128 0x3a
ARM GAS  C:\DOCUME~1\dtucker\LOCALS~1\Temp\ccWDs4Ef.s 			page 25


 1173 008e 0B       		.uleb128 0xb
 1174 008f 3B       		.uleb128 0x3b
 1175 0090 0B       		.uleb128 0xb
 1176 0091 27       		.uleb128 0x27
 1177 0092 0C       		.uleb128 0xc
 1178 0093 11       		.uleb128 0x11
 1179 0094 01       		.uleb128 0x1
 1180 0095 12       		.uleb128 0x12
 1181 0096 01       		.uleb128 0x1
 1182 0097 40       		.uleb128 0x40
 1183 0098 06       		.uleb128 0x6
 1184 0099 00       		.byte	0x0
 1185 009a 00       		.byte	0x0
 1186 009b 0C       		.uleb128 0xc
 1187 009c 2E       		.uleb128 0x2e
 1188 009d 01       		.byte	0x1
 1189 009e 3F       		.uleb128 0x3f
 1190 009f 0C       		.uleb128 0xc
 1191 00a0 03       		.uleb128 0x3
 1192 00a1 0E       		.uleb128 0xe
 1193 00a2 3A       		.uleb128 0x3a
 1194 00a3 0B       		.uleb128 0xb
 1195 00a4 3B       		.uleb128 0x3b
 1196 00a5 0B       		.uleb128 0xb
 1197 00a6 11       		.uleb128 0x11
 1198 00a7 01       		.uleb128 0x1
 1199 00a8 12       		.uleb128 0x12
 1200 00a9 01       		.uleb128 0x1
 1201 00aa 40       		.uleb128 0x40
 1202 00ab 06       		.uleb128 0x6
 1203 00ac 01       		.uleb128 0x1
 1204 00ad 13       		.uleb128 0x13
 1205 00ae 00       		.byte	0x0
 1206 00af 00       		.byte	0x0
 1207 00b0 0D       		.uleb128 0xd
 1208 00b1 34       		.uleb128 0x34
 1209 00b2 00       		.byte	0x0
 1210 00b3 03       		.uleb128 0x3
 1211 00b4 08       		.uleb128 0x8
 1212 00b5 3A       		.uleb128 0x3a
 1213 00b6 0B       		.uleb128 0xb
 1214 00b7 3B       		.uleb128 0x3b
 1215 00b8 0B       		.uleb128 0xb
 1216 00b9 49       		.uleb128 0x49
 1217 00ba 13       		.uleb128 0x13
 1218 00bb 02       		.uleb128 0x2
 1219 00bc 0A       		.uleb128 0xa
 1220 00bd 00       		.byte	0x0
 1221 00be 00       		.byte	0x0
 1222 00bf 0E       		.uleb128 0xe
 1223 00c0 0B       		.uleb128 0xb
 1224 00c1 01       		.byte	0x1
 1225 00c2 11       		.uleb128 0x11
 1226 00c3 01       		.uleb128 0x1
 1227 00c4 12       		.uleb128 0x12
 1228 00c5 01       		.uleb128 0x1
 1229 00c6 00       		.byte	0x0
ARM GAS  C:\DOCUME~1\dtucker\LOCALS~1\Temp\ccWDs4Ef.s 			page 26


 1230 00c7 00       		.byte	0x0
 1231 00c8 0F       		.uleb128 0xf
 1232 00c9 34       		.uleb128 0x34
 1233 00ca 00       		.byte	0x0
 1234 00cb 03       		.uleb128 0x3
 1235 00cc 0E       		.uleb128 0xe
 1236 00cd 3A       		.uleb128 0x3a
 1237 00ce 0B       		.uleb128 0xb
 1238 00cf 3B       		.uleb128 0x3b
 1239 00d0 0B       		.uleb128 0xb
 1240 00d1 49       		.uleb128 0x49
 1241 00d2 13       		.uleb128 0x13
 1242 00d3 02       		.uleb128 0x2
 1243 00d4 0A       		.uleb128 0xa
 1244 00d5 00       		.byte	0x0
 1245 00d6 00       		.byte	0x0
 1246 00d7 10       		.uleb128 0x10
 1247 00d8 34       		.uleb128 0x34
 1248 00d9 00       		.byte	0x0
 1249 00da 03       		.uleb128 0x3
 1250 00db 0E       		.uleb128 0xe
 1251 00dc 3A       		.uleb128 0x3a
 1252 00dd 0B       		.uleb128 0xb
 1253 00de 3B       		.uleb128 0x3b
 1254 00df 05       		.uleb128 0x5
 1255 00e0 49       		.uleb128 0x49
 1256 00e1 13       		.uleb128 0x13
 1257 00e2 3F       		.uleb128 0x3f
 1258 00e3 0C       		.uleb128 0xc
 1259 00e4 3C       		.uleb128 0x3c
 1260 00e5 0C       		.uleb128 0xc
 1261 00e6 00       		.byte	0x0
 1262 00e7 00       		.byte	0x0
 1263 00e8 11       		.uleb128 0x11
 1264 00e9 35       		.uleb128 0x35
 1265 00ea 00       		.byte	0x0
 1266 00eb 49       		.uleb128 0x49
 1267 00ec 13       		.uleb128 0x13
 1268 00ed 00       		.byte	0x0
 1269 00ee 00       		.byte	0x0
 1270 00ef 12       		.uleb128 0x12
 1271 00f0 01       		.uleb128 0x1
 1272 00f1 01       		.byte	0x1
 1273 00f2 49       		.uleb128 0x49
 1274 00f3 13       		.uleb128 0x13
 1275 00f4 01       		.uleb128 0x1
 1276 00f5 13       		.uleb128 0x13
 1277 00f6 00       		.byte	0x0
 1278 00f7 00       		.byte	0x0
 1279 00f8 13       		.uleb128 0x13
 1280 00f9 21       		.uleb128 0x21
 1281 00fa 00       		.byte	0x0
 1282 00fb 49       		.uleb128 0x49
 1283 00fc 13       		.uleb128 0x13
 1284 00fd 2F       		.uleb128 0x2f
 1285 00fe 05       		.uleb128 0x5
 1286 00ff 00       		.byte	0x0
ARM GAS  C:\DOCUME~1\dtucker\LOCALS~1\Temp\ccWDs4Ef.s 			page 27


 1287 0100 00       		.byte	0x0
 1288 0101 14       		.uleb128 0x14
 1289 0102 34       		.uleb128 0x34
 1290 0103 00       		.byte	0x0
 1291 0104 03       		.uleb128 0x3
 1292 0105 0E       		.uleb128 0xe
 1293 0106 3A       		.uleb128 0x3a
 1294 0107 0B       		.uleb128 0xb
 1295 0108 3B       		.uleb128 0x3b
 1296 0109 0B       		.uleb128 0xb
 1297 010a 49       		.uleb128 0x49
 1298 010b 13       		.uleb128 0x13
 1299 010c 3F       		.uleb128 0x3f
 1300 010d 0C       		.uleb128 0xc
 1301 010e 02       		.uleb128 0x2
 1302 010f 0A       		.uleb128 0xa
 1303 0110 00       		.byte	0x0
 1304 0111 00       		.byte	0x0
 1305 0112 00       		.byte	0x0
 1306              		.section	.debug_pubnames,"",%progbits
 1307 0000 A1000000 		.4byte	0xa1
 1308 0004 0200     		.2byte	0x2
 1309 0006 00000000 		.4byte	.Ldebug_info0
 1310 000a 47020000 		.4byte	0x247
 1311 000e A8000000 		.4byte	0xa8
 1312 0012 4C43445F 		.ascii	"LCD_Spin\000"
 1312      5370696E 
 1312      00
 1313 001b FA000000 		.4byte	0xfa
 1314 001f 4C43445F 		.ascii	"LCD_ClearLine\000"
 1314      436C6561 
 1314      724C696E 
 1314      6500
 1315 002d 22010000 		.4byte	0x122
 1316 0031 4C43445F 		.ascii	"LCD_UpdateStatus\000"
 1316      55706461 
 1316      74655374 
 1316      61747573 
 1316      00
 1317 0042 4A010000 		.4byte	0x14a
 1318 0046 4C43445F 		.ascii	"LCD_UpdateMessage\000"
 1318      55706461 
 1318      74654D65 
 1318      73736167 
 1318      6500
 1319 0058 72010000 		.4byte	0x172
 1320 005c 4953525F 		.ascii	"ISR_tx\000"
 1320      747800
 1321 0063 87010000 		.4byte	0x187
 1322 0067 6D61696E 		.ascii	"main\000"
 1322      00
 1323 006c FE010000 		.4byte	0x1fe
 1324 0070 6F757467 		.ascii	"outgoing\000"
 1324      6F696E67 
 1324      00
 1325 0079 10020000 		.4byte	0x210
 1326 007d 696E636F 		.ascii	"incoming\000"
ARM GAS  C:\DOCUME~1\dtucker\LOCALS~1\Temp\ccWDs4Ef.s 			page 28


 1326      6D696E67 
 1326      00
 1327 0086 22020000 		.4byte	0x222
 1328 008a 74785F63 		.ascii	"tx_cursor\000"
 1328      7572736F 
 1328      7200
 1329 0094 34020000 		.4byte	0x234
 1330 0098 74785F63 		.ascii	"tx_count\000"
 1330      6F756E74 
 1330      00
 1331 00a1 00000000 		.4byte	0x0
 1332              		.section	.debug_aranges,"",%progbits
 1333 0000 44000000 		.4byte	0x44
 1334 0004 0200     		.2byte	0x2
 1335 0006 00000000 		.4byte	.Ldebug_info0
 1336 000a 04       		.byte	0x4
 1337 000b 00       		.byte	0x0
 1338 000c 0000     		.2byte	0x0
 1339 000e 0000     		.2byte	0x0
 1340 0010 00000000 		.4byte	.LFB29
 1341 0014 C0000000 		.4byte	.LFE29-.LFB29
 1342 0018 00000000 		.4byte	.LFB30
 1343 001c 2A000000 		.4byte	.LFE30-.LFB30
 1344 0020 00000000 		.4byte	.LFB31
 1345 0024 2A000000 		.4byte	.LFE31-.LFB31
 1346 0028 00000000 		.4byte	.LFB32
 1347 002c 32000000 		.4byte	.LFE32-.LFB32
 1348 0030 00000000 		.4byte	.LFB33
 1349 0034 56000000 		.4byte	.LFE33-.LFB33
 1350 0038 00000000 		.4byte	.LFB34
 1351 003c 00020000 		.4byte	.LFE34-.LFB34
 1352 0040 00000000 		.4byte	0x0
 1353 0044 00000000 		.4byte	0x0
 1354              		.section	.debug_ranges,"",%progbits
 1355              	.Ldebug_ranges0:
 1356 0000 00000000 		.4byte	.Ltext0
 1357 0004 00000000 		.4byte	.Letext0
 1358 0008 00000000 		.4byte	.LFB29
 1359 000c C0000000 		.4byte	.LFE29
 1360 0010 00000000 		.4byte	.LFB30
 1361 0014 2A000000 		.4byte	.LFE30
 1362 0018 00000000 		.4byte	.LFB31
 1363 001c 2A000000 		.4byte	.LFE31
 1364 0020 00000000 		.4byte	.LFB32
 1365 0024 32000000 		.4byte	.LFE32
 1366 0028 00000000 		.4byte	.LFB33
 1367 002c 56000000 		.4byte	.LFE33
 1368 0030 00000000 		.4byte	.LFB34
 1369 0034 00020000 		.4byte	.LFE34
 1370 0038 00000000 		.4byte	0x0
 1371 003c 00000000 		.4byte	0x0
 1372              		.section	.debug_str,"MS",%progbits,1
 1373              	.LASF6:
 1374 0000 6C6F6E67 		.ascii	"long long int\000"
 1374      206C6F6E 
 1374      6720696E 
 1374      7400
ARM GAS  C:\DOCUME~1\dtucker\LOCALS~1\Temp\ccWDs4Ef.s 			page 29


 1375              	.LASF25:
 1376 000e 6F757467 		.ascii	"outgoing\000"
 1376      6F696E67 
 1376      00
 1377              	.LASF15:
 1378 0017 636F756E 		.ascii	"count\000"
 1378      7400
 1379              	.LASF31:
 1380 001d 463A5C50 		.ascii	"F:\\PSoC Creator\\lab3\\part3.cydsn\000"
 1380      536F4320 
 1380      43726561 
 1380      746F725C 
 1380      6C616233 
 1381              	.LASF3:
 1382 003e 73686F72 		.ascii	"short unsigned int\000"
 1382      7420756E 
 1382      7369676E 
 1382      65642069 
 1382      6E7400
 1383              	.LASF20:
 1384 0051 73747269 		.ascii	"string\000"
 1384      6E6700
 1385              	.LASF21:
 1386 0058 4C43445F 		.ascii	"LCD_UpdateMessage\000"
 1386      55706461 
 1386      74654D65 
 1386      73736167 
 1386      6500
 1387              	.LASF11:
 1388 006a 666C6F61 		.ascii	"float\000"
 1388      7400
 1389              	.LASF23:
 1390 0070 504F5354 		.ascii	"POST\000"
 1390      00
 1391              	.LASF1:
 1392 0075 756E7369 		.ascii	"unsigned char\000"
 1392      676E6564 
 1392      20636861 
 1392      7200
 1393              	.LASF5:
 1394 0083 6C6F6E67 		.ascii	"long unsigned int\000"
 1394      20756E73 
 1394      69676E65 
 1394      6420696E 
 1394      7400
 1395              	.LASF9:
 1396 0095 75696E74 		.ascii	"uint8\000"
 1396      3800
 1397              	.LASF28:
 1398 009b 74785F63 		.ascii	"tx_count\000"
 1398      6F756E74 
 1398      00
 1399              	.LASF24:
 1400 00a4 49544D5F 		.ascii	"ITM_RxBuffer\000"
 1400      52784275 
 1400      66666572 
 1400      00
ARM GAS  C:\DOCUME~1\dtucker\LOCALS~1\Temp\ccWDs4Ef.s 			page 30


 1401              	.LASF12:
 1402 00b1 646F7562 		.ascii	"double\000"
 1402      6C6500
 1403              	.LASF30:
 1404 00b8 2E5C6D61 		.ascii	".\\main.c\000"
 1404      696E2E63 
 1404      00
 1405              	.LASF10:
 1406 00c1 75696E74 		.ascii	"uint16\000"
 1406      313600
 1407              	.LASF16:
 1408 00c8 4C43445F 		.ascii	"LCD_Spin\000"
 1408      5370696E 
 1408      00
 1409              	.LASF33:
 1410 00d1 6D61696E 		.ascii	"main\000"
 1410      00
 1411              	.LASF22:
 1412 00d6 6572726F 		.ascii	"errors\000"
 1412      727300
 1413              	.LASF8:
 1414 00dd 756E7369 		.ascii	"unsigned int\000"
 1414      676E6564 
 1414      20696E74 
 1414      00
 1415              	.LASF7:
 1416 00ea 6C6F6E67 		.ascii	"long long unsigned int\000"
 1416      206C6F6E 
 1416      6720756E 
 1416      7369676E 
 1416      65642069 
 1417              	.LASF18:
 1418 0101 6C696E65 		.ascii	"line\000"
 1418      00
 1419              	.LASF14:
 1420 0106 73706565 		.ascii	"speed\000"
 1420      6400
 1421              	.LASF29:
 1422 010c 474E5520 		.ascii	"GNU C 4.4.1\000"
 1422      4320342E 
 1422      342E3100 
 1423              	.LASF13:
 1424 0118 63686172 		.ascii	"char\000"
 1424      00
 1425              	.LASF27:
 1426 011d 74785F63 		.ascii	"tx_cursor\000"
 1426      7572736F 
 1426      7200
 1427              	.LASF26:
 1428 0127 696E636F 		.ascii	"incoming\000"
 1428      6D696E67 
 1428      00
 1429              	.LASF2:
 1430 0130 73686F72 		.ascii	"short int\000"
 1430      7420696E 
 1430      7400
 1431              	.LASF19:
ARM GAS  C:\DOCUME~1\dtucker\LOCALS~1\Temp\ccWDs4Ef.s 			page 31


 1432 013a 4C43445F 		.ascii	"LCD_UpdateStatus\000"
 1432      55706461 
 1432      74655374 
 1432      61747573 
 1432      00
 1433              	.LASF4:
 1434 014b 6C6F6E67 		.ascii	"long int\000"
 1434      20696E74 
 1434      00
 1435              	.LASF17:
 1436 0154 4C43445F 		.ascii	"LCD_ClearLine\000"
 1436      436C6561 
 1436      724C696E 
 1436      6500
 1437              	.LASF0:
 1438 0162 7369676E 		.ascii	"signed char\000"
 1438      65642063 
 1438      68617200 
 1439              	.LASF32:
 1440 016e 4953525F 		.ascii	"ISR_tx\000"
 1440      747800
 1441              		.ident	"GCC: (Sourcery G++ Lite 2010q1-188) 4.4.1"
