ARM GAS  C:\Users\dmtucker\AppData\Local\Temp\cc0zdEfi.s 			page 1


   1              		.syntax unified
   2              		.cpu cortex-m3
   3              		.fpu softvfp
   4              		.eabi_attribute 20, 1
   5              		.eabi_attribute 21, 1
   6              		.eabi_attribute 23, 3
   7              		.eabi_attribute 24, 1
   8              		.eabi_attribute 25, 1
   9              		.eabi_attribute 26, 1
  10              		.eabi_attribute 30, 6
  11              		.eabi_attribute 18, 4
  12              		.thumb
  13              		.file	"CapSense_Pins.c"
  14              		.section	.debug_abbrev,"",%progbits
  15              	.Ldebug_abbrev0:
  16              		.section	.debug_info,"",%progbits
  17              	.Ldebug_info0:
  18              		.section	.debug_line,"",%progbits
  19              	.Ldebug_line0:
  20 0000 9D000000 		.text
  20      02006600 
  20      00000201 
  20      FB0E0D00 
  20      01010101 
  21              	.Ltext0:
  22              		.cfi_sections	.debug_frame
  23              		.section	.text.CapSense_SetAllSensorsDriveMode,"ax",%progbits
  24              		.align	2
  25              		.global	CapSense_SetAllSensorsDriveMode
  26              		.thumb
  27              		.thumb_func
  28              		.type	CapSense_SetAllSensorsDriveMode, %function
  29              	CapSense_SetAllSensorsDriveMode:
  30              	.LFB0:
  31              		.file 1 ".\\Generated_Source\\PSoC5\\CapSense_Pins.c"
   1:.\Generated_Source\PSoC5/CapSense_Pins.c **** /*******************************************************************************
   2:.\Generated_Source\PSoC5/CapSense_Pins.c **** * File Name: CapSense_Pins.c
   3:.\Generated_Source\PSoC5/CapSense_Pins.c **** * Version 3.30
   4:.\Generated_Source\PSoC5/CapSense_Pins.c **** *
   5:.\Generated_Source\PSoC5/CapSense_Pins.c **** * Description:
   6:.\Generated_Source\PSoC5/CapSense_Pins.c **** *  This file contains API to enable firmware control of a Pins component.
   7:.\Generated_Source\PSoC5/CapSense_Pins.c **** *
   8:.\Generated_Source\PSoC5/CapSense_Pins.c **** * Note:
   9:.\Generated_Source\PSoC5/CapSense_Pins.c **** *
  10:.\Generated_Source\PSoC5/CapSense_Pins.c **** ********************************************************************************
  11:.\Generated_Source\PSoC5/CapSense_Pins.c **** * Copyright 2008-2012, Cypress Semiconductor Corporation.  All rights reserved.
  12:.\Generated_Source\PSoC5/CapSense_Pins.c **** * You may use this file only in accordance with the license, terms, conditions,
  13:.\Generated_Source\PSoC5/CapSense_Pins.c **** * disclaimers, and limitations in the end user license agreement accompanying
  14:.\Generated_Source\PSoC5/CapSense_Pins.c **** * the software package with which this file was provided.
  15:.\Generated_Source\PSoC5/CapSense_Pins.c **** *******************************************************************************/
  16:.\Generated_Source\PSoC5/CapSense_Pins.c **** 
  17:.\Generated_Source\PSoC5/CapSense_Pins.c **** #include "CapSense_Pins.h"
  18:.\Generated_Source\PSoC5/CapSense_Pins.c **** 
  19:.\Generated_Source\PSoC5/CapSense_Pins.c **** 
  20:.\Generated_Source\PSoC5/CapSense_Pins.c **** /*******************************************************************************
  21:.\Generated_Source\PSoC5/CapSense_Pins.c **** * Function Name: CapSense_SetAllSensorsDriveMode
  22:.\Generated_Source\PSoC5/CapSense_Pins.c **** ********************************************************************************
ARM GAS  C:\Users\dmtucker\AppData\Local\Temp\cc0zdEfi.s 			page 2


  23:.\Generated_Source\PSoC5/CapSense_Pins.c **** *
  24:.\Generated_Source\PSoC5/CapSense_Pins.c **** * Summary:
  25:.\Generated_Source\PSoC5/CapSense_Pins.c **** *  Sets the drive mode for the all pins used by capacitive sensors within 
  26:.\Generated_Source\PSoC5/CapSense_Pins.c **** *  CapSense component.
  27:.\Generated_Source\PSoC5/CapSense_Pins.c **** * 
  28:.\Generated_Source\PSoC5/CapSense_Pins.c **** * Parameters:  
  29:.\Generated_Source\PSoC5/CapSense_Pins.c **** *  mode: Desired drive mode.
  30:.\Generated_Source\PSoC5/CapSense_Pins.c **** *
  31:.\Generated_Source\PSoC5/CapSense_Pins.c **** * Return: 
  32:.\Generated_Source\PSoC5/CapSense_Pins.c **** *  None
  33:.\Generated_Source\PSoC5/CapSense_Pins.c **** *
  34:.\Generated_Source\PSoC5/CapSense_Pins.c **** *******************************************************************************/
  35:.\Generated_Source\PSoC5/CapSense_Pins.c **** void CapSense_SetAllSensorsDriveMode(uint8 mode) 
  36:.\Generated_Source\PSoC5/CapSense_Pins.c **** {
  32              		.loc 1 36 0
  33              		.cfi_startproc
  34              		@ args = 0, pretend = 0, frame = 8
  35              		@ frame_needed = 1, uses_anonymous_args = 0
  36              		@ link register save eliminated.
  37 0000 80B4     		push	{r7}
  38              	.LCFI0:
  39              		.cfi_def_cfa_offset 4
  40 0002 83B0     		sub	sp, sp, #12
  41              	.LCFI1:
  42              		.cfi_def_cfa_offset 16
  43 0004 00AF     		add	r7, sp, #0
  44              		.cfi_offset 7, -4
  45              	.LCFI2:
  46              		.cfi_def_cfa_register 7
  47 0006 0346     		mov	r3, r0
  48 0008 FB71     		strb	r3, [r7, #7]
  37:.\Generated_Source\PSoC5/CapSense_Pins.c ****     /* Set pins drive mode */
  38:.\Generated_Source\PSoC5/CapSense_Pins.c ****     CyPins_SetPinDriveMode(CapSense_PortCH0__Button0__BTN, mode);
  49              		.loc 1 38 0
  50 000a 45F22D03 		movw	r3, #:lower16:1073762349
  51 000e C4F20003 		movt	r3, #:upper16:1073762349
  52 0012 45F22D02 		movw	r2, #:lower16:1073762349
  53 0016 C4F20002 		movt	r2, #:upper16:1073762349
  54 001a 1278     		ldrb	r2, [r2, #0]
  55 001c D2B2     		uxtb	r2, r2
  56 001e D1B2     		uxtb	r1, r2
  57 0020 01F0F101 		and	r1, r1, #241
  58 0024 FA79     		ldrb	r2, [r7, #7]	@ zero_extendqisi2
  59 0026 D2B2     		uxtb	r2, r2
  60 0028 02F00E02 		and	r2, r2, #14
  61 002c 41EA0202 		orr	r2, r1, r2
  62 0030 D2B2     		uxtb	r2, r2
  63 0032 D2B2     		uxtb	r2, r2
  64 0034 1A70     		strb	r2, [r3, #0]
  39:.\Generated_Source\PSoC5/CapSense_Pins.c ****     CyPins_SetPinDriveMode(CapSense_PortCH0__Button1__BTN, mode);
  65              		.loc 1 39 0
  66 0036 45F22E03 		movw	r3, #:lower16:1073762350
  67 003a C4F20003 		movt	r3, #:upper16:1073762350
  68 003e 45F22E02 		movw	r2, #:lower16:1073762350
  69 0042 C4F20002 		movt	r2, #:upper16:1073762350
  70 0046 1278     		ldrb	r2, [r2, #0]
  71 0048 D2B2     		uxtb	r2, r2
ARM GAS  C:\Users\dmtucker\AppData\Local\Temp\cc0zdEfi.s 			page 3


  72 004a D1B2     		uxtb	r1, r2
  73 004c 01F0F101 		and	r1, r1, #241
  74 0050 FA79     		ldrb	r2, [r7, #7]	@ zero_extendqisi2
  75 0052 D2B2     		uxtb	r2, r2
  76 0054 02F00E02 		and	r2, r2, #14
  77 0058 41EA0202 		orr	r2, r1, r2
  78 005c D2B2     		uxtb	r2, r2
  79 005e D2B2     		uxtb	r2, r2
  80 0060 1A70     		strb	r2, [r3, #0]
  40:.\Generated_Source\PSoC5/CapSense_Pins.c ****     CyPins_SetPinDriveMode(CapSense_PortCH0__LinearSlider0_e0__LS, mode);
  81              		.loc 1 40 0
  82 0062 45F22803 		movw	r3, #:lower16:1073762344
  83 0066 C4F20003 		movt	r3, #:upper16:1073762344
  84 006a 45F22802 		movw	r2, #:lower16:1073762344
  85 006e C4F20002 		movt	r2, #:upper16:1073762344
  86 0072 1278     		ldrb	r2, [r2, #0]
  87 0074 D2B2     		uxtb	r2, r2
  88 0076 D1B2     		uxtb	r1, r2
  89 0078 01F0F101 		and	r1, r1, #241
  90 007c FA79     		ldrb	r2, [r7, #7]	@ zero_extendqisi2
  91 007e D2B2     		uxtb	r2, r2
  92 0080 02F00E02 		and	r2, r2, #14
  93 0084 41EA0202 		orr	r2, r1, r2
  94 0088 D2B2     		uxtb	r2, r2
  95 008a D2B2     		uxtb	r2, r2
  96 008c 1A70     		strb	r2, [r3, #0]
  41:.\Generated_Source\PSoC5/CapSense_Pins.c ****     CyPins_SetPinDriveMode(CapSense_PortCH0__LinearSlider0_e1__LS, mode);
  97              		.loc 1 41 0
  98 008e 45F22903 		movw	r3, #:lower16:1073762345
  99 0092 C4F20003 		movt	r3, #:upper16:1073762345
 100 0096 45F22902 		movw	r2, #:lower16:1073762345
 101 009a C4F20002 		movt	r2, #:upper16:1073762345
 102 009e 1278     		ldrb	r2, [r2, #0]
 103 00a0 D2B2     		uxtb	r2, r2
 104 00a2 D1B2     		uxtb	r1, r2
 105 00a4 01F0F101 		and	r1, r1, #241
 106 00a8 FA79     		ldrb	r2, [r7, #7]	@ zero_extendqisi2
 107 00aa D2B2     		uxtb	r2, r2
 108 00ac 02F00E02 		and	r2, r2, #14
 109 00b0 41EA0202 		orr	r2, r1, r2
 110 00b4 D2B2     		uxtb	r2, r2
 111 00b6 D2B2     		uxtb	r2, r2
 112 00b8 1A70     		strb	r2, [r3, #0]
  42:.\Generated_Source\PSoC5/CapSense_Pins.c ****     CyPins_SetPinDriveMode(CapSense_PortCH0__LinearSlider0_e2__LS, mode);
 113              		.loc 1 42 0
 114 00ba 45F22A03 		movw	r3, #:lower16:1073762346
 115 00be C4F20003 		movt	r3, #:upper16:1073762346
 116 00c2 45F22A02 		movw	r2, #:lower16:1073762346
 117 00c6 C4F20002 		movt	r2, #:upper16:1073762346
 118 00ca 1278     		ldrb	r2, [r2, #0]
 119 00cc D2B2     		uxtb	r2, r2
 120 00ce D1B2     		uxtb	r1, r2
 121 00d0 01F0F101 		and	r1, r1, #241
 122 00d4 FA79     		ldrb	r2, [r7, #7]	@ zero_extendqisi2
 123 00d6 D2B2     		uxtb	r2, r2
 124 00d8 02F00E02 		and	r2, r2, #14
 125 00dc 41EA0202 		orr	r2, r1, r2
ARM GAS  C:\Users\dmtucker\AppData\Local\Temp\cc0zdEfi.s 			page 4


 126 00e0 D2B2     		uxtb	r2, r2
 127 00e2 D2B2     		uxtb	r2, r2
 128 00e4 1A70     		strb	r2, [r3, #0]
  43:.\Generated_Source\PSoC5/CapSense_Pins.c ****     CyPins_SetPinDriveMode(CapSense_PortCH0__LinearSlider0_e3__LS, mode);
 129              		.loc 1 43 0
 130 00e6 45F22B03 		movw	r3, #:lower16:1073762347
 131 00ea C4F20003 		movt	r3, #:upper16:1073762347
 132 00ee 45F22B02 		movw	r2, #:lower16:1073762347
 133 00f2 C4F20002 		movt	r2, #:upper16:1073762347
 134 00f6 1278     		ldrb	r2, [r2, #0]
 135 00f8 D2B2     		uxtb	r2, r2
 136 00fa D1B2     		uxtb	r1, r2
 137 00fc 01F0F101 		and	r1, r1, #241
 138 0100 FA79     		ldrb	r2, [r7, #7]	@ zero_extendqisi2
 139 0102 D2B2     		uxtb	r2, r2
 140 0104 02F00E02 		and	r2, r2, #14
 141 0108 41EA0202 		orr	r2, r1, r2
 142 010c D2B2     		uxtb	r2, r2
 143 010e D2B2     		uxtb	r2, r2
 144 0110 1A70     		strb	r2, [r3, #0]
  44:.\Generated_Source\PSoC5/CapSense_Pins.c ****     CyPins_SetPinDriveMode(CapSense_PortCH0__LinearSlider0_e4__LS, mode);
 145              		.loc 1 44 0
 146 0112 45F22C03 		movw	r3, #:lower16:1073762348
 147 0116 C4F20003 		movt	r3, #:upper16:1073762348
 148 011a 45F22C02 		movw	r2, #:lower16:1073762348
 149 011e C4F20002 		movt	r2, #:upper16:1073762348
 150 0122 1278     		ldrb	r2, [r2, #0]
 151 0124 D2B2     		uxtb	r2, r2
 152 0126 D1B2     		uxtb	r1, r2
 153 0128 01F0F101 		and	r1, r1, #241
 154 012c FA79     		ldrb	r2, [r7, #7]	@ zero_extendqisi2
 155 012e D2B2     		uxtb	r2, r2
 156 0130 02F00E02 		and	r2, r2, #14
 157 0134 41EA0202 		orr	r2, r1, r2
 158 0138 D2B2     		uxtb	r2, r2
 159 013a D2B2     		uxtb	r2, r2
 160 013c 1A70     		strb	r2, [r3, #0]
  45:.\Generated_Source\PSoC5/CapSense_Pins.c **** 
  46:.\Generated_Source\PSoC5/CapSense_Pins.c **** }
 161              		.loc 1 46 0
 162 013e 07F10C07 		add	r7, r7, #12
 163 0142 BD46     		mov	sp, r7
 164 0144 80BC     		pop	{r7}
 165 0146 7047     		bx	lr
 166              		.cfi_endproc
 167              	.LFE0:
 168              		.size	CapSense_SetAllSensorsDriveMode, .-CapSense_SetAllSensorsDriveMode
 169              		.section	.text.CapSense_SetAllCmodsDriveMode,"ax",%progbits
 170              		.align	2
 171              		.global	CapSense_SetAllCmodsDriveMode
 172              		.thumb
 173              		.thumb_func
 174              		.type	CapSense_SetAllCmodsDriveMode, %function
 175              	CapSense_SetAllCmodsDriveMode:
 176              	.LFB1:
  47:.\Generated_Source\PSoC5/CapSense_Pins.c **** 
  48:.\Generated_Source\PSoC5/CapSense_Pins.c **** 
ARM GAS  C:\Users\dmtucker\AppData\Local\Temp\cc0zdEfi.s 			page 5


  49:.\Generated_Source\PSoC5/CapSense_Pins.c **** 
  50:.\Generated_Source\PSoC5/CapSense_Pins.c **** /*******************************************************************************
  51:.\Generated_Source\PSoC5/CapSense_Pins.c **** * Function Name: CapSense_SetAllCmodsDriveMode
  52:.\Generated_Source\PSoC5/CapSense_Pins.c **** ********************************************************************************
  53:.\Generated_Source\PSoC5/CapSense_Pins.c **** *
  54:.\Generated_Source\PSoC5/CapSense_Pins.c **** * Summary:
  55:.\Generated_Source\PSoC5/CapSense_Pins.c **** *  Sets the drive mode for the all pins used by Cmod capacitors within CapSense 
  56:.\Generated_Source\PSoC5/CapSense_Pins.c **** *  component.
  57:.\Generated_Source\PSoC5/CapSense_Pins.c **** * 
  58:.\Generated_Source\PSoC5/CapSense_Pins.c **** * Parameters:  
  59:.\Generated_Source\PSoC5/CapSense_Pins.c **** *  mode: Desired drive mode.
  60:.\Generated_Source\PSoC5/CapSense_Pins.c **** *
  61:.\Generated_Source\PSoC5/CapSense_Pins.c **** * Return: 
  62:.\Generated_Source\PSoC5/CapSense_Pins.c **** *  None
  63:.\Generated_Source\PSoC5/CapSense_Pins.c **** *
  64:.\Generated_Source\PSoC5/CapSense_Pins.c **** *******************************************************************************/
  65:.\Generated_Source\PSoC5/CapSense_Pins.c **** void CapSense_SetAllCmodsDriveMode(uint8 mode) 
  66:.\Generated_Source\PSoC5/CapSense_Pins.c **** {
 177              		.loc 1 66 0
 178              		.cfi_startproc
 179              		@ args = 0, pretend = 0, frame = 8
 180              		@ frame_needed = 1, uses_anonymous_args = 0
 181              		@ link register save eliminated.
 182 0000 80B4     		push	{r7}
 183              	.LCFI3:
 184              		.cfi_def_cfa_offset 4
 185 0002 83B0     		sub	sp, sp, #12
 186              	.LCFI4:
 187              		.cfi_def_cfa_offset 16
 188 0004 00AF     		add	r7, sp, #0
 189              		.cfi_offset 7, -4
 190              	.LCFI5:
 191              		.cfi_def_cfa_register 7
 192 0006 0346     		mov	r3, r0
 193 0008 FB71     		strb	r3, [r7, #7]
  67:.\Generated_Source\PSoC5/CapSense_Pins.c ****    /* Set pins drive mode */
  68:.\Generated_Source\PSoC5/CapSense_Pins.c ****     CyPins_SetPinDriveMode(CapSense_CmodCH0_Cmod_CH0, mode);
 194              		.loc 1 68 0
 195 000a 45F27D03 		movw	r3, #:lower16:1073762429
 196 000e C4F20003 		movt	r3, #:upper16:1073762429
 197 0012 45F27D02 		movw	r2, #:lower16:1073762429
 198 0016 C4F20002 		movt	r2, #:upper16:1073762429
 199 001a 1278     		ldrb	r2, [r2, #0]
 200 001c D2B2     		uxtb	r2, r2
 201 001e D1B2     		uxtb	r1, r2
 202 0020 01F0F101 		and	r1, r1, #241
 203 0024 FA79     		ldrb	r2, [r7, #7]	@ zero_extendqisi2
 204 0026 D2B2     		uxtb	r2, r2
 205 0028 02F00E02 		and	r2, r2, #14
 206 002c 41EA0202 		orr	r2, r1, r2
 207 0030 D2B2     		uxtb	r2, r2
 208 0032 D2B2     		uxtb	r2, r2
 209 0034 1A70     		strb	r2, [r3, #0]
  69:.\Generated_Source\PSoC5/CapSense_Pins.c **** 
  70:.\Generated_Source\PSoC5/CapSense_Pins.c **** }
 210              		.loc 1 70 0
 211 0036 07F10C07 		add	r7, r7, #12
ARM GAS  C:\Users\dmtucker\AppData\Local\Temp\cc0zdEfi.s 			page 6


 212 003a BD46     		mov	sp, r7
 213 003c 80BC     		pop	{r7}
 214 003e 7047     		bx	lr
 215              		.cfi_endproc
 216              	.LFE1:
 217              		.size	CapSense_SetAllCmodsDriveMode, .-CapSense_SetAllCmodsDriveMode
 218              		.text
 219              	.Letext0:
 220              		.section	.debug_loc,"",%progbits
 221              	.Ldebug_loc0:
 222              	.LLST0:
 223 0000 00000000 		.4byte	.LFB0
 224 0004 02000000 		.4byte	.LCFI0
 225 0008 0100     		.2byte	0x1
 226 000a 5D       		.byte	0x5d
 227 000b 02000000 		.4byte	.LCFI0
 228 000f 04000000 		.4byte	.LCFI1
 229 0013 0200     		.2byte	0x2
 230 0015 7D       		.byte	0x7d
 231 0016 04       		.sleb128 4
 232 0017 04000000 		.4byte	.LCFI1
 233 001b 06000000 		.4byte	.LCFI2
 234 001f 0200     		.2byte	0x2
 235 0021 7D       		.byte	0x7d
 236 0022 10       		.sleb128 16
 237 0023 06000000 		.4byte	.LCFI2
 238 0027 48010000 		.4byte	.LFE0
 239 002b 0200     		.2byte	0x2
 240 002d 77       		.byte	0x77
 241 002e 10       		.sleb128 16
 242 002f 00000000 		.4byte	0x0
 243 0033 00000000 		.4byte	0x0
 244              	.LLST1:
 245 0037 00000000 		.4byte	.LFB1
 246 003b 02000000 		.4byte	.LCFI3
 247 003f 0100     		.2byte	0x1
 248 0041 5D       		.byte	0x5d
 249 0042 02000000 		.4byte	.LCFI3
 250 0046 04000000 		.4byte	.LCFI4
 251 004a 0200     		.2byte	0x2
 252 004c 7D       		.byte	0x7d
 253 004d 04       		.sleb128 4
 254 004e 04000000 		.4byte	.LCFI4
 255 0052 06000000 		.4byte	.LCFI5
 256 0056 0200     		.2byte	0x2
 257 0058 7D       		.byte	0x7d
 258 0059 10       		.sleb128 16
 259 005a 06000000 		.4byte	.LCFI5
 260 005e 40000000 		.4byte	.LFE1
 261 0062 0200     		.2byte	0x2
 262 0064 77       		.byte	0x77
 263 0065 10       		.sleb128 16
 264 0066 00000000 		.4byte	0x0
 265 006a 00000000 		.4byte	0x0
 266              		.file 2 ".\\Generated_Source\\PSoC5\\/cytypes.h"
 267              		.section	.debug_info
 268 0000 DB000000 		.4byte	0xdb
ARM GAS  C:\Users\dmtucker\AppData\Local\Temp\cc0zdEfi.s 			page 7


 269 0004 0200     		.2byte	0x2
 270 0006 00000000 		.4byte	.Ldebug_abbrev0
 271 000a 04       		.byte	0x4
 272 000b 01       		.uleb128 0x1
 273 000c C3000000 		.4byte	.LASF13
 274 0010 01       		.byte	0x1
 275 0011 83000000 		.4byte	.LASF14
 276 0015 F2000000 		.4byte	.LASF15
 277 0019 00000000 		.4byte	0x0
 278 001d 00000000 		.4byte	0x0
 279 0021 00000000 		.4byte	.Ldebug_ranges0+0x0
 280 0025 00000000 		.4byte	.Ldebug_line0
 281 0029 02       		.uleb128 0x2
 282 002a 01       		.byte	0x1
 283 002b 06       		.byte	0x6
 284 002c 20010000 		.4byte	.LASF0
 285 0030 02       		.uleb128 0x2
 286 0031 01       		.byte	0x1
 287 0032 08       		.byte	0x8
 288 0033 CF000000 		.4byte	.LASF1
 289 0037 02       		.uleb128 0x2
 290 0038 02       		.byte	0x2
 291 0039 05       		.byte	0x5
 292 003a 32010000 		.4byte	.LASF2
 293 003e 02       		.uleb128 0x2
 294 003f 02       		.byte	0x2
 295 0040 07       		.byte	0x7
 296 0041 0E000000 		.4byte	.LASF3
 297 0045 02       		.uleb128 0x2
 298 0046 04       		.byte	0x4
 299 0047 05       		.byte	0x5
 300 0048 E2000000 		.4byte	.LASF4
 301 004c 02       		.uleb128 0x2
 302 004d 04       		.byte	0x4
 303 004e 07       		.byte	0x7
 304 004f 71000000 		.4byte	.LASF5
 305 0053 02       		.uleb128 0x2
 306 0054 08       		.byte	0x8
 307 0055 05       		.byte	0x5
 308 0056 00000000 		.4byte	.LASF6
 309 005a 02       		.uleb128 0x2
 310 005b 08       		.byte	0x8
 311 005c 07       		.byte	0x7
 312 005d AC000000 		.4byte	.LASF7
 313 0061 03       		.uleb128 0x3
 314 0062 04       		.byte	0x4
 315 0063 05       		.byte	0x5
 316 0064 696E7400 		.ascii	"int\000"
 317 0068 02       		.uleb128 0x2
 318 0069 04       		.byte	0x4
 319 006a 07       		.byte	0x7
 320 006b 21000000 		.4byte	.LASF8
 321 006f 04       		.uleb128 0x4
 322 0070 1A010000 		.4byte	.LASF16
 323 0074 02       		.byte	0x2
 324 0075 4C       		.byte	0x4c
 325 0076 30000000 		.4byte	0x30
ARM GAS  C:\Users\dmtucker\AppData\Local\Temp\cc0zdEfi.s 			page 8


 326 007a 02       		.uleb128 0x2
 327 007b 04       		.byte	0x4
 328 007c 04       		.byte	0x4
 329 007d 2C010000 		.4byte	.LASF9
 330 0081 02       		.uleb128 0x2
 331 0082 08       		.byte	0x8
 332 0083 04       		.byte	0x4
 333 0084 EB000000 		.4byte	.LASF10
 334 0088 02       		.uleb128 0x2
 335 0089 01       		.byte	0x1
 336 008a 08       		.byte	0x8
 337 008b DD000000 		.4byte	.LASF11
 338 008f 05       		.uleb128 0x5
 339 0090 04       		.byte	0x4
 340 0091 07       		.byte	0x7
 341 0092 06       		.uleb128 0x6
 342 0093 01       		.byte	0x1
 343 0094 2E000000 		.4byte	.LASF17
 344 0098 01       		.byte	0x1
 345 0099 23       		.byte	0x23
 346 009a 01       		.byte	0x1
 347 009b 00000000 		.4byte	.LFB0
 348 009f 48010000 		.4byte	.LFE0
 349 00a3 00000000 		.4byte	.LLST0
 350 00a7 BA000000 		.4byte	0xba
 351 00ab 07       		.uleb128 0x7
 352 00ac 4E000000 		.4byte	.LASF12
 353 00b0 01       		.byte	0x1
 354 00b1 23       		.byte	0x23
 355 00b2 6F000000 		.4byte	0x6f
 356 00b6 02       		.byte	0x2
 357 00b7 91       		.byte	0x91
 358 00b8 77       		.sleb128 -9
 359 00b9 00       		.byte	0x0
 360 00ba 08       		.uleb128 0x8
 361 00bb 01       		.byte	0x1
 362 00bc 53000000 		.4byte	.LASF18
 363 00c0 01       		.byte	0x1
 364 00c1 41       		.byte	0x41
 365 00c2 01       		.byte	0x1
 366 00c3 00000000 		.4byte	.LFB1
 367 00c7 40000000 		.4byte	.LFE1
 368 00cb 37000000 		.4byte	.LLST1
 369 00cf 07       		.uleb128 0x7
 370 00d0 4E000000 		.4byte	.LASF12
 371 00d4 01       		.byte	0x1
 372 00d5 41       		.byte	0x41
 373 00d6 6F000000 		.4byte	0x6f
 374 00da 02       		.byte	0x2
 375 00db 91       		.byte	0x91
 376 00dc 77       		.sleb128 -9
 377 00dd 00       		.byte	0x0
 378 00de 00       		.byte	0x0
 379              		.section	.debug_abbrev
 380 0000 01       		.uleb128 0x1
 381 0001 11       		.uleb128 0x11
 382 0002 01       		.byte	0x1
ARM GAS  C:\Users\dmtucker\AppData\Local\Temp\cc0zdEfi.s 			page 9


 383 0003 25       		.uleb128 0x25
 384 0004 0E       		.uleb128 0xe
 385 0005 13       		.uleb128 0x13
 386 0006 0B       		.uleb128 0xb
 387 0007 03       		.uleb128 0x3
 388 0008 0E       		.uleb128 0xe
 389 0009 1B       		.uleb128 0x1b
 390 000a 0E       		.uleb128 0xe
 391 000b 11       		.uleb128 0x11
 392 000c 01       		.uleb128 0x1
 393 000d 52       		.uleb128 0x52
 394 000e 01       		.uleb128 0x1
 395 000f 55       		.uleb128 0x55
 396 0010 06       		.uleb128 0x6
 397 0011 10       		.uleb128 0x10
 398 0012 06       		.uleb128 0x6
 399 0013 00       		.byte	0x0
 400 0014 00       		.byte	0x0
 401 0015 02       		.uleb128 0x2
 402 0016 24       		.uleb128 0x24
 403 0017 00       		.byte	0x0
 404 0018 0B       		.uleb128 0xb
 405 0019 0B       		.uleb128 0xb
 406 001a 3E       		.uleb128 0x3e
 407 001b 0B       		.uleb128 0xb
 408 001c 03       		.uleb128 0x3
 409 001d 0E       		.uleb128 0xe
 410 001e 00       		.byte	0x0
 411 001f 00       		.byte	0x0
 412 0020 03       		.uleb128 0x3
 413 0021 24       		.uleb128 0x24
 414 0022 00       		.byte	0x0
 415 0023 0B       		.uleb128 0xb
 416 0024 0B       		.uleb128 0xb
 417 0025 3E       		.uleb128 0x3e
 418 0026 0B       		.uleb128 0xb
 419 0027 03       		.uleb128 0x3
 420 0028 08       		.uleb128 0x8
 421 0029 00       		.byte	0x0
 422 002a 00       		.byte	0x0
 423 002b 04       		.uleb128 0x4
 424 002c 16       		.uleb128 0x16
 425 002d 00       		.byte	0x0
 426 002e 03       		.uleb128 0x3
 427 002f 0E       		.uleb128 0xe
 428 0030 3A       		.uleb128 0x3a
 429 0031 0B       		.uleb128 0xb
 430 0032 3B       		.uleb128 0x3b
 431 0033 0B       		.uleb128 0xb
 432 0034 49       		.uleb128 0x49
 433 0035 13       		.uleb128 0x13
 434 0036 00       		.byte	0x0
 435 0037 00       		.byte	0x0
 436 0038 05       		.uleb128 0x5
 437 0039 24       		.uleb128 0x24
 438 003a 00       		.byte	0x0
 439 003b 0B       		.uleb128 0xb
ARM GAS  C:\Users\dmtucker\AppData\Local\Temp\cc0zdEfi.s 			page 10


 440 003c 0B       		.uleb128 0xb
 441 003d 3E       		.uleb128 0x3e
 442 003e 0B       		.uleb128 0xb
 443 003f 00       		.byte	0x0
 444 0040 00       		.byte	0x0
 445 0041 06       		.uleb128 0x6
 446 0042 2E       		.uleb128 0x2e
 447 0043 01       		.byte	0x1
 448 0044 3F       		.uleb128 0x3f
 449 0045 0C       		.uleb128 0xc
 450 0046 03       		.uleb128 0x3
 451 0047 0E       		.uleb128 0xe
 452 0048 3A       		.uleb128 0x3a
 453 0049 0B       		.uleb128 0xb
 454 004a 3B       		.uleb128 0x3b
 455 004b 0B       		.uleb128 0xb
 456 004c 27       		.uleb128 0x27
 457 004d 0C       		.uleb128 0xc
 458 004e 11       		.uleb128 0x11
 459 004f 01       		.uleb128 0x1
 460 0050 12       		.uleb128 0x12
 461 0051 01       		.uleb128 0x1
 462 0052 40       		.uleb128 0x40
 463 0053 06       		.uleb128 0x6
 464 0054 01       		.uleb128 0x1
 465 0055 13       		.uleb128 0x13
 466 0056 00       		.byte	0x0
 467 0057 00       		.byte	0x0
 468 0058 07       		.uleb128 0x7
 469 0059 05       		.uleb128 0x5
 470 005a 00       		.byte	0x0
 471 005b 03       		.uleb128 0x3
 472 005c 0E       		.uleb128 0xe
 473 005d 3A       		.uleb128 0x3a
 474 005e 0B       		.uleb128 0xb
 475 005f 3B       		.uleb128 0x3b
 476 0060 0B       		.uleb128 0xb
 477 0061 49       		.uleb128 0x49
 478 0062 13       		.uleb128 0x13
 479 0063 02       		.uleb128 0x2
 480 0064 0A       		.uleb128 0xa
 481 0065 00       		.byte	0x0
 482 0066 00       		.byte	0x0
 483 0067 08       		.uleb128 0x8
 484 0068 2E       		.uleb128 0x2e
 485 0069 01       		.byte	0x1
 486 006a 3F       		.uleb128 0x3f
 487 006b 0C       		.uleb128 0xc
 488 006c 03       		.uleb128 0x3
 489 006d 0E       		.uleb128 0xe
 490 006e 3A       		.uleb128 0x3a
 491 006f 0B       		.uleb128 0xb
 492 0070 3B       		.uleb128 0x3b
 493 0071 0B       		.uleb128 0xb
 494 0072 27       		.uleb128 0x27
 495 0073 0C       		.uleb128 0xc
 496 0074 11       		.uleb128 0x11
ARM GAS  C:\Users\dmtucker\AppData\Local\Temp\cc0zdEfi.s 			page 11


 497 0075 01       		.uleb128 0x1
 498 0076 12       		.uleb128 0x12
 499 0077 01       		.uleb128 0x1
 500 0078 40       		.uleb128 0x40
 501 0079 06       		.uleb128 0x6
 502 007a 00       		.byte	0x0
 503 007b 00       		.byte	0x0
 504 007c 00       		.byte	0x0
 505              		.section	.debug_pubnames,"",%progbits
 506 0000 54000000 		.4byte	0x54
 507 0004 0200     		.2byte	0x2
 508 0006 00000000 		.4byte	.Ldebug_info0
 509 000a DF000000 		.4byte	0xdf
 510 000e 92000000 		.4byte	0x92
 511 0012 43617053 		.ascii	"CapSense_SetAllSensorsDriveMode\000"
 511      656E7365 
 511      5F536574 
 511      416C6C53 
 511      656E736F 
 512 0032 BA000000 		.4byte	0xba
 513 0036 43617053 		.ascii	"CapSense_SetAllCmodsDriveMode\000"
 513      656E7365 
 513      5F536574 
 513      416C6C43 
 513      6D6F6473 
 514 0054 00000000 		.4byte	0x0
 515              		.section	.debug_aranges,"",%progbits
 516 0000 24000000 		.4byte	0x24
 517 0004 0200     		.2byte	0x2
 518 0006 00000000 		.4byte	.Ldebug_info0
 519 000a 04       		.byte	0x4
 520 000b 00       		.byte	0x0
 521 000c 0000     		.2byte	0x0
 522 000e 0000     		.2byte	0x0
 523 0010 00000000 		.4byte	.LFB0
 524 0014 48010000 		.4byte	.LFE0-.LFB0
 525 0018 00000000 		.4byte	.LFB1
 526 001c 40000000 		.4byte	.LFE1-.LFB1
 527 0020 00000000 		.4byte	0x0
 528 0024 00000000 		.4byte	0x0
 529              		.section	.debug_ranges,"",%progbits
 530              	.Ldebug_ranges0:
 531 0000 00000000 		.4byte	.Ltext0
 532 0004 00000000 		.4byte	.Letext0
 533 0008 00000000 		.4byte	.LFB0
 534 000c 48010000 		.4byte	.LFE0
 535 0010 00000000 		.4byte	.LFB1
 536 0014 40000000 		.4byte	.LFE1
 537 0018 00000000 		.4byte	0x0
 538 001c 00000000 		.4byte	0x0
 539              		.section	.debug_str,"MS",%progbits,1
 540              	.LASF6:
 541 0000 6C6F6E67 		.ascii	"long long int\000"
 541      206C6F6E 
 541      6720696E 
 541      7400
 542              	.LASF3:
ARM GAS  C:\Users\dmtucker\AppData\Local\Temp\cc0zdEfi.s 			page 12


 543 000e 73686F72 		.ascii	"short unsigned int\000"
 543      7420756E 
 543      7369676E 
 543      65642069 
 543      6E7400
 544              	.LASF8:
 545 0021 756E7369 		.ascii	"unsigned int\000"
 545      676E6564 
 545      20696E74 
 545      00
 546              	.LASF17:
 547 002e 43617053 		.ascii	"CapSense_SetAllSensorsDriveMode\000"
 547      656E7365 
 547      5F536574 
 547      416C6C53 
 547      656E736F 
 548              	.LASF12:
 549 004e 6D6F6465 		.ascii	"mode\000"
 549      00
 550              	.LASF18:
 551 0053 43617053 		.ascii	"CapSense_SetAllCmodsDriveMode\000"
 551      656E7365 
 551      5F536574 
 551      416C6C43 
 551      6D6F6473 
 552              	.LASF5:
 553 0071 6C6F6E67 		.ascii	"long unsigned int\000"
 553      20756E73 
 553      69676E65 
 553      6420696E 
 553      7400
 554              	.LASF14:
 555 0083 2E5C4765 		.ascii	".\\Generated_Source\\PSoC5\\CapSense_Pins.c\000"
 555      6E657261 
 555      7465645F 
 555      536F7572 
 555      63655C50 
 556              	.LASF7:
 557 00ac 6C6F6E67 		.ascii	"long long unsigned int\000"
 557      206C6F6E 
 557      6720756E 
 557      7369676E 
 557      65642069 
 558              	.LASF13:
 559 00c3 474E5520 		.ascii	"GNU C 4.4.1\000"
 559      4320342E 
 559      342E3100 
 560              	.LASF1:
 561 00cf 756E7369 		.ascii	"unsigned char\000"
 561      676E6564 
 561      20636861 
 561      7200
 562              	.LASF11:
 563 00dd 63686172 		.ascii	"char\000"
 563      00
 564              	.LASF4:
 565 00e2 6C6F6E67 		.ascii	"long int\000"
ARM GAS  C:\Users\dmtucker\AppData\Local\Temp\cc0zdEfi.s 			page 13


 565      20696E74 
 565      00
 566              	.LASF10:
 567 00eb 646F7562 		.ascii	"double\000"
 567      6C6500
 568              	.LASF15:
 569 00f2 463A5C50 		.ascii	"F:\\PSoC Creator\\connect4\\connect4.cydsn\000"
 569      536F4320 
 569      43726561 
 569      746F725C 
 569      636F6E6E 
 570              	.LASF16:
 571 011a 75696E74 		.ascii	"uint8\000"
 571      3800
 572              	.LASF0:
 573 0120 7369676E 		.ascii	"signed char\000"
 573      65642063 
 573      68617200 
 574              	.LASF9:
 575 012c 666C6F61 		.ascii	"float\000"
 575      7400
 576              	.LASF2:
 577 0132 73686F72 		.ascii	"short int\000"
 577      7420696E 
 577      7400
 578              		.ident	"GCC: (Sourcery G++ Lite 2010q1-188) 4.4.1"
