--------------- Build Started: 06/09/2013 19:02:23 Project: trials, Configuration: ARM GCC 4.4.1 Debug ---------------
cydsfit.exe "-.appdatapath" "C:\Documents and Settings\david\Local Settings\Application Data\Cypress Semiconductor\PSoC Creator\2.2" "-.fdsnotice" "-.fdswarpdepfile=warp_dependencies.txt" "-.fdselabdepfile=elab_dependencies.txt" "-.fdsbldfile=generated_files.txt" "-p" "E:\PSoC Creator\connect4\trials.cydsn\trials.cyprj" "-d" "CY8C5868AXI-LP035" "-s" "E:\PSoC Creator\connect4\trials.cydsn\Generated_Source\PSoC5" "--" "-yv2" "-v3" "-ygs" "-q10" "-o2" "-.fftcfgtype=LE"
Elaborating Design...
HDL Generation ...
Synthesis ...
Place and Route ...
Tech mapping ...
Info: mpr.M0037: Unused pieces of the design have been optimized out. See the Tech mapping section of the report file for details. (App=cydsfit)
Analog Placement ...
Analog Routing ...
Analog Code Generation ...
Digital Placement ...
Digital Routing ...
Bitstream Generation ...
Static timing analysis ...
API Generation ...
Dependency Generation ...
Clean Temporary Files ...
arm-none-eabi-gcc.exe -I. -Wno-main -I./Generated_Source/PSoC5 -mcpu=cortex-m3 -mthumb -Wall -g -D DEBUG -Wa,-alh=.\CortexM3\ARM_GCC_441\Debug\main.lst -ffunction-sections -c .\main.c -o .\CortexM3\ARM_GCC_441\Debug\main.o
.\main.c: In function 'main':
.\main.c:34: warning: large integer implicitly truncated to unsigned type
arm-none-eabi-gcc.exe -I. -Wno-main -I./Generated_Source/PSoC5 -mcpu=cortex-m3 -mthumb -Wall -g -D DEBUG -Wa,-alh=.\CortexM3\ARM_GCC_441\Debug\Timer.lst -ffunction-sections -c .\Generated_Source\PSoC5\Timer.c -o .\CortexM3\ARM_GCC_441\Debug\Timer.o
arm-none-eabi-gcc.exe -I. -Wno-main -I./Generated_Source/PSoC5 -mcpu=cortex-m3 -mthumb -Wall -g -D DEBUG -Wa,-alh=.\CortexM3\ARM_GCC_441\Debug\Timer_PM.lst -ffunction-sections -c .\Generated_Source\PSoC5\Timer_PM.c -o .\CortexM3\ARM_GCC_441\Debug\Timer_PM.o
arm-none-eabi-gcc.exe -I. -Wno-main -I./Generated_Source/PSoC5 -mcpu=cortex-m3 -mthumb -Wall -g -D DEBUG -Wa,-alh=.\CortexM3\ARM_GCC_441\Debug\LCD.lst -ffunction-sections -c .\Generated_Source\PSoC5\LCD.c -o .\CortexM3\ARM_GCC_441\Debug\LCD.o
arm-none-eabi-gcc.exe -I. -Wno-main -I./Generated_Source/PSoC5 -mcpu=cortex-m3 -mthumb -Wall -g -D DEBUG -Wa,-alh=.\CortexM3\ARM_GCC_441\Debug\LCD_PM.lst -ffunction-sections -c .\Generated_Source\PSoC5\LCD_PM.c -o .\CortexM3\ARM_GCC_441\Debug\LCD_PM.o
arm-none-eabi-gcc.exe -I. -Wno-main -I./Generated_Source/PSoC5 -mcpu=cortex-m3 -mthumb -Wall -g -D DEBUG -Wa,-alh=.\CortexM3\ARM_GCC_441\Debug\ISR.lst -ffunction-sections -c .\Generated_Source\PSoC5\ISR.c -o .\CortexM3\ARM_GCC_441\Debug\ISR.o
arm-none-eabi-gcc.exe -I. -Wno-main -I./Generated_Source/PSoC5 -mcpu=cortex-m3 -mthumb -Wall -g -D DEBUG -Wa,-alh=.\CortexM3\ARM_GCC_441\Debug\LCD_LCDPort.lst -ffunction-sections -c .\Generated_Source\PSoC5\LCD_LCDPort.c -o .\CortexM3\ARM_GCC_441\Debug\LCD_LCDPort.o
arm-none-eabi-gcc.exe -I. -Wno-main -I./Generated_Source/PSoC5 -mcpu=cortex-m3 -mthumb -Wall -g -D DEBUG -Wa,-alh=.\CortexM3\ARM_GCC_441\Debug\Cm3Start.lst -ffunction-sections -c .\Generated_Source\PSoC5\Cm3Start.c -o .\CortexM3\ARM_GCC_441\Debug\Cm3Start.o
arm-none-eabi-gcc.exe -I. -Wno-main -I./Generated_Source/PSoC5 -mcpu=cortex-m3 -mthumb -Wall -g -D DEBUG -Wa,-alh=.\CortexM3\ARM_GCC_441\Debug\core_cm3.lst -ffunction-sections -c .\Generated_Source\PSoC5\core_cm3.c -o .\CortexM3\ARM_GCC_441\Debug\core_cm3.o
arm-none-eabi-as.exe -I. -I./Generated_Source/PSoC5 -mcpu=cortex-m3 -mthumb -g -alh=.\CortexM3\ARM_GCC_441\Debug/CyBootAsmGnu.lst -o .\CortexM3\ARM_GCC_441\Debug\CyBootAsmGnu.o .\Generated_Source\PSoC5\CyBootAsmGnu.s
arm-none-eabi-gcc.exe -I. -Wno-main -I./Generated_Source/PSoC5 -mcpu=cortex-m3 -mthumb -Wall -g -D DEBUG -Wa,-alh=.\CortexM3\ARM_GCC_441\Debug\CyDmac.lst -ffunction-sections -c .\Generated_Source\PSoC5\CyDmac.c -o .\CortexM3\ARM_GCC_441\Debug\CyDmac.o
arm-none-eabi-gcc.exe -I. -Wno-main -I./Generated_Source/PSoC5 -mcpu=cortex-m3 -mthumb -Wall -g -D DEBUG -Wa,-alh=.\CortexM3\ARM_GCC_441\Debug\CyFlash.lst -ffunction-sections -c .\Generated_Source\PSoC5\CyFlash.c -o .\CortexM3\ARM_GCC_441\Debug\CyFlash.o
arm-none-eabi-gcc.exe -I. -Wno-main -I./Generated_Source/PSoC5 -mcpu=cortex-m3 -mthumb -Wall -g -D DEBUG -Wa,-alh=.\CortexM3\ARM_GCC_441\Debug\CyLib.lst -ffunction-sections -c .\Generated_Source\PSoC5\CyLib.c -o .\CortexM3\ARM_GCC_441\Debug\CyLib.o
arm-none-eabi-gcc.exe -I. -Wno-main -I./Generated_Source/PSoC5 -mcpu=cortex-m3 -mthumb -Wall -g -D DEBUG -Wa,-alh=.\CortexM3\ARM_GCC_441\Debug\cyPm.lst -ffunction-sections -c .\Generated_Source\PSoC5\cyPm.c -o .\CortexM3\ARM_GCC_441\Debug\cyPm.o
arm-none-eabi-gcc.exe -I. -Wno-main -I./Generated_Source/PSoC5 -mcpu=cortex-m3 -mthumb -Wall -g -D DEBUG -Wa,-alh=.\CortexM3\ARM_GCC_441\Debug\CySpc.lst -ffunction-sections -c .\Generated_Source\PSoC5\CySpc.c -o .\CortexM3\ARM_GCC_441\Debug\CySpc.o
arm-none-eabi-gcc.exe -I. -Wno-main -I./Generated_Source/PSoC5 -mcpu=cortex-m3 -mthumb -Wall -g -D DEBUG -Wa,-alh=.\CortexM3\ARM_GCC_441\Debug\cyutils.lst -ffunction-sections -c .\Generated_Source\PSoC5\cyutils.c -o .\CortexM3\ARM_GCC_441\Debug\cyutils.o
arm-none-eabi-gcc.exe -I. -Wno-main -I./Generated_Source/PSoC5 -mcpu=cortex-m3 -mthumb -Wall -g -D DEBUG -Wa,-alh=.\CortexM3\ARM_GCC_441\Debug\cyfitter_cfg.lst -ffunction-sections -c .\Generated_Source\PSoC5\cyfitter_cfg.c -o .\CortexM3\ARM_GCC_441\Debug\cyfitter_cfg.o
arm-none-eabi-ar.exe -rs .\CortexM3\ARM_GCC_441\Debug\trials.a .\CortexM3\ARM_GCC_441\Debug\Timer.o .\CortexM3\ARM_GCC_441\Debug\Timer_PM.o .\CortexM3\ARM_GCC_441\Debug\LCD.o .\CortexM3\ARM_GCC_441\Debug\LCD_PM.o .\CortexM3\ARM_GCC_441\Debug\ISR.o .\CortexM3\ARM_GCC_441\Debug\LCD_LCDPort.o .\CortexM3\ARM_GCC_441\Debug\core_cm3.o .\CortexM3\ARM_GCC_441\Debug\CyBootAsmGnu.o .\CortexM3\ARM_GCC_441\Debug\CyDmac.o .\CortexM3\ARM_GCC_441\Debug\CyFlash.o .\CortexM3\ARM_GCC_441\Debug\CyLib.o .\CortexM3\ARM_GCC_441\Debug\cyPm.o .\CortexM3\ARM_GCC_441\Debug\CySpc.o .\CortexM3\ARM_GCC_441\Debug\cyutils.o .\CortexM3\ARM_GCC_441\Debug\cyfitter_cfg.o
arm-none-eabi-ar.exe: creating .\CortexM3\ARM_GCC_441\Debug\trials.a
arm-none-eabi-gcc.exe -mthumb -march=armv7-m -mfix-cortex-m3-ldrd -T .\Generated_Source\PSoC5\cm3gcc.ld -g -Wl,-Map,.\CortexM3\ARM_GCC_441\Debug\trials.map -Wl,--gc-sections -Wl,--start-group -o .\CortexM3\ARM_GCC_441\Debug\trials.elf .\CortexM3\ARM_GCC_441\Debug\main.o .\CortexM3\ARM_GCC_441\Debug\Cm3Start.o .\CortexM3\ARM_GCC_441\Debug\trials.a "C:\Program Files\Cypress\PSoC Creator\2.2\PSoC Creator\psoc\content\cycomponentlibrary\CyComponentLibrary.cylib\CortexM3\ARM_GCC_441\Debug\CyComponentLibrary.a" -Wl,--end-group
arm-none-eabi-objcopy.exe -O ihex .\CortexM3\ARM_GCC_441\Debug\trials.elf .\CortexM3\ARM_GCC_441\Debug\trials.ihx
cyhextool -o .\CortexM3\ARM_GCC_441\Debug\trials.hex -f .\CortexM3\ARM_GCC_441\Debug\trials.ihx -prot .\Generated_Source\PSoC5\protect.hex -id 2E123069 -a EEPROM=90200000:800,PROGRAM=00000000:40000,CONFIG=80000000:8000,PROTECT=90400000:100 -meta 0001 -cunv 00004005 -wonv BC90ACAF -ecc .\Generated_Source\PSoC5\config.hex
Flash used: 4800 of 262144 bytes (1.8 %).
SRAM used: 300 of 65536 bytes (0.5 %).
--------------- Build Succeeded: 06/09/2013 19:04:22 ---------------
