ARM GAS  C:\DOCUME~1\dtucker\LOCALS~1\Temp\cc6yNXCI.s 			page 1


   1              		.syntax unified
   2              		.cpu cortex-m3
   3              		.fpu softvfp
   4              		.eabi_attribute 20, 1
   5              		.eabi_attribute 21, 1
   6              		.eabi_attribute 23, 3
   7              		.eabi_attribute 24, 1
   8              		.eabi_attribute 25, 1
   9              		.eabi_attribute 26, 1
  10              		.eabi_attribute 30, 6
  11              		.eabi_attribute 18, 4
  12              		.thumb
  13              		.file	"Cm3Start.c"
  14              		.section	.debug_abbrev,"",%progbits
  15              	.Ldebug_abbrev0:
  16              		.section	.debug_info,"",%progbits
  17              	.Ldebug_info0:
  18              		.section	.debug_line,"",%progbits
  19              	.Ldebug_line0:
  20 0000 B0000000 		.text
  20      02006C00 
  20      00000201 
  20      FB0E0D00 
  20      01010101 
  21              	.Ltext0:
  22              		.cfi_sections	.debug_frame
  23              		.global	CyRamVectors
  24              		.section	.ramvectors,"aw",%progbits
  25              		.align	8
  26              		.type	CyRamVectors, %object
  27              		.size	CyRamVectors, 192
  28              	CyRamVectors:
  29 0000 00000000 		.space	192
  29      00000000 
  29      00000000 
  29      00000000 
  29      00000000 
  30 00c0 00000000 		.section	.text.IntDefaultHandler,"ax",%progbits
  30      00000000 
  30      00000000 
  30      00000000 
  30      00000000 
  31              		.align	2
  32              		.global	IntDefaultHandler
  33              		.thumb
  34              		.thumb_func
  35              		.type	IntDefaultHandler, %function
  36              	IntDefaultHandler:
  37              	.LFB0:
  38              		.file 1 ".\\Generated_Source\\PSoC5\\Cm3Start.c"
   1:.\Generated_Source\PSoC5/Cm3Start.c **** /*******************************************************************************
   2:.\Generated_Source\PSoC5/Cm3Start.c **** * File Name: Cm3Start.c
   3:.\Generated_Source\PSoC5/Cm3Start.c **** * Version 3.30
   4:.\Generated_Source\PSoC5/Cm3Start.c **** *
   5:.\Generated_Source\PSoC5/Cm3Start.c **** *  Description:
   6:.\Generated_Source\PSoC5/Cm3Start.c **** *  Startup code for the ARM CM3.
   7:.\Generated_Source\PSoC5/Cm3Start.c **** *
ARM GAS  C:\DOCUME~1\dtucker\LOCALS~1\Temp\cc6yNXCI.s 			page 2


   8:.\Generated_Source\PSoC5/Cm3Start.c **** ********************************************************************************
   9:.\Generated_Source\PSoC5/Cm3Start.c **** * Copyright 2008-2012, Cypress Semiconductor Corporation. All rights reserved.
  10:.\Generated_Source\PSoC5/Cm3Start.c **** * You may use this file only in accordance with the license, terms, conditions,
  11:.\Generated_Source\PSoC5/Cm3Start.c **** * disclaimers, and limitations in the end user license agreement accompanying
  12:.\Generated_Source\PSoC5/Cm3Start.c **** * the software package with which this file was provided.
  13:.\Generated_Source\PSoC5/Cm3Start.c **** *******************************************************************************/
  14:.\Generated_Source\PSoC5/Cm3Start.c **** 
  15:.\Generated_Source\PSoC5/Cm3Start.c **** #include "cydevice_trm.h"
  16:.\Generated_Source\PSoC5/Cm3Start.c **** #include "cytypes.h"
  17:.\Generated_Source\PSoC5/Cm3Start.c **** #include "cyfitter_cfg.h"
  18:.\Generated_Source\PSoC5/Cm3Start.c **** #include "CyLib.h"
  19:.\Generated_Source\PSoC5/Cm3Start.c **** #include "CyDmac.h"
  20:.\Generated_Source\PSoC5/Cm3Start.c **** #include "cyfitter.h"
  21:.\Generated_Source\PSoC5/Cm3Start.c **** 
  22:.\Generated_Source\PSoC5/Cm3Start.c **** 
  23:.\Generated_Source\PSoC5/Cm3Start.c **** #define NUM_INTERRUPTS              32u
  24:.\Generated_Source\PSoC5/Cm3Start.c **** #define NUM_VECTORS                 (CYINT_IRQ_BASE+NUM_INTERRUPTS)
  25:.\Generated_Source\PSoC5/Cm3Start.c **** #define NVIC_APINT                  ((reg32 *) CYREG_NVIC_APPLN_INTR)
  26:.\Generated_Source\PSoC5/Cm3Start.c **** #define NVIC_CFG_CTRL               ((reg32 *) CYREG_NVIC_CFG_CONTROL)
  27:.\Generated_Source\PSoC5/Cm3Start.c **** #define NVIC_APINT_PRIGROUP_3_5     0x00000400u  /* Priority group 3.5 split */
  28:.\Generated_Source\PSoC5/Cm3Start.c **** #define NVIC_APINT_VECTKEY          0x05FA0000u  /* This key is required in order to write the NVIC
  29:.\Generated_Source\PSoC5/Cm3Start.c **** #define NVIC_CFG_STACKALIGN         0x00000200u  /* This specifies that the exception stack must be
  30:.\Generated_Source\PSoC5/Cm3Start.c **** 
  31:.\Generated_Source\PSoC5/Cm3Start.c **** /* Extern functions */
  32:.\Generated_Source\PSoC5/Cm3Start.c **** extern void CyBtldr_CheckLaunch(void);
  33:.\Generated_Source\PSoC5/Cm3Start.c **** 
  34:.\Generated_Source\PSoC5/Cm3Start.c **** /* Function prototypes */
  35:.\Generated_Source\PSoC5/Cm3Start.c **** void initialize_psoc(void);
  36:.\Generated_Source\PSoC5/Cm3Start.c **** CY_ISR(IntDefaultHandler);
  37:.\Generated_Source\PSoC5/Cm3Start.c **** void Reset(void);
  38:.\Generated_Source\PSoC5/Cm3Start.c **** CY_ISR(IntDefaultHandler);
  39:.\Generated_Source\PSoC5/Cm3Start.c **** 
  40:.\Generated_Source\PSoC5/Cm3Start.c **** 
  41:.\Generated_Source\PSoC5/Cm3Start.c **** /*******************************************************************************
  42:.\Generated_Source\PSoC5/Cm3Start.c **** * Default Ram Interrupt Vector table storage area. Must be 256-byte aligned.
  43:.\Generated_Source\PSoC5/Cm3Start.c **** *******************************************************************************/
  44:.\Generated_Source\PSoC5/Cm3Start.c **** __attribute__ ((section(".ramvectors")))
  45:.\Generated_Source\PSoC5/Cm3Start.c **** #if defined(__ARMCC_VERSION)
  46:.\Generated_Source\PSoC5/Cm3Start.c **** __align(256)
  47:.\Generated_Source\PSoC5/Cm3Start.c **** #elif defined (__GNUC__)
  48:.\Generated_Source\PSoC5/Cm3Start.c **** __attribute__ ((aligned(256)))
  49:.\Generated_Source\PSoC5/Cm3Start.c **** #endif
  50:.\Generated_Source\PSoC5/Cm3Start.c **** cyisraddress CyRamVectors[NUM_VECTORS];
  51:.\Generated_Source\PSoC5/Cm3Start.c **** 
  52:.\Generated_Source\PSoC5/Cm3Start.c **** 
  53:.\Generated_Source\PSoC5/Cm3Start.c **** /*******************************************************************************
  54:.\Generated_Source\PSoC5/Cm3Start.c **** * Function Name: IntDefaultHandler
  55:.\Generated_Source\PSoC5/Cm3Start.c **** ********************************************************************************
  56:.\Generated_Source\PSoC5/Cm3Start.c **** * Summary:
  57:.\Generated_Source\PSoC5/Cm3Start.c **** *  This function is called for all interrupts, other than reset, that get
  58:.\Generated_Source\PSoC5/Cm3Start.c **** *  called before the system is setup.
  59:.\Generated_Source\PSoC5/Cm3Start.c **** *
  60:.\Generated_Source\PSoC5/Cm3Start.c **** * Parameters:
  61:.\Generated_Source\PSoC5/Cm3Start.c **** *  None
  62:.\Generated_Source\PSoC5/Cm3Start.c **** *
  63:.\Generated_Source\PSoC5/Cm3Start.c **** * Return:
  64:.\Generated_Source\PSoC5/Cm3Start.c **** *  None
ARM GAS  C:\DOCUME~1\dtucker\LOCALS~1\Temp\cc6yNXCI.s 			page 3


  65:.\Generated_Source\PSoC5/Cm3Start.c **** *
  66:.\Generated_Source\PSoC5/Cm3Start.c **** * Theory:
  67:.\Generated_Source\PSoC5/Cm3Start.c **** *  Any value other than zero is acceptable.
  68:.\Generated_Source\PSoC5/Cm3Start.c **** *
  69:.\Generated_Source\PSoC5/Cm3Start.c **** *******************************************************************************/
  70:.\Generated_Source\PSoC5/Cm3Start.c **** CY_ISR(IntDefaultHandler)
  71:.\Generated_Source\PSoC5/Cm3Start.c **** {
  39              		.loc 1 71 0
  40              		.cfi_startproc
  41              		@ args = 0, pretend = 0, frame = 0
  42              		@ frame_needed = 1, uses_anonymous_args = 0
  43              		@ link register save eliminated.
  44 0000 80B4     		push	{r7}
  45              	.LCFI0:
  46              		.cfi_def_cfa_offset 4
  47 0002 00AF     		add	r7, sp, #0
  48              		.cfi_offset 7, -4
  49              	.LCFI1:
  50              		.cfi_def_cfa_register 7
  51              	.L2:
  72:.\Generated_Source\PSoC5/Cm3Start.c **** 
  73:.\Generated_Source\PSoC5/Cm3Start.c ****     while(1)
  74:.\Generated_Source\PSoC5/Cm3Start.c ****     {
  75:.\Generated_Source\PSoC5/Cm3Start.c ****         /***********************************************************************
  76:.\Generated_Source\PSoC5/Cm3Start.c ****         * We should never get here. If we do, a serious problem occured, so go
  77:.\Generated_Source\PSoC5/Cm3Start.c ****         * into an infinite loop.
  78:.\Generated_Source\PSoC5/Cm3Start.c ****         ***********************************************************************/
  79:.\Generated_Source\PSoC5/Cm3Start.c ****     }
  52              		.loc 1 79 0
  53 0004 FEE7     		b	.L2
  54              		.cfi_endproc
  55              	.LFE0:
  56              		.size	IntDefaultHandler, .-IntDefaultHandler
  57 0006 00BF     		.section	.text.Reset,"ax",%progbits
  58              		.align	2
  59              		.global	Reset
  60              		.thumb
  61              		.thumb_func
  62              		.type	Reset, %function
  63              	Reset:
  64              	.LFB1:
  80:.\Generated_Source\PSoC5/Cm3Start.c **** }
  81:.\Generated_Source\PSoC5/Cm3Start.c **** 
  82:.\Generated_Source\PSoC5/Cm3Start.c **** #if defined(__ARMCC_VERSION)
  83:.\Generated_Source\PSoC5/Cm3Start.c **** 
  84:.\Generated_Source\PSoC5/Cm3Start.c **** /* Local function for the device reset. */
  85:.\Generated_Source\PSoC5/Cm3Start.c **** extern void Reset(void);
  86:.\Generated_Source\PSoC5/Cm3Start.c **** 
  87:.\Generated_Source\PSoC5/Cm3Start.c **** /* Application entry point. */
  88:.\Generated_Source\PSoC5/Cm3Start.c **** extern void $Super$$main(void);
  89:.\Generated_Source\PSoC5/Cm3Start.c **** 
  90:.\Generated_Source\PSoC5/Cm3Start.c **** /* Linker-generated Stack Base addresses, Two Region and One Region */
  91:.\Generated_Source\PSoC5/Cm3Start.c **** extern uint32 Image$$ARM_LIB_STACK$$ZI$$Limit;
  92:.\Generated_Source\PSoC5/Cm3Start.c **** 
  93:.\Generated_Source\PSoC5/Cm3Start.c **** /* RealView C Library initialization. */
  94:.\Generated_Source\PSoC5/Cm3Start.c **** extern int __main(void);
  95:.\Generated_Source\PSoC5/Cm3Start.c **** 
ARM GAS  C:\DOCUME~1\dtucker\LOCALS~1\Temp\cc6yNXCI.s 			page 4


  96:.\Generated_Source\PSoC5/Cm3Start.c **** /*******************************************************************************
  97:.\Generated_Source\PSoC5/Cm3Start.c **** *
  98:.\Generated_Source\PSoC5/Cm3Start.c **** * Default Rom Interrupt Vector table.
  99:.\Generated_Source\PSoC5/Cm3Start.c **** *
 100:.\Generated_Source\PSoC5/Cm3Start.c **** *******************************************************************************/
 101:.\Generated_Source\PSoC5/Cm3Start.c **** #pragma diag_suppress 1296
 102:.\Generated_Source\PSoC5/Cm3Start.c **** __attribute__ ((section(".romvectors")))
 103:.\Generated_Source\PSoC5/Cm3Start.c **** const cyisraddress RomVectors[NUM_VECTORS] =
 104:.\Generated_Source\PSoC5/Cm3Start.c **** {
 105:.\Generated_Source\PSoC5/Cm3Start.c ****     (cyisraddress)(uint32)&Image$$ARM_LIB_STACK$$ZI$$Limit,             /* The initial stack pointe
 106:.\Generated_Source\PSoC5/Cm3Start.c ****     (cyisraddress)Reset,                                                /* The reset handler       
 107:.\Generated_Source\PSoC5/Cm3Start.c ****     IntDefaultHandler,                                                  /* The NMI handler         
 108:.\Generated_Source\PSoC5/Cm3Start.c ****     IntDefaultHandler,                                                  /* The hard fault handler  
 109:.\Generated_Source\PSoC5/Cm3Start.c ****     IntDefaultHandler,                                                  /* The MPU fault handler   
 110:.\Generated_Source\PSoC5/Cm3Start.c ****     IntDefaultHandler,                                                  /* The bus fault handler   
 111:.\Generated_Source\PSoC5/Cm3Start.c ****     IntDefaultHandler,                                                  /* The usage fault handler 
 112:.\Generated_Source\PSoC5/Cm3Start.c ****     IntDefaultHandler,                                                  /* Reserved                
 113:.\Generated_Source\PSoC5/Cm3Start.c ****     IntDefaultHandler,                                                  /* Reserved                
 114:.\Generated_Source\PSoC5/Cm3Start.c ****     IntDefaultHandler,                                                  /* Reserved                
 115:.\Generated_Source\PSoC5/Cm3Start.c ****     IntDefaultHandler,                                                  /* Reserved                
 116:.\Generated_Source\PSoC5/Cm3Start.c ****     IntDefaultHandler,                                                  /* SVCall handler          
 117:.\Generated_Source\PSoC5/Cm3Start.c ****     IntDefaultHandler,                                                  /* Debug monitor handler   
 118:.\Generated_Source\PSoC5/Cm3Start.c ****     IntDefaultHandler,                                                  /* Reserved                
 119:.\Generated_Source\PSoC5/Cm3Start.c ****     IntDefaultHandler,                                                  /* The PendSV handler      
 120:.\Generated_Source\PSoC5/Cm3Start.c ****     IntDefaultHandler,                                                  /* The SysTick handler     
 121:.\Generated_Source\PSoC5/Cm3Start.c ****     IntDefaultHandler,                                                  /* External Interrupt(0)   
 122:.\Generated_Source\PSoC5/Cm3Start.c ****     IntDefaultHandler,                                                  /* External Interrupt(1)   
 123:.\Generated_Source\PSoC5/Cm3Start.c ****     IntDefaultHandler,                                                  /* External Interrupt(2)   
 124:.\Generated_Source\PSoC5/Cm3Start.c ****     IntDefaultHandler,                                                  /* External Interrupt(3)   
 125:.\Generated_Source\PSoC5/Cm3Start.c ****     IntDefaultHandler,                                                  /* External Interrupt(4)   
 126:.\Generated_Source\PSoC5/Cm3Start.c ****     IntDefaultHandler,                                                  /* External Interrupt(5)   
 127:.\Generated_Source\PSoC5/Cm3Start.c ****     IntDefaultHandler,                                                  /* External Interrupt(6)   
 128:.\Generated_Source\PSoC5/Cm3Start.c ****     IntDefaultHandler,                                                  /* External Interrupt(7)   
 129:.\Generated_Source\PSoC5/Cm3Start.c ****     IntDefaultHandler,                                                  /* External Interrupt(8)   
 130:.\Generated_Source\PSoC5/Cm3Start.c ****     IntDefaultHandler,                                                  /* External Interrupt(9)   
 131:.\Generated_Source\PSoC5/Cm3Start.c ****     IntDefaultHandler,                                                  /* External Interrupt(A)   
 132:.\Generated_Source\PSoC5/Cm3Start.c ****     IntDefaultHandler,                                                  /* External Interrupt(B)   
 133:.\Generated_Source\PSoC5/Cm3Start.c ****     IntDefaultHandler,                                                  /* External Interrupt(C)   
 134:.\Generated_Source\PSoC5/Cm3Start.c ****     IntDefaultHandler,                                                  /* External Interrupt(D)   
 135:.\Generated_Source\PSoC5/Cm3Start.c ****     IntDefaultHandler,                                                  /* External Interrupt(E)   
 136:.\Generated_Source\PSoC5/Cm3Start.c ****     IntDefaultHandler,                                                  /* External Interrupt(F)   
 137:.\Generated_Source\PSoC5/Cm3Start.c ****     IntDefaultHandler,                                                  /* External Interrupt(10)  
 138:.\Generated_Source\PSoC5/Cm3Start.c ****     IntDefaultHandler,                                                  /* External Interrupt(11)  
 139:.\Generated_Source\PSoC5/Cm3Start.c ****     IntDefaultHandler,                                                  /* External Interrupt(12)  
 140:.\Generated_Source\PSoC5/Cm3Start.c ****     IntDefaultHandler,                                                  /* External Interrupt(13)  
 141:.\Generated_Source\PSoC5/Cm3Start.c ****     IntDefaultHandler,                                                  /* External Interrupt(14)  
 142:.\Generated_Source\PSoC5/Cm3Start.c ****     IntDefaultHandler,                                                  /* External Interrupt(15)  
 143:.\Generated_Source\PSoC5/Cm3Start.c ****     IntDefaultHandler,                                                  /* External Interrupt(16)  
 144:.\Generated_Source\PSoC5/Cm3Start.c ****     IntDefaultHandler,                                                  /* External Interrupt(17)  
 145:.\Generated_Source\PSoC5/Cm3Start.c ****     IntDefaultHandler,                                                  /* External Interrupt(18)  
 146:.\Generated_Source\PSoC5/Cm3Start.c ****     IntDefaultHandler,                                                  /* External Interrupt(19)  
 147:.\Generated_Source\PSoC5/Cm3Start.c ****     IntDefaultHandler,                                                  /* External Interrupt(1A)  
 148:.\Generated_Source\PSoC5/Cm3Start.c ****     IntDefaultHandler,                                                  /* External Interrupt(1B)  
 149:.\Generated_Source\PSoC5/Cm3Start.c ****     IntDefaultHandler,                                                  /* External Interrupt(1C)  
 150:.\Generated_Source\PSoC5/Cm3Start.c ****     IntDefaultHandler,                                                  /* External Interrupt(1D)  
 151:.\Generated_Source\PSoC5/Cm3Start.c ****     IntDefaultHandler,                                                  /* External Interrupt(1E)  
 152:.\Generated_Source\PSoC5/Cm3Start.c ****     IntDefaultHandler                                                   /* External Interrupt(1F)  
ARM GAS  C:\DOCUME~1\dtucker\LOCALS~1\Temp\cc6yNXCI.s 			page 5


 153:.\Generated_Source\PSoC5/Cm3Start.c **** };
 154:.\Generated_Source\PSoC5/Cm3Start.c **** 
 155:.\Generated_Source\PSoC5/Cm3Start.c **** 
 156:.\Generated_Source\PSoC5/Cm3Start.c **** /*******************************************************************************
 157:.\Generated_Source\PSoC5/Cm3Start.c **** * Function Name: Reset
 158:.\Generated_Source\PSoC5/Cm3Start.c **** ********************************************************************************
 159:.\Generated_Source\PSoC5/Cm3Start.c **** * Summary:
 160:.\Generated_Source\PSoC5/Cm3Start.c **** *  This function handles the reset interrupt for the RVDS/MDK toolchains.
 161:.\Generated_Source\PSoC5/Cm3Start.c **** *  This is the first bit of code that is executed at startup.
 162:.\Generated_Source\PSoC5/Cm3Start.c **** *
 163:.\Generated_Source\PSoC5/Cm3Start.c **** * Parameters:
 164:.\Generated_Source\PSoC5/Cm3Start.c **** *  None
 165:.\Generated_Source\PSoC5/Cm3Start.c **** *
 166:.\Generated_Source\PSoC5/Cm3Start.c **** * Return:
 167:.\Generated_Source\PSoC5/Cm3Start.c **** *  None
 168:.\Generated_Source\PSoC5/Cm3Start.c **** *
 169:.\Generated_Source\PSoC5/Cm3Start.c **** *******************************************************************************/
 170:.\Generated_Source\PSoC5/Cm3Start.c **** __asm void Reset(void)
 171:.\Generated_Source\PSoC5/Cm3Start.c **** {
 172:.\Generated_Source\PSoC5/Cm3Start.c ****     PRESERVE8
 173:.\Generated_Source\PSoC5/Cm3Start.c ****     EXTERN __main
 174:.\Generated_Source\PSoC5/Cm3Start.c ****     EXTERN CyResetStatus
 175:.\Generated_Source\PSoC5/Cm3Start.c **** 
 176:.\Generated_Source\PSoC5/Cm3Start.c ****     #if(CYDEV_BOOTLOADER_ENABLE)
 177:.\Generated_Source\PSoC5/Cm3Start.c ****         EXTERN CyBtldr_CheckLaunch
 178:.\Generated_Source\PSoC5/Cm3Start.c ****     #endif  /* (CYDEV_BOOTLOADER_ENABLE) */
 179:.\Generated_Source\PSoC5/Cm3Start.c **** 
 180:.\Generated_Source\PSoC5/Cm3Start.c **** 
 181:.\Generated_Source\PSoC5/Cm3Start.c ****     #if(CYDEV_PROJ_TYPE != CYDEV_PROJ_TYPE_LOADABLE)
 182:.\Generated_Source\PSoC5/Cm3Start.c ****         #if(CYDEV_DEBUGGING_ENABLE)
 183:.\Generated_Source\PSoC5/Cm3Start.c ****     ldr  r3, =0x400046e8 /* CYDEV_DEBUG_ENABLE_REGISTER */
 184:.\Generated_Source\PSoC5/Cm3Start.c ****             ldrb r4, [r3, #0]
 185:.\Generated_Source\PSoC5/Cm3Start.c ****             orr  r4, r4, #01
 186:.\Generated_Source\PSoC5/Cm3Start.c ****             strb r4, [r3, #0]
 187:.\Generated_Source\PSoC5/Cm3Start.c **** debugEnabled
 188:.\Generated_Source\PSoC5/Cm3Start.c ****         #endif    /* (CYDEV_DEBUGGING_ENABLE) */
 189:.\Generated_Source\PSoC5/Cm3Start.c **** 
 190:.\Generated_Source\PSoC5/Cm3Start.c ****     ldr  r3, =0x400046f8 /* CYREG_RESET_SR0 */
 191:.\Generated_Source\PSoC5/Cm3Start.c ****         ldrb r2, [r3, #0]
 192:.\Generated_Source\PSoC5/Cm3Start.c **** 
 193:.\Generated_Source\PSoC5/Cm3Start.c ****     #endif  /* (CYDEV_PROJ_TYPE != CYDEV_PROJ_TYPE_LOADABLE) */
 194:.\Generated_Source\PSoC5/Cm3Start.c **** 
 195:.\Generated_Source\PSoC5/Cm3Start.c ****     ldr  r3, =0x400076BC /* CYREG_PHUB_CFGMEM23_CFG1 */
 196:.\Generated_Source\PSoC5/Cm3Start.c ****     strb r2, [r3, #0]
 197:.\Generated_Source\PSoC5/Cm3Start.c **** 
 198:.\Generated_Source\PSoC5/Cm3Start.c ****     #if(CYDEV_BOOTLOADER_ENABLE)
 199:.\Generated_Source\PSoC5/Cm3Start.c ****         bl CyBtldr_CheckLaunch
 200:.\Generated_Source\PSoC5/Cm3Start.c ****     #endif /* (CYDEV_BOOTLOADER_ENABLE) */
 201:.\Generated_Source\PSoC5/Cm3Start.c **** 
 202:.\Generated_Source\PSoC5/Cm3Start.c ****     /* Let RealView setup the libraries. */
 203:.\Generated_Source\PSoC5/Cm3Start.c ****     bl __main
 204:.\Generated_Source\PSoC5/Cm3Start.c **** 
 205:.\Generated_Source\PSoC5/Cm3Start.c ****     ALIGN
 206:.\Generated_Source\PSoC5/Cm3Start.c **** }
 207:.\Generated_Source\PSoC5/Cm3Start.c **** 
 208:.\Generated_Source\PSoC5/Cm3Start.c **** 
 209:.\Generated_Source\PSoC5/Cm3Start.c **** /*******************************************************************************
ARM GAS  C:\DOCUME~1\dtucker\LOCALS~1\Temp\cc6yNXCI.s 			page 6


 210:.\Generated_Source\PSoC5/Cm3Start.c **** * Function Name: $Sub$$main
 211:.\Generated_Source\PSoC5/Cm3Start.c **** ********************************************************************************
 212:.\Generated_Source\PSoC5/Cm3Start.c **** * Summary:
 213:.\Generated_Source\PSoC5/Cm3Start.c **** *  This function is called imediatly before the users main
 214:.\Generated_Source\PSoC5/Cm3Start.c **** *
 215:.\Generated_Source\PSoC5/Cm3Start.c **** * Parameters:
 216:.\Generated_Source\PSoC5/Cm3Start.c **** *  None
 217:.\Generated_Source\PSoC5/Cm3Start.c **** *
 218:.\Generated_Source\PSoC5/Cm3Start.c **** * Return:
 219:.\Generated_Source\PSoC5/Cm3Start.c **** *  None
 220:.\Generated_Source\PSoC5/Cm3Start.c **** *
 221:.\Generated_Source\PSoC5/Cm3Start.c **** *******************************************************************************/
 222:.\Generated_Source\PSoC5/Cm3Start.c **** void $Sub$$main(void)
 223:.\Generated_Source\PSoC5/Cm3Start.c **** {
 224:.\Generated_Source\PSoC5/Cm3Start.c ****     initialize_psoc();
 225:.\Generated_Source\PSoC5/Cm3Start.c **** 
 226:.\Generated_Source\PSoC5/Cm3Start.c ****     /* Call original main */
 227:.\Generated_Source\PSoC5/Cm3Start.c ****     $Super$$main();
 228:.\Generated_Source\PSoC5/Cm3Start.c **** 
 229:.\Generated_Source\PSoC5/Cm3Start.c ****     /* If main returns it is undefined what we should do. */
 230:.\Generated_Source\PSoC5/Cm3Start.c ****     while (1);
 231:.\Generated_Source\PSoC5/Cm3Start.c **** }
 232:.\Generated_Source\PSoC5/Cm3Start.c **** 
 233:.\Generated_Source\PSoC5/Cm3Start.c **** #elif defined(__GNUC__)
 234:.\Generated_Source\PSoC5/Cm3Start.c **** 
 235:.\Generated_Source\PSoC5/Cm3Start.c **** extern uint32 __cs3_interrupt_vector;
 236:.\Generated_Source\PSoC5/Cm3Start.c **** extern void __cs3_start_c(void);
 237:.\Generated_Source\PSoC5/Cm3Start.c **** 
 238:.\Generated_Source\PSoC5/Cm3Start.c **** #define RomVectors (cyisraddress)(&__cs3_interrupt_vector)
 239:.\Generated_Source\PSoC5/Cm3Start.c **** 
 240:.\Generated_Source\PSoC5/Cm3Start.c **** 
 241:.\Generated_Source\PSoC5/Cm3Start.c **** /*******************************************************************************
 242:.\Generated_Source\PSoC5/Cm3Start.c **** * Function Name: Reset
 243:.\Generated_Source\PSoC5/Cm3Start.c **** ********************************************************************************
 244:.\Generated_Source\PSoC5/Cm3Start.c **** * Summary:
 245:.\Generated_Source\PSoC5/Cm3Start.c **** *  This function handles the reset interrupt for the GCC toolchain.  This is the
 246:.\Generated_Source\PSoC5/Cm3Start.c **** *  first bit of code that is executed at startup.
 247:.\Generated_Source\PSoC5/Cm3Start.c **** *
 248:.\Generated_Source\PSoC5/Cm3Start.c **** * Parameters:
 249:.\Generated_Source\PSoC5/Cm3Start.c **** *  None
 250:.\Generated_Source\PSoC5/Cm3Start.c **** *
 251:.\Generated_Source\PSoC5/Cm3Start.c **** * Return:
 252:.\Generated_Source\PSoC5/Cm3Start.c **** *  None
 253:.\Generated_Source\PSoC5/Cm3Start.c **** *
 254:.\Generated_Source\PSoC5/Cm3Start.c **** *******************************************************************************/
 255:.\Generated_Source\PSoC5/Cm3Start.c **** __attribute__ ((naked))
 256:.\Generated_Source\PSoC5/Cm3Start.c **** void Reset(void)
 257:.\Generated_Source\PSoC5/Cm3Start.c **** {
  65              		.loc 1 257 0
  66              		.cfi_startproc
  67              		@ Naked Function: prologue and epilogue provided by programmer.
  68              		@ args = 0, pretend = 0, frame = 0
  69              		@ frame_needed = 1, uses_anonymous_args = 0
 258:.\Generated_Source\PSoC5/Cm3Start.c ****     __asm volatile(
  70              		.loc 1 258 0
  71              	@ 258 ".\Generated_Source\PSoC5\Cm3Start.c" 1
  72 0000 054B     		    ldr  r3, =#1073759976
ARM GAS  C:\DOCUME~1\dtucker\LOCALS~1\Temp\cc6yNXCI.s 			page 7


  73 0002 1C78     	    ldrb r4, [r3, #0]
  74 0004 44F00104 	    orr  r4, r4, #01
  75 0008 1C70     	    strb r4, [r3, #0]
  76              	debugEnabled:
  77 000a 044B     	    ldr  r3, =#1073759994
  78 000c 1A78     	    ldrb r2, [r3, #0]
  79 000e D2B2     	    uxtb r2, r2
  80 0010 034B     	    ldr  r3, =#1073772220
  81 0012 1A70     	    strb r2, [r3, #0]
  82 0014 FFF7FEFF 	    bl __cs3_start_c
  83              	
  84              	@ 0 "" 2
 259:.\Generated_Source\PSoC5/Cm3Start.c **** #if(CYDEV_PROJ_TYPE != CYDEV_PROJ_TYPE_LOADABLE)
 260:.\Generated_Source\PSoC5/Cm3Start.c **** 
 261:.\Generated_Source\PSoC5/Cm3Start.c ****   #if(CYDEV_DEBUGGING_ENABLE)
 262:.\Generated_Source\PSoC5/Cm3Start.c ****     "    ldr  r3, =%0\n"
 263:.\Generated_Source\PSoC5/Cm3Start.c ****     "    ldrb r4, [r3, #0]\n"
 264:.\Generated_Source\PSoC5/Cm3Start.c ****     "    orr  r4, r4, #01\n"
 265:.\Generated_Source\PSoC5/Cm3Start.c ****     "    strb r4, [r3, #0]\n"
 266:.\Generated_Source\PSoC5/Cm3Start.c ****     "debugEnabled:\n"
 267:.\Generated_Source\PSoC5/Cm3Start.c ****   #endif    /* (CYDEV_DEBUGGING_ENABLE) */
 268:.\Generated_Source\PSoC5/Cm3Start.c **** 
 269:.\Generated_Source\PSoC5/Cm3Start.c ****     "    ldr  r3, =%1\n"
 270:.\Generated_Source\PSoC5/Cm3Start.c ****     "    ldrb r2, [r3, #0]\n"
 271:.\Generated_Source\PSoC5/Cm3Start.c ****     "    uxtb r2, r2\n"
 272:.\Generated_Source\PSoC5/Cm3Start.c **** #endif  /* (CYDEV_PROJ_TYPE != CYDEV_PROJ_TYPE_LOADABLE) */
 273:.\Generated_Source\PSoC5/Cm3Start.c **** 
 274:.\Generated_Source\PSoC5/Cm3Start.c ****     "    ldr  r3, =%2\n"
 275:.\Generated_Source\PSoC5/Cm3Start.c ****     "    strb r2, [r3, #0]\n"
 276:.\Generated_Source\PSoC5/Cm3Start.c **** 
 277:.\Generated_Source\PSoC5/Cm3Start.c **** #if(CYDEV_BOOTLOADER_ENABLE)
 278:.\Generated_Source\PSoC5/Cm3Start.c ****     "    bl CyBtldr_CheckLaunch\n"
 279:.\Generated_Source\PSoC5/Cm3Start.c **** #endif /* (CYDEV_BOOTLOADER_ENABLE) */
 280:.\Generated_Source\PSoC5/Cm3Start.c **** 
 281:.\Generated_Source\PSoC5/Cm3Start.c ****     /*  Switch to C initialization phase */
 282:.\Generated_Source\PSoC5/Cm3Start.c ****     "    bl __cs3_start_c\n" : : "i" (CYDEV_DEBUG_ENABLE_REGISTER), "i" (CYREG_RESET_SR0), "i" (CYR
 283:.\Generated_Source\PSoC5/Cm3Start.c **** }
  85              		.loc 1 283 0
  86              		.thumb
  87              		.cfi_endproc
  88              	.LFE1:
  89              		.size	Reset, .-Reset
  90              		.section	.text.initialize_psoc,"ax",%progbits
  91              		.align	2
  92              		.global	initialize_psoc
  93              		.thumb
  94              		.thumb_func
  95              		.type	initialize_psoc, %function
  96              	initialize_psoc:
  97              	.LFB2:
 284:.\Generated_Source\PSoC5/Cm3Start.c **** 
 285:.\Generated_Source\PSoC5/Cm3Start.c **** #endif /* __GNUC__ */
 286:.\Generated_Source\PSoC5/Cm3Start.c **** 
 287:.\Generated_Source\PSoC5/Cm3Start.c **** /*******************************************************************************
 288:.\Generated_Source\PSoC5/Cm3Start.c **** * Function Name: initialize_psoc
 289:.\Generated_Source\PSoC5/Cm3Start.c **** ********************************************************************************
 290:.\Generated_Source\PSoC5/Cm3Start.c **** * Summary:
ARM GAS  C:\DOCUME~1\dtucker\LOCALS~1\Temp\cc6yNXCI.s 			page 8


 291:.\Generated_Source\PSoC5/Cm3Start.c **** *  This function used to initialize the PSoC chip before calling main.
 292:.\Generated_Source\PSoC5/Cm3Start.c **** *
 293:.\Generated_Source\PSoC5/Cm3Start.c **** * Parameters:
 294:.\Generated_Source\PSoC5/Cm3Start.c **** *  None
 295:.\Generated_Source\PSoC5/Cm3Start.c **** *
 296:.\Generated_Source\PSoC5/Cm3Start.c **** * Return:
 297:.\Generated_Source\PSoC5/Cm3Start.c **** *  None
 298:.\Generated_Source\PSoC5/Cm3Start.c **** *
 299:.\Generated_Source\PSoC5/Cm3Start.c **** *******************************************************************************/
 300:.\Generated_Source\PSoC5/Cm3Start.c **** #if (defined(__GNUC__) && !defined(__ARMCC_VERSION))
 301:.\Generated_Source\PSoC5/Cm3Start.c **** __attribute__ ((constructor(101)))
 302:.\Generated_Source\PSoC5/Cm3Start.c **** #endif
 303:.\Generated_Source\PSoC5/Cm3Start.c **** 
 304:.\Generated_Source\PSoC5/Cm3Start.c **** void initialize_psoc(void)
 305:.\Generated_Source\PSoC5/Cm3Start.c **** {
  98              		.loc 1 305 0
  99              		.cfi_startproc
 100              		@ args = 0, pretend = 0, frame = 8
 101              		@ frame_needed = 1, uses_anonymous_args = 0
 102 0000 80B5     		push	{r7, lr}
 103              	.LCFI2:
 104              		.cfi_def_cfa_offset 8
 105 0002 82B0     		sub	sp, sp, #8
 106              	.LCFI3:
 107              		.cfi_def_cfa_offset 16
 108 0004 00AF     		add	r7, sp, #0
 109              		.cfi_offset 14, -4
 110              		.cfi_offset 7, -8
 111              	.LCFI4:
 112              		.cfi_def_cfa_register 7
 306:.\Generated_Source\PSoC5/Cm3Start.c ****     uint32 i;
 307:.\Generated_Source\PSoC5/Cm3Start.c **** 
 308:.\Generated_Source\PSoC5/Cm3Start.c ****     /* Set Priority group 5. */
 309:.\Generated_Source\PSoC5/Cm3Start.c **** 
 310:.\Generated_Source\PSoC5/Cm3Start.c ****     /* Writes to NVIC_APINT register require the VECTKEY in the upper half */
 311:.\Generated_Source\PSoC5/Cm3Start.c ****     *NVIC_APINT = NVIC_APINT_VECTKEY | NVIC_APINT_PRIGROUP_3_5;
 113              		.loc 1 311 0
 114 0006 4EF60C53 		movw	r3, #:lower16:-536810228
 115 000a CEF20003 		movt	r3, #:upper16:-536810228
 116 000e 40F20042 		movw	r2, #:lower16:100271104
 117 0012 C0F2FA52 		movt	r2, #:upper16:100271104
 118 0016 1A60     		str	r2, [r3, #0]
 312:.\Generated_Source\PSoC5/Cm3Start.c ****     *NVIC_CFG_CTRL |= NVIC_CFG_STACKALIGN;
 119              		.loc 1 312 0
 120 0018 4EF61453 		movw	r3, #:lower16:-536810220
 121 001c CEF20003 		movt	r3, #:upper16:-536810220
 122 0020 4EF61452 		movw	r2, #:lower16:-536810220
 123 0024 CEF20002 		movt	r2, #:upper16:-536810220
 124 0028 1268     		ldr	r2, [r2, #0]
 125 002a 42F40072 		orr	r2, r2, #512
 126 002e 1A60     		str	r2, [r3, #0]
 313:.\Generated_Source\PSoC5/Cm3Start.c **** 
 314:.\Generated_Source\PSoC5/Cm3Start.c ****     /* Set Ram interrupt vectors to default functions. */
 315:.\Generated_Source\PSoC5/Cm3Start.c ****     for(i = 0u; i < NUM_VECTORS; i++)
 127              		.loc 1 315 0
 128 0030 4FF00003 		mov	r3, #0
 129 0034 7B60     		str	r3, [r7, #4]
ARM GAS  C:\DOCUME~1\dtucker\LOCALS~1\Temp\cc6yNXCI.s 			page 9


 130 0036 14E0     		b	.L7
 131              	.L8:
 316:.\Generated_Source\PSoC5/Cm3Start.c ****     {
 317:.\Generated_Source\PSoC5/Cm3Start.c ****         CyRamVectors[i] = RomVectors[i];
 132              		.loc 1 317 0
 133 0038 7A68     		ldr	r2, [r7, #4]
 134 003a 7B68     		ldr	r3, [r7, #4]
 135 003c 4FEA8301 		lsl	r1, r3, #2
 136 0040 40F20003 		movw	r3, #:lower16:__cs3_interrupt_vector
 137 0044 C0F20003 		movt	r3, #:upper16:__cs3_interrupt_vector
 138 0048 0B44     		add	r3, r1, r3
 139 004a 1B68     		ldr	r3, [r3, #0]
 140 004c 1946     		mov	r1, r3
 141 004e 40F20003 		movw	r3, #:lower16:CyRamVectors
 142 0052 C0F20003 		movt	r3, #:upper16:CyRamVectors
 143 0056 43F82210 		str	r1, [r3, r2, lsl #2]
 144              		.loc 1 315 0
 145 005a 7B68     		ldr	r3, [r7, #4]
 146 005c 03F10103 		add	r3, r3, #1
 147 0060 7B60     		str	r3, [r7, #4]
 148              	.L7:
 149 0062 7B68     		ldr	r3, [r7, #4]
 150 0064 2F2B     		cmp	r3, #47
 151 0066 E7D9     		bls	.L8
 318:.\Generated_Source\PSoC5/Cm3Start.c ****     }
 319:.\Generated_Source\PSoC5/Cm3Start.c **** 
 320:.\Generated_Source\PSoC5/Cm3Start.c ****     /* Was stored in CFGMEM to avoid being cleared while SRAM gets cleared */
 321:.\Generated_Source\PSoC5/Cm3Start.c ****     CyResetStatus = CY_GET_REG8(CYREG_PHUB_CFGMEM23_CFG1);
 152              		.loc 1 321 0
 153 0068 47F2BC63 		movw	r3, #:lower16:1073772220
 154 006c C4F20003 		movt	r3, #:upper16:1073772220
 155 0070 1B78     		ldrb	r3, [r3, #0]
 156 0072 DAB2     		uxtb	r2, r3
 157 0074 40F20003 		movw	r3, #:lower16:CyResetStatus
 158 0078 C0F20003 		movt	r3, #:upper16:CyResetStatus
 159 007c 1A70     		strb	r2, [r3, #0]
 322:.\Generated_Source\PSoC5/Cm3Start.c **** 
 323:.\Generated_Source\PSoC5/Cm3Start.c ****     /* Point NVIC at the RAM vector table. */
 324:.\Generated_Source\PSoC5/Cm3Start.c ****     *CYINT_VECT_TABLE = CyRamVectors;
 160              		.loc 1 324 0
 161 007e 4EF60853 		movw	r3, #:lower16:-536810232
 162 0082 CEF20003 		movt	r3, #:upper16:-536810232
 163 0086 40F20002 		movw	r2, #:lower16:CyRamVectors
 164 008a C0F20002 		movt	r2, #:upper16:CyRamVectors
 165 008e 1A60     		str	r2, [r3, #0]
 325:.\Generated_Source\PSoC5/Cm3Start.c **** 
 326:.\Generated_Source\PSoC5/Cm3Start.c ****     /* Initialize the configuration registers. */
 327:.\Generated_Source\PSoC5/Cm3Start.c ****     cyfitter_cfg();
 166              		.loc 1 327 0
 167 0090 FFF7FEFF 		bl	cyfitter_cfg
 328:.\Generated_Source\PSoC5/Cm3Start.c **** 
 329:.\Generated_Source\PSoC5/Cm3Start.c ****     #if(0u != DMA_CHANNELS_USED__MASK0)
 330:.\Generated_Source\PSoC5/Cm3Start.c **** 
 331:.\Generated_Source\PSoC5/Cm3Start.c ****         /* Setup DMA - only necessary if the design contains a DMA component. */
 332:.\Generated_Source\PSoC5/Cm3Start.c ****         CyDmacConfigure();
 333:.\Generated_Source\PSoC5/Cm3Start.c **** 
 334:.\Generated_Source\PSoC5/Cm3Start.c ****     #endif  /* (0u != DMA_CHANNELS_USED__MASK0) */
ARM GAS  C:\DOCUME~1\dtucker\LOCALS~1\Temp\cc6yNXCI.s 			page 10


 335:.\Generated_Source\PSoC5/Cm3Start.c **** }
 168              		.loc 1 335 0
 169 0094 07F10807 		add	r7, r7, #8
 170 0098 BD46     		mov	sp, r7
 171 009a 80BD     		pop	{r7, pc}
 172              		.cfi_endproc
 173              	.LFE2:
 174              		.size	initialize_psoc, .-initialize_psoc
 175              		.section	.init_array,"aw",%init_array
 176              		.align	2
 177 0000 00000000 		.word	initialize_psoc(target1)
 178              		.text
 179              	.Letext0:
 180              		.section	.debug_loc,"",%progbits
 181              	.Ldebug_loc0:
 182              	.LLST0:
 183 0000 00000000 		.4byte	.LFB0
 184 0004 02000000 		.4byte	.LCFI0
 185 0008 0100     		.2byte	0x1
 186 000a 5D       		.byte	0x5d
 187 000b 02000000 		.4byte	.LCFI0
 188 000f 04000000 		.4byte	.LCFI1
 189 0013 0200     		.2byte	0x2
 190 0015 7D       		.byte	0x7d
 191 0016 04       		.sleb128 4
 192 0017 04000000 		.4byte	.LCFI1
 193 001b 06000000 		.4byte	.LFE0
 194 001f 0200     		.2byte	0x2
 195 0021 77       		.byte	0x77
 196 0022 04       		.sleb128 4
 197 0023 00000000 		.4byte	0x0
 198 0027 00000000 		.4byte	0x0
 199              	.LLST2:
 200 002b 00000000 		.4byte	.LFB2
 201 002f 02000000 		.4byte	.LCFI2
 202 0033 0100     		.2byte	0x1
 203 0035 5D       		.byte	0x5d
 204 0036 02000000 		.4byte	.LCFI2
 205 003a 04000000 		.4byte	.LCFI3
 206 003e 0200     		.2byte	0x2
 207 0040 7D       		.byte	0x7d
 208 0041 08       		.sleb128 8
 209 0042 04000000 		.4byte	.LCFI3
 210 0046 06000000 		.4byte	.LCFI4
 211 004a 0200     		.2byte	0x2
 212 004c 7D       		.byte	0x7d
 213 004d 10       		.sleb128 16
 214 004e 06000000 		.4byte	.LCFI4
 215 0052 9C000000 		.4byte	.LFE2
 216 0056 0200     		.2byte	0x2
 217 0058 77       		.byte	0x77
 218 0059 10       		.sleb128 16
 219 005a 00000000 		.4byte	0x0
 220 005e 00000000 		.4byte	0x0
 221              		.file 2 ".\\Generated_Source\\PSoC5\\/cytypes.h"
 222              		.file 3 ".\\Generated_Source\\PSoC5\\/CyLib.h"
 223              		.section	.debug_info
ARM GAS  C:\DOCUME~1\dtucker\LOCALS~1\Temp\cc6yNXCI.s 			page 11


 224 0000 3A010000 		.4byte	0x13a
 225 0004 0200     		.2byte	0x2
 226 0006 00000000 		.4byte	.Ldebug_abbrev0
 227 000a 04       		.byte	0x4
 228 000b 01       		.uleb128 0x1
 229 000c 8A000000 		.4byte	.LASF20
 230 0010 01       		.byte	0x1
 231 0011 62010000 		.4byte	.LASF21
 232 0015 D7000000 		.4byte	.LASF22
 233 0019 00000000 		.4byte	0x0
 234 001d 00000000 		.4byte	0x0
 235 0021 00000000 		.4byte	.Ldebug_ranges0+0x0
 236 0025 00000000 		.4byte	.Ldebug_line0
 237 0029 02       		.uleb128 0x2
 238 002a 01       		.byte	0x1
 239 002b 06       		.byte	0x6
 240 002c 3D010000 		.4byte	.LASF0
 241 0030 02       		.uleb128 0x2
 242 0031 01       		.byte	0x1
 243 0032 08       		.byte	0x8
 244 0033 A4000000 		.4byte	.LASF1
 245 0037 02       		.uleb128 0x2
 246 0038 02       		.byte	0x2
 247 0039 05       		.byte	0x5
 248 003a CD000000 		.4byte	.LASF2
 249 003e 02       		.uleb128 0x2
 250 003f 02       		.byte	0x2
 251 0040 07       		.byte	0x7
 252 0041 2A010000 		.4byte	.LASF3
 253 0045 02       		.uleb128 0x2
 254 0046 04       		.byte	0x4
 255 0047 05       		.byte	0x5
 256 0048 B7000000 		.4byte	.LASF4
 257 004c 02       		.uleb128 0x2
 258 004d 04       		.byte	0x4
 259 004e 07       		.byte	0x7
 260 004f 61000000 		.4byte	.LASF5
 261 0053 02       		.uleb128 0x2
 262 0054 08       		.byte	0x8
 263 0055 05       		.byte	0x5
 264 0056 00000000 		.4byte	.LASF6
 265 005a 02       		.uleb128 0x2
 266 005b 08       		.byte	0x8
 267 005c 07       		.byte	0x7
 268 005d 73000000 		.4byte	.LASF7
 269 0061 03       		.uleb128 0x3
 270 0062 04       		.byte	0x4
 271 0063 05       		.byte	0x5
 272 0064 696E7400 		.ascii	"int\000"
 273 0068 02       		.uleb128 0x2
 274 0069 04       		.byte	0x4
 275 006a 07       		.byte	0x7
 276 006b 15000000 		.4byte	.LASF8
 277 006f 04       		.uleb128 0x4
 278 0070 5B000000 		.4byte	.LASF9
 279 0074 02       		.byte	0x2
 280 0075 4C       		.byte	0x4c
ARM GAS  C:\DOCUME~1\dtucker\LOCALS~1\Temp\cc6yNXCI.s 			page 12


 281 0076 30000000 		.4byte	0x30
 282 007a 04       		.uleb128 0x4
 283 007b 0E000000 		.4byte	.LASF10
 284 007f 02       		.byte	0x2
 285 0080 4E       		.byte	0x4e
 286 0081 4C000000 		.4byte	0x4c
 287 0085 02       		.uleb128 0x2
 288 0086 04       		.byte	0x4
 289 0087 04       		.byte	0x4
 290 0088 49010000 		.4byte	.LASF11
 291 008c 02       		.uleb128 0x2
 292 008d 08       		.byte	0x8
 293 008e 04       		.byte	0x4
 294 008f 23010000 		.4byte	.LASF12
 295 0093 02       		.uleb128 0x2
 296 0094 01       		.byte	0x1
 297 0095 08       		.byte	0x8
 298 0096 B2000000 		.4byte	.LASF13
 299 009a 04       		.uleb128 0x4
 300 009b C0000000 		.4byte	.LASF14
 301 009f 02       		.byte	0x2
 302 00a0 E0       		.byte	0xe0
 303 00a1 A5000000 		.4byte	0xa5
 304 00a5 05       		.uleb128 0x5
 305 00a6 04       		.byte	0x4
 306 00a7 AB000000 		.4byte	0xab
 307 00ab 06       		.uleb128 0x6
 308 00ac 01       		.byte	0x1
 309 00ad 07       		.uleb128 0x7
 310 00ae 04       		.byte	0x4
 311 00af 07       		.byte	0x7
 312 00b0 08       		.uleb128 0x8
 313 00b1 01       		.byte	0x1
 314 00b2 22000000 		.4byte	.LASF15
 315 00b6 01       		.byte	0x1
 316 00b7 46       		.byte	0x46
 317 00b8 01       		.byte	0x1
 318 00b9 00000000 		.4byte	.LFB0
 319 00bd 06000000 		.4byte	.LFE0
 320 00c1 00000000 		.4byte	.LLST0
 321 00c5 09       		.uleb128 0x9
 322 00c6 01       		.byte	0x1
 323 00c7 5C010000 		.4byte	.LASF16
 324 00cb 01       		.byte	0x1
 325 00cc 0001     		.2byte	0x100
 326 00ce 01       		.byte	0x1
 327 00cf 00000000 		.4byte	.LFB1
 328 00d3 18000000 		.4byte	.LFE1
 329 00d7 01       		.byte	0x1
 330 00d8 5D       		.byte	0x5d
 331 00d9 0A       		.uleb128 0xa
 332 00da 01       		.byte	0x1
 333 00db 4B000000 		.4byte	.LASF23
 334 00df 01       		.byte	0x1
 335 00e0 3001     		.2byte	0x130
 336 00e2 01       		.byte	0x1
 337 00e3 00000000 		.4byte	.LFB2
ARM GAS  C:\DOCUME~1\dtucker\LOCALS~1\Temp\cc6yNXCI.s 			page 13


 338 00e7 9C000000 		.4byte	.LFE2
 339 00eb 2B000000 		.4byte	.LLST2
 340 00ef 01010000 		.4byte	0x101
 341 00f3 0B       		.uleb128 0xb
 342 00f4 6900     		.ascii	"i\000"
 343 00f6 01       		.byte	0x1
 344 00f7 3201     		.2byte	0x132
 345 00f9 7A000000 		.4byte	0x7a
 346 00fd 02       		.byte	0x2
 347 00fe 91       		.byte	0x91
 348 00ff 74       		.sleb128 -12
 349 0100 00       		.byte	0x0
 350 0101 0C       		.uleb128 0xc
 351 0102 96000000 		.4byte	.LASF17
 352 0106 03       		.byte	0x3
 353 0107 31       		.byte	0x31
 354 0108 6F000000 		.4byte	0x6f
 355 010c 01       		.byte	0x1
 356 010d 01       		.byte	0x1
 357 010e 0D       		.uleb128 0xd
 358 010f 9A000000 		.4byte	0x9a
 359 0113 1E010000 		.4byte	0x11e
 360 0117 0E       		.uleb128 0xe
 361 0118 AD000000 		.4byte	0xad
 362 011c 2F       		.byte	0x2f
 363 011d 00       		.byte	0x0
 364 011e 0F       		.uleb128 0xf
 365 011f 4F010000 		.4byte	.LASF18
 366 0123 01       		.byte	0x1
 367 0124 32       		.byte	0x32
 368 0125 0E010000 		.4byte	0x10e
 369 0129 01       		.byte	0x1
 370 012a 05       		.byte	0x5
 371 012b 03       		.byte	0x3
 372 012c 00000000 		.4byte	CyRamVectors
 373 0130 0C       		.uleb128 0xc
 374 0131 34000000 		.4byte	.LASF19
 375 0135 01       		.byte	0x1
 376 0136 EB       		.byte	0xeb
 377 0137 7A000000 		.4byte	0x7a
 378 013b 01       		.byte	0x1
 379 013c 01       		.byte	0x1
 380 013d 00       		.byte	0x0
 381              		.section	.debug_abbrev
 382 0000 01       		.uleb128 0x1
 383 0001 11       		.uleb128 0x11
 384 0002 01       		.byte	0x1
 385 0003 25       		.uleb128 0x25
 386 0004 0E       		.uleb128 0xe
 387 0005 13       		.uleb128 0x13
 388 0006 0B       		.uleb128 0xb
 389 0007 03       		.uleb128 0x3
 390 0008 0E       		.uleb128 0xe
 391 0009 1B       		.uleb128 0x1b
 392 000a 0E       		.uleb128 0xe
 393 000b 11       		.uleb128 0x11
 394 000c 01       		.uleb128 0x1
ARM GAS  C:\DOCUME~1\dtucker\LOCALS~1\Temp\cc6yNXCI.s 			page 14


 395 000d 52       		.uleb128 0x52
 396 000e 01       		.uleb128 0x1
 397 000f 55       		.uleb128 0x55
 398 0010 06       		.uleb128 0x6
 399 0011 10       		.uleb128 0x10
 400 0012 06       		.uleb128 0x6
 401 0013 00       		.byte	0x0
 402 0014 00       		.byte	0x0
 403 0015 02       		.uleb128 0x2
 404 0016 24       		.uleb128 0x24
 405 0017 00       		.byte	0x0
 406 0018 0B       		.uleb128 0xb
 407 0019 0B       		.uleb128 0xb
 408 001a 3E       		.uleb128 0x3e
 409 001b 0B       		.uleb128 0xb
 410 001c 03       		.uleb128 0x3
 411 001d 0E       		.uleb128 0xe
 412 001e 00       		.byte	0x0
 413 001f 00       		.byte	0x0
 414 0020 03       		.uleb128 0x3
 415 0021 24       		.uleb128 0x24
 416 0022 00       		.byte	0x0
 417 0023 0B       		.uleb128 0xb
 418 0024 0B       		.uleb128 0xb
 419 0025 3E       		.uleb128 0x3e
 420 0026 0B       		.uleb128 0xb
 421 0027 03       		.uleb128 0x3
 422 0028 08       		.uleb128 0x8
 423 0029 00       		.byte	0x0
 424 002a 00       		.byte	0x0
 425 002b 04       		.uleb128 0x4
 426 002c 16       		.uleb128 0x16
 427 002d 00       		.byte	0x0
 428 002e 03       		.uleb128 0x3
 429 002f 0E       		.uleb128 0xe
 430 0030 3A       		.uleb128 0x3a
 431 0031 0B       		.uleb128 0xb
 432 0032 3B       		.uleb128 0x3b
 433 0033 0B       		.uleb128 0xb
 434 0034 49       		.uleb128 0x49
 435 0035 13       		.uleb128 0x13
 436 0036 00       		.byte	0x0
 437 0037 00       		.byte	0x0
 438 0038 05       		.uleb128 0x5
 439 0039 0F       		.uleb128 0xf
 440 003a 00       		.byte	0x0
 441 003b 0B       		.uleb128 0xb
 442 003c 0B       		.uleb128 0xb
 443 003d 49       		.uleb128 0x49
 444 003e 13       		.uleb128 0x13
 445 003f 00       		.byte	0x0
 446 0040 00       		.byte	0x0
 447 0041 06       		.uleb128 0x6
 448 0042 15       		.uleb128 0x15
 449 0043 00       		.byte	0x0
 450 0044 27       		.uleb128 0x27
 451 0045 0C       		.uleb128 0xc
ARM GAS  C:\DOCUME~1\dtucker\LOCALS~1\Temp\cc6yNXCI.s 			page 15


 452 0046 00       		.byte	0x0
 453 0047 00       		.byte	0x0
 454 0048 07       		.uleb128 0x7
 455 0049 24       		.uleb128 0x24
 456 004a 00       		.byte	0x0
 457 004b 0B       		.uleb128 0xb
 458 004c 0B       		.uleb128 0xb
 459 004d 3E       		.uleb128 0x3e
 460 004e 0B       		.uleb128 0xb
 461 004f 00       		.byte	0x0
 462 0050 00       		.byte	0x0
 463 0051 08       		.uleb128 0x8
 464 0052 2E       		.uleb128 0x2e
 465 0053 00       		.byte	0x0
 466 0054 3F       		.uleb128 0x3f
 467 0055 0C       		.uleb128 0xc
 468 0056 03       		.uleb128 0x3
 469 0057 0E       		.uleb128 0xe
 470 0058 3A       		.uleb128 0x3a
 471 0059 0B       		.uleb128 0xb
 472 005a 3B       		.uleb128 0x3b
 473 005b 0B       		.uleb128 0xb
 474 005c 27       		.uleb128 0x27
 475 005d 0C       		.uleb128 0xc
 476 005e 11       		.uleb128 0x11
 477 005f 01       		.uleb128 0x1
 478 0060 12       		.uleb128 0x12
 479 0061 01       		.uleb128 0x1
 480 0062 40       		.uleb128 0x40
 481 0063 06       		.uleb128 0x6
 482 0064 00       		.byte	0x0
 483 0065 00       		.byte	0x0
 484 0066 09       		.uleb128 0x9
 485 0067 2E       		.uleb128 0x2e
 486 0068 00       		.byte	0x0
 487 0069 3F       		.uleb128 0x3f
 488 006a 0C       		.uleb128 0xc
 489 006b 03       		.uleb128 0x3
 490 006c 0E       		.uleb128 0xe
 491 006d 3A       		.uleb128 0x3a
 492 006e 0B       		.uleb128 0xb
 493 006f 3B       		.uleb128 0x3b
 494 0070 05       		.uleb128 0x5
 495 0071 27       		.uleb128 0x27
 496 0072 0C       		.uleb128 0xc
 497 0073 11       		.uleb128 0x11
 498 0074 01       		.uleb128 0x1
 499 0075 12       		.uleb128 0x12
 500 0076 01       		.uleb128 0x1
 501 0077 40       		.uleb128 0x40
 502 0078 0A       		.uleb128 0xa
 503 0079 00       		.byte	0x0
 504 007a 00       		.byte	0x0
 505 007b 0A       		.uleb128 0xa
 506 007c 2E       		.uleb128 0x2e
 507 007d 01       		.byte	0x1
 508 007e 3F       		.uleb128 0x3f
ARM GAS  C:\DOCUME~1\dtucker\LOCALS~1\Temp\cc6yNXCI.s 			page 16


 509 007f 0C       		.uleb128 0xc
 510 0080 03       		.uleb128 0x3
 511 0081 0E       		.uleb128 0xe
 512 0082 3A       		.uleb128 0x3a
 513 0083 0B       		.uleb128 0xb
 514 0084 3B       		.uleb128 0x3b
 515 0085 05       		.uleb128 0x5
 516 0086 27       		.uleb128 0x27
 517 0087 0C       		.uleb128 0xc
 518 0088 11       		.uleb128 0x11
 519 0089 01       		.uleb128 0x1
 520 008a 12       		.uleb128 0x12
 521 008b 01       		.uleb128 0x1
 522 008c 40       		.uleb128 0x40
 523 008d 06       		.uleb128 0x6
 524 008e 01       		.uleb128 0x1
 525 008f 13       		.uleb128 0x13
 526 0090 00       		.byte	0x0
 527 0091 00       		.byte	0x0
 528 0092 0B       		.uleb128 0xb
 529 0093 34       		.uleb128 0x34
 530 0094 00       		.byte	0x0
 531 0095 03       		.uleb128 0x3
 532 0096 08       		.uleb128 0x8
 533 0097 3A       		.uleb128 0x3a
 534 0098 0B       		.uleb128 0xb
 535 0099 3B       		.uleb128 0x3b
 536 009a 05       		.uleb128 0x5
 537 009b 49       		.uleb128 0x49
 538 009c 13       		.uleb128 0x13
 539 009d 02       		.uleb128 0x2
 540 009e 0A       		.uleb128 0xa
 541 009f 00       		.byte	0x0
 542 00a0 00       		.byte	0x0
 543 00a1 0C       		.uleb128 0xc
 544 00a2 34       		.uleb128 0x34
 545 00a3 00       		.byte	0x0
 546 00a4 03       		.uleb128 0x3
 547 00a5 0E       		.uleb128 0xe
 548 00a6 3A       		.uleb128 0x3a
 549 00a7 0B       		.uleb128 0xb
 550 00a8 3B       		.uleb128 0x3b
 551 00a9 0B       		.uleb128 0xb
 552 00aa 49       		.uleb128 0x49
 553 00ab 13       		.uleb128 0x13
 554 00ac 3F       		.uleb128 0x3f
 555 00ad 0C       		.uleb128 0xc
 556 00ae 3C       		.uleb128 0x3c
 557 00af 0C       		.uleb128 0xc
 558 00b0 00       		.byte	0x0
 559 00b1 00       		.byte	0x0
 560 00b2 0D       		.uleb128 0xd
 561 00b3 01       		.uleb128 0x1
 562 00b4 01       		.byte	0x1
 563 00b5 49       		.uleb128 0x49
 564 00b6 13       		.uleb128 0x13
 565 00b7 01       		.uleb128 0x1
ARM GAS  C:\DOCUME~1\dtucker\LOCALS~1\Temp\cc6yNXCI.s 			page 17


 566 00b8 13       		.uleb128 0x13
 567 00b9 00       		.byte	0x0
 568 00ba 00       		.byte	0x0
 569 00bb 0E       		.uleb128 0xe
 570 00bc 21       		.uleb128 0x21
 571 00bd 00       		.byte	0x0
 572 00be 49       		.uleb128 0x49
 573 00bf 13       		.uleb128 0x13
 574 00c0 2F       		.uleb128 0x2f
 575 00c1 0B       		.uleb128 0xb
 576 00c2 00       		.byte	0x0
 577 00c3 00       		.byte	0x0
 578 00c4 0F       		.uleb128 0xf
 579 00c5 34       		.uleb128 0x34
 580 00c6 00       		.byte	0x0
 581 00c7 03       		.uleb128 0x3
 582 00c8 0E       		.uleb128 0xe
 583 00c9 3A       		.uleb128 0x3a
 584 00ca 0B       		.uleb128 0xb
 585 00cb 3B       		.uleb128 0x3b
 586 00cc 0B       		.uleb128 0xb
 587 00cd 49       		.uleb128 0x49
 588 00ce 13       		.uleb128 0x13
 589 00cf 3F       		.uleb128 0x3f
 590 00d0 0C       		.uleb128 0xc
 591 00d1 02       		.uleb128 0x2
 592 00d2 0A       		.uleb128 0xa
 593 00d3 00       		.byte	0x0
 594 00d4 00       		.byte	0x0
 595 00d5 00       		.byte	0x0
 596              		.section	.debug_pubnames,"",%progbits
 597 0000 53000000 		.4byte	0x53
 598 0004 0200     		.2byte	0x2
 599 0006 00000000 		.4byte	.Ldebug_info0
 600 000a 3E010000 		.4byte	0x13e
 601 000e B0000000 		.4byte	0xb0
 602 0012 496E7444 		.ascii	"IntDefaultHandler\000"
 602      65666175 
 602      6C744861 
 602      6E646C65 
 602      7200
 603 0024 C5000000 		.4byte	0xc5
 604 0028 52657365 		.ascii	"Reset\000"
 604      7400
 605 002e D9000000 		.4byte	0xd9
 606 0032 696E6974 		.ascii	"initialize_psoc\000"
 606      69616C69 
 606      7A655F70 
 606      736F6300 
 607 0042 1E010000 		.4byte	0x11e
 608 0046 43795261 		.ascii	"CyRamVectors\000"
 608      6D566563 
 608      746F7273 
 608      00
 609 0053 00000000 		.4byte	0x0
 610              		.section	.debug_aranges,"",%progbits
 611 0000 2C000000 		.4byte	0x2c
ARM GAS  C:\DOCUME~1\dtucker\LOCALS~1\Temp\cc6yNXCI.s 			page 18


 612 0004 0200     		.2byte	0x2
 613 0006 00000000 		.4byte	.Ldebug_info0
 614 000a 04       		.byte	0x4
 615 000b 00       		.byte	0x0
 616 000c 0000     		.2byte	0x0
 617 000e 0000     		.2byte	0x0
 618 0010 00000000 		.4byte	.LFB0
 619 0014 06000000 		.4byte	.LFE0-.LFB0
 620 0018 00000000 		.4byte	.LFB1
 621 001c 18000000 		.4byte	.LFE1-.LFB1
 622 0020 00000000 		.4byte	.LFB2
 623 0024 9C000000 		.4byte	.LFE2-.LFB2
 624 0028 00000000 		.4byte	0x0
 625 002c 00000000 		.4byte	0x0
 626              		.section	.debug_ranges,"",%progbits
 627              	.Ldebug_ranges0:
 628 0000 00000000 		.4byte	.Ltext0
 629 0004 00000000 		.4byte	.Letext0
 630 0008 00000000 		.4byte	.LFB0
 631 000c 06000000 		.4byte	.LFE0
 632 0010 00000000 		.4byte	.LFB1
 633 0014 18000000 		.4byte	.LFE1
 634 0018 00000000 		.4byte	.LFB2
 635 001c 9C000000 		.4byte	.LFE2
 636 0020 00000000 		.4byte	0x0
 637 0024 00000000 		.4byte	0x0
 638              		.section	.debug_str,"MS",%progbits,1
 639              	.LASF6:
 640 0000 6C6F6E67 		.ascii	"long long int\000"
 640      206C6F6E 
 640      6720696E 
 640      7400
 641              	.LASF10:
 642 000e 75696E74 		.ascii	"uint32\000"
 642      333200
 643              	.LASF8:
 644 0015 756E7369 		.ascii	"unsigned int\000"
 644      676E6564 
 644      20696E74 
 644      00
 645              	.LASF15:
 646 0022 496E7444 		.ascii	"IntDefaultHandler\000"
 646      65666175 
 646      6C744861 
 646      6E646C65 
 646      7200
 647              	.LASF19:
 648 0034 5F5F6373 		.ascii	"__cs3_interrupt_vector\000"
 648      335F696E 
 648      74657272 
 648      7570745F 
 648      76656374 
 649              	.LASF23:
 650 004b 696E6974 		.ascii	"initialize_psoc\000"
 650      69616C69 
 650      7A655F70 
 650      736F6300 
ARM GAS  C:\DOCUME~1\dtucker\LOCALS~1\Temp\cc6yNXCI.s 			page 19


 651              	.LASF9:
 652 005b 75696E74 		.ascii	"uint8\000"
 652      3800
 653              	.LASF5:
 654 0061 6C6F6E67 		.ascii	"long unsigned int\000"
 654      20756E73 
 654      69676E65 
 654      6420696E 
 654      7400
 655              	.LASF7:
 656 0073 6C6F6E67 		.ascii	"long long unsigned int\000"
 656      206C6F6E 
 656      6720756E 
 656      7369676E 
 656      65642069 
 657              	.LASF20:
 658 008a 474E5520 		.ascii	"GNU C 4.4.1\000"
 658      4320342E 
 658      342E3100 
 659              	.LASF17:
 660 0096 43795265 		.ascii	"CyResetStatus\000"
 660      73657453 
 660      74617475 
 660      7300
 661              	.LASF1:
 662 00a4 756E7369 		.ascii	"unsigned char\000"
 662      676E6564 
 662      20636861 
 662      7200
 663              	.LASF13:
 664 00b2 63686172 		.ascii	"char\000"
 664      00
 665              	.LASF4:
 666 00b7 6C6F6E67 		.ascii	"long int\000"
 666      20696E74 
 666      00
 667              	.LASF14:
 668 00c0 63796973 		.ascii	"cyisraddress\000"
 668      72616464 
 668      72657373 
 668      00
 669              	.LASF2:
 670 00cd 73686F72 		.ascii	"short int\000"
 670      7420696E 
 670      7400
 671              	.LASF22:
 672 00d7 433A5C44 		.ascii	"C:\\Documents and Settings\\dtucker\\My Documents\\"
 672      6F63756D 
 672      656E7473 
 672      20616E64 
 672      20536574 
 673 0106 50536F43 		.ascii	"PSoC Creator\\lab1\\lab1.cydsn\000"
 673      20437265 
 673      61746F72 
 673      5C6C6162 
 673      315C6C61 
 674              	.LASF12:
ARM GAS  C:\DOCUME~1\dtucker\LOCALS~1\Temp\cc6yNXCI.s 			page 20


 675 0123 646F7562 		.ascii	"double\000"
 675      6C6500
 676              	.LASF3:
 677 012a 73686F72 		.ascii	"short unsigned int\000"
 677      7420756E 
 677      7369676E 
 677      65642069 
 677      6E7400
 678              	.LASF0:
 679 013d 7369676E 		.ascii	"signed char\000"
 679      65642063 
 679      68617200 
 680              	.LASF11:
 681 0149 666C6F61 		.ascii	"float\000"
 681      7400
 682              	.LASF18:
 683 014f 43795261 		.ascii	"CyRamVectors\000"
 683      6D566563 
 683      746F7273 
 683      00
 684              	.LASF16:
 685 015c 52657365 		.ascii	"Reset\000"
 685      7400
 686              	.LASF21:
 687 0162 2E5C4765 		.ascii	".\\Generated_Source\\PSoC5\\Cm3Start.c\000"
 687      6E657261 
 687      7465645F 
 687      536F7572 
 687      63655C50 
 688              		.ident	"GCC: (Sourcery G++ Lite 2010q1-188) 4.4.1"
