ARM GAS  C:\DOCUME~1\dtucker\LOCALS~1\Temp\cc9IF9Ng.s 			page 1


   1              		.syntax unified
   2              		.cpu cortex-m3
   3              		.fpu softvfp
   4              		.eabi_attribute 20, 1
   5              		.eabi_attribute 21, 1
   6              		.eabi_attribute 23, 3
   7              		.eabi_attribute 24, 1
   8              		.eabi_attribute 25, 1
   9              		.eabi_attribute 26, 1
  10              		.eabi_attribute 30, 6
  11              		.eabi_attribute 18, 4
  12              		.thumb
  13              		.file	"LED.c"
  14              		.section	.debug_abbrev,"",%progbits
  15              	.Ldebug_abbrev0:
  16              		.section	.debug_info,"",%progbits
  17              	.Ldebug_info0:
  18              		.section	.debug_line,"",%progbits
  19              	.Ldebug_line0:
  20 0000 AC000000 		.text
  20      02005C00 
  20      00000201 
  20      FB0E0D00 
  20      01010101 
  21              	.Ltext0:
  22              		.cfi_sections	.debug_frame
  23              		.section	.text.LED_Write,"ax",%progbits
  24              		.align	2
  25              		.global	LED_Write
  26              		.thumb
  27              		.thumb_func
  28              		.type	LED_Write, %function
  29              	LED_Write:
  30              	.LFB0:
  31              		.file 1 ".\\Generated_Source\\PSoC5\\LED.c"
   1:.\Generated_Source\PSoC5/LED.c **** /*******************************************************************************
   2:.\Generated_Source\PSoC5/LED.c **** * File Name: LED.c  
   3:.\Generated_Source\PSoC5/LED.c **** * Version 1.80
   4:.\Generated_Source\PSoC5/LED.c **** *
   5:.\Generated_Source\PSoC5/LED.c **** * Description:
   6:.\Generated_Source\PSoC5/LED.c **** *  This file contains API to enable firmware control of a Pins component.
   7:.\Generated_Source\PSoC5/LED.c **** *
   8:.\Generated_Source\PSoC5/LED.c **** * Note:
   9:.\Generated_Source\PSoC5/LED.c **** *
  10:.\Generated_Source\PSoC5/LED.c **** ********************************************************************************
  11:.\Generated_Source\PSoC5/LED.c **** * Copyright 2008-2012, Cypress Semiconductor Corporation.  All rights reserved.
  12:.\Generated_Source\PSoC5/LED.c **** * You may use this file only in accordance with the license, terms, conditions, 
  13:.\Generated_Source\PSoC5/LED.c **** * disclaimers, and limitations in the end user license agreement accompanying 
  14:.\Generated_Source\PSoC5/LED.c **** * the software package with which this file was provided.
  15:.\Generated_Source\PSoC5/LED.c **** *******************************************************************************/
  16:.\Generated_Source\PSoC5/LED.c **** 
  17:.\Generated_Source\PSoC5/LED.c **** #include "cytypes.h"
  18:.\Generated_Source\PSoC5/LED.c **** #include "LED.h"
  19:.\Generated_Source\PSoC5/LED.c **** 
  20:.\Generated_Source\PSoC5/LED.c **** /* APIs are not generated for P15[7:6] on PSoC 5 */
  21:.\Generated_Source\PSoC5/LED.c **** #if !(CY_PSOC5A &&\
  22:.\Generated_Source\PSoC5/LED.c **** 	 LED__PORT == 15 && ((LED__MASK & 0xC0) != 0))
ARM GAS  C:\DOCUME~1\dtucker\LOCALS~1\Temp\cc9IF9Ng.s 			page 2


  23:.\Generated_Source\PSoC5/LED.c **** 
  24:.\Generated_Source\PSoC5/LED.c **** 
  25:.\Generated_Source\PSoC5/LED.c **** /*******************************************************************************
  26:.\Generated_Source\PSoC5/LED.c **** * Function Name: LED_Write
  27:.\Generated_Source\PSoC5/LED.c **** ********************************************************************************
  28:.\Generated_Source\PSoC5/LED.c **** *
  29:.\Generated_Source\PSoC5/LED.c **** * Summary:
  30:.\Generated_Source\PSoC5/LED.c **** *  Assign a new value to the digital port's data output register.  
  31:.\Generated_Source\PSoC5/LED.c **** *
  32:.\Generated_Source\PSoC5/LED.c **** * Parameters:  
  33:.\Generated_Source\PSoC5/LED.c **** *  prtValue:  The value to be assigned to the Digital Port. 
  34:.\Generated_Source\PSoC5/LED.c **** *
  35:.\Generated_Source\PSoC5/LED.c **** * Return: 
  36:.\Generated_Source\PSoC5/LED.c **** *  None
  37:.\Generated_Source\PSoC5/LED.c **** *  
  38:.\Generated_Source\PSoC5/LED.c **** *******************************************************************************/
  39:.\Generated_Source\PSoC5/LED.c **** void LED_Write(uint8 value) 
  40:.\Generated_Source\PSoC5/LED.c **** {
  32              		.loc 1 40 0
  33              		.cfi_startproc
  34              		@ args = 0, pretend = 0, frame = 16
  35              		@ frame_needed = 1, uses_anonymous_args = 0
  36              		@ link register save eliminated.
  37 0000 80B4     		push	{r7}
  38              	.LCFI0:
  39              		.cfi_def_cfa_offset 4
  40 0002 85B0     		sub	sp, sp, #20
  41              	.LCFI1:
  42              		.cfi_def_cfa_offset 24
  43 0004 00AF     		add	r7, sp, #0
  44              		.cfi_offset 7, -4
  45              	.LCFI2:
  46              		.cfi_def_cfa_register 7
  47 0006 0346     		mov	r3, r0
  48 0008 FB71     		strb	r3, [r7, #7]
  41:.\Generated_Source\PSoC5/LED.c ****     uint8 staticBits = (LED_DR & (uint8)(~LED_MASK));
  49              		.loc 1 41 0
  50 000a 45F26013 		movw	r3, #:lower16:1073762656
  51 000e C4F20003 		movt	r3, #:upper16:1073762656
  52 0012 1B78     		ldrb	r3, [r3, #0]
  53 0014 DBB2     		uxtb	r3, r3
  54 0016 23F00C03 		bic	r3, r3, #12
  55 001a FB73     		strb	r3, [r7, #15]
  42:.\Generated_Source\PSoC5/LED.c ****     LED_DR = staticBits | ((uint8)(value << LED_SHIFT) & LED_MASK);
  56              		.loc 1 42 0
  57 001c 45F26013 		movw	r3, #:lower16:1073762656
  58 0020 C4F20003 		movt	r3, #:upper16:1073762656
  59 0024 FA79     		ldrb	r2, [r7, #7]
  60 0026 4FEA8202 		lsl	r2, r2, #2
  61 002a D2B2     		uxtb	r2, r2
  62 002c 02F00C02 		and	r2, r2, #12
  63 0030 F97B     		ldrb	r1, [r7, #15]
  64 0032 42EA0102 		orr	r2, r2, r1
  65 0036 D2B2     		uxtb	r2, r2
  66 0038 1A70     		strb	r2, [r3, #0]
  43:.\Generated_Source\PSoC5/LED.c **** }
  67              		.loc 1 43 0
ARM GAS  C:\DOCUME~1\dtucker\LOCALS~1\Temp\cc9IF9Ng.s 			page 3


  68 003a 07F11407 		add	r7, r7, #20
  69 003e BD46     		mov	sp, r7
  70 0040 80BC     		pop	{r7}
  71 0042 7047     		bx	lr
  72              		.cfi_endproc
  73              	.LFE0:
  74              		.size	LED_Write, .-LED_Write
  75              		.section	.text.LED_SetDriveMode,"ax",%progbits
  76              		.align	2
  77              		.global	LED_SetDriveMode
  78              		.thumb
  79              		.thumb_func
  80              		.type	LED_SetDriveMode, %function
  81              	LED_SetDriveMode:
  82              	.LFB1:
  44:.\Generated_Source\PSoC5/LED.c **** 
  45:.\Generated_Source\PSoC5/LED.c **** 
  46:.\Generated_Source\PSoC5/LED.c **** /*******************************************************************************
  47:.\Generated_Source\PSoC5/LED.c **** * Function Name: LED_SetDriveMode
  48:.\Generated_Source\PSoC5/LED.c **** ********************************************************************************
  49:.\Generated_Source\PSoC5/LED.c **** *
  50:.\Generated_Source\PSoC5/LED.c **** * Summary:
  51:.\Generated_Source\PSoC5/LED.c **** *  Change the drive mode on the pins of the port.
  52:.\Generated_Source\PSoC5/LED.c **** * 
  53:.\Generated_Source\PSoC5/LED.c **** * Parameters:  
  54:.\Generated_Source\PSoC5/LED.c **** *  mode:  Change the pins to this drive mode.
  55:.\Generated_Source\PSoC5/LED.c **** *
  56:.\Generated_Source\PSoC5/LED.c **** * Return: 
  57:.\Generated_Source\PSoC5/LED.c **** *  None
  58:.\Generated_Source\PSoC5/LED.c **** *
  59:.\Generated_Source\PSoC5/LED.c **** *******************************************************************************/
  60:.\Generated_Source\PSoC5/LED.c **** void LED_SetDriveMode(uint8 mode) 
  61:.\Generated_Source\PSoC5/LED.c **** {
  83              		.loc 1 61 0
  84              		.cfi_startproc
  85              		@ args = 0, pretend = 0, frame = 8
  86              		@ frame_needed = 1, uses_anonymous_args = 0
  87              		@ link register save eliminated.
  88 0000 80B4     		push	{r7}
  89              	.LCFI3:
  90              		.cfi_def_cfa_offset 4
  91 0002 83B0     		sub	sp, sp, #12
  92              	.LCFI4:
  93              		.cfi_def_cfa_offset 16
  94 0004 00AF     		add	r7, sp, #0
  95              		.cfi_offset 7, -4
  96              	.LCFI5:
  97              		.cfi_def_cfa_register 7
  98 0006 0346     		mov	r3, r0
  99 0008 FB71     		strb	r3, [r7, #7]
  62:.\Generated_Source\PSoC5/LED.c **** 	CyPins_SetPinDriveMode(LED_0, mode);
 100              		.loc 1 62 0
 101 000a 45F23203 		movw	r3, #:lower16:1073762354
 102 000e C4F20003 		movt	r3, #:upper16:1073762354
 103 0012 45F23202 		movw	r2, #:lower16:1073762354
 104 0016 C4F20002 		movt	r2, #:upper16:1073762354
 105 001a 1278     		ldrb	r2, [r2, #0]
ARM GAS  C:\DOCUME~1\dtucker\LOCALS~1\Temp\cc9IF9Ng.s 			page 4


 106 001c D2B2     		uxtb	r2, r2
 107 001e D1B2     		uxtb	r1, r2
 108 0020 01F0F101 		and	r1, r1, #241
 109 0024 FA79     		ldrb	r2, [r7, #7]	@ zero_extendqisi2
 110 0026 D2B2     		uxtb	r2, r2
 111 0028 02F00E02 		and	r2, r2, #14
 112 002c 41EA0202 		orr	r2, r1, r2
 113 0030 D2B2     		uxtb	r2, r2
 114 0032 D2B2     		uxtb	r2, r2
 115 0034 1A70     		strb	r2, [r3, #0]
  63:.\Generated_Source\PSoC5/LED.c **** 	CyPins_SetPinDriveMode(LED_1, mode);
 116              		.loc 1 63 0
 117 0036 45F23303 		movw	r3, #:lower16:1073762355
 118 003a C4F20003 		movt	r3, #:upper16:1073762355
 119 003e 45F23302 		movw	r2, #:lower16:1073762355
 120 0042 C4F20002 		movt	r2, #:upper16:1073762355
 121 0046 1278     		ldrb	r2, [r2, #0]
 122 0048 D2B2     		uxtb	r2, r2
 123 004a D1B2     		uxtb	r1, r2
 124 004c 01F0F101 		and	r1, r1, #241
 125 0050 FA79     		ldrb	r2, [r7, #7]	@ zero_extendqisi2
 126 0052 D2B2     		uxtb	r2, r2
 127 0054 02F00E02 		and	r2, r2, #14
 128 0058 41EA0202 		orr	r2, r1, r2
 129 005c D2B2     		uxtb	r2, r2
 130 005e D2B2     		uxtb	r2, r2
 131 0060 1A70     		strb	r2, [r3, #0]
  64:.\Generated_Source\PSoC5/LED.c **** }
 132              		.loc 1 64 0
 133 0062 07F10C07 		add	r7, r7, #12
 134 0066 BD46     		mov	sp, r7
 135 0068 80BC     		pop	{r7}
 136 006a 7047     		bx	lr
 137              		.cfi_endproc
 138              	.LFE1:
 139              		.size	LED_SetDriveMode, .-LED_SetDriveMode
 140              		.section	.text.LED_Read,"ax",%progbits
 141              		.align	2
 142              		.global	LED_Read
 143              		.thumb
 144              		.thumb_func
 145              		.type	LED_Read, %function
 146              	LED_Read:
 147              	.LFB2:
  65:.\Generated_Source\PSoC5/LED.c **** 
  66:.\Generated_Source\PSoC5/LED.c **** 
  67:.\Generated_Source\PSoC5/LED.c **** /*******************************************************************************
  68:.\Generated_Source\PSoC5/LED.c **** * Function Name: LED_Read
  69:.\Generated_Source\PSoC5/LED.c **** ********************************************************************************
  70:.\Generated_Source\PSoC5/LED.c **** *
  71:.\Generated_Source\PSoC5/LED.c **** * Summary:
  72:.\Generated_Source\PSoC5/LED.c **** *  Read the current value on the pins of the Digital Port in right justified 
  73:.\Generated_Source\PSoC5/LED.c **** *  form.
  74:.\Generated_Source\PSoC5/LED.c **** *
  75:.\Generated_Source\PSoC5/LED.c **** * Parameters:  
  76:.\Generated_Source\PSoC5/LED.c **** *  None
  77:.\Generated_Source\PSoC5/LED.c **** *
ARM GAS  C:\DOCUME~1\dtucker\LOCALS~1\Temp\cc9IF9Ng.s 			page 5


  78:.\Generated_Source\PSoC5/LED.c **** * Return: 
  79:.\Generated_Source\PSoC5/LED.c **** *  Returns the current value of the Digital Port as a right justified number
  80:.\Generated_Source\PSoC5/LED.c **** *  
  81:.\Generated_Source\PSoC5/LED.c **** * Note:
  82:.\Generated_Source\PSoC5/LED.c **** *  Macro LED_ReadPS calls this function. 
  83:.\Generated_Source\PSoC5/LED.c **** *  
  84:.\Generated_Source\PSoC5/LED.c **** *******************************************************************************/
  85:.\Generated_Source\PSoC5/LED.c **** uint8 LED_Read(void) 
  86:.\Generated_Source\PSoC5/LED.c **** {
 148              		.loc 1 86 0
 149              		.cfi_startproc
 150              		@ args = 0, pretend = 0, frame = 0
 151              		@ frame_needed = 1, uses_anonymous_args = 0
 152              		@ link register save eliminated.
 153 0000 80B4     		push	{r7}
 154              	.LCFI6:
 155              		.cfi_def_cfa_offset 4
 156 0002 00AF     		add	r7, sp, #0
 157              		.cfi_offset 7, -4
 158              	.LCFI7:
 159              		.cfi_def_cfa_register 7
  87:.\Generated_Source\PSoC5/LED.c ****     return (LED_PS & LED_MASK) >> LED_SHIFT;
 160              		.loc 1 87 0
 161 0004 45F26113 		movw	r3, #:lower16:1073762657
 162 0008 C4F20003 		movt	r3, #:upper16:1073762657
 163 000c 1B78     		ldrb	r3, [r3, #0]
 164 000e DBB2     		uxtb	r3, r3
 165 0010 03F00C03 		and	r3, r3, #12
 166 0014 4FEA9303 		lsr	r3, r3, #2
 167 0018 DBB2     		uxtb	r3, r3
  88:.\Generated_Source\PSoC5/LED.c **** }
 168              		.loc 1 88 0
 169 001a 1846     		mov	r0, r3
 170 001c BD46     		mov	sp, r7
 171 001e 80BC     		pop	{r7}
 172 0020 7047     		bx	lr
 173              		.cfi_endproc
 174              	.LFE2:
 175              		.size	LED_Read, .-LED_Read
 176 0022 00BF     		.section	.text.LED_ReadDataReg,"ax",%progbits
 177              		.align	2
 178              		.global	LED_ReadDataReg
 179              		.thumb
 180              		.thumb_func
 181              		.type	LED_ReadDataReg, %function
 182              	LED_ReadDataReg:
 183              	.LFB3:
  89:.\Generated_Source\PSoC5/LED.c **** 
  90:.\Generated_Source\PSoC5/LED.c **** 
  91:.\Generated_Source\PSoC5/LED.c **** /*******************************************************************************
  92:.\Generated_Source\PSoC5/LED.c **** * Function Name: LED_ReadDataReg
  93:.\Generated_Source\PSoC5/LED.c **** ********************************************************************************
  94:.\Generated_Source\PSoC5/LED.c **** *
  95:.\Generated_Source\PSoC5/LED.c **** * Summary:
  96:.\Generated_Source\PSoC5/LED.c **** *  Read the current value assigned to a Digital Port's data output register
  97:.\Generated_Source\PSoC5/LED.c **** *
  98:.\Generated_Source\PSoC5/LED.c **** * Parameters:  
ARM GAS  C:\DOCUME~1\dtucker\LOCALS~1\Temp\cc9IF9Ng.s 			page 6


  99:.\Generated_Source\PSoC5/LED.c **** *  None 
 100:.\Generated_Source\PSoC5/LED.c **** *
 101:.\Generated_Source\PSoC5/LED.c **** * Return: 
 102:.\Generated_Source\PSoC5/LED.c **** *  Returns the current value assigned to the Digital Port's data output register
 103:.\Generated_Source\PSoC5/LED.c **** *  
 104:.\Generated_Source\PSoC5/LED.c **** *******************************************************************************/
 105:.\Generated_Source\PSoC5/LED.c **** uint8 LED_ReadDataReg(void) 
 106:.\Generated_Source\PSoC5/LED.c **** {
 184              		.loc 1 106 0
 185              		.cfi_startproc
 186              		@ args = 0, pretend = 0, frame = 0
 187              		@ frame_needed = 1, uses_anonymous_args = 0
 188              		@ link register save eliminated.
 189 0000 80B4     		push	{r7}
 190              	.LCFI8:
 191              		.cfi_def_cfa_offset 4
 192 0002 00AF     		add	r7, sp, #0
 193              		.cfi_offset 7, -4
 194              	.LCFI9:
 195              		.cfi_def_cfa_register 7
 107:.\Generated_Source\PSoC5/LED.c ****     return (LED_DR & LED_MASK) >> LED_SHIFT;
 196              		.loc 1 107 0
 197 0004 45F26013 		movw	r3, #:lower16:1073762656
 198 0008 C4F20003 		movt	r3, #:upper16:1073762656
 199 000c 1B78     		ldrb	r3, [r3, #0]
 200 000e DBB2     		uxtb	r3, r3
 201 0010 03F00C03 		and	r3, r3, #12
 202 0014 4FEA9303 		lsr	r3, r3, #2
 203 0018 DBB2     		uxtb	r3, r3
 108:.\Generated_Source\PSoC5/LED.c **** }
 204              		.loc 1 108 0
 205 001a 1846     		mov	r0, r3
 206 001c BD46     		mov	sp, r7
 207 001e 80BC     		pop	{r7}
 208 0020 7047     		bx	lr
 209              		.cfi_endproc
 210              	.LFE3:
 211              		.size	LED_ReadDataReg, .-LED_ReadDataReg
 212 0022 00BF     		.text
 213              	.Letext0:
 214              		.section	.debug_loc,"",%progbits
 215              	.Ldebug_loc0:
 216              	.LLST0:
 217 0000 00000000 		.4byte	.LFB0
 218 0004 02000000 		.4byte	.LCFI0
 219 0008 0100     		.2byte	0x1
 220 000a 5D       		.byte	0x5d
 221 000b 02000000 		.4byte	.LCFI0
 222 000f 04000000 		.4byte	.LCFI1
 223 0013 0200     		.2byte	0x2
 224 0015 7D       		.byte	0x7d
 225 0016 04       		.sleb128 4
 226 0017 04000000 		.4byte	.LCFI1
 227 001b 06000000 		.4byte	.LCFI2
 228 001f 0200     		.2byte	0x2
 229 0021 7D       		.byte	0x7d
 230 0022 18       		.sleb128 24
ARM GAS  C:\DOCUME~1\dtucker\LOCALS~1\Temp\cc9IF9Ng.s 			page 7


 231 0023 06000000 		.4byte	.LCFI2
 232 0027 44000000 		.4byte	.LFE0
 233 002b 0200     		.2byte	0x2
 234 002d 77       		.byte	0x77
 235 002e 18       		.sleb128 24
 236 002f 00000000 		.4byte	0x0
 237 0033 00000000 		.4byte	0x0
 238              	.LLST1:
 239 0037 00000000 		.4byte	.LFB1
 240 003b 02000000 		.4byte	.LCFI3
 241 003f 0100     		.2byte	0x1
 242 0041 5D       		.byte	0x5d
 243 0042 02000000 		.4byte	.LCFI3
 244 0046 04000000 		.4byte	.LCFI4
 245 004a 0200     		.2byte	0x2
 246 004c 7D       		.byte	0x7d
 247 004d 04       		.sleb128 4
 248 004e 04000000 		.4byte	.LCFI4
 249 0052 06000000 		.4byte	.LCFI5
 250 0056 0200     		.2byte	0x2
 251 0058 7D       		.byte	0x7d
 252 0059 10       		.sleb128 16
 253 005a 06000000 		.4byte	.LCFI5
 254 005e 6C000000 		.4byte	.LFE1
 255 0062 0200     		.2byte	0x2
 256 0064 77       		.byte	0x77
 257 0065 10       		.sleb128 16
 258 0066 00000000 		.4byte	0x0
 259 006a 00000000 		.4byte	0x0
 260              	.LLST2:
 261 006e 00000000 		.4byte	.LFB2
 262 0072 02000000 		.4byte	.LCFI6
 263 0076 0100     		.2byte	0x1
 264 0078 5D       		.byte	0x5d
 265 0079 02000000 		.4byte	.LCFI6
 266 007d 04000000 		.4byte	.LCFI7
 267 0081 0200     		.2byte	0x2
 268 0083 7D       		.byte	0x7d
 269 0084 04       		.sleb128 4
 270 0085 04000000 		.4byte	.LCFI7
 271 0089 22000000 		.4byte	.LFE2
 272 008d 0200     		.2byte	0x2
 273 008f 77       		.byte	0x77
 274 0090 04       		.sleb128 4
 275 0091 00000000 		.4byte	0x0
 276 0095 00000000 		.4byte	0x0
 277              	.LLST3:
 278 0099 00000000 		.4byte	.LFB3
 279 009d 02000000 		.4byte	.LCFI8
 280 00a1 0100     		.2byte	0x1
 281 00a3 5D       		.byte	0x5d
 282 00a4 02000000 		.4byte	.LCFI8
 283 00a8 04000000 		.4byte	.LCFI9
 284 00ac 0200     		.2byte	0x2
 285 00ae 7D       		.byte	0x7d
 286 00af 04       		.sleb128 4
 287 00b0 04000000 		.4byte	.LCFI9
ARM GAS  C:\DOCUME~1\dtucker\LOCALS~1\Temp\cc9IF9Ng.s 			page 8


 288 00b4 22000000 		.4byte	.LFE3
 289 00b8 0200     		.2byte	0x2
 290 00ba 77       		.byte	0x77
 291 00bb 04       		.sleb128 4
 292 00bc 00000000 		.4byte	0x0
 293 00c0 00000000 		.4byte	0x0
 294              		.file 2 ".\\Generated_Source\\PSoC5\\/cytypes.h"
 295              		.section	.debug_info
 296 0000 1C010000 		.4byte	0x11c
 297 0004 0200     		.2byte	0x2
 298 0006 00000000 		.4byte	.Ldebug_abbrev0
 299 000a 04       		.byte	0x4
 300 000b 01       		.uleb128 0x1
 301 000c 1E010000 		.4byte	.LASF18
 302 0010 01       		.byte	0x1
 303 0011 73000000 		.4byte	.LASF19
 304 0015 D2000000 		.4byte	.LASF20
 305 0019 00000000 		.4byte	0x0
 306 001d 00000000 		.4byte	0x0
 307 0021 00000000 		.4byte	.Ldebug_ranges0+0x0
 308 0025 00000000 		.4byte	.Ldebug_line0
 309 0029 02       		.uleb128 0x2
 310 002a 01       		.byte	0x1
 311 002b 06       		.byte	0x6
 312 002c 51010000 		.4byte	.LASF0
 313 0030 02       		.uleb128 0x2
 314 0031 01       		.byte	0x1
 315 0032 08       		.byte	0x8
 316 0033 40000000 		.4byte	.LASF1
 317 0037 02       		.uleb128 0x2
 318 0038 02       		.byte	0x2
 319 0039 05       		.byte	0x5
 320 003a 2F010000 		.4byte	.LASF2
 321 003e 02       		.uleb128 0x2
 322 003f 02       		.byte	0x2
 323 0040 07       		.byte	0x7
 324 0041 60000000 		.4byte	.LASF3
 325 0045 02       		.uleb128 0x2
 326 0046 04       		.byte	0x4
 327 0047 05       		.byte	0x5
 328 0048 48010000 		.4byte	.LASF4
 329 004c 02       		.uleb128 0x2
 330 004d 04       		.byte	0x4
 331 004e 07       		.byte	0x7
 332 004f 4E000000 		.4byte	.LASF5
 333 0053 02       		.uleb128 0x2
 334 0054 08       		.byte	0x8
 335 0055 05       		.byte	0x5
 336 0056 00000000 		.4byte	.LASF6
 337 005a 02       		.uleb128 0x2
 338 005b 08       		.byte	0x8
 339 005c 07       		.byte	0x7
 340 005d B6000000 		.4byte	.LASF7
 341 0061 03       		.uleb128 0x3
 342 0062 04       		.byte	0x4
 343 0063 05       		.byte	0x5
 344 0064 696E7400 		.ascii	"int\000"
ARM GAS  C:\DOCUME~1\dtucker\LOCALS~1\Temp\cc9IF9Ng.s 			page 9


 345 0068 02       		.uleb128 0x2
 346 0069 04       		.byte	0x4
 347 006a 07       		.byte	0x7
 348 006b A9000000 		.4byte	.LASF8
 349 006f 04       		.uleb128 0x4
 350 0070 42010000 		.4byte	.LASF21
 351 0074 02       		.byte	0x2
 352 0075 4C       		.byte	0x4c
 353 0076 30000000 		.4byte	0x30
 354 007a 02       		.uleb128 0x2
 355 007b 04       		.byte	0x4
 356 007c 04       		.byte	0x4
 357 007d 3A000000 		.4byte	.LASF9
 358 0081 02       		.uleb128 0x2
 359 0082 08       		.byte	0x8
 360 0083 04       		.byte	0x4
 361 0084 A2000000 		.4byte	.LASF10
 362 0088 02       		.uleb128 0x2
 363 0089 01       		.byte	0x1
 364 008a 08       		.byte	0x8
 365 008b 2A010000 		.4byte	.LASF11
 366 008f 05       		.uleb128 0x5
 367 0090 01       		.byte	0x1
 368 0091 1F000000 		.4byte	.LASF12
 369 0095 01       		.byte	0x1
 370 0096 27       		.byte	0x27
 371 0097 01       		.byte	0x1
 372 0098 00000000 		.4byte	.LFB0
 373 009c 44000000 		.4byte	.LFE0
 374 00a0 00000000 		.4byte	.LLST0
 375 00a4 C5000000 		.4byte	0xc5
 376 00a8 06       		.uleb128 0x6
 377 00a9 29000000 		.4byte	.LASF14
 378 00ad 01       		.byte	0x1
 379 00ae 27       		.byte	0x27
 380 00af 6F000000 		.4byte	0x6f
 381 00b3 02       		.byte	0x2
 382 00b4 91       		.byte	0x91
 383 00b5 6F       		.sleb128 -17
 384 00b6 07       		.uleb128 0x7
 385 00b7 2F000000 		.4byte	.LASF22
 386 00bb 01       		.byte	0x1
 387 00bc 29       		.byte	0x29
 388 00bd 6F000000 		.4byte	0x6f
 389 00c1 02       		.byte	0x2
 390 00c2 91       		.byte	0x91
 391 00c3 77       		.sleb128 -9
 392 00c4 00       		.byte	0x0
 393 00c5 05       		.uleb128 0x5
 394 00c6 01       		.byte	0x1
 395 00c7 0E000000 		.4byte	.LASF13
 396 00cb 01       		.byte	0x1
 397 00cc 3C       		.byte	0x3c
 398 00cd 01       		.byte	0x1
 399 00ce 00000000 		.4byte	.LFB1
 400 00d2 6C000000 		.4byte	.LFE1
 401 00d6 37000000 		.4byte	.LLST1
ARM GAS  C:\DOCUME~1\dtucker\LOCALS~1\Temp\cc9IF9Ng.s 			page 10


 402 00da ED000000 		.4byte	0xed
 403 00de 06       		.uleb128 0x6
 404 00df CD000000 		.4byte	.LASF15
 405 00e3 01       		.byte	0x1
 406 00e4 3C       		.byte	0x3c
 407 00e5 6F000000 		.4byte	0x6f
 408 00e9 02       		.byte	0x2
 409 00ea 91       		.byte	0x91
 410 00eb 77       		.sleb128 -9
 411 00ec 00       		.byte	0x0
 412 00ed 08       		.uleb128 0x8
 413 00ee 01       		.byte	0x1
 414 00ef 39010000 		.4byte	.LASF16
 415 00f3 01       		.byte	0x1
 416 00f4 55       		.byte	0x55
 417 00f5 01       		.byte	0x1
 418 00f6 6F000000 		.4byte	0x6f
 419 00fa 00000000 		.4byte	.LFB2
 420 00fe 22000000 		.4byte	.LFE2
 421 0102 6E000000 		.4byte	.LLST2
 422 0106 08       		.uleb128 0x8
 423 0107 01       		.byte	0x1
 424 0108 92000000 		.4byte	.LASF17
 425 010c 01       		.byte	0x1
 426 010d 69       		.byte	0x69
 427 010e 01       		.byte	0x1
 428 010f 6F000000 		.4byte	0x6f
 429 0113 00000000 		.4byte	.LFB3
 430 0117 22000000 		.4byte	.LFE3
 431 011b 99000000 		.4byte	.LLST3
 432 011f 00       		.byte	0x0
 433              		.section	.debug_abbrev
 434 0000 01       		.uleb128 0x1
 435 0001 11       		.uleb128 0x11
 436 0002 01       		.byte	0x1
 437 0003 25       		.uleb128 0x25
 438 0004 0E       		.uleb128 0xe
 439 0005 13       		.uleb128 0x13
 440 0006 0B       		.uleb128 0xb
 441 0007 03       		.uleb128 0x3
 442 0008 0E       		.uleb128 0xe
 443 0009 1B       		.uleb128 0x1b
 444 000a 0E       		.uleb128 0xe
 445 000b 11       		.uleb128 0x11
 446 000c 01       		.uleb128 0x1
 447 000d 52       		.uleb128 0x52
 448 000e 01       		.uleb128 0x1
 449 000f 55       		.uleb128 0x55
 450 0010 06       		.uleb128 0x6
 451 0011 10       		.uleb128 0x10
 452 0012 06       		.uleb128 0x6
 453 0013 00       		.byte	0x0
 454 0014 00       		.byte	0x0
 455 0015 02       		.uleb128 0x2
 456 0016 24       		.uleb128 0x24
 457 0017 00       		.byte	0x0
 458 0018 0B       		.uleb128 0xb
ARM GAS  C:\DOCUME~1\dtucker\LOCALS~1\Temp\cc9IF9Ng.s 			page 11


 459 0019 0B       		.uleb128 0xb
 460 001a 3E       		.uleb128 0x3e
 461 001b 0B       		.uleb128 0xb
 462 001c 03       		.uleb128 0x3
 463 001d 0E       		.uleb128 0xe
 464 001e 00       		.byte	0x0
 465 001f 00       		.byte	0x0
 466 0020 03       		.uleb128 0x3
 467 0021 24       		.uleb128 0x24
 468 0022 00       		.byte	0x0
 469 0023 0B       		.uleb128 0xb
 470 0024 0B       		.uleb128 0xb
 471 0025 3E       		.uleb128 0x3e
 472 0026 0B       		.uleb128 0xb
 473 0027 03       		.uleb128 0x3
 474 0028 08       		.uleb128 0x8
 475 0029 00       		.byte	0x0
 476 002a 00       		.byte	0x0
 477 002b 04       		.uleb128 0x4
 478 002c 16       		.uleb128 0x16
 479 002d 00       		.byte	0x0
 480 002e 03       		.uleb128 0x3
 481 002f 0E       		.uleb128 0xe
 482 0030 3A       		.uleb128 0x3a
 483 0031 0B       		.uleb128 0xb
 484 0032 3B       		.uleb128 0x3b
 485 0033 0B       		.uleb128 0xb
 486 0034 49       		.uleb128 0x49
 487 0035 13       		.uleb128 0x13
 488 0036 00       		.byte	0x0
 489 0037 00       		.byte	0x0
 490 0038 05       		.uleb128 0x5
 491 0039 2E       		.uleb128 0x2e
 492 003a 01       		.byte	0x1
 493 003b 3F       		.uleb128 0x3f
 494 003c 0C       		.uleb128 0xc
 495 003d 03       		.uleb128 0x3
 496 003e 0E       		.uleb128 0xe
 497 003f 3A       		.uleb128 0x3a
 498 0040 0B       		.uleb128 0xb
 499 0041 3B       		.uleb128 0x3b
 500 0042 0B       		.uleb128 0xb
 501 0043 27       		.uleb128 0x27
 502 0044 0C       		.uleb128 0xc
 503 0045 11       		.uleb128 0x11
 504 0046 01       		.uleb128 0x1
 505 0047 12       		.uleb128 0x12
 506 0048 01       		.uleb128 0x1
 507 0049 40       		.uleb128 0x40
 508 004a 06       		.uleb128 0x6
 509 004b 01       		.uleb128 0x1
 510 004c 13       		.uleb128 0x13
 511 004d 00       		.byte	0x0
 512 004e 00       		.byte	0x0
 513 004f 06       		.uleb128 0x6
 514 0050 05       		.uleb128 0x5
 515 0051 00       		.byte	0x0
ARM GAS  C:\DOCUME~1\dtucker\LOCALS~1\Temp\cc9IF9Ng.s 			page 12


 516 0052 03       		.uleb128 0x3
 517 0053 0E       		.uleb128 0xe
 518 0054 3A       		.uleb128 0x3a
 519 0055 0B       		.uleb128 0xb
 520 0056 3B       		.uleb128 0x3b
 521 0057 0B       		.uleb128 0xb
 522 0058 49       		.uleb128 0x49
 523 0059 13       		.uleb128 0x13
 524 005a 02       		.uleb128 0x2
 525 005b 0A       		.uleb128 0xa
 526 005c 00       		.byte	0x0
 527 005d 00       		.byte	0x0
 528 005e 07       		.uleb128 0x7
 529 005f 34       		.uleb128 0x34
 530 0060 00       		.byte	0x0
 531 0061 03       		.uleb128 0x3
 532 0062 0E       		.uleb128 0xe
 533 0063 3A       		.uleb128 0x3a
 534 0064 0B       		.uleb128 0xb
 535 0065 3B       		.uleb128 0x3b
 536 0066 0B       		.uleb128 0xb
 537 0067 49       		.uleb128 0x49
 538 0068 13       		.uleb128 0x13
 539 0069 02       		.uleb128 0x2
 540 006a 0A       		.uleb128 0xa
 541 006b 00       		.byte	0x0
 542 006c 00       		.byte	0x0
 543 006d 08       		.uleb128 0x8
 544 006e 2E       		.uleb128 0x2e
 545 006f 00       		.byte	0x0
 546 0070 3F       		.uleb128 0x3f
 547 0071 0C       		.uleb128 0xc
 548 0072 03       		.uleb128 0x3
 549 0073 0E       		.uleb128 0xe
 550 0074 3A       		.uleb128 0x3a
 551 0075 0B       		.uleb128 0xb
 552 0076 3B       		.uleb128 0x3b
 553 0077 0B       		.uleb128 0xb
 554 0078 27       		.uleb128 0x27
 555 0079 0C       		.uleb128 0xc
 556 007a 49       		.uleb128 0x49
 557 007b 13       		.uleb128 0x13
 558 007c 11       		.uleb128 0x11
 559 007d 01       		.uleb128 0x1
 560 007e 12       		.uleb128 0x12
 561 007f 01       		.uleb128 0x1
 562 0080 40       		.uleb128 0x40
 563 0081 06       		.uleb128 0x6
 564 0082 00       		.byte	0x0
 565 0083 00       		.byte	0x0
 566 0084 00       		.byte	0x0
 567              		.section	.debug_pubnames,"",%progbits
 568 0000 52000000 		.4byte	0x52
 569 0004 0200     		.2byte	0x2
 570 0006 00000000 		.4byte	.Ldebug_info0
 571 000a 20010000 		.4byte	0x120
 572 000e 8F000000 		.4byte	0x8f
ARM GAS  C:\DOCUME~1\dtucker\LOCALS~1\Temp\cc9IF9Ng.s 			page 13


 573 0012 4C45445F 		.ascii	"LED_Write\000"
 573      57726974 
 573      6500
 574 001c C5000000 		.4byte	0xc5
 575 0020 4C45445F 		.ascii	"LED_SetDriveMode\000"
 575      53657444 
 575      72697665 
 575      4D6F6465 
 575      00
 576 0031 ED000000 		.4byte	0xed
 577 0035 4C45445F 		.ascii	"LED_Read\000"
 577      52656164 
 577      00
 578 003e 06010000 		.4byte	0x106
 579 0042 4C45445F 		.ascii	"LED_ReadDataReg\000"
 579      52656164 
 579      44617461 
 579      52656700 
 580 0052 00000000 		.4byte	0x0
 581              		.section	.debug_aranges,"",%progbits
 582 0000 34000000 		.4byte	0x34
 583 0004 0200     		.2byte	0x2
 584 0006 00000000 		.4byte	.Ldebug_info0
 585 000a 04       		.byte	0x4
 586 000b 00       		.byte	0x0
 587 000c 0000     		.2byte	0x0
 588 000e 0000     		.2byte	0x0
 589 0010 00000000 		.4byte	.LFB0
 590 0014 44000000 		.4byte	.LFE0-.LFB0
 591 0018 00000000 		.4byte	.LFB1
 592 001c 6C000000 		.4byte	.LFE1-.LFB1
 593 0020 00000000 		.4byte	.LFB2
 594 0024 22000000 		.4byte	.LFE2-.LFB2
 595 0028 00000000 		.4byte	.LFB3
 596 002c 22000000 		.4byte	.LFE3-.LFB3
 597 0030 00000000 		.4byte	0x0
 598 0034 00000000 		.4byte	0x0
 599              		.section	.debug_ranges,"",%progbits
 600              	.Ldebug_ranges0:
 601 0000 00000000 		.4byte	.Ltext0
 602 0004 00000000 		.4byte	.Letext0
 603 0008 00000000 		.4byte	.LFB0
 604 000c 44000000 		.4byte	.LFE0
 605 0010 00000000 		.4byte	.LFB1
 606 0014 6C000000 		.4byte	.LFE1
 607 0018 00000000 		.4byte	.LFB2
 608 001c 22000000 		.4byte	.LFE2
 609 0020 00000000 		.4byte	.LFB3
 610 0024 22000000 		.4byte	.LFE3
 611 0028 00000000 		.4byte	0x0
 612 002c 00000000 		.4byte	0x0
 613              		.section	.debug_str,"MS",%progbits,1
 614              	.LASF6:
 615 0000 6C6F6E67 		.ascii	"long long int\000"
 615      206C6F6E 
 615      6720696E 
 615      7400
ARM GAS  C:\DOCUME~1\dtucker\LOCALS~1\Temp\cc9IF9Ng.s 			page 14


 616              	.LASF13:
 617 000e 4C45445F 		.ascii	"LED_SetDriveMode\000"
 617      53657444 
 617      72697665 
 617      4D6F6465 
 617      00
 618              	.LASF12:
 619 001f 4C45445F 		.ascii	"LED_Write\000"
 619      57726974 
 619      6500
 620              	.LASF14:
 621 0029 76616C75 		.ascii	"value\000"
 621      6500
 622              	.LASF22:
 623 002f 73746174 		.ascii	"staticBits\000"
 623      69634269 
 623      747300
 624              	.LASF9:
 625 003a 666C6F61 		.ascii	"float\000"
 625      7400
 626              	.LASF1:
 627 0040 756E7369 		.ascii	"unsigned char\000"
 627      676E6564 
 627      20636861 
 627      7200
 628              	.LASF5:
 629 004e 6C6F6E67 		.ascii	"long unsigned int\000"
 629      20756E73 
 629      69676E65 
 629      6420696E 
 629      7400
 630              	.LASF3:
 631 0060 73686F72 		.ascii	"short unsigned int\000"
 631      7420756E 
 631      7369676E 
 631      65642069 
 631      6E7400
 632              	.LASF19:
 633 0073 2E5C4765 		.ascii	".\\Generated_Source\\PSoC5\\LED.c\000"
 633      6E657261 
 633      7465645F 
 633      536F7572 
 633      63655C50 
 634              	.LASF17:
 635 0092 4C45445F 		.ascii	"LED_ReadDataReg\000"
 635      52656164 
 635      44617461 
 635      52656700 
 636              	.LASF10:
 637 00a2 646F7562 		.ascii	"double\000"
 637      6C6500
 638              	.LASF8:
 639 00a9 756E7369 		.ascii	"unsigned int\000"
 639      676E6564 
 639      20696E74 
 639      00
 640              	.LASF7:
ARM GAS  C:\DOCUME~1\dtucker\LOCALS~1\Temp\cc9IF9Ng.s 			page 15


 641 00b6 6C6F6E67 		.ascii	"long long unsigned int\000"
 641      206C6F6E 
 641      6720756E 
 641      7369676E 
 641      65642069 
 642              	.LASF15:
 643 00cd 6D6F6465 		.ascii	"mode\000"
 643      00
 644              	.LASF20:
 645 00d2 433A5C44 		.ascii	"C:\\Documents and Settings\\dtucker\\My Documents\\"
 645      6F63756D 
 645      656E7473 
 645      20616E64 
 645      20536574 
 646 0101 50536F43 		.ascii	"PSoC Creator\\lab1\\lab1.cydsn\000"
 646      20437265 
 646      61746F72 
 646      5C6C6162 
 646      315C6C61 
 647              	.LASF18:
 648 011e 474E5520 		.ascii	"GNU C 4.4.1\000"
 648      4320342E 
 648      342E3100 
 649              	.LASF11:
 650 012a 63686172 		.ascii	"char\000"
 650      00
 651              	.LASF2:
 652 012f 73686F72 		.ascii	"short int\000"
 652      7420696E 
 652      7400
 653              	.LASF16:
 654 0139 4C45445F 		.ascii	"LED_Read\000"
 654      52656164 
 654      00
 655              	.LASF21:
 656 0142 75696E74 		.ascii	"uint8\000"
 656      3800
 657              	.LASF4:
 658 0148 6C6F6E67 		.ascii	"long int\000"
 658      20696E74 
 658      00
 659              	.LASF0:
 660 0151 7369676E 		.ascii	"signed char\000"
 660      65642063 
 660      68617200 
 661              		.ident	"GCC: (Sourcery G++ Lite 2010q1-188) 4.4.1"
