#***************************************************************************

#sjplacer

#Version:            1.1

#Build Date:         Dec  5 2012 10:19:42

#File Generated:     Apr 29 2013 03:14:03

#Purpose:            

#Copyright (C) 2010-2011 by Softjin Technologies Pvt Ltd. All rights reserved.

#***************************************************************************

Executing : C:\Program Files\Cypress\PSoC Creator\2.2\PSoC Creator\bin/sjplacer.exe --proj-name lab1 --netlist-vh2 lab1_p.vh2 --arch-file C:\Program Files\Cypress\PSoC Creator\2.2\PSoC Creator\dev/psoc3/psoc35_placer.ark --rrg-file C:\Program Files\Cypress\PSoC Creator\2.2\PSoC Creator\dev/psoc5/psoc5lp/route_arch-rrg.cydata --irq-file C:\Program Files\Cypress\PSoC Creator\2.2\PSoC Creator\dev/psoc5/psoc5lp/psoc5_lp_irqconn.cydata --drq-file C:\Program Files\Cypress\PSoC Creator\2.2\PSoC Creator\dev/psoc5/psoc5lp/psoc5_lp_dmaconn.cydata --dsi-conn-file C:\Program Files\Cypress\PSoC Creator\2.2\PSoC Creator\dev/psoc5/psoc5lp/psoc5_lp_dsiconn.cydata --pins-file PSoC5_PSoC5LP_100-TQFP.xml --lib-file lab1_p.lib --sdc-file lab1.sdc --io-pcf lab1.pci --outdir .

		Softjin Techologies Placer, Version 1.1

Build Date : Dec  5 2012	10:22:46

D2004: Option and Settings Summary
=============================================================
Netlist vh2 file          - lab1_p.vh2
Architecture file         - C:\Program Files\Cypress\PSoC Creator\2.2\PSoC Creator\dev/psoc3/psoc35_placer.ark
Package                   - 
Defparam file             - 
SDC file                  - lab1.sdc
Output directory          - .
Timing library            - lab1_p.lib
IO Placement file         - lab1.pci

D2050: Starting reading inputs for placer
=============================================================
D2065: Reading netlist file : "lab1_p.vh2"
D2065: Reading arch file : "C:\Program Files\Cypress\PSoC Creator\2.2\PSoC Creator\dev/psoc3/psoc35_placer.ark"
D2051: Reading of inputs for placer completed successfully

D2053: Starting placement of the design
=============================================================

Phase 2
Phase 3
I2659: No Constrained paths were found. The placer will run in non-timing driven mode.

Design Statistics after Packing
    Number of Combinational MCs 	:	0
    Number of Sequential MCs    	:	0
    Number of DPs               	:	0
    Number of Controls          	:	1
    Number of Status            	:	0
    Number of SyncCells         	:	0
    Number of count7cells       	:	0

Device Utilization Summary after Packing
    Macrocells                  :	0/192
    UDBS                        :	1/24
    IOs                         :	2/72


D2088: Phase 3, elapsed time : 0.0 (sec)

Phase 4
D2088: Phase 4, elapsed time : 0.0 (sec)

Phase 5
D2088: Phase 5, elapsed time : 0.0 (sec)

Phase 6
D2088: Phase 6, elapsed time : 0.1 (sec)

Phase 7
D2088: Phase 7, elapsed time : 0.1 (sec)

Final Design Statistics
    Number of Combinational MCs 	:	0
    Number of Sequential MCs    	:	0
    Number of DPs               	:	0
    Number of Controls          	:	1
    Number of Status            	:	0
    Number of SyncCells         	:	0
    Number of count7cells       	:	0
    Number of IOs       	:	2

Device Utilization Summary
    Macrocells                  :	0/192
    IOs                         :	2/72


Phase 8
D2088: Phase 8, elapsed time : 0.0 (sec)

D2054: Placement of the design completed successfully

I2076: Total run-time: 2.1 sec.

