ARM GAS  C:\DOCUME~1\dtucker\LOCALS~1\Temp\ccgGOae5.s 			page 1


   1              		.syntax unified
   2              		.cpu cortex-m3
   3              		.fpu softvfp
   4              		.eabi_attribute 20, 1
   5              		.eabi_attribute 21, 1
   6              		.eabi_attribute 23, 3
   7              		.eabi_attribute 24, 1
   8              		.eabi_attribute 25, 1
   9              		.eabi_attribute 26, 1
  10              		.eabi_attribute 30, 6
  11              		.eabi_attribute 18, 4
  12              		.thumb
  13              		.file	"ISR.c"
  14              		.section	.debug_abbrev,"",%progbits
  15              	.Ldebug_abbrev0:
  16              		.section	.debug_info,"",%progbits
  17              	.Ldebug_info0:
  18              		.section	.debug_line,"",%progbits
  19              	.Ldebug_line0:
  20 0000 57010000 		.text
  20      02005B00 
  20      00000201 
  20      FB0E0D00 
  20      01010101 
  21              	.Ltext0:
  22              		.cfi_sections	.debug_frame
  23              		.section	.text.ISR_Start,"ax",%progbits
  24              		.align	2
  25              		.global	ISR_Start
  26              		.thumb
  27              		.thumb_func
  28              		.type	ISR_Start, %function
  29              	ISR_Start:
  30              	.LFB0:
  31              		.file 1 ".\\Generated_Source\\PSoC5\\ISR.c"
   1:.\Generated_Source\PSoC5/ISR.c **** /*******************************************************************************
   2:.\Generated_Source\PSoC5/ISR.c **** * File Name: ISR.c  
   3:.\Generated_Source\PSoC5/ISR.c **** * Version 1.70
   4:.\Generated_Source\PSoC5/ISR.c **** *
   5:.\Generated_Source\PSoC5/ISR.c **** *  Description:
   6:.\Generated_Source\PSoC5/ISR.c **** *   API for controlling the state of an interrupt.
   7:.\Generated_Source\PSoC5/ISR.c **** *
   8:.\Generated_Source\PSoC5/ISR.c **** *
   9:.\Generated_Source\PSoC5/ISR.c **** *  Note:
  10:.\Generated_Source\PSoC5/ISR.c **** *
  11:.\Generated_Source\PSoC5/ISR.c **** ********************************************************************************
  12:.\Generated_Source\PSoC5/ISR.c **** * Copyright 2008-2012, Cypress Semiconductor Corporation.  All rights reserved.
  13:.\Generated_Source\PSoC5/ISR.c **** * You may use this file only in accordance with the license, terms, conditions, 
  14:.\Generated_Source\PSoC5/ISR.c **** * disclaimers, and limitations in the end user license agreement accompanying 
  15:.\Generated_Source\PSoC5/ISR.c **** * the software package with which this file was provided.
  16:.\Generated_Source\PSoC5/ISR.c **** *******************************************************************************/
  17:.\Generated_Source\PSoC5/ISR.c **** 
  18:.\Generated_Source\PSoC5/ISR.c **** 
  19:.\Generated_Source\PSoC5/ISR.c **** #include <CYDEVICE_TRM.H>
  20:.\Generated_Source\PSoC5/ISR.c **** #include <CYLIB.H>
  21:.\Generated_Source\PSoC5/ISR.c **** #include <ISR.H>
  22:.\Generated_Source\PSoC5/ISR.c **** 
ARM GAS  C:\DOCUME~1\dtucker\LOCALS~1\Temp\ccgGOae5.s 			page 2


  23:.\Generated_Source\PSoC5/ISR.c **** #if !defined(ISR__REMOVED) /* Check for removal by optimization */
  24:.\Generated_Source\PSoC5/ISR.c **** 
  25:.\Generated_Source\PSoC5/ISR.c **** /*******************************************************************************
  26:.\Generated_Source\PSoC5/ISR.c **** *  Place your includes, defines and code here 
  27:.\Generated_Source\PSoC5/ISR.c **** ********************************************************************************/
  28:.\Generated_Source\PSoC5/ISR.c **** /* `#START ISR_intc` */
  29:.\Generated_Source\PSoC5/ISR.c **** 
  30:.\Generated_Source\PSoC5/ISR.c **** /* `#END` */
  31:.\Generated_Source\PSoC5/ISR.c **** 
  32:.\Generated_Source\PSoC5/ISR.c **** #ifndef CYINT_IRQ_BASE
  33:.\Generated_Source\PSoC5/ISR.c **** #define CYINT_IRQ_BASE      16
  34:.\Generated_Source\PSoC5/ISR.c **** #endif /* CYINT_IRQ_BASE */
  35:.\Generated_Source\PSoC5/ISR.c **** #ifndef CYINT_VECT_TABLE
  36:.\Generated_Source\PSoC5/ISR.c **** #define CYINT_VECT_TABLE    ((cyisraddress **) CYREG_NVIC_VECT_OFFSET)
  37:.\Generated_Source\PSoC5/ISR.c **** #endif /* CYINT_VECT_TABLE */
  38:.\Generated_Source\PSoC5/ISR.c **** 
  39:.\Generated_Source\PSoC5/ISR.c **** /* Declared in startup, used to set unused interrupts to. */
  40:.\Generated_Source\PSoC5/ISR.c **** CY_ISR_PROTO(IntDefaultHandler);
  41:.\Generated_Source\PSoC5/ISR.c **** 
  42:.\Generated_Source\PSoC5/ISR.c **** 
  43:.\Generated_Source\PSoC5/ISR.c **** /*******************************************************************************
  44:.\Generated_Source\PSoC5/ISR.c **** * Function Name: ISR_Start
  45:.\Generated_Source\PSoC5/ISR.c **** ********************************************************************************
  46:.\Generated_Source\PSoC5/ISR.c **** *
  47:.\Generated_Source\PSoC5/ISR.c **** * Summary:
  48:.\Generated_Source\PSoC5/ISR.c **** *  Set up the interrupt and enable it.
  49:.\Generated_Source\PSoC5/ISR.c **** *
  50:.\Generated_Source\PSoC5/ISR.c **** * Parameters:  
  51:.\Generated_Source\PSoC5/ISR.c **** *   None
  52:.\Generated_Source\PSoC5/ISR.c **** *
  53:.\Generated_Source\PSoC5/ISR.c **** * Return:
  54:.\Generated_Source\PSoC5/ISR.c **** *   None
  55:.\Generated_Source\PSoC5/ISR.c **** *
  56:.\Generated_Source\PSoC5/ISR.c **** *******************************************************************************/
  57:.\Generated_Source\PSoC5/ISR.c **** void ISR_Start(void)
  58:.\Generated_Source\PSoC5/ISR.c **** {
  32              		.loc 1 58 0
  33              		.cfi_startproc
  34              		@ args = 0, pretend = 0, frame = 0
  35              		@ frame_needed = 1, uses_anonymous_args = 0
  36 0000 80B5     		push	{r7, lr}
  37              	.LCFI0:
  38              		.cfi_def_cfa_offset 8
  39 0002 00AF     		add	r7, sp, #0
  40              		.cfi_offset 14, -4
  41              		.cfi_offset 7, -8
  42              	.LCFI1:
  43              		.cfi_def_cfa_register 7
  59:.\Generated_Source\PSoC5/ISR.c ****     /* For all we know the interrupt is active. */
  60:.\Generated_Source\PSoC5/ISR.c ****     ISR_Disable();
  44              		.loc 1 60 0
  45 0004 FFF7FEFF 		bl	ISR_Disable
  61:.\Generated_Source\PSoC5/ISR.c **** 
  62:.\Generated_Source\PSoC5/ISR.c ****     /* Set the ISR to point to the ISR Interrupt. */
  63:.\Generated_Source\PSoC5/ISR.c ****     ISR_SetVector(&ISR_Interrupt);
  46              		.loc 1 63 0
  47 0008 40F20000 		movw	r0, #:lower16:ISR_Interrupt
ARM GAS  C:\DOCUME~1\dtucker\LOCALS~1\Temp\ccgGOae5.s 			page 3


  48 000c C0F20000 		movt	r0, #:upper16:ISR_Interrupt
  49 0010 FFF7FEFF 		bl	ISR_SetVector
  64:.\Generated_Source\PSoC5/ISR.c **** 
  65:.\Generated_Source\PSoC5/ISR.c ****     /* Set the priority. */
  66:.\Generated_Source\PSoC5/ISR.c ****     ISR_SetPriority((uint8)ISR_INTC_PRIOR_NUMBER);
  50              		.loc 1 66 0
  51 0014 4FF00700 		mov	r0, #7
  52 0018 FFF7FEFF 		bl	ISR_SetPriority
  67:.\Generated_Source\PSoC5/ISR.c **** 
  68:.\Generated_Source\PSoC5/ISR.c ****     /* Enable it. */
  69:.\Generated_Source\PSoC5/ISR.c ****     ISR_Enable();
  53              		.loc 1 69 0
  54 001c FFF7FEFF 		bl	ISR_Enable
  70:.\Generated_Source\PSoC5/ISR.c **** }
  55              		.loc 1 70 0
  56 0020 80BD     		pop	{r7, pc}
  57              		.cfi_endproc
  58              	.LFE0:
  59              		.size	ISR_Start, .-ISR_Start
  60 0022 00BF     		.section	.text.ISR_StartEx,"ax",%progbits
  61              		.align	2
  62              		.global	ISR_StartEx
  63              		.thumb
  64              		.thumb_func
  65              		.type	ISR_StartEx, %function
  66              	ISR_StartEx:
  67              	.LFB1:
  71:.\Generated_Source\PSoC5/ISR.c **** 
  72:.\Generated_Source\PSoC5/ISR.c **** 
  73:.\Generated_Source\PSoC5/ISR.c **** /*******************************************************************************
  74:.\Generated_Source\PSoC5/ISR.c **** * Function Name: ISR_StartEx
  75:.\Generated_Source\PSoC5/ISR.c **** ********************************************************************************
  76:.\Generated_Source\PSoC5/ISR.c **** *
  77:.\Generated_Source\PSoC5/ISR.c **** * Summary:
  78:.\Generated_Source\PSoC5/ISR.c **** *  Set up the interrupt and enable it.
  79:.\Generated_Source\PSoC5/ISR.c **** *
  80:.\Generated_Source\PSoC5/ISR.c **** * Parameters:  
  81:.\Generated_Source\PSoC5/ISR.c **** *   address: Address of the ISR to set in the interrupt vector table.
  82:.\Generated_Source\PSoC5/ISR.c **** *
  83:.\Generated_Source\PSoC5/ISR.c **** * Return:
  84:.\Generated_Source\PSoC5/ISR.c **** *   None
  85:.\Generated_Source\PSoC5/ISR.c **** *
  86:.\Generated_Source\PSoC5/ISR.c **** *******************************************************************************/
  87:.\Generated_Source\PSoC5/ISR.c **** void ISR_StartEx(cyisraddress address)
  88:.\Generated_Source\PSoC5/ISR.c **** {
  68              		.loc 1 88 0
  69              		.cfi_startproc
  70              		@ args = 0, pretend = 0, frame = 8
  71              		@ frame_needed = 1, uses_anonymous_args = 0
  72 0000 80B5     		push	{r7, lr}
  73              	.LCFI2:
  74              		.cfi_def_cfa_offset 8
  75 0002 82B0     		sub	sp, sp, #8
  76              	.LCFI3:
  77              		.cfi_def_cfa_offset 16
  78 0004 00AF     		add	r7, sp, #0
  79              		.cfi_offset 14, -4
ARM GAS  C:\DOCUME~1\dtucker\LOCALS~1\Temp\ccgGOae5.s 			page 4


  80              		.cfi_offset 7, -8
  81              	.LCFI4:
  82              		.cfi_def_cfa_register 7
  83 0006 7860     		str	r0, [r7, #4]
  89:.\Generated_Source\PSoC5/ISR.c ****     /* For all we know the interrupt is active. */
  90:.\Generated_Source\PSoC5/ISR.c ****     ISR_Disable();
  84              		.loc 1 90 0
  85 0008 FFF7FEFF 		bl	ISR_Disable
  91:.\Generated_Source\PSoC5/ISR.c **** 
  92:.\Generated_Source\PSoC5/ISR.c ****     /* Set the ISR to point to the ISR Interrupt. */
  93:.\Generated_Source\PSoC5/ISR.c ****     ISR_SetVector(address);
  86              		.loc 1 93 0
  87 000c 7868     		ldr	r0, [r7, #4]
  88 000e FFF7FEFF 		bl	ISR_SetVector
  94:.\Generated_Source\PSoC5/ISR.c **** 
  95:.\Generated_Source\PSoC5/ISR.c ****     /* Set the priority. */
  96:.\Generated_Source\PSoC5/ISR.c ****     ISR_SetPriority((uint8)ISR_INTC_PRIOR_NUMBER);
  89              		.loc 1 96 0
  90 0012 4FF00700 		mov	r0, #7
  91 0016 FFF7FEFF 		bl	ISR_SetPriority
  97:.\Generated_Source\PSoC5/ISR.c **** 
  98:.\Generated_Source\PSoC5/ISR.c ****     /* Enable it. */
  99:.\Generated_Source\PSoC5/ISR.c ****     ISR_Enable();
  92              		.loc 1 99 0
  93 001a FFF7FEFF 		bl	ISR_Enable
 100:.\Generated_Source\PSoC5/ISR.c **** }
  94              		.loc 1 100 0
  95 001e 07F10807 		add	r7, r7, #8
  96 0022 BD46     		mov	sp, r7
  97 0024 80BD     		pop	{r7, pc}
  98              		.cfi_endproc
  99              	.LFE1:
 100              		.size	ISR_StartEx, .-ISR_StartEx
 101 0026 00BF     		.section	.text.ISR_Stop,"ax",%progbits
 102              		.align	2
 103              		.global	ISR_Stop
 104              		.thumb
 105              		.thumb_func
 106              		.type	ISR_Stop, %function
 107              	ISR_Stop:
 108              	.LFB2:
 101:.\Generated_Source\PSoC5/ISR.c **** 
 102:.\Generated_Source\PSoC5/ISR.c **** 
 103:.\Generated_Source\PSoC5/ISR.c **** /*******************************************************************************
 104:.\Generated_Source\PSoC5/ISR.c **** * Function Name: ISR_Stop
 105:.\Generated_Source\PSoC5/ISR.c **** ********************************************************************************
 106:.\Generated_Source\PSoC5/ISR.c **** *
 107:.\Generated_Source\PSoC5/ISR.c **** * Summary:
 108:.\Generated_Source\PSoC5/ISR.c **** *   Disables and removes the interrupt.
 109:.\Generated_Source\PSoC5/ISR.c **** *
 110:.\Generated_Source\PSoC5/ISR.c **** * Parameters:  
 111:.\Generated_Source\PSoC5/ISR.c **** *
 112:.\Generated_Source\PSoC5/ISR.c **** * Return:
 113:.\Generated_Source\PSoC5/ISR.c **** *   None
 114:.\Generated_Source\PSoC5/ISR.c **** *
 115:.\Generated_Source\PSoC5/ISR.c **** *******************************************************************************/
 116:.\Generated_Source\PSoC5/ISR.c **** void ISR_Stop(void)
ARM GAS  C:\DOCUME~1\dtucker\LOCALS~1\Temp\ccgGOae5.s 			page 5


 117:.\Generated_Source\PSoC5/ISR.c **** {
 109              		.loc 1 117 0
 110              		.cfi_startproc
 111              		@ args = 0, pretend = 0, frame = 0
 112              		@ frame_needed = 1, uses_anonymous_args = 0
 113 0000 80B5     		push	{r7, lr}
 114              	.LCFI5:
 115              		.cfi_def_cfa_offset 8
 116 0002 00AF     		add	r7, sp, #0
 117              		.cfi_offset 14, -4
 118              		.cfi_offset 7, -8
 119              	.LCFI6:
 120              		.cfi_def_cfa_register 7
 118:.\Generated_Source\PSoC5/ISR.c ****     /* Disable this interrupt. */
 119:.\Generated_Source\PSoC5/ISR.c ****     ISR_Disable();
 121              		.loc 1 119 0
 122 0004 FFF7FEFF 		bl	ISR_Disable
 120:.\Generated_Source\PSoC5/ISR.c **** 
 121:.\Generated_Source\PSoC5/ISR.c ****     /* Set the ISR to point to the passive one. */
 122:.\Generated_Source\PSoC5/ISR.c ****     ISR_SetVector(&IntDefaultHandler);
 123              		.loc 1 122 0
 124 0008 40F20000 		movw	r0, #:lower16:IntDefaultHandler
 125 000c C0F20000 		movt	r0, #:upper16:IntDefaultHandler
 126 0010 FFF7FEFF 		bl	ISR_SetVector
 123:.\Generated_Source\PSoC5/ISR.c **** }
 127              		.loc 1 123 0
 128 0014 80BD     		pop	{r7, pc}
 129              		.cfi_endproc
 130              	.LFE2:
 131              		.size	ISR_Stop, .-ISR_Stop
 132 0016 00BF     		.section	.rodata
 133              		.align	2
 134              	.LC0:
 135 0000 496E7465 		.ascii	"Interrupt\000"
 135      72727570 
 135      7400
 136 000a 0000     		.section	.text.ISR_Interrupt,"ax",%progbits
 137              		.align	2
 138              		.global	ISR_Interrupt
 139              		.thumb
 140              		.thumb_func
 141              		.type	ISR_Interrupt, %function
 142              	ISR_Interrupt:
 143              	.LFB3:
 124:.\Generated_Source\PSoC5/ISR.c **** 
 125:.\Generated_Source\PSoC5/ISR.c **** 
 126:.\Generated_Source\PSoC5/ISR.c **** /*******************************************************************************
 127:.\Generated_Source\PSoC5/ISR.c **** * Function Name: ISR_Interrupt
 128:.\Generated_Source\PSoC5/ISR.c **** ********************************************************************************
 129:.\Generated_Source\PSoC5/ISR.c **** *
 130:.\Generated_Source\PSoC5/ISR.c **** * Summary:
 131:.\Generated_Source\PSoC5/ISR.c **** *   The default Interrupt Service Routine for ISR.
 132:.\Generated_Source\PSoC5/ISR.c **** *
 133:.\Generated_Source\PSoC5/ISR.c **** *   Add custom code between the coments to keep the next version of this file
 134:.\Generated_Source\PSoC5/ISR.c **** *   from over writting your code.
 135:.\Generated_Source\PSoC5/ISR.c **** *
 136:.\Generated_Source\PSoC5/ISR.c **** * Parameters:  
ARM GAS  C:\DOCUME~1\dtucker\LOCALS~1\Temp\ccgGOae5.s 			page 6


 137:.\Generated_Source\PSoC5/ISR.c **** *
 138:.\Generated_Source\PSoC5/ISR.c **** * Return:
 139:.\Generated_Source\PSoC5/ISR.c **** *   None
 140:.\Generated_Source\PSoC5/ISR.c **** *
 141:.\Generated_Source\PSoC5/ISR.c **** *******************************************************************************/
 142:.\Generated_Source\PSoC5/ISR.c **** CY_ISR(ISR_Interrupt)
 143:.\Generated_Source\PSoC5/ISR.c **** {
 144              		.loc 1 143 0
 145              		.cfi_startproc
 146              		@ args = 0, pretend = 0, frame = 0
 147              		@ frame_needed = 1, uses_anonymous_args = 0
 148 0000 80B5     		push	{r7, lr}
 149              	.LCFI7:
 150              		.cfi_def_cfa_offset 8
 151 0002 00AF     		add	r7, sp, #0
 152              		.cfi_offset 14, -4
 153              		.cfi_offset 7, -8
 154              	.LCFI8:
 155              		.cfi_def_cfa_register 7
 144:.\Generated_Source\PSoC5/ISR.c ****     LCD_Start();
 156              		.loc 1 144 0
 157 0004 FFF7FEFF 		bl	LCD_Start
 145:.\Generated_Source\PSoC5/ISR.c ****     LCD_Position(0,0);
 158              		.loc 1 145 0
 159 0008 4FF00000 		mov	r0, #0
 160 000c 4FF00001 		mov	r1, #0
 161 0010 FFF7FEFF 		bl	LCD_Position
 146:.\Generated_Source\PSoC5/ISR.c ****     LCD_PrintString("Interrupt");
 162              		.loc 1 146 0
 163 0014 40F20000 		movw	r0, #:lower16:.LC0
 164 0018 C0F20000 		movt	r0, #:upper16:.LC0
 165 001c FFF7FEFF 		bl	LCD_PrintString
 147:.\Generated_Source\PSoC5/ISR.c ****     CyDelay(500);
 166              		.loc 1 147 0
 167 0020 4FF4FA70 		mov	r0, #500
 168 0024 FFF7FEFF 		bl	CyDelay
 148:.\Generated_Source\PSoC5/ISR.c **** }
 169              		.loc 1 148 0
 170 0028 80BD     		pop	{r7, pc}
 171              		.cfi_endproc
 172              	.LFE3:
 173              		.size	ISR_Interrupt, .-ISR_Interrupt
 174 002a 00BF     		.section	.text.ISR_SetVector,"ax",%progbits
 175              		.align	2
 176              		.global	ISR_SetVector
 177              		.thumb
 178              		.thumb_func
 179              		.type	ISR_SetVector, %function
 180              	ISR_SetVector:
 181              	.LFB4:
 149:.\Generated_Source\PSoC5/ISR.c **** 
 150:.\Generated_Source\PSoC5/ISR.c **** 
 151:.\Generated_Source\PSoC5/ISR.c **** /*******************************************************************************
 152:.\Generated_Source\PSoC5/ISR.c **** * Function Name: ISR_SetVector
 153:.\Generated_Source\PSoC5/ISR.c **** ********************************************************************************
 154:.\Generated_Source\PSoC5/ISR.c **** *
 155:.\Generated_Source\PSoC5/ISR.c **** * Summary:
ARM GAS  C:\DOCUME~1\dtucker\LOCALS~1\Temp\ccgGOae5.s 			page 7


 156:.\Generated_Source\PSoC5/ISR.c **** *   Change the ISR vector for the Interrupt. Note calling ISR_Start
 157:.\Generated_Source\PSoC5/ISR.c **** *   will override any effect this method would have had. To set the vector 
 158:.\Generated_Source\PSoC5/ISR.c **** *   before the component has been started use ISR_StartEx instead.
 159:.\Generated_Source\PSoC5/ISR.c **** *
 160:.\Generated_Source\PSoC5/ISR.c **** * Parameters:
 161:.\Generated_Source\PSoC5/ISR.c **** *   address: Address of the ISR to set in the interrupt vector table.
 162:.\Generated_Source\PSoC5/ISR.c **** *
 163:.\Generated_Source\PSoC5/ISR.c **** * Return:
 164:.\Generated_Source\PSoC5/ISR.c **** *   None
 165:.\Generated_Source\PSoC5/ISR.c **** *
 166:.\Generated_Source\PSoC5/ISR.c **** *******************************************************************************/
 167:.\Generated_Source\PSoC5/ISR.c **** void ISR_SetVector(cyisraddress address)
 168:.\Generated_Source\PSoC5/ISR.c **** {
 182              		.loc 1 168 0
 183              		.cfi_startproc
 184              		@ args = 0, pretend = 0, frame = 16
 185              		@ frame_needed = 1, uses_anonymous_args = 0
 186              		@ link register save eliminated.
 187 0000 80B4     		push	{r7}
 188              	.LCFI9:
 189              		.cfi_def_cfa_offset 4
 190 0002 85B0     		sub	sp, sp, #20
 191              	.LCFI10:
 192              		.cfi_def_cfa_offset 24
 193 0004 00AF     		add	r7, sp, #0
 194              		.cfi_offset 7, -4
 195              	.LCFI11:
 196              		.cfi_def_cfa_register 7
 197 0006 7860     		str	r0, [r7, #4]
 169:.\Generated_Source\PSoC5/ISR.c ****     cyisraddress * ramVectorTable;
 170:.\Generated_Source\PSoC5/ISR.c **** 
 171:.\Generated_Source\PSoC5/ISR.c ****     ramVectorTable = (cyisraddress *) *CYINT_VECT_TABLE;
 198              		.loc 1 171 0
 199 0008 4EF60853 		movw	r3, #:lower16:-536810232
 200 000c CEF20003 		movt	r3, #:upper16:-536810232
 201 0010 1B68     		ldr	r3, [r3, #0]
 202 0012 FB60     		str	r3, [r7, #12]
 172:.\Generated_Source\PSoC5/ISR.c **** 
 173:.\Generated_Source\PSoC5/ISR.c ****     ramVectorTable[CYINT_IRQ_BASE + (uint32)ISR__INTC_NUMBER] = address;
 203              		.loc 1 173 0
 204 0014 FB68     		ldr	r3, [r7, #12]
 205 0016 03F18403 		add	r3, r3, #132
 206 001a 7A68     		ldr	r2, [r7, #4]
 207 001c 1A60     		str	r2, [r3, #0]
 174:.\Generated_Source\PSoC5/ISR.c **** }
 208              		.loc 1 174 0
 209 001e 07F11407 		add	r7, r7, #20
 210 0022 BD46     		mov	sp, r7
 211 0024 80BC     		pop	{r7}
 212 0026 7047     		bx	lr
 213              		.cfi_endproc
 214              	.LFE4:
 215              		.size	ISR_SetVector, .-ISR_SetVector
 216              		.section	.text.ISR_GetVector,"ax",%progbits
 217              		.align	2
 218              		.global	ISR_GetVector
 219              		.thumb
ARM GAS  C:\DOCUME~1\dtucker\LOCALS~1\Temp\ccgGOae5.s 			page 8


 220              		.thumb_func
 221              		.type	ISR_GetVector, %function
 222              	ISR_GetVector:
 223              	.LFB5:
 175:.\Generated_Source\PSoC5/ISR.c **** 
 176:.\Generated_Source\PSoC5/ISR.c **** 
 177:.\Generated_Source\PSoC5/ISR.c **** /*******************************************************************************
 178:.\Generated_Source\PSoC5/ISR.c **** * Function Name: ISR_GetVector
 179:.\Generated_Source\PSoC5/ISR.c **** ********************************************************************************
 180:.\Generated_Source\PSoC5/ISR.c **** *
 181:.\Generated_Source\PSoC5/ISR.c **** * Summary:
 182:.\Generated_Source\PSoC5/ISR.c **** *   Gets the "address" of the current ISR vector for the Interrupt.
 183:.\Generated_Source\PSoC5/ISR.c **** *
 184:.\Generated_Source\PSoC5/ISR.c **** * Parameters:
 185:.\Generated_Source\PSoC5/ISR.c **** *   None
 186:.\Generated_Source\PSoC5/ISR.c **** *
 187:.\Generated_Source\PSoC5/ISR.c **** * Return:
 188:.\Generated_Source\PSoC5/ISR.c **** *   Address of the ISR in the interrupt vector table.
 189:.\Generated_Source\PSoC5/ISR.c **** *
 190:.\Generated_Source\PSoC5/ISR.c **** *******************************************************************************/
 191:.\Generated_Source\PSoC5/ISR.c **** cyisraddress ISR_GetVector(void)
 192:.\Generated_Source\PSoC5/ISR.c **** {
 224              		.loc 1 192 0
 225              		.cfi_startproc
 226              		@ args = 0, pretend = 0, frame = 8
 227              		@ frame_needed = 1, uses_anonymous_args = 0
 228              		@ link register save eliminated.
 229 0000 80B4     		push	{r7}
 230              	.LCFI12:
 231              		.cfi_def_cfa_offset 4
 232 0002 83B0     		sub	sp, sp, #12
 233              	.LCFI13:
 234              		.cfi_def_cfa_offset 16
 235 0004 00AF     		add	r7, sp, #0
 236              		.cfi_offset 7, -4
 237              	.LCFI14:
 238              		.cfi_def_cfa_register 7
 193:.\Generated_Source\PSoC5/ISR.c ****     cyisraddress * ramVectorTable;
 194:.\Generated_Source\PSoC5/ISR.c **** 
 195:.\Generated_Source\PSoC5/ISR.c ****     ramVectorTable = (cyisraddress *) *CYINT_VECT_TABLE;
 239              		.loc 1 195 0
 240 0006 4EF60853 		movw	r3, #:lower16:-536810232
 241 000a CEF20003 		movt	r3, #:upper16:-536810232
 242 000e 1B68     		ldr	r3, [r3, #0]
 243 0010 7B60     		str	r3, [r7, #4]
 196:.\Generated_Source\PSoC5/ISR.c **** 
 197:.\Generated_Source\PSoC5/ISR.c ****     return ramVectorTable[CYINT_IRQ_BASE + (uint32)ISR__INTC_NUMBER];
 244              		.loc 1 197 0
 245 0012 7B68     		ldr	r3, [r7, #4]
 246 0014 03F18403 		add	r3, r3, #132
 247 0018 1B68     		ldr	r3, [r3, #0]
 198:.\Generated_Source\PSoC5/ISR.c **** }
 248              		.loc 1 198 0
 249 001a 1846     		mov	r0, r3
 250 001c 07F10C07 		add	r7, r7, #12
 251 0020 BD46     		mov	sp, r7
 252 0022 80BC     		pop	{r7}
ARM GAS  C:\DOCUME~1\dtucker\LOCALS~1\Temp\ccgGOae5.s 			page 9


 253 0024 7047     		bx	lr
 254              		.cfi_endproc
 255              	.LFE5:
 256              		.size	ISR_GetVector, .-ISR_GetVector
 257 0026 00BF     		.section	.text.ISR_SetPriority,"ax",%progbits
 258              		.align	2
 259              		.global	ISR_SetPriority
 260              		.thumb
 261              		.thumb_func
 262              		.type	ISR_SetPriority, %function
 263              	ISR_SetPriority:
 264              	.LFB6:
 199:.\Generated_Source\PSoC5/ISR.c **** 
 200:.\Generated_Source\PSoC5/ISR.c **** 
 201:.\Generated_Source\PSoC5/ISR.c **** /*******************************************************************************
 202:.\Generated_Source\PSoC5/ISR.c **** * Function Name: ISR_SetPriority
 203:.\Generated_Source\PSoC5/ISR.c **** ********************************************************************************
 204:.\Generated_Source\PSoC5/ISR.c **** *
 205:.\Generated_Source\PSoC5/ISR.c **** * Summary:
 206:.\Generated_Source\PSoC5/ISR.c **** *   Sets the Priority of the Interrupt. Note calling ISR_Start
 207:.\Generated_Source\PSoC5/ISR.c **** *   or ISR_StartEx will override any effect this method 
 208:.\Generated_Source\PSoC5/ISR.c **** *   would have had. This method should only be called after 
 209:.\Generated_Source\PSoC5/ISR.c **** *   ISR_Start or ISR_StartEx has been called. To set 
 210:.\Generated_Source\PSoC5/ISR.c **** *   the initial priority for the component use the cydwr file in the tool.
 211:.\Generated_Source\PSoC5/ISR.c **** *
 212:.\Generated_Source\PSoC5/ISR.c **** * Parameters:
 213:.\Generated_Source\PSoC5/ISR.c **** *   priority: Priority of the interrupt. 0 - 7, 0 being the highest.
 214:.\Generated_Source\PSoC5/ISR.c **** *
 215:.\Generated_Source\PSoC5/ISR.c **** * Return:
 216:.\Generated_Source\PSoC5/ISR.c **** *   None
 217:.\Generated_Source\PSoC5/ISR.c **** *
 218:.\Generated_Source\PSoC5/ISR.c **** *******************************************************************************/
 219:.\Generated_Source\PSoC5/ISR.c **** void ISR_SetPriority(uint8 priority)
 220:.\Generated_Source\PSoC5/ISR.c **** {
 265              		.loc 1 220 0
 266              		.cfi_startproc
 267              		@ args = 0, pretend = 0, frame = 8
 268              		@ frame_needed = 1, uses_anonymous_args = 0
 269              		@ link register save eliminated.
 270 0000 80B4     		push	{r7}
 271              	.LCFI15:
 272              		.cfi_def_cfa_offset 4
 273 0002 83B0     		sub	sp, sp, #12
 274              	.LCFI16:
 275              		.cfi_def_cfa_offset 16
 276 0004 00AF     		add	r7, sp, #0
 277              		.cfi_offset 7, -4
 278              	.LCFI17:
 279              		.cfi_def_cfa_register 7
 280 0006 0346     		mov	r3, r0
 281 0008 FB71     		strb	r3, [r7, #7]
 221:.\Generated_Source\PSoC5/ISR.c ****     *ISR_INTC_PRIOR = priority << 5;
 282              		.loc 1 221 0
 283 000a 4EF21143 		movw	r3, #:lower16:-536812527
 284 000e CEF20003 		movt	r3, #:upper16:-536812527
 285 0012 FA79     		ldrb	r2, [r7, #7]
 286 0014 4FEA4212 		lsl	r2, r2, #5
ARM GAS  C:\DOCUME~1\dtucker\LOCALS~1\Temp\ccgGOae5.s 			page 10


 287 0018 D2B2     		uxtb	r2, r2
 288 001a 1A70     		strb	r2, [r3, #0]
 222:.\Generated_Source\PSoC5/ISR.c **** }
 289              		.loc 1 222 0
 290 001c 07F10C07 		add	r7, r7, #12
 291 0020 BD46     		mov	sp, r7
 292 0022 80BC     		pop	{r7}
 293 0024 7047     		bx	lr
 294              		.cfi_endproc
 295              	.LFE6:
 296              		.size	ISR_SetPriority, .-ISR_SetPriority
 297 0026 00BF     		.section	.text.ISR_GetPriority,"ax",%progbits
 298              		.align	2
 299              		.global	ISR_GetPriority
 300              		.thumb
 301              		.thumb_func
 302              		.type	ISR_GetPriority, %function
 303              	ISR_GetPriority:
 304              	.LFB7:
 223:.\Generated_Source\PSoC5/ISR.c **** 
 224:.\Generated_Source\PSoC5/ISR.c **** 
 225:.\Generated_Source\PSoC5/ISR.c **** /*******************************************************************************
 226:.\Generated_Source\PSoC5/ISR.c **** * Function Name: ISR_GetPriority
 227:.\Generated_Source\PSoC5/ISR.c **** ********************************************************************************
 228:.\Generated_Source\PSoC5/ISR.c **** *
 229:.\Generated_Source\PSoC5/ISR.c **** * Summary:
 230:.\Generated_Source\PSoC5/ISR.c **** *   Gets the Priority of the Interrupt.
 231:.\Generated_Source\PSoC5/ISR.c **** *
 232:.\Generated_Source\PSoC5/ISR.c **** * Parameters:
 233:.\Generated_Source\PSoC5/ISR.c **** *   None
 234:.\Generated_Source\PSoC5/ISR.c **** *
 235:.\Generated_Source\PSoC5/ISR.c **** * Return:
 236:.\Generated_Source\PSoC5/ISR.c **** *   Priority of the interrupt. 0 - 7, 0 being the highest.
 237:.\Generated_Source\PSoC5/ISR.c **** *
 238:.\Generated_Source\PSoC5/ISR.c **** *******************************************************************************/
 239:.\Generated_Source\PSoC5/ISR.c **** uint8 ISR_GetPriority(void)
 240:.\Generated_Source\PSoC5/ISR.c **** {
 305              		.loc 1 240 0
 306              		.cfi_startproc
 307              		@ args = 0, pretend = 0, frame = 8
 308              		@ frame_needed = 1, uses_anonymous_args = 0
 309              		@ link register save eliminated.
 310 0000 80B4     		push	{r7}
 311              	.LCFI18:
 312              		.cfi_def_cfa_offset 4
 313 0002 83B0     		sub	sp, sp, #12
 314              	.LCFI19:
 315              		.cfi_def_cfa_offset 16
 316 0004 00AF     		add	r7, sp, #0
 317              		.cfi_offset 7, -4
 318              	.LCFI20:
 319              		.cfi_def_cfa_register 7
 241:.\Generated_Source\PSoC5/ISR.c ****     uint8 priority;
 242:.\Generated_Source\PSoC5/ISR.c **** 
 243:.\Generated_Source\PSoC5/ISR.c **** 
 244:.\Generated_Source\PSoC5/ISR.c ****     priority = *ISR_INTC_PRIOR >> 5;
 320              		.loc 1 244 0
ARM GAS  C:\DOCUME~1\dtucker\LOCALS~1\Temp\ccgGOae5.s 			page 11


 321 0006 4EF21143 		movw	r3, #:lower16:-536812527
 322 000a CEF20003 		movt	r3, #:upper16:-536812527
 323 000e 1B78     		ldrb	r3, [r3, #0]
 324 0010 DBB2     		uxtb	r3, r3
 325 0012 4FEA5313 		lsr	r3, r3, #5
 326 0016 FB71     		strb	r3, [r7, #7]
 245:.\Generated_Source\PSoC5/ISR.c **** 
 246:.\Generated_Source\PSoC5/ISR.c ****     return priority;
 327              		.loc 1 246 0
 328 0018 FB79     		ldrb	r3, [r7, #7]	@ zero_extendqisi2
 247:.\Generated_Source\PSoC5/ISR.c **** }
 329              		.loc 1 247 0
 330 001a 1846     		mov	r0, r3
 331 001c 07F10C07 		add	r7, r7, #12
 332 0020 BD46     		mov	sp, r7
 333 0022 80BC     		pop	{r7}
 334 0024 7047     		bx	lr
 335              		.cfi_endproc
 336              	.LFE7:
 337              		.size	ISR_GetPriority, .-ISR_GetPriority
 338 0026 00BF     		.section	.text.ISR_Enable,"ax",%progbits
 339              		.align	2
 340              		.global	ISR_Enable
 341              		.thumb
 342              		.thumb_func
 343              		.type	ISR_Enable, %function
 344              	ISR_Enable:
 345              	.LFB8:
 248:.\Generated_Source\PSoC5/ISR.c **** 
 249:.\Generated_Source\PSoC5/ISR.c **** 
 250:.\Generated_Source\PSoC5/ISR.c **** /*******************************************************************************
 251:.\Generated_Source\PSoC5/ISR.c **** * Function Name: ISR_Enable
 252:.\Generated_Source\PSoC5/ISR.c **** ********************************************************************************
 253:.\Generated_Source\PSoC5/ISR.c **** *
 254:.\Generated_Source\PSoC5/ISR.c **** * Summary:
 255:.\Generated_Source\PSoC5/ISR.c **** *   Enables the interrupt.
 256:.\Generated_Source\PSoC5/ISR.c **** *
 257:.\Generated_Source\PSoC5/ISR.c **** * Parameters:
 258:.\Generated_Source\PSoC5/ISR.c **** *   None
 259:.\Generated_Source\PSoC5/ISR.c **** *
 260:.\Generated_Source\PSoC5/ISR.c **** * Return:
 261:.\Generated_Source\PSoC5/ISR.c **** *   None
 262:.\Generated_Source\PSoC5/ISR.c **** *
 263:.\Generated_Source\PSoC5/ISR.c **** *******************************************************************************/
 264:.\Generated_Source\PSoC5/ISR.c **** void ISR_Enable(void)
 265:.\Generated_Source\PSoC5/ISR.c **** {
 346              		.loc 1 265 0
 347              		.cfi_startproc
 348              		@ args = 0, pretend = 0, frame = 0
 349              		@ frame_needed = 1, uses_anonymous_args = 0
 350              		@ link register save eliminated.
 351 0000 80B4     		push	{r7}
 352              	.LCFI21:
 353              		.cfi_def_cfa_offset 4
 354 0002 00AF     		add	r7, sp, #0
 355              		.cfi_offset 7, -4
 356              	.LCFI22:
ARM GAS  C:\DOCUME~1\dtucker\LOCALS~1\Temp\ccgGOae5.s 			page 12


 357              		.cfi_def_cfa_register 7
 266:.\Generated_Source\PSoC5/ISR.c ****     /* Enable the general interrupt. */
 267:.\Generated_Source\PSoC5/ISR.c ****     *ISR_INTC_SET_EN = ISR__INTC_MASK;
 358              		.loc 1 267 0
 359 0004 4EF20013 		movw	r3, #:lower16:-536813312
 360 0008 CEF20003 		movt	r3, #:upper16:-536813312
 361 000c 4FF40032 		mov	r2, #131072
 362 0010 1A60     		str	r2, [r3, #0]
 268:.\Generated_Source\PSoC5/ISR.c **** }
 363              		.loc 1 268 0
 364 0012 BD46     		mov	sp, r7
 365 0014 80BC     		pop	{r7}
 366 0016 7047     		bx	lr
 367              		.cfi_endproc
 368              	.LFE8:
 369              		.size	ISR_Enable, .-ISR_Enable
 370              		.section	.text.ISR_GetState,"ax",%progbits
 371              		.align	2
 372              		.global	ISR_GetState
 373              		.thumb
 374              		.thumb_func
 375              		.type	ISR_GetState, %function
 376              	ISR_GetState:
 377              	.LFB9:
 269:.\Generated_Source\PSoC5/ISR.c **** 
 270:.\Generated_Source\PSoC5/ISR.c **** 
 271:.\Generated_Source\PSoC5/ISR.c **** /*******************************************************************************
 272:.\Generated_Source\PSoC5/ISR.c **** * Function Name: ISR_GetState
 273:.\Generated_Source\PSoC5/ISR.c **** ********************************************************************************
 274:.\Generated_Source\PSoC5/ISR.c **** *
 275:.\Generated_Source\PSoC5/ISR.c **** * Summary:
 276:.\Generated_Source\PSoC5/ISR.c **** *   Gets the state (enabled, disabled) of the Interrupt.
 277:.\Generated_Source\PSoC5/ISR.c **** *
 278:.\Generated_Source\PSoC5/ISR.c **** * Parameters:
 279:.\Generated_Source\PSoC5/ISR.c **** *   None
 280:.\Generated_Source\PSoC5/ISR.c **** *
 281:.\Generated_Source\PSoC5/ISR.c **** * Return:
 282:.\Generated_Source\PSoC5/ISR.c **** *   1 if enabled, 0 if disabled.
 283:.\Generated_Source\PSoC5/ISR.c **** *
 284:.\Generated_Source\PSoC5/ISR.c **** *******************************************************************************/
 285:.\Generated_Source\PSoC5/ISR.c **** uint8 ISR_GetState(void)
 286:.\Generated_Source\PSoC5/ISR.c **** {
 378              		.loc 1 286 0
 379              		.cfi_startproc
 380              		@ args = 0, pretend = 0, frame = 0
 381              		@ frame_needed = 1, uses_anonymous_args = 0
 382              		@ link register save eliminated.
 383 0000 80B4     		push	{r7}
 384              	.LCFI23:
 385              		.cfi_def_cfa_offset 4
 386 0002 00AF     		add	r7, sp, #0
 387              		.cfi_offset 7, -4
 388              	.LCFI24:
 389              		.cfi_def_cfa_register 7
 287:.\Generated_Source\PSoC5/ISR.c ****     /* Get the state of the general interrupt. */
 288:.\Generated_Source\PSoC5/ISR.c ****     return ((*ISR_INTC_SET_EN & (uint32)ISR__INTC_MASK) != 0u) ? 1u:0u;
 390              		.loc 1 288 0
ARM GAS  C:\DOCUME~1\dtucker\LOCALS~1\Temp\ccgGOae5.s 			page 13


 391 0004 4EF20013 		movw	r3, #:lower16:-536813312
 392 0008 CEF20003 		movt	r3, #:upper16:-536813312
 393 000c 1B68     		ldr	r3, [r3, #0]
 394 000e 03F40033 		and	r3, r3, #131072
 395 0012 002B     		cmp	r3, #0
 396 0014 02D0     		beq	.L20
 397 0016 4FF00103 		mov	r3, #1
 398 001a 01E0     		b	.L21
 399              	.L20:
 400 001c 4FF00003 		mov	r3, #0
 401              	.L21:
 289:.\Generated_Source\PSoC5/ISR.c **** }
 402              		.loc 1 289 0
 403 0020 1846     		mov	r0, r3
 404 0022 BD46     		mov	sp, r7
 405 0024 80BC     		pop	{r7}
 406 0026 7047     		bx	lr
 407              		.cfi_endproc
 408              	.LFE9:
 409              		.size	ISR_GetState, .-ISR_GetState
 410              		.section	.text.ISR_Disable,"ax",%progbits
 411              		.align	2
 412              		.global	ISR_Disable
 413              		.thumb
 414              		.thumb_func
 415              		.type	ISR_Disable, %function
 416              	ISR_Disable:
 417              	.LFB10:
 290:.\Generated_Source\PSoC5/ISR.c **** 
 291:.\Generated_Source\PSoC5/ISR.c **** 
 292:.\Generated_Source\PSoC5/ISR.c **** /*******************************************************************************
 293:.\Generated_Source\PSoC5/ISR.c **** * Function Name: ISR_Disable
 294:.\Generated_Source\PSoC5/ISR.c **** ********************************************************************************
 295:.\Generated_Source\PSoC5/ISR.c **** *
 296:.\Generated_Source\PSoC5/ISR.c **** * Summary:
 297:.\Generated_Source\PSoC5/ISR.c **** *   Disables the Interrupt.
 298:.\Generated_Source\PSoC5/ISR.c **** *
 299:.\Generated_Source\PSoC5/ISR.c **** * Parameters:
 300:.\Generated_Source\PSoC5/ISR.c **** *   None
 301:.\Generated_Source\PSoC5/ISR.c **** *
 302:.\Generated_Source\PSoC5/ISR.c **** * Return:
 303:.\Generated_Source\PSoC5/ISR.c **** *   None
 304:.\Generated_Source\PSoC5/ISR.c **** *
 305:.\Generated_Source\PSoC5/ISR.c **** *******************************************************************************/
 306:.\Generated_Source\PSoC5/ISR.c **** void ISR_Disable(void)
 307:.\Generated_Source\PSoC5/ISR.c **** {
 418              		.loc 1 307 0
 419              		.cfi_startproc
 420              		@ args = 0, pretend = 0, frame = 0
 421              		@ frame_needed = 1, uses_anonymous_args = 0
 422              		@ link register save eliminated.
 423 0000 80B4     		push	{r7}
 424              	.LCFI25:
 425              		.cfi_def_cfa_offset 4
 426 0002 00AF     		add	r7, sp, #0
 427              		.cfi_offset 7, -4
 428              	.LCFI26:
ARM GAS  C:\DOCUME~1\dtucker\LOCALS~1\Temp\ccgGOae5.s 			page 14


 429              		.cfi_def_cfa_register 7
 308:.\Generated_Source\PSoC5/ISR.c ****     /* Disable the general interrupt. */
 309:.\Generated_Source\PSoC5/ISR.c ****     *ISR_INTC_CLR_EN = ISR__INTC_MASK;
 430              		.loc 1 309 0
 431 0004 4EF28013 		movw	r3, #:lower16:-536813184
 432 0008 CEF20003 		movt	r3, #:upper16:-536813184
 433 000c 4FF40032 		mov	r2, #131072
 434 0010 1A60     		str	r2, [r3, #0]
 310:.\Generated_Source\PSoC5/ISR.c **** }
 435              		.loc 1 310 0
 436 0012 BD46     		mov	sp, r7
 437 0014 80BC     		pop	{r7}
 438 0016 7047     		bx	lr
 439              		.cfi_endproc
 440              	.LFE10:
 441              		.size	ISR_Disable, .-ISR_Disable
 442              		.section	.text.ISR_SetPending,"ax",%progbits
 443              		.align	2
 444              		.global	ISR_SetPending
 445              		.thumb
 446              		.thumb_func
 447              		.type	ISR_SetPending, %function
 448              	ISR_SetPending:
 449              	.LFB11:
 311:.\Generated_Source\PSoC5/ISR.c **** 
 312:.\Generated_Source\PSoC5/ISR.c **** 
 313:.\Generated_Source\PSoC5/ISR.c **** /*******************************************************************************
 314:.\Generated_Source\PSoC5/ISR.c **** * Function Name: ISR_SetPending
 315:.\Generated_Source\PSoC5/ISR.c **** ********************************************************************************
 316:.\Generated_Source\PSoC5/ISR.c **** *
 317:.\Generated_Source\PSoC5/ISR.c **** * Summary:
 318:.\Generated_Source\PSoC5/ISR.c **** *   Causes the Interrupt to enter the pending state, a software method of
 319:.\Generated_Source\PSoC5/ISR.c **** *   generating the interrupt.
 320:.\Generated_Source\PSoC5/ISR.c **** *
 321:.\Generated_Source\PSoC5/ISR.c **** * Parameters:
 322:.\Generated_Source\PSoC5/ISR.c **** *   None
 323:.\Generated_Source\PSoC5/ISR.c **** *
 324:.\Generated_Source\PSoC5/ISR.c **** * Return:
 325:.\Generated_Source\PSoC5/ISR.c **** *   None
 326:.\Generated_Source\PSoC5/ISR.c **** *
 327:.\Generated_Source\PSoC5/ISR.c **** *******************************************************************************/
 328:.\Generated_Source\PSoC5/ISR.c **** void ISR_SetPending(void)
 329:.\Generated_Source\PSoC5/ISR.c **** {
 450              		.loc 1 329 0
 451              		.cfi_startproc
 452              		@ args = 0, pretend = 0, frame = 0
 453              		@ frame_needed = 1, uses_anonymous_args = 0
 454              		@ link register save eliminated.
 455 0000 80B4     		push	{r7}
 456              	.LCFI27:
 457              		.cfi_def_cfa_offset 4
 458 0002 00AF     		add	r7, sp, #0
 459              		.cfi_offset 7, -4
 460              	.LCFI28:
 461              		.cfi_def_cfa_register 7
 330:.\Generated_Source\PSoC5/ISR.c ****     *ISR_INTC_SET_PD = ISR__INTC_MASK;
 462              		.loc 1 330 0
ARM GAS  C:\DOCUME~1\dtucker\LOCALS~1\Temp\ccgGOae5.s 			page 15


 463 0004 4EF20023 		movw	r3, #:lower16:-536813056
 464 0008 CEF20003 		movt	r3, #:upper16:-536813056
 465 000c 4FF40032 		mov	r2, #131072
 466 0010 1A60     		str	r2, [r3, #0]
 331:.\Generated_Source\PSoC5/ISR.c **** }
 467              		.loc 1 331 0
 468 0012 BD46     		mov	sp, r7
 469 0014 80BC     		pop	{r7}
 470 0016 7047     		bx	lr
 471              		.cfi_endproc
 472              	.LFE11:
 473              		.size	ISR_SetPending, .-ISR_SetPending
 474              		.section	.text.ISR_ClearPending,"ax",%progbits
 475              		.align	2
 476              		.global	ISR_ClearPending
 477              		.thumb
 478              		.thumb_func
 479              		.type	ISR_ClearPending, %function
 480              	ISR_ClearPending:
 481              	.LFB12:
 332:.\Generated_Source\PSoC5/ISR.c **** 
 333:.\Generated_Source\PSoC5/ISR.c **** 
 334:.\Generated_Source\PSoC5/ISR.c **** /*******************************************************************************
 335:.\Generated_Source\PSoC5/ISR.c **** * Function Name: ISR_ClearPending
 336:.\Generated_Source\PSoC5/ISR.c **** ********************************************************************************
 337:.\Generated_Source\PSoC5/ISR.c **** *
 338:.\Generated_Source\PSoC5/ISR.c **** * Summary:
 339:.\Generated_Source\PSoC5/ISR.c **** *   Clears a pending interrupt.
 340:.\Generated_Source\PSoC5/ISR.c **** *
 341:.\Generated_Source\PSoC5/ISR.c **** * Parameters:
 342:.\Generated_Source\PSoC5/ISR.c **** *   None
 343:.\Generated_Source\PSoC5/ISR.c **** *
 344:.\Generated_Source\PSoC5/ISR.c **** * Return:
 345:.\Generated_Source\PSoC5/ISR.c **** *   None
 346:.\Generated_Source\PSoC5/ISR.c **** *
 347:.\Generated_Source\PSoC5/ISR.c **** *******************************************************************************/
 348:.\Generated_Source\PSoC5/ISR.c **** void ISR_ClearPending(void)
 349:.\Generated_Source\PSoC5/ISR.c **** {
 482              		.loc 1 349 0
 483              		.cfi_startproc
 484              		@ args = 0, pretend = 0, frame = 0
 485              		@ frame_needed = 1, uses_anonymous_args = 0
 486              		@ link register save eliminated.
 487 0000 80B4     		push	{r7}
 488              	.LCFI29:
 489              		.cfi_def_cfa_offset 4
 490 0002 00AF     		add	r7, sp, #0
 491              		.cfi_offset 7, -4
 492              	.LCFI30:
 493              		.cfi_def_cfa_register 7
 350:.\Generated_Source\PSoC5/ISR.c ****     *ISR_INTC_CLR_PD = ISR__INTC_MASK;
 494              		.loc 1 350 0
 495 0004 4EF28023 		movw	r3, #:lower16:-536812928
 496 0008 CEF20003 		movt	r3, #:upper16:-536812928
 497 000c 4FF40032 		mov	r2, #131072
 498 0010 1A60     		str	r2, [r3, #0]
 351:.\Generated_Source\PSoC5/ISR.c **** }
ARM GAS  C:\DOCUME~1\dtucker\LOCALS~1\Temp\ccgGOae5.s 			page 16


 499              		.loc 1 351 0
 500 0012 BD46     		mov	sp, r7
 501 0014 80BC     		pop	{r7}
 502 0016 7047     		bx	lr
 503              		.cfi_endproc
 504              	.LFE12:
 505              		.size	ISR_ClearPending, .-ISR_ClearPending
 506              		.text
 507              	.Letext0:
 508              		.section	.debug_loc,"",%progbits
 509              	.Ldebug_loc0:
 510              	.LLST0:
 511 0000 00000000 		.4byte	.LFB0
 512 0004 02000000 		.4byte	.LCFI0
 513 0008 0100     		.2byte	0x1
 514 000a 5D       		.byte	0x5d
 515 000b 02000000 		.4byte	.LCFI0
 516 000f 04000000 		.4byte	.LCFI1
 517 0013 0200     		.2byte	0x2
 518 0015 7D       		.byte	0x7d
 519 0016 08       		.sleb128 8
 520 0017 04000000 		.4byte	.LCFI1
 521 001b 22000000 		.4byte	.LFE0
 522 001f 0200     		.2byte	0x2
 523 0021 77       		.byte	0x77
 524 0022 08       		.sleb128 8
 525 0023 00000000 		.4byte	0x0
 526 0027 00000000 		.4byte	0x0
 527              	.LLST1:
 528 002b 00000000 		.4byte	.LFB1
 529 002f 02000000 		.4byte	.LCFI2
 530 0033 0100     		.2byte	0x1
 531 0035 5D       		.byte	0x5d
 532 0036 02000000 		.4byte	.LCFI2
 533 003a 04000000 		.4byte	.LCFI3
 534 003e 0200     		.2byte	0x2
 535 0040 7D       		.byte	0x7d
 536 0041 08       		.sleb128 8
 537 0042 04000000 		.4byte	.LCFI3
 538 0046 06000000 		.4byte	.LCFI4
 539 004a 0200     		.2byte	0x2
 540 004c 7D       		.byte	0x7d
 541 004d 10       		.sleb128 16
 542 004e 06000000 		.4byte	.LCFI4
 543 0052 26000000 		.4byte	.LFE1
 544 0056 0200     		.2byte	0x2
 545 0058 77       		.byte	0x77
 546 0059 10       		.sleb128 16
 547 005a 00000000 		.4byte	0x0
 548 005e 00000000 		.4byte	0x0
 549              	.LLST2:
 550 0062 00000000 		.4byte	.LFB2
 551 0066 02000000 		.4byte	.LCFI5
 552 006a 0100     		.2byte	0x1
 553 006c 5D       		.byte	0x5d
 554 006d 02000000 		.4byte	.LCFI5
 555 0071 04000000 		.4byte	.LCFI6
ARM GAS  C:\DOCUME~1\dtucker\LOCALS~1\Temp\ccgGOae5.s 			page 17


 556 0075 0200     		.2byte	0x2
 557 0077 7D       		.byte	0x7d
 558 0078 08       		.sleb128 8
 559 0079 04000000 		.4byte	.LCFI6
 560 007d 16000000 		.4byte	.LFE2
 561 0081 0200     		.2byte	0x2
 562 0083 77       		.byte	0x77
 563 0084 08       		.sleb128 8
 564 0085 00000000 		.4byte	0x0
 565 0089 00000000 		.4byte	0x0
 566              	.LLST3:
 567 008d 00000000 		.4byte	.LFB3
 568 0091 02000000 		.4byte	.LCFI7
 569 0095 0100     		.2byte	0x1
 570 0097 5D       		.byte	0x5d
 571 0098 02000000 		.4byte	.LCFI7
 572 009c 04000000 		.4byte	.LCFI8
 573 00a0 0200     		.2byte	0x2
 574 00a2 7D       		.byte	0x7d
 575 00a3 08       		.sleb128 8
 576 00a4 04000000 		.4byte	.LCFI8
 577 00a8 2A000000 		.4byte	.LFE3
 578 00ac 0200     		.2byte	0x2
 579 00ae 77       		.byte	0x77
 580 00af 08       		.sleb128 8
 581 00b0 00000000 		.4byte	0x0
 582 00b4 00000000 		.4byte	0x0
 583              	.LLST4:
 584 00b8 00000000 		.4byte	.LFB4
 585 00bc 02000000 		.4byte	.LCFI9
 586 00c0 0100     		.2byte	0x1
 587 00c2 5D       		.byte	0x5d
 588 00c3 02000000 		.4byte	.LCFI9
 589 00c7 04000000 		.4byte	.LCFI10
 590 00cb 0200     		.2byte	0x2
 591 00cd 7D       		.byte	0x7d
 592 00ce 04       		.sleb128 4
 593 00cf 04000000 		.4byte	.LCFI10
 594 00d3 06000000 		.4byte	.LCFI11
 595 00d7 0200     		.2byte	0x2
 596 00d9 7D       		.byte	0x7d
 597 00da 18       		.sleb128 24
 598 00db 06000000 		.4byte	.LCFI11
 599 00df 28000000 		.4byte	.LFE4
 600 00e3 0200     		.2byte	0x2
 601 00e5 77       		.byte	0x77
 602 00e6 18       		.sleb128 24
 603 00e7 00000000 		.4byte	0x0
 604 00eb 00000000 		.4byte	0x0
 605              	.LLST5:
 606 00ef 00000000 		.4byte	.LFB5
 607 00f3 02000000 		.4byte	.LCFI12
 608 00f7 0100     		.2byte	0x1
 609 00f9 5D       		.byte	0x5d
 610 00fa 02000000 		.4byte	.LCFI12
 611 00fe 04000000 		.4byte	.LCFI13
 612 0102 0200     		.2byte	0x2
ARM GAS  C:\DOCUME~1\dtucker\LOCALS~1\Temp\ccgGOae5.s 			page 18


 613 0104 7D       		.byte	0x7d
 614 0105 04       		.sleb128 4
 615 0106 04000000 		.4byte	.LCFI13
 616 010a 06000000 		.4byte	.LCFI14
 617 010e 0200     		.2byte	0x2
 618 0110 7D       		.byte	0x7d
 619 0111 10       		.sleb128 16
 620 0112 06000000 		.4byte	.LCFI14
 621 0116 26000000 		.4byte	.LFE5
 622 011a 0200     		.2byte	0x2
 623 011c 77       		.byte	0x77
 624 011d 10       		.sleb128 16
 625 011e 00000000 		.4byte	0x0
 626 0122 00000000 		.4byte	0x0
 627              	.LLST6:
 628 0126 00000000 		.4byte	.LFB6
 629 012a 02000000 		.4byte	.LCFI15
 630 012e 0100     		.2byte	0x1
 631 0130 5D       		.byte	0x5d
 632 0131 02000000 		.4byte	.LCFI15
 633 0135 04000000 		.4byte	.LCFI16
 634 0139 0200     		.2byte	0x2
 635 013b 7D       		.byte	0x7d
 636 013c 04       		.sleb128 4
 637 013d 04000000 		.4byte	.LCFI16
 638 0141 06000000 		.4byte	.LCFI17
 639 0145 0200     		.2byte	0x2
 640 0147 7D       		.byte	0x7d
 641 0148 10       		.sleb128 16
 642 0149 06000000 		.4byte	.LCFI17
 643 014d 26000000 		.4byte	.LFE6
 644 0151 0200     		.2byte	0x2
 645 0153 77       		.byte	0x77
 646 0154 10       		.sleb128 16
 647 0155 00000000 		.4byte	0x0
 648 0159 00000000 		.4byte	0x0
 649              	.LLST7:
 650 015d 00000000 		.4byte	.LFB7
 651 0161 02000000 		.4byte	.LCFI18
 652 0165 0100     		.2byte	0x1
 653 0167 5D       		.byte	0x5d
 654 0168 02000000 		.4byte	.LCFI18
 655 016c 04000000 		.4byte	.LCFI19
 656 0170 0200     		.2byte	0x2
 657 0172 7D       		.byte	0x7d
 658 0173 04       		.sleb128 4
 659 0174 04000000 		.4byte	.LCFI19
 660 0178 06000000 		.4byte	.LCFI20
 661 017c 0200     		.2byte	0x2
 662 017e 7D       		.byte	0x7d
 663 017f 10       		.sleb128 16
 664 0180 06000000 		.4byte	.LCFI20
 665 0184 26000000 		.4byte	.LFE7
 666 0188 0200     		.2byte	0x2
 667 018a 77       		.byte	0x77
 668 018b 10       		.sleb128 16
 669 018c 00000000 		.4byte	0x0
ARM GAS  C:\DOCUME~1\dtucker\LOCALS~1\Temp\ccgGOae5.s 			page 19


 670 0190 00000000 		.4byte	0x0
 671              	.LLST8:
 672 0194 00000000 		.4byte	.LFB8
 673 0198 02000000 		.4byte	.LCFI21
 674 019c 0100     		.2byte	0x1
 675 019e 5D       		.byte	0x5d
 676 019f 02000000 		.4byte	.LCFI21
 677 01a3 04000000 		.4byte	.LCFI22
 678 01a7 0200     		.2byte	0x2
 679 01a9 7D       		.byte	0x7d
 680 01aa 04       		.sleb128 4
 681 01ab 04000000 		.4byte	.LCFI22
 682 01af 18000000 		.4byte	.LFE8
 683 01b3 0200     		.2byte	0x2
 684 01b5 77       		.byte	0x77
 685 01b6 04       		.sleb128 4
 686 01b7 00000000 		.4byte	0x0
 687 01bb 00000000 		.4byte	0x0
 688              	.LLST9:
 689 01bf 00000000 		.4byte	.LFB9
 690 01c3 02000000 		.4byte	.LCFI23
 691 01c7 0100     		.2byte	0x1
 692 01c9 5D       		.byte	0x5d
 693 01ca 02000000 		.4byte	.LCFI23
 694 01ce 04000000 		.4byte	.LCFI24
 695 01d2 0200     		.2byte	0x2
 696 01d4 7D       		.byte	0x7d
 697 01d5 04       		.sleb128 4
 698 01d6 04000000 		.4byte	.LCFI24
 699 01da 28000000 		.4byte	.LFE9
 700 01de 0200     		.2byte	0x2
 701 01e0 77       		.byte	0x77
 702 01e1 04       		.sleb128 4
 703 01e2 00000000 		.4byte	0x0
 704 01e6 00000000 		.4byte	0x0
 705              	.LLST10:
 706 01ea 00000000 		.4byte	.LFB10
 707 01ee 02000000 		.4byte	.LCFI25
 708 01f2 0100     		.2byte	0x1
 709 01f4 5D       		.byte	0x5d
 710 01f5 02000000 		.4byte	.LCFI25
 711 01f9 04000000 		.4byte	.LCFI26
 712 01fd 0200     		.2byte	0x2
 713 01ff 7D       		.byte	0x7d
 714 0200 04       		.sleb128 4
 715 0201 04000000 		.4byte	.LCFI26
 716 0205 18000000 		.4byte	.LFE10
 717 0209 0200     		.2byte	0x2
 718 020b 77       		.byte	0x77
 719 020c 04       		.sleb128 4
 720 020d 00000000 		.4byte	0x0
 721 0211 00000000 		.4byte	0x0
 722              	.LLST11:
 723 0215 00000000 		.4byte	.LFB11
 724 0219 02000000 		.4byte	.LCFI27
 725 021d 0100     		.2byte	0x1
 726 021f 5D       		.byte	0x5d
ARM GAS  C:\DOCUME~1\dtucker\LOCALS~1\Temp\ccgGOae5.s 			page 20


 727 0220 02000000 		.4byte	.LCFI27
 728 0224 04000000 		.4byte	.LCFI28
 729 0228 0200     		.2byte	0x2
 730 022a 7D       		.byte	0x7d
 731 022b 04       		.sleb128 4
 732 022c 04000000 		.4byte	.LCFI28
 733 0230 18000000 		.4byte	.LFE11
 734 0234 0200     		.2byte	0x2
 735 0236 77       		.byte	0x77
 736 0237 04       		.sleb128 4
 737 0238 00000000 		.4byte	0x0
 738 023c 00000000 		.4byte	0x0
 739              	.LLST12:
 740 0240 00000000 		.4byte	.LFB12
 741 0244 02000000 		.4byte	.LCFI29
 742 0248 0100     		.2byte	0x1
 743 024a 5D       		.byte	0x5d
 744 024b 02000000 		.4byte	.LCFI29
 745 024f 04000000 		.4byte	.LCFI30
 746 0253 0200     		.2byte	0x2
 747 0255 7D       		.byte	0x7d
 748 0256 04       		.sleb128 4
 749 0257 04000000 		.4byte	.LCFI30
 750 025b 18000000 		.4byte	.LFE12
 751 025f 0200     		.2byte	0x2
 752 0261 77       		.byte	0x77
 753 0262 04       		.sleb128 4
 754 0263 00000000 		.4byte	0x0
 755 0267 00000000 		.4byte	0x0
 756              		.file 2 "./Generated_Source/PSoC5/cytypes.h"
 757              		.section	.debug_info
 758 0000 37020000 		.4byte	0x237
 759 0004 0200     		.2byte	0x2
 760 0006 00000000 		.4byte	.Ldebug_abbrev0
 761 000a 04       		.byte	0x4
 762 000b 01       		.uleb128 0x1
 763 000c 9F010000 		.4byte	.LASF29
 764 0010 01       		.byte	0x1
 765 0011 21010000 		.4byte	.LASF30
 766 0015 0E000000 		.4byte	.LASF31
 767 0019 00000000 		.4byte	0x0
 768 001d 00000000 		.4byte	0x0
 769 0021 00000000 		.4byte	.Ldebug_ranges0+0x0
 770 0025 00000000 		.4byte	.Ldebug_line0
 771 0029 02       		.uleb128 0x2
 772 002a 01       		.byte	0x1
 773 002b 06       		.byte	0x6
 774 002c E2010000 		.4byte	.LASF0
 775 0030 02       		.uleb128 0x2
 776 0031 01       		.byte	0x1
 777 0032 08       		.byte	0x8
 778 0033 C0000000 		.4byte	.LASF1
 779 0037 02       		.uleb128 0x2
 780 0038 02       		.byte	0x2
 781 0039 05       		.byte	0x5
 782 003a BF010000 		.4byte	.LASF2
 783 003e 02       		.uleb128 0x2
ARM GAS  C:\DOCUME~1\dtucker\LOCALS~1\Temp\ccgGOae5.s 			page 21


 784 003f 02       		.byte	0x2
 785 0040 07       		.byte	0x7
 786 0041 72000000 		.4byte	.LASF3
 787 0045 03       		.uleb128 0x3
 788 0046 04       		.byte	0x4
 789 0047 05       		.byte	0x5
 790 0048 696E7400 		.ascii	"int\000"
 791 004c 02       		.uleb128 0x2
 792 004d 04       		.byte	0x4
 793 004e 07       		.byte	0x7
 794 004f 49010000 		.4byte	.LASF4
 795 0053 02       		.uleb128 0x2
 796 0054 08       		.byte	0x8
 797 0055 05       		.byte	0x5
 798 0056 00000000 		.4byte	.LASF5
 799 005a 02       		.uleb128 0x2
 800 005b 08       		.byte	0x8
 801 005c 07       		.byte	0x7
 802 005d 5E010000 		.4byte	.LASF6
 803 0061 02       		.uleb128 0x2
 804 0062 04       		.byte	0x4
 805 0063 05       		.byte	0x5
 806 0064 C9010000 		.4byte	.LASF7
 807 0068 04       		.uleb128 0x4
 808 0069 04       		.byte	0x4
 809 006a 07       		.byte	0x7
 810 006b 02       		.uleb128 0x2
 811 006c 04       		.byte	0x4
 812 006d 07       		.byte	0x7
 813 006e DD000000 		.4byte	.LASF8
 814 0072 05       		.uleb128 0x5
 815 0073 01       		.byte	0x1
 816 0074 06       		.uleb128 0x6
 817 0075 04       		.byte	0x4
 818 0076 72000000 		.4byte	0x72
 819 007a 02       		.uleb128 0x2
 820 007b 01       		.byte	0x1
 821 007c 08       		.byte	0x8
 822 007d AB010000 		.4byte	.LASF9
 823 0081 07       		.uleb128 0x7
 824 0082 EF000000 		.4byte	.LASF12
 825 0086 02       		.byte	0x2
 826 0087 4C       		.byte	0x4c
 827 0088 30000000 		.4byte	0x30
 828 008c 02       		.uleb128 0x2
 829 008d 04       		.byte	0x4
 830 008e 04       		.byte	0x4
 831 008f B0000000 		.4byte	.LASF10
 832 0093 02       		.uleb128 0x2
 833 0094 08       		.byte	0x8
 834 0095 04       		.byte	0x4
 835 0096 1A010000 		.4byte	.LASF11
 836 009a 07       		.uleb128 0x7
 837 009b 86010000 		.4byte	.LASF13
 838 009f 02       		.byte	0x2
 839 00a0 EB       		.byte	0xeb
 840 00a1 74000000 		.4byte	0x74
ARM GAS  C:\DOCUME~1\dtucker\LOCALS~1\Temp\ccgGOae5.s 			page 22


 841 00a5 08       		.uleb128 0x8
 842 00a6 01       		.byte	0x1
 843 00a7 B6000000 		.4byte	.LASF14
 844 00ab 01       		.byte	0x1
 845 00ac 39       		.byte	0x39
 846 00ad 01       		.byte	0x1
 847 00ae 00000000 		.4byte	.LFB0
 848 00b2 22000000 		.4byte	.LFE0
 849 00b6 00000000 		.4byte	.LLST0
 850 00ba 09       		.uleb128 0x9
 851 00bb 01       		.byte	0x1
 852 00bc F5000000 		.4byte	.LASF17
 853 00c0 01       		.byte	0x1
 854 00c1 57       		.byte	0x57
 855 00c2 01       		.byte	0x1
 856 00c3 00000000 		.4byte	.LFB1
 857 00c7 26000000 		.4byte	.LFE1
 858 00cb 2B000000 		.4byte	.LLST1
 859 00cf E2000000 		.4byte	0xe2
 860 00d3 0A       		.uleb128 0xa
 861 00d4 56010000 		.4byte	.LASF19
 862 00d8 01       		.byte	0x1
 863 00d9 57       		.byte	0x57
 864 00da 9A000000 		.4byte	0x9a
 865 00de 02       		.byte	0x2
 866 00df 91       		.byte	0x91
 867 00e0 74       		.sleb128 -12
 868 00e1 00       		.byte	0x0
 869 00e2 08       		.uleb128 0x8
 870 00e3 01       		.byte	0x1
 871 00e4 69000000 		.4byte	.LASF15
 872 00e8 01       		.byte	0x1
 873 00e9 74       		.byte	0x74
 874 00ea 01       		.byte	0x1
 875 00eb 00000000 		.4byte	.LFB2
 876 00ef 16000000 		.4byte	.LFE2
 877 00f3 62000000 		.4byte	.LLST2
 878 00f7 08       		.uleb128 0x8
 879 00f8 01       		.byte	0x1
 880 00f9 A2000000 		.4byte	.LASF16
 881 00fd 01       		.byte	0x1
 882 00fe 8E       		.byte	0x8e
 883 00ff 01       		.byte	0x1
 884 0100 00000000 		.4byte	.LFB3
 885 0104 2A000000 		.4byte	.LFE3
 886 0108 8D000000 		.4byte	.LLST3
 887 010c 09       		.uleb128 0x9
 888 010d 01       		.byte	0x1
 889 010e 5B000000 		.4byte	.LASF18
 890 0112 01       		.byte	0x1
 891 0113 A7       		.byte	0xa7
 892 0114 01       		.byte	0x1
 893 0115 00000000 		.4byte	.LFB4
 894 0119 28000000 		.4byte	.LFE4
 895 011d B8000000 		.4byte	.LLST4
 896 0121 42010000 		.4byte	0x142
 897 0125 0A       		.uleb128 0xa
ARM GAS  C:\DOCUME~1\dtucker\LOCALS~1\Temp\ccgGOae5.s 			page 23


 898 0126 56010000 		.4byte	.LASF19
 899 012a 01       		.byte	0x1
 900 012b A7       		.byte	0xa7
 901 012c 9A000000 		.4byte	0x9a
 902 0130 02       		.byte	0x2
 903 0131 91       		.byte	0x91
 904 0132 6C       		.sleb128 -20
 905 0133 0B       		.uleb128 0xb
 906 0134 B0010000 		.4byte	.LASF20
 907 0138 01       		.byte	0x1
 908 0139 A9       		.byte	0xa9
 909 013a 42010000 		.4byte	0x142
 910 013e 02       		.byte	0x2
 911 013f 91       		.byte	0x91
 912 0140 74       		.sleb128 -12
 913 0141 00       		.byte	0x0
 914 0142 06       		.uleb128 0x6
 915 0143 04       		.byte	0x4
 916 0144 9A000000 		.4byte	0x9a
 917 0148 0C       		.uleb128 0xc
 918 0149 01       		.byte	0x1
 919 014a 0C010000 		.4byte	.LASF23
 920 014e 01       		.byte	0x1
 921 014f BF       		.byte	0xbf
 922 0150 01       		.byte	0x1
 923 0151 9A000000 		.4byte	0x9a
 924 0155 00000000 		.4byte	.LFB5
 925 0159 26000000 		.4byte	.LFE5
 926 015d EF000000 		.4byte	.LLST5
 927 0161 74010000 		.4byte	0x174
 928 0165 0B       		.uleb128 0xb
 929 0166 B0010000 		.4byte	.LASF20
 930 016a 01       		.byte	0x1
 931 016b C1       		.byte	0xc1
 932 016c 42010000 		.4byte	0x142
 933 0170 02       		.byte	0x2
 934 0171 91       		.byte	0x91
 935 0172 74       		.sleb128 -12
 936 0173 00       		.byte	0x0
 937 0174 09       		.uleb128 0x9
 938 0175 01       		.byte	0x1
 939 0176 85000000 		.4byte	.LASF21
 940 017a 01       		.byte	0x1
 941 017b DB       		.byte	0xdb
 942 017c 01       		.byte	0x1
 943 017d 00000000 		.4byte	.LFB6
 944 0181 26000000 		.4byte	.LFE6
 945 0185 26010000 		.4byte	.LLST6
 946 0189 9C010000 		.4byte	0x19c
 947 018d 0A       		.uleb128 0xa
 948 018e 40010000 		.4byte	.LASF22
 949 0192 01       		.byte	0x1
 950 0193 DB       		.byte	0xdb
 951 0194 81000000 		.4byte	0x81
 952 0198 02       		.byte	0x2
 953 0199 91       		.byte	0x91
 954 019a 77       		.sleb128 -9
ARM GAS  C:\DOCUME~1\dtucker\LOCALS~1\Temp\ccgGOae5.s 			page 24


 955 019b 00       		.byte	0x0
 956 019c 0C       		.uleb128 0xc
 957 019d 01       		.byte	0x1
 958 019e D2010000 		.4byte	.LASF24
 959 01a2 01       		.byte	0x1
 960 01a3 EF       		.byte	0xef
 961 01a4 01       		.byte	0x1
 962 01a5 81000000 		.4byte	0x81
 963 01a9 00000000 		.4byte	.LFB7
 964 01ad 26000000 		.4byte	.LFE7
 965 01b1 5D010000 		.4byte	.LLST7
 966 01b5 C8010000 		.4byte	0x1c8
 967 01b9 0B       		.uleb128 0xb
 968 01ba 40010000 		.4byte	.LASF22
 969 01be 01       		.byte	0x1
 970 01bf F1       		.byte	0xf1
 971 01c0 81000000 		.4byte	0x81
 972 01c4 02       		.byte	0x2
 973 01c5 91       		.byte	0x91
 974 01c6 77       		.sleb128 -9
 975 01c7 00       		.byte	0x0
 976 01c8 0D       		.uleb128 0xd
 977 01c9 01       		.byte	0x1
 978 01ca 01010000 		.4byte	.LASF25
 979 01ce 01       		.byte	0x1
 980 01cf 0801     		.2byte	0x108
 981 01d1 01       		.byte	0x1
 982 01d2 00000000 		.4byte	.LFB8
 983 01d6 18000000 		.4byte	.LFE8
 984 01da 94010000 		.4byte	.LLST8
 985 01de 0E       		.uleb128 0xe
 986 01df 01       		.byte	0x1
 987 01e0 95000000 		.4byte	.LASF32
 988 01e4 01       		.byte	0x1
 989 01e5 1D01     		.2byte	0x11d
 990 01e7 01       		.byte	0x1
 991 01e8 81000000 		.4byte	0x81
 992 01ec 00000000 		.4byte	.LFB9
 993 01f0 28000000 		.4byte	.LFE9
 994 01f4 BF010000 		.4byte	.LLST9
 995 01f8 0D       		.uleb128 0xd
 996 01f9 01       		.byte	0x1
 997 01fa 93010000 		.4byte	.LASF26
 998 01fe 01       		.byte	0x1
 999 01ff 3201     		.2byte	0x132
 1000 0201 01       		.byte	0x1
 1001 0202 00000000 		.4byte	.LFB10
 1002 0206 18000000 		.4byte	.LFE10
 1003 020a EA010000 		.4byte	.LLST10
 1004 020e 0D       		.uleb128 0xd
 1005 020f 01       		.byte	0x1
 1006 0210 CE000000 		.4byte	.LASF27
 1007 0214 01       		.byte	0x1
 1008 0215 4801     		.2byte	0x148
 1009 0217 01       		.byte	0x1
 1010 0218 00000000 		.4byte	.LFB11
 1011 021c 18000000 		.4byte	.LFE11
ARM GAS  C:\DOCUME~1\dtucker\LOCALS~1\Temp\ccgGOae5.s 			page 25


 1012 0220 15020000 		.4byte	.LLST11
 1013 0224 0D       		.uleb128 0xd
 1014 0225 01       		.byte	0x1
 1015 0226 75010000 		.4byte	.LASF28
 1016 022a 01       		.byte	0x1
 1017 022b 5C01     		.2byte	0x15c
 1018 022d 01       		.byte	0x1
 1019 022e 00000000 		.4byte	.LFB12
 1020 0232 18000000 		.4byte	.LFE12
 1021 0236 40020000 		.4byte	.LLST12
 1022 023a 00       		.byte	0x0
 1023              		.section	.debug_abbrev
 1024 0000 01       		.uleb128 0x1
 1025 0001 11       		.uleb128 0x11
 1026 0002 01       		.byte	0x1
 1027 0003 25       		.uleb128 0x25
 1028 0004 0E       		.uleb128 0xe
 1029 0005 13       		.uleb128 0x13
 1030 0006 0B       		.uleb128 0xb
 1031 0007 03       		.uleb128 0x3
 1032 0008 0E       		.uleb128 0xe
 1033 0009 1B       		.uleb128 0x1b
 1034 000a 0E       		.uleb128 0xe
 1035 000b 11       		.uleb128 0x11
 1036 000c 01       		.uleb128 0x1
 1037 000d 52       		.uleb128 0x52
 1038 000e 01       		.uleb128 0x1
 1039 000f 55       		.uleb128 0x55
 1040 0010 06       		.uleb128 0x6
 1041 0011 10       		.uleb128 0x10
 1042 0012 06       		.uleb128 0x6
 1043 0013 00       		.byte	0x0
 1044 0014 00       		.byte	0x0
 1045 0015 02       		.uleb128 0x2
 1046 0016 24       		.uleb128 0x24
 1047 0017 00       		.byte	0x0
 1048 0018 0B       		.uleb128 0xb
 1049 0019 0B       		.uleb128 0xb
 1050 001a 3E       		.uleb128 0x3e
 1051 001b 0B       		.uleb128 0xb
 1052 001c 03       		.uleb128 0x3
 1053 001d 0E       		.uleb128 0xe
 1054 001e 00       		.byte	0x0
 1055 001f 00       		.byte	0x0
 1056 0020 03       		.uleb128 0x3
 1057 0021 24       		.uleb128 0x24
 1058 0022 00       		.byte	0x0
 1059 0023 0B       		.uleb128 0xb
 1060 0024 0B       		.uleb128 0xb
 1061 0025 3E       		.uleb128 0x3e
 1062 0026 0B       		.uleb128 0xb
 1063 0027 03       		.uleb128 0x3
 1064 0028 08       		.uleb128 0x8
 1065 0029 00       		.byte	0x0
 1066 002a 00       		.byte	0x0
 1067 002b 04       		.uleb128 0x4
 1068 002c 24       		.uleb128 0x24
ARM GAS  C:\DOCUME~1\dtucker\LOCALS~1\Temp\ccgGOae5.s 			page 26


 1069 002d 00       		.byte	0x0
 1070 002e 0B       		.uleb128 0xb
 1071 002f 0B       		.uleb128 0xb
 1072 0030 3E       		.uleb128 0x3e
 1073 0031 0B       		.uleb128 0xb
 1074 0032 00       		.byte	0x0
 1075 0033 00       		.byte	0x0
 1076 0034 05       		.uleb128 0x5
 1077 0035 15       		.uleb128 0x15
 1078 0036 00       		.byte	0x0
 1079 0037 27       		.uleb128 0x27
 1080 0038 0C       		.uleb128 0xc
 1081 0039 00       		.byte	0x0
 1082 003a 00       		.byte	0x0
 1083 003b 06       		.uleb128 0x6
 1084 003c 0F       		.uleb128 0xf
 1085 003d 00       		.byte	0x0
 1086 003e 0B       		.uleb128 0xb
 1087 003f 0B       		.uleb128 0xb
 1088 0040 49       		.uleb128 0x49
 1089 0041 13       		.uleb128 0x13
 1090 0042 00       		.byte	0x0
 1091 0043 00       		.byte	0x0
 1092 0044 07       		.uleb128 0x7
 1093 0045 16       		.uleb128 0x16
 1094 0046 00       		.byte	0x0
 1095 0047 03       		.uleb128 0x3
 1096 0048 0E       		.uleb128 0xe
 1097 0049 3A       		.uleb128 0x3a
 1098 004a 0B       		.uleb128 0xb
 1099 004b 3B       		.uleb128 0x3b
 1100 004c 0B       		.uleb128 0xb
 1101 004d 49       		.uleb128 0x49
 1102 004e 13       		.uleb128 0x13
 1103 004f 00       		.byte	0x0
 1104 0050 00       		.byte	0x0
 1105 0051 08       		.uleb128 0x8
 1106 0052 2E       		.uleb128 0x2e
 1107 0053 00       		.byte	0x0
 1108 0054 3F       		.uleb128 0x3f
 1109 0055 0C       		.uleb128 0xc
 1110 0056 03       		.uleb128 0x3
 1111 0057 0E       		.uleb128 0xe
 1112 0058 3A       		.uleb128 0x3a
 1113 0059 0B       		.uleb128 0xb
 1114 005a 3B       		.uleb128 0x3b
 1115 005b 0B       		.uleb128 0xb
 1116 005c 27       		.uleb128 0x27
 1117 005d 0C       		.uleb128 0xc
 1118 005e 11       		.uleb128 0x11
 1119 005f 01       		.uleb128 0x1
 1120 0060 12       		.uleb128 0x12
 1121 0061 01       		.uleb128 0x1
 1122 0062 40       		.uleb128 0x40
 1123 0063 06       		.uleb128 0x6
 1124 0064 00       		.byte	0x0
 1125 0065 00       		.byte	0x0
ARM GAS  C:\DOCUME~1\dtucker\LOCALS~1\Temp\ccgGOae5.s 			page 27


 1126 0066 09       		.uleb128 0x9
 1127 0067 2E       		.uleb128 0x2e
 1128 0068 01       		.byte	0x1
 1129 0069 3F       		.uleb128 0x3f
 1130 006a 0C       		.uleb128 0xc
 1131 006b 03       		.uleb128 0x3
 1132 006c 0E       		.uleb128 0xe
 1133 006d 3A       		.uleb128 0x3a
 1134 006e 0B       		.uleb128 0xb
 1135 006f 3B       		.uleb128 0x3b
 1136 0070 0B       		.uleb128 0xb
 1137 0071 27       		.uleb128 0x27
 1138 0072 0C       		.uleb128 0xc
 1139 0073 11       		.uleb128 0x11
 1140 0074 01       		.uleb128 0x1
 1141 0075 12       		.uleb128 0x12
 1142 0076 01       		.uleb128 0x1
 1143 0077 40       		.uleb128 0x40
 1144 0078 06       		.uleb128 0x6
 1145 0079 01       		.uleb128 0x1
 1146 007a 13       		.uleb128 0x13
 1147 007b 00       		.byte	0x0
 1148 007c 00       		.byte	0x0
 1149 007d 0A       		.uleb128 0xa
 1150 007e 05       		.uleb128 0x5
 1151 007f 00       		.byte	0x0
 1152 0080 03       		.uleb128 0x3
 1153 0081 0E       		.uleb128 0xe
 1154 0082 3A       		.uleb128 0x3a
 1155 0083 0B       		.uleb128 0xb
 1156 0084 3B       		.uleb128 0x3b
 1157 0085 0B       		.uleb128 0xb
 1158 0086 49       		.uleb128 0x49
 1159 0087 13       		.uleb128 0x13
 1160 0088 02       		.uleb128 0x2
 1161 0089 0A       		.uleb128 0xa
 1162 008a 00       		.byte	0x0
 1163 008b 00       		.byte	0x0
 1164 008c 0B       		.uleb128 0xb
 1165 008d 34       		.uleb128 0x34
 1166 008e 00       		.byte	0x0
 1167 008f 03       		.uleb128 0x3
 1168 0090 0E       		.uleb128 0xe
 1169 0091 3A       		.uleb128 0x3a
 1170 0092 0B       		.uleb128 0xb
 1171 0093 3B       		.uleb128 0x3b
 1172 0094 0B       		.uleb128 0xb
 1173 0095 49       		.uleb128 0x49
 1174 0096 13       		.uleb128 0x13
 1175 0097 02       		.uleb128 0x2
 1176 0098 0A       		.uleb128 0xa
 1177 0099 00       		.byte	0x0
 1178 009a 00       		.byte	0x0
 1179 009b 0C       		.uleb128 0xc
 1180 009c 2E       		.uleb128 0x2e
 1181 009d 01       		.byte	0x1
 1182 009e 3F       		.uleb128 0x3f
ARM GAS  C:\DOCUME~1\dtucker\LOCALS~1\Temp\ccgGOae5.s 			page 28


 1183 009f 0C       		.uleb128 0xc
 1184 00a0 03       		.uleb128 0x3
 1185 00a1 0E       		.uleb128 0xe
 1186 00a2 3A       		.uleb128 0x3a
 1187 00a3 0B       		.uleb128 0xb
 1188 00a4 3B       		.uleb128 0x3b
 1189 00a5 0B       		.uleb128 0xb
 1190 00a6 27       		.uleb128 0x27
 1191 00a7 0C       		.uleb128 0xc
 1192 00a8 49       		.uleb128 0x49
 1193 00a9 13       		.uleb128 0x13
 1194 00aa 11       		.uleb128 0x11
 1195 00ab 01       		.uleb128 0x1
 1196 00ac 12       		.uleb128 0x12
 1197 00ad 01       		.uleb128 0x1
 1198 00ae 40       		.uleb128 0x40
 1199 00af 06       		.uleb128 0x6
 1200 00b0 01       		.uleb128 0x1
 1201 00b1 13       		.uleb128 0x13
 1202 00b2 00       		.byte	0x0
 1203 00b3 00       		.byte	0x0
 1204 00b4 0D       		.uleb128 0xd
 1205 00b5 2E       		.uleb128 0x2e
 1206 00b6 00       		.byte	0x0
 1207 00b7 3F       		.uleb128 0x3f
 1208 00b8 0C       		.uleb128 0xc
 1209 00b9 03       		.uleb128 0x3
 1210 00ba 0E       		.uleb128 0xe
 1211 00bb 3A       		.uleb128 0x3a
 1212 00bc 0B       		.uleb128 0xb
 1213 00bd 3B       		.uleb128 0x3b
 1214 00be 05       		.uleb128 0x5
 1215 00bf 27       		.uleb128 0x27
 1216 00c0 0C       		.uleb128 0xc
 1217 00c1 11       		.uleb128 0x11
 1218 00c2 01       		.uleb128 0x1
 1219 00c3 12       		.uleb128 0x12
 1220 00c4 01       		.uleb128 0x1
 1221 00c5 40       		.uleb128 0x40
 1222 00c6 06       		.uleb128 0x6
 1223 00c7 00       		.byte	0x0
 1224 00c8 00       		.byte	0x0
 1225 00c9 0E       		.uleb128 0xe
 1226 00ca 2E       		.uleb128 0x2e
 1227 00cb 00       		.byte	0x0
 1228 00cc 3F       		.uleb128 0x3f
 1229 00cd 0C       		.uleb128 0xc
 1230 00ce 03       		.uleb128 0x3
 1231 00cf 0E       		.uleb128 0xe
 1232 00d0 3A       		.uleb128 0x3a
 1233 00d1 0B       		.uleb128 0xb
 1234 00d2 3B       		.uleb128 0x3b
 1235 00d3 05       		.uleb128 0x5
 1236 00d4 27       		.uleb128 0x27
 1237 00d5 0C       		.uleb128 0xc
 1238 00d6 49       		.uleb128 0x49
 1239 00d7 13       		.uleb128 0x13
ARM GAS  C:\DOCUME~1\dtucker\LOCALS~1\Temp\ccgGOae5.s 			page 29


 1240 00d8 11       		.uleb128 0x11
 1241 00d9 01       		.uleb128 0x1
 1242 00da 12       		.uleb128 0x12
 1243 00db 01       		.uleb128 0x1
 1244 00dc 40       		.uleb128 0x40
 1245 00dd 06       		.uleb128 0x6
 1246 00de 00       		.byte	0x0
 1247 00df 00       		.byte	0x0
 1248 00e0 00       		.byte	0x0
 1249              		.section	.debug_pubnames,"",%progbits
 1250 0000 EF000000 		.4byte	0xef
 1251 0004 0200     		.2byte	0x2
 1252 0006 00000000 		.4byte	.Ldebug_info0
 1253 000a 3B020000 		.4byte	0x23b
 1254 000e A5000000 		.4byte	0xa5
 1255 0012 4953525F 		.ascii	"ISR_Start\000"
 1255      53746172 
 1255      7400
 1256 001c BA000000 		.4byte	0xba
 1257 0020 4953525F 		.ascii	"ISR_StartEx\000"
 1257      53746172 
 1257      74457800 
 1258 002c E2000000 		.4byte	0xe2
 1259 0030 4953525F 		.ascii	"ISR_Stop\000"
 1259      53746F70 
 1259      00
 1260 0039 F7000000 		.4byte	0xf7
 1261 003d 4953525F 		.ascii	"ISR_Interrupt\000"
 1261      496E7465 
 1261      72727570 
 1261      7400
 1262 004b 0C010000 		.4byte	0x10c
 1263 004f 4953525F 		.ascii	"ISR_SetVector\000"
 1263      53657456 
 1263      6563746F 
 1263      7200
 1264 005d 48010000 		.4byte	0x148
 1265 0061 4953525F 		.ascii	"ISR_GetVector\000"
 1265      47657456 
 1265      6563746F 
 1265      7200
 1266 006f 74010000 		.4byte	0x174
 1267 0073 4953525F 		.ascii	"ISR_SetPriority\000"
 1267      53657450 
 1267      72696F72 
 1267      69747900 
 1268 0083 9C010000 		.4byte	0x19c
 1269 0087 4953525F 		.ascii	"ISR_GetPriority\000"
 1269      47657450 
 1269      72696F72 
 1269      69747900 
 1270 0097 C8010000 		.4byte	0x1c8
 1271 009b 4953525F 		.ascii	"ISR_Enable\000"
 1271      456E6162 
 1271      6C6500
 1272 00a6 DE010000 		.4byte	0x1de
 1273 00aa 4953525F 		.ascii	"ISR_GetState\000"
ARM GAS  C:\DOCUME~1\dtucker\LOCALS~1\Temp\ccgGOae5.s 			page 30


 1273      47657453 
 1273      74617465 
 1273      00
 1274 00b7 F8010000 		.4byte	0x1f8
 1275 00bb 4953525F 		.ascii	"ISR_Disable\000"
 1275      44697361 
 1275      626C6500 
 1276 00c7 0E020000 		.4byte	0x20e
 1277 00cb 4953525F 		.ascii	"ISR_SetPending\000"
 1277      53657450 
 1277      656E6469 
 1277      6E6700
 1278 00da 24020000 		.4byte	0x224
 1279 00de 4953525F 		.ascii	"ISR_ClearPending\000"
 1279      436C6561 
 1279      7250656E 
 1279      64696E67 
 1279      00
 1280 00ef 00000000 		.4byte	0x0
 1281              		.section	.debug_aranges,"",%progbits
 1282 0000 7C000000 		.4byte	0x7c
 1283 0004 0200     		.2byte	0x2
 1284 0006 00000000 		.4byte	.Ldebug_info0
 1285 000a 04       		.byte	0x4
 1286 000b 00       		.byte	0x0
 1287 000c 0000     		.2byte	0x0
 1288 000e 0000     		.2byte	0x0
 1289 0010 00000000 		.4byte	.LFB0
 1290 0014 22000000 		.4byte	.LFE0-.LFB0
 1291 0018 00000000 		.4byte	.LFB1
 1292 001c 26000000 		.4byte	.LFE1-.LFB1
 1293 0020 00000000 		.4byte	.LFB2
 1294 0024 16000000 		.4byte	.LFE2-.LFB2
 1295 0028 00000000 		.4byte	.LFB3
 1296 002c 2A000000 		.4byte	.LFE3-.LFB3
 1297 0030 00000000 		.4byte	.LFB4
 1298 0034 28000000 		.4byte	.LFE4-.LFB4
 1299 0038 00000000 		.4byte	.LFB5
 1300 003c 26000000 		.4byte	.LFE5-.LFB5
 1301 0040 00000000 		.4byte	.LFB6
 1302 0044 26000000 		.4byte	.LFE6-.LFB6
 1303 0048 00000000 		.4byte	.LFB7
 1304 004c 26000000 		.4byte	.LFE7-.LFB7
 1305 0050 00000000 		.4byte	.LFB8
 1306 0054 18000000 		.4byte	.LFE8-.LFB8
 1307 0058 00000000 		.4byte	.LFB9
 1308 005c 28000000 		.4byte	.LFE9-.LFB9
 1309 0060 00000000 		.4byte	.LFB10
 1310 0064 18000000 		.4byte	.LFE10-.LFB10
 1311 0068 00000000 		.4byte	.LFB11
 1312 006c 18000000 		.4byte	.LFE11-.LFB11
 1313 0070 00000000 		.4byte	.LFB12
 1314 0074 18000000 		.4byte	.LFE12-.LFB12
 1315 0078 00000000 		.4byte	0x0
 1316 007c 00000000 		.4byte	0x0
 1317              		.section	.debug_ranges,"",%progbits
 1318              	.Ldebug_ranges0:
ARM GAS  C:\DOCUME~1\dtucker\LOCALS~1\Temp\ccgGOae5.s 			page 31


 1319 0000 00000000 		.4byte	.Ltext0
 1320 0004 00000000 		.4byte	.Letext0
 1321 0008 00000000 		.4byte	.LFB0
 1322 000c 22000000 		.4byte	.LFE0
 1323 0010 00000000 		.4byte	.LFB1
 1324 0014 26000000 		.4byte	.LFE1
 1325 0018 00000000 		.4byte	.LFB2
 1326 001c 16000000 		.4byte	.LFE2
 1327 0020 00000000 		.4byte	.LFB3
 1328 0024 2A000000 		.4byte	.LFE3
 1329 0028 00000000 		.4byte	.LFB4
 1330 002c 28000000 		.4byte	.LFE4
 1331 0030 00000000 		.4byte	.LFB5
 1332 0034 26000000 		.4byte	.LFE5
 1333 0038 00000000 		.4byte	.LFB6
 1334 003c 26000000 		.4byte	.LFE6
 1335 0040 00000000 		.4byte	.LFB7
 1336 0044 26000000 		.4byte	.LFE7
 1337 0048 00000000 		.4byte	.LFB8
 1338 004c 18000000 		.4byte	.LFE8
 1339 0050 00000000 		.4byte	.LFB9
 1340 0054 28000000 		.4byte	.LFE9
 1341 0058 00000000 		.4byte	.LFB10
 1342 005c 18000000 		.4byte	.LFE10
 1343 0060 00000000 		.4byte	.LFB11
 1344 0064 18000000 		.4byte	.LFE11
 1345 0068 00000000 		.4byte	.LFB12
 1346 006c 18000000 		.4byte	.LFE12
 1347 0070 00000000 		.4byte	0x0
 1348 0074 00000000 		.4byte	0x0
 1349              		.section	.debug_str,"MS",%progbits,1
 1350              	.LASF5:
 1351 0000 6C6F6E67 		.ascii	"long long int\000"
 1351      206C6F6E 
 1351      6720696E 
 1351      7400
 1352              	.LASF31:
 1353 000e 433A5C44 		.ascii	"C:\\Documents and Settings\\dtucker\\My Documents\\"
 1353      6F63756D 
 1353      656E7473 
 1353      20616E64 
 1353      20536574 
 1354 003d 50536F43 		.ascii	"PSoC Creator\\lab1\\part2.cydsn\000"
 1354      20437265 
 1354      61746F72 
 1354      5C6C6162 
 1354      315C7061 
 1355              	.LASF18:
 1356 005b 4953525F 		.ascii	"ISR_SetVector\000"
 1356      53657456 
 1356      6563746F 
 1356      7200
 1357              	.LASF15:
 1358 0069 4953525F 		.ascii	"ISR_Stop\000"
 1358      53746F70 
 1358      00
 1359              	.LASF3:
ARM GAS  C:\DOCUME~1\dtucker\LOCALS~1\Temp\ccgGOae5.s 			page 32


 1360 0072 73686F72 		.ascii	"short unsigned int\000"
 1360      7420756E 
 1360      7369676E 
 1360      65642069 
 1360      6E7400
 1361              	.LASF21:
 1362 0085 4953525F 		.ascii	"ISR_SetPriority\000"
 1362      53657450 
 1362      72696F72 
 1362      69747900 
 1363              	.LASF32:
 1364 0095 4953525F 		.ascii	"ISR_GetState\000"
 1364      47657453 
 1364      74617465 
 1364      00
 1365              	.LASF16:
 1366 00a2 4953525F 		.ascii	"ISR_Interrupt\000"
 1366      496E7465 
 1366      72727570 
 1366      7400
 1367              	.LASF10:
 1368 00b0 666C6F61 		.ascii	"float\000"
 1368      7400
 1369              	.LASF14:
 1370 00b6 4953525F 		.ascii	"ISR_Start\000"
 1370      53746172 
 1370      7400
 1371              	.LASF1:
 1372 00c0 756E7369 		.ascii	"unsigned char\000"
 1372      676E6564 
 1372      20636861 
 1372      7200
 1373              	.LASF27:
 1374 00ce 4953525F 		.ascii	"ISR_SetPending\000"
 1374      53657450 
 1374      656E6469 
 1374      6E6700
 1375              	.LASF8:
 1376 00dd 6C6F6E67 		.ascii	"long unsigned int\000"
 1376      20756E73 
 1376      69676E65 
 1376      6420696E 
 1376      7400
 1377              	.LASF12:
 1378 00ef 75696E74 		.ascii	"uint8\000"
 1378      3800
 1379              	.LASF17:
 1380 00f5 4953525F 		.ascii	"ISR_StartEx\000"
 1380      53746172 
 1380      74457800 
 1381              	.LASF25:
 1382 0101 4953525F 		.ascii	"ISR_Enable\000"
 1382      456E6162 
 1382      6C6500
 1383              	.LASF23:
 1384 010c 4953525F 		.ascii	"ISR_GetVector\000"
 1384      47657456 
ARM GAS  C:\DOCUME~1\dtucker\LOCALS~1\Temp\ccgGOae5.s 			page 33


 1384      6563746F 
 1384      7200
 1385              	.LASF11:
 1386 011a 646F7562 		.ascii	"double\000"
 1386      6C6500
 1387              	.LASF30:
 1388 0121 2E5C4765 		.ascii	".\\Generated_Source\\PSoC5\\ISR.c\000"
 1388      6E657261 
 1388      7465645F 
 1388      536F7572 
 1388      63655C50 
 1389              	.LASF22:
 1390 0140 7072696F 		.ascii	"priority\000"
 1390      72697479 
 1390      00
 1391              	.LASF4:
 1392 0149 756E7369 		.ascii	"unsigned int\000"
 1392      676E6564 
 1392      20696E74 
 1392      00
 1393              	.LASF19:
 1394 0156 61646472 		.ascii	"address\000"
 1394      65737300 
 1395              	.LASF6:
 1396 015e 6C6F6E67 		.ascii	"long long unsigned int\000"
 1396      206C6F6E 
 1396      6720756E 
 1396      7369676E 
 1396      65642069 
 1397              	.LASF28:
 1398 0175 4953525F 		.ascii	"ISR_ClearPending\000"
 1398      436C6561 
 1398      7250656E 
 1398      64696E67 
 1398      00
 1399              	.LASF13:
 1400 0186 63796973 		.ascii	"cyisraddress\000"
 1400      72616464 
 1400      72657373 
 1400      00
 1401              	.LASF26:
 1402 0193 4953525F 		.ascii	"ISR_Disable\000"
 1402      44697361 
 1402      626C6500 
 1403              	.LASF29:
 1404 019f 474E5520 		.ascii	"GNU C 4.4.1\000"
 1404      4320342E 
 1404      342E3100 
 1405              	.LASF9:
 1406 01ab 63686172 		.ascii	"char\000"
 1406      00
 1407              	.LASF20:
 1408 01b0 72616D56 		.ascii	"ramVectorTable\000"
 1408      6563746F 
 1408      72546162 
 1408      6C6500
 1409              	.LASF2:
ARM GAS  C:\DOCUME~1\dtucker\LOCALS~1\Temp\ccgGOae5.s 			page 34


 1410 01bf 73686F72 		.ascii	"short int\000"
 1410      7420696E 
 1410      7400
 1411              	.LASF7:
 1412 01c9 6C6F6E67 		.ascii	"long int\000"
 1412      20696E74 
 1412      00
 1413              	.LASF24:
 1414 01d2 4953525F 		.ascii	"ISR_GetPriority\000"
 1414      47657450 
 1414      72696F72 
 1414      69747900 
 1415              	.LASF0:
 1416 01e2 7369676E 		.ascii	"signed char\000"
 1416      65642063 
 1416      68617200 
 1417              		.ident	"GCC: (Sourcery G++ Lite 2010q1-188) 4.4.1"
