#***************************************************************************

#sjplacer

#Version:            1.1

#Build Date:         Mar 26 2013 11:48:29

#File Generated:     Jun 12 2013 09:52:37

#Purpose:            

#Copyright (C) 2010-2011 by Softjin Technologies Pvt Ltd. All rights reserved.

#***************************************************************************

Executing : C:\Program Files\Cypress\PSoC Creator\2.2\PSoC Creator\bin/sjplacer.exe --proj-name connect4 --netlist-vh2 connect4_p.vh2 --arch-file C:\Program Files\Cypress\PSoC Creator\2.2\PSoC Creator\dev/psoc3/psoc35_placer.ark --rrg-file C:\Program Files\Cypress\PSoC Creator\2.2\PSoC Creator\dev/psoc5/psoc5lp/route_arch-rrg.cydata --irq-file C:\Program Files\Cypress\PSoC Creator\2.2\PSoC Creator\dev/psoc5/psoc5lp/psoc5_lp_irqconn.cydata --drq-file C:\Program Files\Cypress\PSoC Creator\2.2\PSoC Creator\dev/psoc5/psoc5lp/psoc5_lp_dmaconn.cydata --dsi-conn-file C:\Program Files\Cypress\PSoC Creator\2.2\PSoC Creator\dev/psoc5/psoc5lp/psoc5_lp_dsiconn.cydata --pins-file PSoC5_PSoC5LP_100-TQFP.xml --lib-file connect4_p.lib --sdc-file connect4.sdc --io-pcf connect4.pci --outdir .

		Softjin Techologies Placer, Version 1.1

Build Date : Mar 26 2013	11:50:26

D2004: Option and Settings Summary
=============================================================
Netlist vh2 file          - connect4_p.vh2
Architecture file         - C:\Program Files\Cypress\PSoC Creator\2.2\PSoC Creator\dev/psoc3/psoc35_placer.ark
Package                   - 
Defparam file             - 
SDC file                  - connect4.sdc
Output directory          - .
Timing library            - connect4_p.lib
IO Placement file         - connect4.pci

D2050: Starting reading inputs for placer
=============================================================
D2065: Reading netlist file : "connect4_p.vh2"
D2065: Reading arch file : "C:\Program Files\Cypress\PSoC Creator\2.2\PSoC Creator\dev/psoc3/psoc35_placer.ark"
D2051: Reading of inputs for placer completed successfully

D2053: Starting placement of the design
=============================================================

Phase 2
Phase 3

Design Statistics after Packing
    Number of Combinational MCs 	:	18
    Number of Sequential MCs    	:	27
    Number of DPs               	:	8
    Number of Controls          	:	3
    Number of Status            	:	2
    Number of SyncCells         	:	1
    Number of count7cells       	:	2

Device Utilization Summary after Packing
    Macrocells                  :	45/192
    UDBS                        :	8/24
    IOs                         :	26/72


D2088: Phase 3, elapsed time : 0.0 (sec)

Phase 4
D2088: Phase 4, elapsed time : 0.0 (sec)

Phase 5
D2088: Phase 5, elapsed time : 0.0 (sec)

Phase 6

######################################################################
Placement Timing Summary

The timing summary is based on estimated routing delays after
placement. For final timing report, please carry out the timing
analysis after routing.
======================================================================

######################################################################
                     Clock Summary 
======================================================================
Number of clocks: 7
Clock: CyBUS_CLK            | Frequency:  35.3 MHz | Target:  24.0 MHz
Clock: CyBUS_CLK(fixed-function) | Frequency: N/A       | Target:  24.0 MHz
Clock: CyILO                | Frequency: N/A       | Target:   0.0 MHz
Clock: CyIMO                | Frequency: N/A       | Target:   3.0 MHz
Clock: CyMASTER_CLK         | Frequency: N/A       | Target:  24.0 MHz
Clock: CyPLL_OUT            | Frequency: N/A       | Target:  24.0 MHz
Clock: UART_IntClock        | Frequency:  41.2 MHz | Target:   0.2 MHz

======================================================================
                     End of Clock Summary
######################################################################

D2088: Phase 6, elapsed time : 0.2 (sec)

Phase 7
######################################################################
                     Clock Summary 
======================================================================
Number of clocks: 7
Clock: CyBUS_CLK            | Frequency:   2.2 MHz | Target:  24.0 MHz
Clock: CyBUS_CLK(fixed-function) | Frequency: N/A       | Target:  24.0 MHz
Clock: CyILO                | Frequency: N/A       | Target:   0.0 MHz
Clock: CyIMO                | Frequency: N/A       | Target:   3.0 MHz
Clock: CyMASTER_CLK         | Frequency: N/A       | Target:  24.0 MHz
Clock: CyPLL_OUT            | Frequency: N/A       | Target:  24.0 MHz
Clock: UART_IntClock        | Frequency:   2.2 MHz | Target:   0.2 MHz

======================================================================
                     End of Clock Summary
######################################################################
D2088: Phase 7, elapsed time : 2.9 (sec)

Final Design Statistics
    Number of Combinational MCs 	:	18
    Number of Sequential MCs    	:	27
    Number of DPs               	:	8
    Number of Controls          	:	3
    Number of Status            	:	2
    Number of SyncCells         	:	1
    Number of count7cells       	:	2
    Number of IOs       	:	26

Device Utilization Summary
    Macrocells                  :	45/192
    IOs                         :	26/72



######################################################################
Placement Timing Summary

The timing summary is based on estimated routing delays after
placement. For final timing report, please carry out the timing
analysis after routing.
======================================================================


######################################################################
                     Clock Summary 
======================================================================
Number of clocks: 7
Clock: CyBUS_CLK            | Frequency:   2.5 MHz | Target:  24.0 MHz
Clock: CyBUS_CLK(fixed-function) | Frequency: N/A       | Target:  24.0 MHz
Clock: CyILO                | Frequency: N/A       | Target:   0.0 MHz
Clock: CyIMO                | Frequency: N/A       | Target:   3.0 MHz
Clock: CyMASTER_CLK         | Frequency: N/A       | Target:  24.0 MHz
Clock: CyPLL_OUT            | Frequency: N/A       | Target:  24.0 MHz
Clock: UART_IntClock        | Frequency:   2.5 MHz | Target:   0.2 MHz

======================================================================
                     End of Clock Summary
######################################################################

Phase 8
D2088: Phase 8, elapsed time : 0.0 (sec)

D2054: Placement of the design completed successfully

I2076: Total run-time: 5.9 sec.

