--------------- Rebuild Started: 05/21/2013 12:25:36 Project: part2, Configuration: ARM GCC 4.4.1 Debug ---------------
Deleting file ".\CortexM3\ARM_GCC_441\Debug\main.o"
Deleting file ".\CortexM3\ARM_GCC_441\Debug\LCD.o"
Deleting file ".\CortexM3\ARM_GCC_441\Debug\PID.o"
Deleting file ".\CortexM3\ARM_GCC_441\Debug\ADC.o"
Deleting file ".\CortexM3\ARM_GCC_441\Debug\ADC_PM.o"
Deleting file ".\CortexM3\ARM_GCC_441\Debug\ADC_INT.o"
Deleting file ".\CortexM3\ARM_GCC_441\Debug\Clock.o"
Deleting file ".\CortexM3\ARM_GCC_441\Debug\Accelerator.o"
Deleting file ".\CortexM3\ARM_GCC_441\Debug\Tachometer.o"
Deleting file ".\CortexM3\ARM_GCC_441\Debug\PWM.o"
Deleting file ".\CortexM3\ARM_GCC_441\Debug\PWM_PM.o"
Deleting file ".\CortexM3\ARM_GCC_441\Debug\Speed.o"
Deleting file ".\CortexM3\ARM_GCC_441\Debug\LCD_PM.o"
Deleting file ".\CortexM3\ARM_GCC_441\Debug\Counter.o"
Deleting file ".\CortexM3\ARM_GCC_441\Debug\Counter_PM.o"
Deleting file ".\CortexM3\ARM_GCC_441\Debug\Timer.o"
Deleting file ".\CortexM3\ARM_GCC_441\Debug\Timer_PM.o"
Deleting file ".\CortexM3\ARM_GCC_441\Debug\ADC_theACLK.o"
Deleting file ".\CortexM3\ARM_GCC_441\Debug\ADC_Ext_CP_Clk.o"
Deleting file ".\CortexM3\ARM_GCC_441\Debug\ADC_AMux.o"
Deleting file ".\CortexM3\ARM_GCC_441\Debug\LCD_LCDPort.o"
Deleting file ".\CortexM3\ARM_GCC_441\Debug\Cm3Start.o"
Deleting file ".\CortexM3\ARM_GCC_441\Debug\core_cm3.o"
Deleting file ".\CortexM3\ARM_GCC_441\Debug\CyBootAsmGnu.o"
Deleting file ".\CortexM3\ARM_GCC_441\Debug\CyDmac.o"
Deleting file ".\CortexM3\ARM_GCC_441\Debug\CyFlash.o"
Deleting file ".\CortexM3\ARM_GCC_441\Debug\CyLib.o"
Deleting file ".\CortexM3\ARM_GCC_441\Debug\cyPm.o"
Deleting file ".\CortexM3\ARM_GCC_441\Debug\CySpc.o"
Deleting file ".\CortexM3\ARM_GCC_441\Debug\cyutils.o"
Deleting file ".\CortexM3\ARM_GCC_441\Debug\ISR.o"
Deleting file ".\CortexM3\ARM_GCC_441\Debug\Sample.o"
Deleting file ".\CortexM3\ARM_GCC_441\Debug\Meter.o"
Deleting file ".\CortexM3\ARM_GCC_441\Debug\cyfitter_cfg.o"
Deleting file ".\CortexM3\ARM_GCC_441\Debug\part2.map"
Deleting file ".\part2.cycdx"
Deleting file ".\part2.svd"
Deleting file ".\part2.rpt"
Deleting file ".\part2_timing.html"
Deleting file ".\CortexM3\ARM_GCC_441\Debug\.deps\C_FILE.P"
Deleting file ".\CortexM3\ARM_GCC_441\Debug\.deps\ARM_C_FILE.P"
Deleting file ".\CortexM3\ARM_GCC_441\Debug\.deps\GNU_ARM_ASM_FILE.P"
cydsfit.exe "-.appdatapath" "C:\Users\dmtucker\AppData\Local\Cypress Semiconductor\PSoC Creator\2.2" "-.fdsnotice" "-.fdswarpdepfile=warp_dependencies.txt" "-.fdselabdepfile=elab_dependencies.txt" "-.fdsbldfile=generated_files.txt" "-p" "F:\PSoC Creator\lab4\part2.cydsn\part2.cyprj" "-d" "CY8C5868AXI-LP035" "-s" "F:\PSoC Creator\lab4\part2.cydsn\Generated_Source\PSoC5" "--" "-yv2" "-v3" "-ygs" "-q10" "-o2" "-.fftcfgtype=LE"
Elaborating Design...
HDL Generation ...
Synthesis ...
Place and Route ...
Tech mapping ...
Info: mpr.M0037: Unused pieces of the design have been optimized out. See the Tech mapping section of the report file for details. (App=cydsfit)
Analog Placement ...
Analog Routing ...
Analog Code Generation ...
Digital Placement ...
Digital Routing ...
Bitstream Generation ...
Static timing analysis ...
API Generation ...
Dependency Generation ...
Clean Temporary Files ...
arm-none-eabi-gcc.exe -I. -Wno-main -I./Generated_Source/PSoC5 -mcpu=cortex-m3 -mthumb -Wall -g -D DEBUG -Wa,-alh=.\CortexM3\ARM_GCC_441\Debug\main.lst -ffunction-sections -c .\main.c -o .\CortexM3\ARM_GCC_441\Debug\main.o
arm-none-eabi-gcc.exe -I. -Wno-main -I./Generated_Source/PSoC5 -mcpu=cortex-m3 -mthumb -Wall -g -D DEBUG -Wa,-alh=.\CortexM3\ARM_GCC_441\Debug\LCD.lst -ffunction-sections -c .\LCD.c -o .\CortexM3\ARM_GCC_441\Debug\LCD.o
arm-none-eabi-gcc.exe -I. -Wno-main -I./Generated_Source/PSoC5 -mcpu=cortex-m3 -mthumb -Wall -g -D DEBUG -Wa,-alh=.\CortexM3\ARM_GCC_441\Debug\PID.lst -ffunction-sections -c .\PID.c -o .\CortexM3\ARM_GCC_441\Debug\PID.o
arm-none-eabi-gcc.exe -I. -Wno-main -I./Generated_Source/PSoC5 -mcpu=cortex-m3 -mthumb -Wall -g -D DEBUG -Wa,-alh=.\CortexM3\ARM_GCC_441\Debug\ADC.lst -ffunction-sections -c .\Generated_Source\PSoC5\ADC.c -o .\CortexM3\ARM_GCC_441\Debug\ADC.o
arm-none-eabi-gcc.exe -I. -Wno-main -I./Generated_Source/PSoC5 -mcpu=cortex-m3 -mthumb -Wall -g -D DEBUG -Wa,-alh=.\CortexM3\ARM_GCC_441\Debug\ADC_PM.lst -ffunction-sections -c .\Generated_Source\PSoC5\ADC_PM.c -o .\CortexM3\ARM_GCC_441\Debug\ADC_PM.o
arm-none-eabi-gcc.exe -I. -Wno-main -I./Generated_Source/PSoC5 -mcpu=cortex-m3 -mthumb -Wall -g -D DEBUG -Wa,-alh=.\CortexM3\ARM_GCC_441\Debug\ADC_INT.lst -ffunction-sections -c .\Generated_Source\PSoC5\ADC_INT.c -o .\CortexM3\ARM_GCC_441\Debug\ADC_INT.o
arm-none-eabi-gcc.exe -I. -Wno-main -I./Generated_Source/PSoC5 -mcpu=cortex-m3 -mthumb -Wall -g -D DEBUG -Wa,-alh=.\CortexM3\ARM_GCC_441\Debug\Clock.lst -ffunction-sections -c .\Generated_Source\PSoC5\Clock.c -o .\CortexM3\ARM_GCC_441\Debug\Clock.o
arm-none-eabi-gcc.exe -I. -Wno-main -I./Generated_Source/PSoC5 -mcpu=cortex-m3 -mthumb -Wall -g -D DEBUG -Wa,-alh=.\CortexM3\ARM_GCC_441\Debug\Accelerator.lst -ffunction-sections -c .\Generated_Source\PSoC5\Accelerator.c -o .\CortexM3\ARM_GCC_441\Debug\Accelerator.o
arm-none-eabi-gcc.exe -I. -Wno-main -I./Generated_Source/PSoC5 -mcpu=cortex-m3 -mthumb -Wall -g -D DEBUG -Wa,-alh=.\CortexM3\ARM_GCC_441\Debug\Tachometer.lst -ffunction-sections -c .\Generated_Source\PSoC5\Tachometer.c -o .\CortexM3\ARM_GCC_441\Debug\Tachometer.o
arm-none-eabi-gcc.exe -I. -Wno-main -I./Generated_Source/PSoC5 -mcpu=cortex-m3 -mthumb -Wall -g -D DEBUG -Wa,-alh=.\CortexM3\ARM_GCC_441\Debug\PWM.lst -ffunction-sections -c .\Generated_Source\PSoC5\PWM.c -o .\CortexM3\ARM_GCC_441\Debug\PWM.o
arm-none-eabi-gcc.exe -I. -Wno-main -I./Generated_Source/PSoC5 -mcpu=cortex-m3 -mthumb -Wall -g -D DEBUG -Wa,-alh=.\CortexM3\ARM_GCC_441\Debug\PWM_PM.lst -ffunction-sections -c .\Generated_Source\PSoC5\PWM_PM.c -o .\CortexM3\ARM_GCC_441\Debug\PWM_PM.o
arm-none-eabi-gcc.exe -I. -Wno-main -I./Generated_Source/PSoC5 -mcpu=cortex-m3 -mthumb -Wall -g -D DEBUG -Wa,-alh=.\CortexM3\ARM_GCC_441\Debug\Speed.lst -ffunction-sections -c .\Generated_Source\PSoC5\Speed.c -o .\CortexM3\ARM_GCC_441\Debug\Speed.o
arm-none-eabi-gcc.exe -I. -Wno-main -I./Generated_Source/PSoC5 -mcpu=cortex-m3 -mthumb -Wall -g -D DEBUG -Wa,-alh=.\CortexM3\ARM_GCC_441\Debug\LCD.lst -ffunction-sections -c .\Generated_Source\PSoC5\LCD.c -o .\CortexM3\ARM_GCC_441\Debug\LCD.o
arm-none-eabi-gcc.exe -I. -Wno-main -I./Generated_Source/PSoC5 -mcpu=cortex-m3 -mthumb -Wall -g -D DEBUG -Wa,-alh=.\CortexM3\ARM_GCC_441\Debug\LCD_PM.lst -ffunction-sections -c .\Generated_Source\PSoC5\LCD_PM.c -o .\CortexM3\ARM_GCC_441\Debug\LCD_PM.o
arm-none-eabi-gcc.exe -I. -Wno-main -I./Generated_Source/PSoC5 -mcpu=cortex-m3 -mthumb -Wall -g -D DEBUG -Wa,-alh=.\CortexM3\ARM_GCC_441\Debug\Counter.lst -ffunction-sections -c .\Generated_Source\PSoC5\Counter.c -o .\CortexM3\ARM_GCC_441\Debug\Counter.o
arm-none-eabi-gcc.exe -I. -Wno-main -I./Generated_Source/PSoC5 -mcpu=cortex-m3 -mthumb -Wall -g -D DEBUG -Wa,-alh=.\CortexM3\ARM_GCC_441\Debug\Counter_PM.lst -ffunction-sections -c .\Generated_Source\PSoC5\Counter_PM.c -o .\CortexM3\ARM_GCC_441\Debug\Counter_PM.o
arm-none-eabi-gcc.exe -I. -Wno-main -I./Generated_Source/PSoC5 -mcpu=cortex-m3 -mthumb -Wall -g -D DEBUG -Wa,-alh=.\CortexM3\ARM_GCC_441\Debug\Timer.lst -ffunction-sections -c .\Generated_Source\PSoC5\Timer.c -o .\CortexM3\ARM_GCC_441\Debug\Timer.o
arm-none-eabi-gcc.exe -I. -Wno-main -I./Generated_Source/PSoC5 -mcpu=cortex-m3 -mthumb -Wall -g -D DEBUG -Wa,-alh=.\CortexM3\ARM_GCC_441\Debug\Timer_PM.lst -ffunction-sections -c .\Generated_Source\PSoC5\Timer_PM.c -o .\CortexM3\ARM_GCC_441\Debug\Timer_PM.o
arm-none-eabi-gcc.exe -I. -Wno-main -I./Generated_Source/PSoC5 -mcpu=cortex-m3 -mthumb -Wall -g -D DEBUG -Wa,-alh=.\CortexM3\ARM_GCC_441\Debug\ADC_theACLK.lst -ffunction-sections -c .\Generated_Source\PSoC5\ADC_theACLK.c -o .\CortexM3\ARM_GCC_441\Debug\ADC_theACLK.o
arm-none-eabi-gcc.exe -I. -Wno-main -I./Generated_Source/PSoC5 -mcpu=cortex-m3 -mthumb -Wall -g -D DEBUG -Wa,-alh=.\CortexM3\ARM_GCC_441\Debug\ADC_Ext_CP_Clk.lst -ffunction-sections -c .\Generated_Source\PSoC5\ADC_Ext_CP_Clk.c -o .\CortexM3\ARM_GCC_441\Debug\ADC_Ext_CP_Clk.o
arm-none-eabi-gcc.exe -I. -Wno-main -I./Generated_Source/PSoC5 -mcpu=cortex-m3 -mthumb -Wall -g -D DEBUG -Wa,-alh=.\CortexM3\ARM_GCC_441\Debug\ADC_AMux.lst -ffunction-sections -c .\Generated_Source\PSoC5\ADC_AMux.c -o .\CortexM3\ARM_GCC_441\Debug\ADC_AMux.o
arm-none-eabi-gcc.exe -I. -Wno-main -I./Generated_Source/PSoC5 -mcpu=cortex-m3 -mthumb -Wall -g -D DEBUG -Wa,-alh=.\CortexM3\ARM_GCC_441\Debug\LCD_LCDPort.lst -ffunction-sections -c .\Generated_Source\PSoC5\LCD_LCDPort.c -o .\CortexM3\ARM_GCC_441\Debug\LCD_LCDPort.o
arm-none-eabi-gcc.exe -I. -Wno-main -I./Generated_Source/PSoC5 -mcpu=cortex-m3 -mthumb -Wall -g -D DEBUG -Wa,-alh=.\CortexM3\ARM_GCC_441\Debug\Cm3Start.lst -ffunction-sections -c .\Generated_Source\PSoC5\Cm3Start.c -o .\CortexM3\ARM_GCC_441\Debug\Cm3Start.o
arm-none-eabi-gcc.exe -I. -Wno-main -I./Generated_Source/PSoC5 -mcpu=cortex-m3 -mthumb -Wall -g -D DEBUG -Wa,-alh=.\CortexM3\ARM_GCC_441\Debug\core_cm3.lst -ffunction-sections -c .\Generated_Source\PSoC5\core_cm3.c -o .\CortexM3\ARM_GCC_441\Debug\core_cm3.o
arm-none-eabi-as.exe -I. -I./Generated_Source/PSoC5 -mcpu=cortex-m3 -mthumb -g -alh=.\CortexM3\ARM_GCC_441\Debug/CyBootAsmGnu.lst -o .\CortexM3\ARM_GCC_441\Debug\CyBootAsmGnu.o .\Generated_Source\PSoC5\CyBootAsmGnu.s
arm-none-eabi-gcc.exe -I. -Wno-main -I./Generated_Source/PSoC5 -mcpu=cortex-m3 -mthumb -Wall -g -D DEBUG -Wa,-alh=.\CortexM3\ARM_GCC_441\Debug\CyDmac.lst -ffunction-sections -c .\Generated_Source\PSoC5\CyDmac.c -o .\CortexM3\ARM_GCC_441\Debug\CyDmac.o
arm-none-eabi-gcc.exe -I. -Wno-main -I./Generated_Source/PSoC5 -mcpu=cortex-m3 -mthumb -Wall -g -D DEBUG -Wa,-alh=.\CortexM3\ARM_GCC_441\Debug\CyFlash.lst -ffunction-sections -c .\Generated_Source\PSoC5\CyFlash.c -o .\CortexM3\ARM_GCC_441\Debug\CyFlash.o
arm-none-eabi-gcc.exe -I. -Wno-main -I./Generated_Source/PSoC5 -mcpu=cortex-m3 -mthumb -Wall -g -D DEBUG -Wa,-alh=.\CortexM3\ARM_GCC_441\Debug\CyLib.lst -ffunction-sections -c .\Generated_Source\PSoC5\CyLib.c -o .\CortexM3\ARM_GCC_441\Debug\CyLib.o
arm-none-eabi-gcc.exe -I. -Wno-main -I./Generated_Source/PSoC5 -mcpu=cortex-m3 -mthumb -Wall -g -D DEBUG -Wa,-alh=.\CortexM3\ARM_GCC_441\Debug\cyPm.lst -ffunction-sections -c .\Generated_Source\PSoC5\cyPm.c -o .\CortexM3\ARM_GCC_441\Debug\cyPm.o
arm-none-eabi-gcc.exe -I. -Wno-main -I./Generated_Source/PSoC5 -mcpu=cortex-m3 -mthumb -Wall -g -D DEBUG -Wa,-alh=.\CortexM3\ARM_GCC_441\Debug\CySpc.lst -ffunction-sections -c .\Generated_Source\PSoC5\CySpc.c -o .\CortexM3\ARM_GCC_441\Debug\CySpc.o
arm-none-eabi-gcc.exe -I. -Wno-main -I./Generated_Source/PSoC5 -mcpu=cortex-m3 -mthumb -Wall -g -D DEBUG -Wa,-alh=.\CortexM3\ARM_GCC_441\Debug\cyutils.lst -ffunction-sections -c .\Generated_Source\PSoC5\cyutils.c -o .\CortexM3\ARM_GCC_441\Debug\cyutils.o
arm-none-eabi-gcc.exe -I. -Wno-main -I./Generated_Source/PSoC5 -mcpu=cortex-m3 -mthumb -Wall -g -D DEBUG -Wa,-alh=.\CortexM3\ARM_GCC_441\Debug\ISR.lst -ffunction-sections -c .\Generated_Source\PSoC5\ISR.c -o .\CortexM3\ARM_GCC_441\Debug\ISR.o
arm-none-eabi-gcc.exe -I. -Wno-main -I./Generated_Source/PSoC5 -mcpu=cortex-m3 -mthumb -Wall -g -D DEBUG -Wa,-alh=.\CortexM3\ARM_GCC_441\Debug\Sample.lst -ffunction-sections -c .\Generated_Source\PSoC5\Sample.c -o .\CortexM3\ARM_GCC_441\Debug\Sample.o
arm-none-eabi-gcc.exe -I. -Wno-main -I./Generated_Source/PSoC5 -mcpu=cortex-m3 -mthumb -Wall -g -D DEBUG -Wa,-alh=.\CortexM3\ARM_GCC_441\Debug\Meter.lst -ffunction-sections -c .\Generated_Source\PSoC5\Meter.c -o .\CortexM3\ARM_GCC_441\Debug\Meter.o
arm-none-eabi-gcc.exe -I. -Wno-main -I./Generated_Source/PSoC5 -mcpu=cortex-m3 -mthumb -Wall -g -D DEBUG -Wa,-alh=.\CortexM3\ARM_GCC_441\Debug\cyfitter_cfg.lst -ffunction-sections -c .\Generated_Source\PSoC5\cyfitter_cfg.c -o .\CortexM3\ARM_GCC_441\Debug\cyfitter_cfg.o
arm-none-eabi-ar.exe -rs .\CortexM3\ARM_GCC_441\Debug\part2.a .\CortexM3\ARM_GCC_441\Debug\ADC.o .\CortexM3\ARM_GCC_441\Debug\ADC_PM.o .\CortexM3\ARM_GCC_441\Debug\ADC_INT.o .\CortexM3\ARM_GCC_441\Debug\Clock.o .\CortexM3\ARM_GCC_441\Debug\Accelerator.o .\CortexM3\ARM_GCC_441\Debug\Tachometer.o .\CortexM3\ARM_GCC_441\Debug\PWM.o .\CortexM3\ARM_GCC_441\Debug\PWM_PM.o .\CortexM3\ARM_GCC_441\Debug\Speed.o .\CortexM3\ARM_GCC_441\Debug\LCD.o .\CortexM3\ARM_GCC_441\Debug\LCD_PM.o .\CortexM3\ARM_GCC_441\Debug\Counter.o .\CortexM3\ARM_GCC_441\Debug\Counter_PM.o .\CortexM3\ARM_GCC_441\Debug\Timer.o .\CortexM3\ARM_GCC_441\Debug\Timer_PM.o .\CortexM3\ARM_GCC_441\Debug\ADC_theACLK.o .\CortexM3\ARM_GCC_441\Debug\ADC_Ext_CP_Clk.o .\CortexM3\ARM_GCC_441\Debug\ADC_AMux.o .\CortexM3\ARM_GCC_441\Debug\LCD_LCDPort.o .\CortexM3\ARM_GCC_441\Debug\core_cm3.o .\CortexM3\ARM_GCC_441\Debug\CyBootAsmGnu.o .\CortexM3\ARM_GCC_441\Debug\CyDmac.o .\CortexM3\ARM_GCC_441\Debug\CyFlash.o .\CortexM3\ARM_GCC_441\Debug\CyLib.o .\CortexM3\ARM_GCC_441\Debug\cyPm.o .\CortexM3\ARM_GCC_441\Debug\CySpc.o .\CortexM3\ARM_GCC_441\Debug\cyutils.o .\CortexM3\ARM_GCC_441\Debug\ISR.o .\CortexM3\ARM_GCC_441\Debug\Sample.o .\CortexM3\ARM_GCC_441\Debug\Meter.o .\CortexM3\ARM_GCC_441\Debug\cyfitter_cfg.o
arm-none-eabi-ar.exe: creating .\CortexM3\ARM_GCC_441\Debug\part2.a
arm-none-eabi-gcc.exe -mthumb -march=armv7-m -mfix-cortex-m3-ldrd -T .\Generated_Source\PSoC5\cm3gcc.ld -g -Wl,-Map,.\CortexM3\ARM_GCC_441\Debug\part2.map -Wl,--gc-sections -Wl,--start-group -o .\CortexM3\ARM_GCC_441\Debug\part2.elf .\CortexM3\ARM_GCC_441\Debug\main.o .\CortexM3\ARM_GCC_441\Debug\LCD.o .\CortexM3\ARM_GCC_441\Debug\PID.o .\CortexM3\ARM_GCC_441\Debug\Cm3Start.o .\CortexM3\ARM_GCC_441\Debug\part2.a "C:\Program Files\Cypress\PSoC Creator\2.2\PSoC Creator\psoc\content\cycomponentlibrary\CyComponentLibrary.cylib\CortexM3\ARM_GCC_441\Debug\CyComponentLibrary.a" -Wl,--end-group
.\CortexM3\ARM_GCC_441\Debug\PID.o:(.data+0x0): multiple definition of `SampleTime'
.\CortexM3\ARM_GCC_441\Debug\main.o:(.data+0x0): first defined here
.\CortexM3\ARM_GCC_441\Debug\PID.o:(.data+0x4): multiple definition of `inAuto'
.\CortexM3\ARM_GCC_441\Debug\main.o:(.data+0x4): first defined here
.\CortexM3\ARM_GCC_441\Debug\PID.o:(.bss+0x0): multiple definition of `controllerDirection'
.\CortexM3\ARM_GCC_441\Debug\main.o:(.bss+0x0): first defined here
.\CortexM3\ARM_GCC_441\Debug\PID.o: In function `Compute':
F:\PSoC Creator\lab4\part2.cydsn/.\PID.c:21: multiple definition of `Compute'
.\CortexM3\ARM_GCC_441\Debug\main.o:F:\PSoC Creator\lab4\part2.cydsn/.\/PID.c:21: first defined here
.\CortexM3\ARM_GCC_441\Debug\PID.o: In function `SetTunings':
F:\PSoC Creator\lab4\part2.cydsn/.\PID.c:44: multiple definition of `SetTunings'
.\CortexM3\ARM_GCC_441\Debug\main.o:F:\PSoC Creator\lab4\part2.cydsn/.\/PID.c:44: first defined here
.\CortexM3\ARM_GCC_441\Debug\PID.o: In function `SetSampleTime':
F:\PSoC Creator\lab4\part2.cydsn/.\PID.c:61: multiple definition of `SetSampleTime'
.\CortexM3\ARM_GCC_441\Debug\main.o:F:\PSoC Creator\lab4\part2.cydsn/.\/PID.c:61: first defined here
.\CortexM3\ARM_GCC_441\Debug\PID.o: In function `SetOutputLimits':
F:\PSoC Creator\lab4\part2.cydsn/.\PID.c:73: multiple definition of `SetOutputLimits'
.\CortexM3\ARM_GCC_441\Debug\main.o:F:\PSoC Creator\lab4\part2.cydsn/.\/PID.c:73: first defined here
.\CortexM3\ARM_GCC_441\Debug\PID.o: In function `Initialize':
F:\PSoC Creator\lab4\part2.cydsn/.\PID.c:88: multiple definition of `Initialize'
.\CortexM3\ARM_GCC_441\Debug\main.o:F:\PSoC Creator\lab4\part2.cydsn/.\/PID.c:88: first defined here
.\CortexM3\ARM_GCC_441\Debug\PID.o: In function `SetMode':
F:\PSoC Creator\lab4\part2.cydsn/.\PID.c:96: multiple definition of `SetMode'
.\CortexM3\ARM_GCC_441\Debug\main.o:F:\PSoC Creator\lab4\part2.cydsn/.\/PID.c:96: first defined here
.\CortexM3\ARM_GCC_441\Debug\PID.o: In function `SetControllerDirection':
F:\PSoC Creator\lab4\part2.cydsn/.\PID.c:105: multiple definition of `SetControllerDirection'
.\CortexM3\ARM_GCC_441\Debug\main.o:F:\PSoC Creator\lab4\part2.cydsn/.\/PID.c:105: first defined here
collect2: ld returned 1 exit status
The command 'arm-none-eabi-gcc.exe' failed with exit code '1'.
--------------- Rebuild Failed: 05/21/2013 12:27:24 ---------------
