--------------- Build Started: 05/20/2013 15:09:32 Project: part2-new, Configuration: ARM GCC 4.4.1 Debug ---------------
cydsfit.exe "-.appdatapath" "C:\Users\dmtucker\AppData\Local\Cypress Semiconductor\PSoC Creator\2.2" "-.fdsnotice" "-.fdswarpdepfile=warp_dependencies.txt" "-.fdselabdepfile=elab_dependencies.txt" "-.fdsbldfile=generated_files.txt" "-p" "F:\PSoC Creator\lab4\part2-new.cydsn\part2-new.cyprj" "-d" "CY8C5868AXI-LP035" "-s" "F:\PSoC Creator\lab4\part2-new.cydsn\Generated_Source\PSoC5" "--" "-yv2" "-v3" "-ygs" "-q10" "-o2" "-.fftcfgtype=LE"
Elaborating Design...
HDL Generation ...
Synthesis ...
Place and Route ...
Tech mapping ...
Info: mpr.M0037: Unused pieces of the design have been optimized out. See the Tech mapping section of the report file for details. (App=cydsfit)
Analog Placement ...
Analog Routing ...
Analog Code Generation ...
Digital Placement ...
Digital Routing ...
Bitstream Generation ...
Static timing analysis ...
API Generation ...
Dependency Generation ...
Clean Temporary Files ...
arm-none-eabi-gcc.exe -I. -Wno-main -I./Generated_Source/PSoC5 -mcpu=cortex-m3 -mthumb -Wall -g -D DEBUG -Wa,-alh=.\CortexM3\ARM_GCC_441\Debug\main.lst -ffunction-sections -c .\main.c -o .\CortexM3\ARM_GCC_441\Debug\main.o
arm-none-eabi-gcc.exe -I. -Wno-main -I./Generated_Source/PSoC5 -mcpu=cortex-m3 -mthumb -Wall -g -D DEBUG -Wa,-alh=.\CortexM3\ARM_GCC_441\Debug\LCD.lst -ffunction-sections -c .\LCD.c -o .\CortexM3\ARM_GCC_441\Debug\LCD.o
arm-none-eabi-gcc.exe -I. -Wno-main -I./Generated_Source/PSoC5 -mcpu=cortex-m3 -mthumb -Wall -g -D DEBUG -Wa,-alh=.\CortexM3\ARM_GCC_441\Debug\ADC.lst -ffunction-sections -c .\Generated_Source\PSoC5\ADC.c -o .\CortexM3\ARM_GCC_441\Debug\ADC.o
arm-none-eabi-gcc.exe -I. -Wno-main -I./Generated_Source/PSoC5 -mcpu=cortex-m3 -mthumb -Wall -g -D DEBUG -Wa,-alh=.\CortexM3\ARM_GCC_441\Debug\ADC_PM.lst -ffunction-sections -c .\Generated_Source\PSoC5\ADC_PM.c -o .\CortexM3\ARM_GCC_441\Debug\ADC_PM.o
arm-none-eabi-gcc.exe -I. -Wno-main -I./Generated_Source/PSoC5 -mcpu=cortex-m3 -mthumb -Wall -g -D DEBUG -Wa,-alh=.\CortexM3\ARM_GCC_441\Debug\ADC_INT.lst -ffunction-sections -c .\Generated_Source\PSoC5\ADC_INT.c -o .\CortexM3\ARM_GCC_441\Debug\ADC_INT.o
arm-none-eabi-gcc.exe -I. -Wno-main -I./Generated_Source/PSoC5 -mcpu=cortex-m3 -mthumb -Wall -g -D DEBUG -Wa,-alh=.\CortexM3\ARM_GCC_441\Debug\Clock.lst -ffunction-sections -c .\Generated_Source\PSoC5\Clock.c -o .\CortexM3\ARM_GCC_441\Debug\Clock.o
arm-none-eabi-gcc.exe -I. -Wno-main -I./Generated_Source/PSoC5 -mcpu=cortex-m3 -mthumb -Wall -g -D DEBUG -Wa,-alh=.\CortexM3\ARM_GCC_441\Debug\Accelerator.lst -ffunction-sections -c .\Generated_Source\PSoC5\Accelerator.c -o .\CortexM3\ARM_GCC_441\Debug\Accelerator.o
arm-none-eabi-gcc.exe -I. -Wno-main -I./Generated_Source/PSoC5 -mcpu=cortex-m3 -mthumb -Wall -g -D DEBUG -Wa,-alh=.\CortexM3\ARM_GCC_441\Debug\Tachometer.lst -ffunction-sections -c .\Generated_Source\PSoC5\Tachometer.c -o .\CortexM3\ARM_GCC_441\Debug\Tachometer.o
arm-none-eabi-gcc.exe -I. -Wno-main -I./Generated_Source/PSoC5 -mcpu=cortex-m3 -mthumb -Wall -g -D DEBUG -Wa,-alh=.\CortexM3\ARM_GCC_441\Debug\PWM.lst -ffunction-sections -c .\Generated_Source\PSoC5\PWM.c -o .\CortexM3\ARM_GCC_441\Debug\PWM.o
arm-none-eabi-gcc.exe -I. -Wno-main -I./Generated_Source/PSoC5 -mcpu=cortex-m3 -mthumb -Wall -g -D DEBUG -Wa,-alh=.\CortexM3\ARM_GCC_441\Debug\PWM_PM.lst -ffunction-sections -c .\Generated_Source\PSoC5\PWM_PM.c -o .\CortexM3\ARM_GCC_441\Debug\PWM_PM.o
arm-none-eabi-gcc.exe -I. -Wno-main -I./Generated_Source/PSoC5 -mcpu=cortex-m3 -mthumb -Wall -g -D DEBUG -Wa,-alh=.\CortexM3\ARM_GCC_441\Debug\Speed.lst -ffunction-sections -c .\Generated_Source\PSoC5\Speed.c -o .\CortexM3\ARM_GCC_441\Debug\Speed.o
arm-none-eabi-gcc.exe -I. -Wno-main -I./Generated_Source/PSoC5 -mcpu=cortex-m3 -mthumb -Wall -g -D DEBUG -Wa,-alh=.\CortexM3\ARM_GCC_441\Debug\LCD.lst -ffunction-sections -c .\Generated_Source\PSoC5\LCD.c -o .\CortexM3\ARM_GCC_441\Debug\LCD.o
arm-none-eabi-gcc.exe -I. -Wno-main -I./Generated_Source/PSoC5 -mcpu=cortex-m3 -mthumb -Wall -g -D DEBUG -Wa,-alh=.\CortexM3\ARM_GCC_441\Debug\LCD_PM.lst -ffunction-sections -c .\Generated_Source\PSoC5\LCD_PM.c -o .\CortexM3\ARM_GCC_441\Debug\LCD_PM.o
arm-none-eabi-gcc.exe -I. -Wno-main -I./Generated_Source/PSoC5 -mcpu=cortex-m3 -mthumb -Wall -g -D DEBUG -Wa,-alh=.\CortexM3\ARM_GCC_441\Debug\Counter.lst -ffunction-sections -c .\Generated_Source\PSoC5\Counter.c -o .\CortexM3\ARM_GCC_441\Debug\Counter.o
arm-none-eabi-gcc.exe -I. -Wno-main -I./Generated_Source/PSoC5 -mcpu=cortex-m3 -mthumb -Wall -g -D DEBUG -Wa,-alh=.\CortexM3\ARM_GCC_441\Debug\Counter_PM.lst -ffunction-sections -c .\Generated_Source\PSoC5\Counter_PM.c -o .\CortexM3\ARM_GCC_441\Debug\Counter_PM.o
arm-none-eabi-gcc.exe -I. -Wno-main -I./Generated_Source/PSoC5 -mcpu=cortex-m3 -mthumb -Wall -g -D DEBUG -Wa,-alh=.\CortexM3\ARM_GCC_441\Debug\Timer.lst -ffunction-sections -c .\Generated_Source\PSoC5\Timer.c -o .\CortexM3\ARM_GCC_441\Debug\Timer.o
arm-none-eabi-gcc.exe -I. -Wno-main -I./Generated_Source/PSoC5 -mcpu=cortex-m3 -mthumb -Wall -g -D DEBUG -Wa,-alh=.\CortexM3\ARM_GCC_441\Debug\Timer_PM.lst -ffunction-sections -c .\Generated_Source\PSoC5\Timer_PM.c -o .\CortexM3\ARM_GCC_441\Debug\Timer_PM.o
arm-none-eabi-gcc.exe -I. -Wno-main -I./Generated_Source/PSoC5 -mcpu=cortex-m3 -mthumb -Wall -g -D DEBUG -Wa,-alh=.\CortexM3\ARM_GCC_441\Debug\ADC_theACLK.lst -ffunction-sections -c .\Generated_Source\PSoC5\ADC_theACLK.c -o .\CortexM3\ARM_GCC_441\Debug\ADC_theACLK.o
arm-none-eabi-gcc.exe -I. -Wno-main -I./Generated_Source/PSoC5 -mcpu=cortex-m3 -mthumb -Wall -g -D DEBUG -Wa,-alh=.\CortexM3\ARM_GCC_441\Debug\ADC_Ext_CP_Clk.lst -ffunction-sections -c .\Generated_Source\PSoC5\ADC_Ext_CP_Clk.c -o .\CortexM3\ARM_GCC_441\Debug\ADC_Ext_CP_Clk.o
arm-none-eabi-gcc.exe -I. -Wno-main -I./Generated_Source/PSoC5 -mcpu=cortex-m3 -mthumb -Wall -g -D DEBUG -Wa,-alh=.\CortexM3\ARM_GCC_441\Debug\ADC_AMux.lst -ffunction-sections -c .\Generated_Source\PSoC5\ADC_AMux.c -o .\CortexM3\ARM_GCC_441\Debug\ADC_AMux.o
arm-none-eabi-gcc.exe -I. -Wno-main -I./Generated_Source/PSoC5 -mcpu=cortex-m3 -mthumb -Wall -g -D DEBUG -Wa,-alh=.\CortexM3\ARM_GCC_441\Debug\LCD_LCDPort.lst -ffunction-sections -c .\Generated_Source\PSoC5\LCD_LCDPort.c -o .\CortexM3\ARM_GCC_441\Debug\LCD_LCDPort.o
arm-none-eabi-gcc.exe -I. -Wno-main -I./Generated_Source/PSoC5 -mcpu=cortex-m3 -mthumb -Wall -g -D DEBUG -Wa,-alh=.\CortexM3\ARM_GCC_441\Debug\Cm3Start.lst -ffunction-sections -c .\Generated_Source\PSoC5\Cm3Start.c -o .\CortexM3\ARM_GCC_441\Debug\Cm3Start.o
arm-none-eabi-gcc.exe -I. -Wno-main -I./Generated_Source/PSoC5 -mcpu=cortex-m3 -mthumb -Wall -g -D DEBUG -Wa,-alh=.\CortexM3\ARM_GCC_441\Debug\core_cm3.lst -ffunction-sections -c .\Generated_Source\PSoC5\core_cm3.c -o .\CortexM3\ARM_GCC_441\Debug\core_cm3.o
arm-none-eabi-as.exe -I. -I./Generated_Source/PSoC5 -mcpu=cortex-m3 -mthumb -g -alh=.\CortexM3\ARM_GCC_441\Debug/CyBootAsmGnu.lst -o .\CortexM3\ARM_GCC_441\Debug\CyBootAsmGnu.o .\Generated_Source\PSoC5\CyBootAsmGnu.s
arm-none-eabi-gcc.exe -I. -Wno-main -I./Generated_Source/PSoC5 -mcpu=cortex-m3 -mthumb -Wall -g -D DEBUG -Wa,-alh=.\CortexM3\ARM_GCC_441\Debug\CyDmac.lst -ffunction-sections -c .\Generated_Source\PSoC5\CyDmac.c -o .\CortexM3\ARM_GCC_441\Debug\CyDmac.o
arm-none-eabi-gcc.exe -I. -Wno-main -I./Generated_Source/PSoC5 -mcpu=cortex-m3 -mthumb -Wall -g -D DEBUG -Wa,-alh=.\CortexM3\ARM_GCC_441\Debug\CyFlash.lst -ffunction-sections -c .\Generated_Source\PSoC5\CyFlash.c -o .\CortexM3\ARM_GCC_441\Debug\CyFlash.o
arm-none-eabi-gcc.exe -I. -Wno-main -I./Generated_Source/PSoC5 -mcpu=cortex-m3 -mthumb -Wall -g -D DEBUG -Wa,-alh=.\CortexM3\ARM_GCC_441\Debug\CyLib.lst -ffunction-sections -c .\Generated_Source\PSoC5\CyLib.c -o .\CortexM3\ARM_GCC_441\Debug\CyLib.o
arm-none-eabi-gcc.exe -I. -Wno-main -I./Generated_Source/PSoC5 -mcpu=cortex-m3 -mthumb -Wall -g -D DEBUG -Wa,-alh=.\CortexM3\ARM_GCC_441\Debug\cyPm.lst -ffunction-sections -c .\Generated_Source\PSoC5\cyPm.c -o .\CortexM3\ARM_GCC_441\Debug\cyPm.o
arm-none-eabi-gcc.exe -I. -Wno-main -I./Generated_Source/PSoC5 -mcpu=cortex-m3 -mthumb -Wall -g -D DEBUG -Wa,-alh=.\CortexM3\ARM_GCC_441\Debug\CySpc.lst -ffunction-sections -c .\Generated_Source\PSoC5\CySpc.c -o .\CortexM3\ARM_GCC_441\Debug\CySpc.o
arm-none-eabi-gcc.exe -I. -Wno-main -I./Generated_Source/PSoC5 -mcpu=cortex-m3 -mthumb -Wall -g -D DEBUG -Wa,-alh=.\CortexM3\ARM_GCC_441\Debug\cyutils.lst -ffunction-sections -c .\Generated_Source\PSoC5\cyutils.c -o .\CortexM3\ARM_GCC_441\Debug\cyutils.o
arm-none-eabi-gcc.exe -I. -Wno-main -I./Generated_Source/PSoC5 -mcpu=cortex-m3 -mthumb -Wall -g -D DEBUG -Wa,-alh=.\CortexM3\ARM_GCC_441\Debug\cyfitter_cfg.lst -ffunction-sections -c .\Generated_Source\PSoC5\cyfitter_cfg.c -o .\CortexM3\ARM_GCC_441\Debug\cyfitter_cfg.o
arm-none-eabi-ar.exe -rs .\CortexM3\ARM_GCC_441\Debug\part2-new.a .\CortexM3\ARM_GCC_441\Debug\ADC.o .\CortexM3\ARM_GCC_441\Debug\ADC_PM.o .\CortexM3\ARM_GCC_441\Debug\ADC_INT.o .\CortexM3\ARM_GCC_441\Debug\Clock.o .\CortexM3\ARM_GCC_441\Debug\Accelerator.o .\CortexM3\ARM_GCC_441\Debug\Tachometer.o .\CortexM3\ARM_GCC_441\Debug\PWM.o .\CortexM3\ARM_GCC_441\Debug\PWM_PM.o .\CortexM3\ARM_GCC_441\Debug\Speed.o .\CortexM3\ARM_GCC_441\Debug\LCD.o .\CortexM3\ARM_GCC_441\Debug\LCD_PM.o .\CortexM3\ARM_GCC_441\Debug\Counter.o .\CortexM3\ARM_GCC_441\Debug\Counter_PM.o .\CortexM3\ARM_GCC_441\Debug\Timer.o .\CortexM3\ARM_GCC_441\Debug\Timer_PM.o .\CortexM3\ARM_GCC_441\Debug\ADC_theACLK.o .\CortexM3\ARM_GCC_441\Debug\ADC_Ext_CP_Clk.o .\CortexM3\ARM_GCC_441\Debug\ADC_AMux.o .\CortexM3\ARM_GCC_441\Debug\LCD_LCDPort.o .\CortexM3\ARM_GCC_441\Debug\core_cm3.o .\CortexM3\ARM_GCC_441\Debug\CyBootAsmGnu.o .\CortexM3\ARM_GCC_441\Debug\CyDmac.o .\CortexM3\ARM_GCC_441\Debug\CyFlash.o .\CortexM3\ARM_GCC_441\Debug\CyLib.o .\CortexM3\ARM_GCC_441\Debug\cyPm.o .\CortexM3\ARM_GCC_441\Debug\CySpc.o .\CortexM3\ARM_GCC_441\Debug\cyutils.o .\CortexM3\ARM_GCC_441\Debug\cyfitter_cfg.o
arm-none-eabi-ar.exe: creating .\CortexM3\ARM_GCC_441\Debug\part2-new.a
arm-none-eabi-gcc.exe -mthumb -march=armv7-m -mfix-cortex-m3-ldrd -T .\Generated_Source\PSoC5\cm3gcc.ld -g -Wl,-Map,.\CortexM3\ARM_GCC_441\Debug\part2-new.map -Wl,--gc-sections -Wl,--start-group -o .\CortexM3\ARM_GCC_441\Debug\part2-new.elf .\CortexM3\ARM_GCC_441\Debug\main.o .\CortexM3\ARM_GCC_441\Debug\LCD.o .\CortexM3\ARM_GCC_441\Debug\Cm3Start.o .\CortexM3\ARM_GCC_441\Debug\part2-new.a "C:\Program Files\Cypress\PSoC Creator\2.2\PSoC Creator\psoc\content\cycomponentlibrary\CyComponentLibrary.cylib\CortexM3\ARM_GCC_441\Debug\CyComponentLibrary.a" -Wl,--end-group
arm-none-eabi-objcopy.exe -O ihex .\CortexM3\ARM_GCC_441\Debug\part2-new.elf .\CortexM3\ARM_GCC_441\Debug\part2-new.ihx
cyhextool -o .\CortexM3\ARM_GCC_441\Debug\part2-new.hex -f .\CortexM3\ARM_GCC_441\Debug\part2-new.ihx -prot .\Generated_Source\PSoC5\protect.hex -id 2E123069 -a EEPROM=90200000:800,PROGRAM=00000000:40000,CONFIG=80000000:8000,PROTECT=90400000:100 -meta 0001 -cunv 00004005 -wonv BC90ACAF -ecc .\Generated_Source\PSoC5\config.hex
Flash used: 9400 of 262144 bytes (3.6 %).
SRAM used: 304 of 65536 bytes (0.5 %).
--------------- Build Succeeded: 05/20/2013 15:10:48 ---------------
