--------------- Rebuild Started: 06/10/2013 01:04:52 Project: connect4, Configuration: ARM GCC 4.4.1 Debug ---------------
Deleting file ".\CortexM3\ARM_GCC_441\Debug\main.o"
Deleting file ".\CortexM3\ARM_GCC_441\Debug\display.o"
Deleting file ".\CortexM3\ARM_GCC_441\Debug\matrix.o"
Deleting file ".\CortexM3\ARM_GCC_441\Debug\Row.o"
Deleting file ".\CortexM3\ARM_GCC_441\Debug\Red.o"
Deleting file ".\CortexM3\ARM_GCC_441\Debug\Green.o"
Deleting file ".\CortexM3\ARM_GCC_441\Debug\Blue.o"
Deleting file ".\CortexM3\ARM_GCC_441\Debug\Cm3Start.o"
Deleting file ".\CortexM3\ARM_GCC_441\Debug\core_cm3.o"
Deleting file ".\CortexM3\ARM_GCC_441\Debug\CyBootAsmGnu.o"
Deleting file ".\CortexM3\ARM_GCC_441\Debug\CyDmac.o"
Deleting file ".\CortexM3\ARM_GCC_441\Debug\CyFlash.o"
Deleting file ".\CortexM3\ARM_GCC_441\Debug\CyLib.o"
Deleting file ".\CortexM3\ARM_GCC_441\Debug\cyPm.o"
Deleting file ".\CortexM3\ARM_GCC_441\Debug\CySpc.o"
Deleting file ".\CortexM3\ARM_GCC_441\Debug\cyutils.o"
Deleting file ".\CortexM3\ARM_GCC_441\Debug\LCD.o"
Deleting file ".\CortexM3\ARM_GCC_441\Debug\LCD_PM.o"
Deleting file ".\CortexM3\ARM_GCC_441\Debug\LCD_LCDPort.o"
Deleting file ".\CortexM3\ARM_GCC_441\Debug\CapSense.o"
Deleting file ".\CortexM3\ARM_GCC_441\Debug\CapSense_CSHL.o"
Deleting file ".\CortexM3\ARM_GCC_441\Debug\CapSense_INT.o"
Deleting file ".\CortexM3\ARM_GCC_441\Debug\CapSense_Pins.o"
Deleting file ".\CortexM3\ARM_GCC_441\Debug\CapSense_PM.o"
Deleting file ".\CortexM3\ARM_GCC_441\Debug\CapSense_SMS_Wrapper.o"
Deleting file ".\CortexM3\ARM_GCC_441\Debug\CapSense_TunerHelper.o"
Deleting file ".\CortexM3\ARM_GCC_441\Debug\CapSense_CompCH0.o"
Deleting file ".\CortexM3\ARM_GCC_441\Debug\CapSense_CompCH0_PM.o"
Deleting file ".\CortexM3\ARM_GCC_441\Debug\CapSense_IdacCH0.o"
Deleting file ".\CortexM3\ARM_GCC_441\Debug\CapSense_IdacCH0_PM.o"
Deleting file ".\CortexM3\ARM_GCC_441\Debug\CapSense_AMuxCH0.o"
Deleting file ".\CortexM3\ARM_GCC_441\Debug\Timer.o"
Deleting file ".\CortexM3\ARM_GCC_441\Debug\Timer_PM.o"
Deleting file ".\CortexM3\ARM_GCC_441\Debug\UART.o"
Deleting file ".\CortexM3\ARM_GCC_441\Debug\UART_PM.o"
Deleting file ".\CortexM3\ARM_GCC_441\Debug\UART_INT.o"
Deleting file ".\CortexM3\ARM_GCC_441\Debug\UART_BOOT.o"
Deleting file ".\CortexM3\ARM_GCC_441\Debug\UART_IntClock.o"
Deleting file ".\CortexM3\ARM_GCC_441\Debug\Beam.o"
Deleting file ".\CortexM3\ARM_GCC_441\Debug\RemoteLED.o"
Deleting file ".\CortexM3\ARM_GCC_441\Debug\Connector.o"
Deleting file ".\CortexM3\ARM_GCC_441\Debug\Location.o"
Deleting file ".\CortexM3\ARM_GCC_441\Debug\Colors.o"
Deleting file ".\CortexM3\ARM_GCC_441\Debug\Column.o"
Deleting file ".\CortexM3\ARM_GCC_441\Debug\Interrupted.o"
Deleting file ".\CortexM3\ARM_GCC_441\Debug\cyfitter_cfg.o"
Deleting file ".\CortexM3\ARM_GCC_441\Debug\connect4.hex"
Deleting file ".\CortexM3\ARM_GCC_441\Debug\connect4.elf"
Deleting file ".\CortexM3\ARM_GCC_441\Debug\connect4.map"
Deleting file ".\connect4.cycdx"
Deleting file ".\connect4.svd"
Deleting file ".\connect4.rpt"
Deleting file ".\connect4_timing.html"
Deleting file ".\CortexM3\ARM_GCC_441\Debug\.deps\C_FILE.P"
Deleting file ".\CortexM3\ARM_GCC_441\Debug\.deps\ARM_C_FILE.P"
Deleting file ".\CortexM3\ARM_GCC_441\Debug\.deps\GNU_ARM_ASM_FILE.P"
cydsfit.exe "-.appdatapath" "C:\Documents and Settings\david\Local Settings\Application Data\Cypress Semiconductor\PSoC Creator\2.2" "-.fdsnotice" "-.fdswarpdepfile=warp_dependencies.txt" "-.fdselabdepfile=elab_dependencies.txt" "-.fdsbldfile=generated_files.txt" "-p" "E:\PSoC Creator\connect4\connect4.cydsn\connect4.cyprj" "-d" "CY8C5868AXI-LP035" "-s" "E:\PSoC Creator\connect4\connect4.cydsn\Generated_Source\PSoC5" "--" "-yv2" "-v3" "-ygs" "-q10" "-o2" "-.fftcfgtype=LE"
Elaborating Design...
HDL Generation ...
Synthesis ...
Place and Route ...
Tech mapping ...
Info: mpr.M0037: Unused pieces of the design have been optimized out. See the Tech mapping section of the report file for details. (App=cydsfit)
Analog Placement ...
Log: apr.M0058: The analog placement iterative improvement is 49% done. (App=cydsfit)
Log: apr.M0058: The analog placement iterative improvement is 90% done. (App=cydsfit)
Analog Routing ...
Analog Code Generation ...
Digital Placement ...
Digital Routing ...
Bitstream Generation ...
Static timing analysis ...
API Generation ...
Dependency Generation ...
Clean Temporary Files ...
arm-none-eabi-gcc.exe -I. -Wno-main -I./Generated_Source/PSoC5 -mcpu=cortex-m3 -mthumb -Wall -g -D DEBUG -Wa,-alh=.\CortexM3\ARM_GCC_441\Debug\main.lst -ffunction-sections -c .\main.c -o .\CortexM3\ARM_GCC_441\Debug\main.o
arm-none-eabi-gcc.exe -I. -Wno-main -I./Generated_Source/PSoC5 -mcpu=cortex-m3 -mthumb -Wall -g -D DEBUG -Wa,-alh=.\CortexM3\ARM_GCC_441\Debug\display.lst -ffunction-sections -c .\display.c -o .\CortexM3\ARM_GCC_441\Debug\display.o
arm-none-eabi-gcc.exe -I. -Wno-main -I./Generated_Source/PSoC5 -mcpu=cortex-m3 -mthumb -Wall -g -D DEBUG -Wa,-alh=.\CortexM3\ARM_GCC_441\Debug\matrix.lst -ffunction-sections -c .\matrix.c -o .\CortexM3\ARM_GCC_441\Debug\matrix.o
arm-none-eabi-gcc.exe -I. -Wno-main -I./Generated_Source/PSoC5 -mcpu=cortex-m3 -mthumb -Wall -g -D DEBUG -Wa,-alh=.\CortexM3\ARM_GCC_441\Debug\Row.lst -ffunction-sections -c .\Generated_Source\PSoC5\Row.c -o .\CortexM3\ARM_GCC_441\Debug\Row.o
arm-none-eabi-gcc.exe -I. -Wno-main -I./Generated_Source/PSoC5 -mcpu=cortex-m3 -mthumb -Wall -g -D DEBUG -Wa,-alh=.\CortexM3\ARM_GCC_441\Debug\Red.lst -ffunction-sections -c .\Generated_Source\PSoC5\Red.c -o .\CortexM3\ARM_GCC_441\Debug\Red.o
arm-none-eabi-gcc.exe -I. -Wno-main -I./Generated_Source/PSoC5 -mcpu=cortex-m3 -mthumb -Wall -g -D DEBUG -Wa,-alh=.\CortexM3\ARM_GCC_441\Debug\Green.lst -ffunction-sections -c .\Generated_Source\PSoC5\Green.c -o .\CortexM3\ARM_GCC_441\Debug\Green.o
arm-none-eabi-gcc.exe -I. -Wno-main -I./Generated_Source/PSoC5 -mcpu=cortex-m3 -mthumb -Wall -g -D DEBUG -Wa,-alh=.\CortexM3\ARM_GCC_441\Debug\Blue.lst -ffunction-sections -c .\Generated_Source\PSoC5\Blue.c -o .\CortexM3\ARM_GCC_441\Debug\Blue.o
arm-none-eabi-gcc.exe -I. -Wno-main -I./Generated_Source/PSoC5 -mcpu=cortex-m3 -mthumb -Wall -g -D DEBUG -Wa,-alh=.\CortexM3\ARM_GCC_441\Debug\Cm3Start.lst -ffunction-sections -c .\Generated_Source\PSoC5\Cm3Start.c -o .\CortexM3\ARM_GCC_441\Debug\Cm3Start.o
arm-none-eabi-gcc.exe -I. -Wno-main -I./Generated_Source/PSoC5 -mcpu=cortex-m3 -mthumb -Wall -g -D DEBUG -Wa,-alh=.\CortexM3\ARM_GCC_441\Debug\core_cm3.lst -ffunction-sections -c .\Generated_Source\PSoC5\core_cm3.c -o .\CortexM3\ARM_GCC_441\Debug\core_cm3.o
arm-none-eabi-as.exe -I. -I./Generated_Source/PSoC5 -mcpu=cortex-m3 -mthumb -g -alh=.\CortexM3\ARM_GCC_441\Debug/CyBootAsmGnu.lst -o .\CortexM3\ARM_GCC_441\Debug\CyBootAsmGnu.o .\Generated_Source\PSoC5\CyBootAsmGnu.s
arm-none-eabi-gcc.exe -I. -Wno-main -I./Generated_Source/PSoC5 -mcpu=cortex-m3 -mthumb -Wall -g -D DEBUG -Wa,-alh=.\CortexM3\ARM_GCC_441\Debug\CyDmac.lst -ffunction-sections -c .\Generated_Source\PSoC5\CyDmac.c -o .\CortexM3\ARM_GCC_441\Debug\CyDmac.o
arm-none-eabi-gcc.exe -I. -Wno-main -I./Generated_Source/PSoC5 -mcpu=cortex-m3 -mthumb -Wall -g -D DEBUG -Wa,-alh=.\CortexM3\ARM_GCC_441\Debug\CyFlash.lst -ffunction-sections -c .\Generated_Source\PSoC5\CyFlash.c -o .\CortexM3\ARM_GCC_441\Debug\CyFlash.o
arm-none-eabi-gcc.exe -I. -Wno-main -I./Generated_Source/PSoC5 -mcpu=cortex-m3 -mthumb -Wall -g -D DEBUG -Wa,-alh=.\CortexM3\ARM_GCC_441\Debug\CyLib.lst -ffunction-sections -c .\Generated_Source\PSoC5\CyLib.c -o .\CortexM3\ARM_GCC_441\Debug\CyLib.o
arm-none-eabi-gcc.exe -I. -Wno-main -I./Generated_Source/PSoC5 -mcpu=cortex-m3 -mthumb -Wall -g -D DEBUG -Wa,-alh=.\CortexM3\ARM_GCC_441\Debug\cyPm.lst -ffunction-sections -c .\Generated_Source\PSoC5\cyPm.c -o .\CortexM3\ARM_GCC_441\Debug\cyPm.o
arm-none-eabi-gcc.exe -I. -Wno-main -I./Generated_Source/PSoC5 -mcpu=cortex-m3 -mthumb -Wall -g -D DEBUG -Wa,-alh=.\CortexM3\ARM_GCC_441\Debug\CySpc.lst -ffunction-sections -c .\Generated_Source\PSoC5\CySpc.c -o .\CortexM3\ARM_GCC_441\Debug\CySpc.o
arm-none-eabi-gcc.exe -I. -Wno-main -I./Generated_Source/PSoC5 -mcpu=cortex-m3 -mthumb -Wall -g -D DEBUG -Wa,-alh=.\CortexM3\ARM_GCC_441\Debug\cyutils.lst -ffunction-sections -c .\Generated_Source\PSoC5\cyutils.c -o .\CortexM3\ARM_GCC_441\Debug\cyutils.o
arm-none-eabi-gcc.exe -I. -Wno-main -I./Generated_Source/PSoC5 -mcpu=cortex-m3 -mthumb -Wall -g -D DEBUG -Wa,-alh=.\CortexM3\ARM_GCC_441\Debug\LCD.lst -ffunction-sections -c .\Generated_Source\PSoC5\LCD.c -o .\CortexM3\ARM_GCC_441\Debug\LCD.o
arm-none-eabi-gcc.exe -I. -Wno-main -I./Generated_Source/PSoC5 -mcpu=cortex-m3 -mthumb -Wall -g -D DEBUG -Wa,-alh=.\CortexM3\ARM_GCC_441\Debug\LCD_PM.lst -ffunction-sections -c .\Generated_Source\PSoC5\LCD_PM.c -o .\CortexM3\ARM_GCC_441\Debug\LCD_PM.o
arm-none-eabi-gcc.exe -I. -Wno-main -I./Generated_Source/PSoC5 -mcpu=cortex-m3 -mthumb -Wall -g -D DEBUG -Wa,-alh=.\CortexM3\ARM_GCC_441\Debug\LCD_LCDPort.lst -ffunction-sections -c .\Generated_Source\PSoC5\LCD_LCDPort.c -o .\CortexM3\ARM_GCC_441\Debug\LCD_LCDPort.o
arm-none-eabi-gcc.exe -I. -Wno-main -I./Generated_Source/PSoC5 -mcpu=cortex-m3 -mthumb -Wall -g -D DEBUG -Wa,-alh=.\CortexM3\ARM_GCC_441\Debug\CapSense.lst -ffunction-sections -c .\Generated_Source\PSoC5\CapSense.c -o .\CortexM3\ARM_GCC_441\Debug\CapSense.o
arm-none-eabi-gcc.exe -I. -Wno-main -I./Generated_Source/PSoC5 -mcpu=cortex-m3 -mthumb -Wall -g -D DEBUG -Wa,-alh=.\CortexM3\ARM_GCC_441\Debug\CapSense_CSHL.lst -ffunction-sections -c .\Generated_Source\PSoC5\CapSense_CSHL.c -o .\CortexM3\ARM_GCC_441\Debug\CapSense_CSHL.o
arm-none-eabi-gcc.exe -I. -Wno-main -I./Generated_Source/PSoC5 -mcpu=cortex-m3 -mthumb -Wall -g -D DEBUG -Wa,-alh=.\CortexM3\ARM_GCC_441\Debug\CapSense_INT.lst -ffunction-sections -c .\Generated_Source\PSoC5\CapSense_INT.c -o .\CortexM3\ARM_GCC_441\Debug\CapSense_INT.o
arm-none-eabi-gcc.exe -I. -Wno-main -I./Generated_Source/PSoC5 -mcpu=cortex-m3 -mthumb -Wall -g -D DEBUG -Wa,-alh=.\CortexM3\ARM_GCC_441\Debug\CapSense_Pins.lst -ffunction-sections -c .\Generated_Source\PSoC5\CapSense_Pins.c -o .\CortexM3\ARM_GCC_441\Debug\CapSense_Pins.o
arm-none-eabi-gcc.exe -I. -Wno-main -I./Generated_Source/PSoC5 -mcpu=cortex-m3 -mthumb -Wall -g -D DEBUG -Wa,-alh=.\CortexM3\ARM_GCC_441\Debug\CapSense_PM.lst -ffunction-sections -c .\Generated_Source\PSoC5\CapSense_PM.c -o .\CortexM3\ARM_GCC_441\Debug\CapSense_PM.o
arm-none-eabi-gcc.exe -I. -Wno-main -I./Generated_Source/PSoC5 -mcpu=cortex-m3 -mthumb -Wall -g -D DEBUG -Wa,-alh=.\CortexM3\ARM_GCC_441\Debug\CapSense_SMS_Wrapper.lst -ffunction-sections -c .\Generated_Source\PSoC5\CapSense_SMS_Wrapper.c -o .\CortexM3\ARM_GCC_441\Debug\CapSense_SMS_Wrapper.o
arm-none-eabi-gcc.exe -I. -Wno-main -I./Generated_Source/PSoC5 -mcpu=cortex-m3 -mthumb -Wall -g -D DEBUG -Wa,-alh=.\CortexM3\ARM_GCC_441\Debug\CapSense_TunerHelper.lst -ffunction-sections -c .\Generated_Source\PSoC5\CapSense_TunerHelper.c -o .\CortexM3\ARM_GCC_441\Debug\CapSense_TunerHelper.o
arm-none-eabi-gcc.exe -I. -Wno-main -I./Generated_Source/PSoC5 -mcpu=cortex-m3 -mthumb -Wall -g -D DEBUG -Wa,-alh=.\CortexM3\ARM_GCC_441\Debug\CapSense_CompCH0.lst -ffunction-sections -c .\Generated_Source\PSoC5\CapSense_CompCH0.c -o .\CortexM3\ARM_GCC_441\Debug\CapSense_CompCH0.o
arm-none-eabi-gcc.exe -I. -Wno-main -I./Generated_Source/PSoC5 -mcpu=cortex-m3 -mthumb -Wall -g -D DEBUG -Wa,-alh=.\CortexM3\ARM_GCC_441\Debug\CapSense_CompCH0_PM.lst -ffunction-sections -c .\Generated_Source\PSoC5\CapSense_CompCH0_PM.c -o .\CortexM3\ARM_GCC_441\Debug\CapSense_CompCH0_PM.o
arm-none-eabi-gcc.exe -I. -Wno-main -I./Generated_Source/PSoC5 -mcpu=cortex-m3 -mthumb -Wall -g -D DEBUG -Wa,-alh=.\CortexM3\ARM_GCC_441\Debug\CapSense_IdacCH0.lst -ffunction-sections -c .\Generated_Source\PSoC5\CapSense_IdacCH0.c -o .\CortexM3\ARM_GCC_441\Debug\CapSense_IdacCH0.o
arm-none-eabi-gcc.exe -I. -Wno-main -I./Generated_Source/PSoC5 -mcpu=cortex-m3 -mthumb -Wall -g -D DEBUG -Wa,-alh=.\CortexM3\ARM_GCC_441\Debug\CapSense_IdacCH0_PM.lst -ffunction-sections -c .\Generated_Source\PSoC5\CapSense_IdacCH0_PM.c -o .\CortexM3\ARM_GCC_441\Debug\CapSense_IdacCH0_PM.o
arm-none-eabi-gcc.exe -I. -Wno-main -I./Generated_Source/PSoC5 -mcpu=cortex-m3 -mthumb -Wall -g -D DEBUG -Wa,-alh=.\CortexM3\ARM_GCC_441\Debug\CapSense_AMuxCH0.lst -ffunction-sections -c .\Generated_Source\PSoC5\CapSense_AMuxCH0.c -o .\CortexM3\ARM_GCC_441\Debug\CapSense_AMuxCH0.o
arm-none-eabi-gcc.exe -I. -Wno-main -I./Generated_Source/PSoC5 -mcpu=cortex-m3 -mthumb -Wall -g -D DEBUG -Wa,-alh=.\CortexM3\ARM_GCC_441\Debug\Timer.lst -ffunction-sections -c .\Generated_Source\PSoC5\Timer.c -o .\CortexM3\ARM_GCC_441\Debug\Timer.o
arm-none-eabi-gcc.exe -I. -Wno-main -I./Generated_Source/PSoC5 -mcpu=cortex-m3 -mthumb -Wall -g -D DEBUG -Wa,-alh=.\CortexM3\ARM_GCC_441\Debug\Timer_PM.lst -ffunction-sections -c .\Generated_Source\PSoC5\Timer_PM.c -o .\CortexM3\ARM_GCC_441\Debug\Timer_PM.o
arm-none-eabi-gcc.exe -I. -Wno-main -I./Generated_Source/PSoC5 -mcpu=cortex-m3 -mthumb -Wall -g -D DEBUG -Wa,-alh=.\CortexM3\ARM_GCC_441\Debug\UART.lst -ffunction-sections -c .\Generated_Source\PSoC5\UART.c -o .\CortexM3\ARM_GCC_441\Debug\UART.o
arm-none-eabi-gcc.exe -I. -Wno-main -I./Generated_Source/PSoC5 -mcpu=cortex-m3 -mthumb -Wall -g -D DEBUG -Wa,-alh=.\CortexM3\ARM_GCC_441\Debug\UART_PM.lst -ffunction-sections -c .\Generated_Source\PSoC5\UART_PM.c -o .\CortexM3\ARM_GCC_441\Debug\UART_PM.o
arm-none-eabi-gcc.exe -I. -Wno-main -I./Generated_Source/PSoC5 -mcpu=cortex-m3 -mthumb -Wall -g -D DEBUG -Wa,-alh=.\CortexM3\ARM_GCC_441\Debug\UART_INT.lst -ffunction-sections -c .\Generated_Source\PSoC5\UART_INT.c -o .\CortexM3\ARM_GCC_441\Debug\UART_INT.o
arm-none-eabi-gcc.exe -I. -Wno-main -I./Generated_Source/PSoC5 -mcpu=cortex-m3 -mthumb -Wall -g -D DEBUG -Wa,-alh=.\CortexM3\ARM_GCC_441\Debug\UART_BOOT.lst -ffunction-sections -c .\Generated_Source\PSoC5\UART_BOOT.c -o .\CortexM3\ARM_GCC_441\Debug\UART_BOOT.o
arm-none-eabi-gcc.exe -I. -Wno-main -I./Generated_Source/PSoC5 -mcpu=cortex-m3 -mthumb -Wall -g -D DEBUG -Wa,-alh=.\CortexM3\ARM_GCC_441\Debug\UART_IntClock.lst -ffunction-sections -c .\Generated_Source\PSoC5\UART_IntClock.c -o .\CortexM3\ARM_GCC_441\Debug\UART_IntClock.o
arm-none-eabi-gcc.exe -I. -Wno-main -I./Generated_Source/PSoC5 -mcpu=cortex-m3 -mthumb -Wall -g -D DEBUG -Wa,-alh=.\CortexM3\ARM_GCC_441\Debug\Beam.lst -ffunction-sections -c .\Generated_Source\PSoC5\Beam.c -o .\CortexM3\ARM_GCC_441\Debug\Beam.o
arm-none-eabi-gcc.exe -I. -Wno-main -I./Generated_Source/PSoC5 -mcpu=cortex-m3 -mthumb -Wall -g -D DEBUG -Wa,-alh=.\CortexM3\ARM_GCC_441\Debug\RemoteLED.lst -ffunction-sections -c .\Generated_Source\PSoC5\RemoteLED.c -o .\CortexM3\ARM_GCC_441\Debug\RemoteLED.o
arm-none-eabi-gcc.exe -I. -Wno-main -I./Generated_Source/PSoC5 -mcpu=cortex-m3 -mthumb -Wall -g -D DEBUG -Wa,-alh=.\CortexM3\ARM_GCC_441\Debug\Connector.lst -ffunction-sections -c .\Generated_Source\PSoC5\Connector.c -o .\CortexM3\ARM_GCC_441\Debug\Connector.o
arm-none-eabi-gcc.exe -I. -Wno-main -I./Generated_Source/PSoC5 -mcpu=cortex-m3 -mthumb -Wall -g -D DEBUG -Wa,-alh=.\CortexM3\ARM_GCC_441\Debug\Location.lst -ffunction-sections -c .\Generated_Source\PSoC5\Location.c -o .\CortexM3\ARM_GCC_441\Debug\Location.o
arm-none-eabi-gcc.exe -I. -Wno-main -I./Generated_Source/PSoC5 -mcpu=cortex-m3 -mthumb -Wall -g -D DEBUG -Wa,-alh=.\CortexM3\ARM_GCC_441\Debug\Colors.lst -ffunction-sections -c .\Generated_Source\PSoC5\Colors.c -o .\CortexM3\ARM_GCC_441\Debug\Colors.o
arm-none-eabi-gcc.exe -I. -Wno-main -I./Generated_Source/PSoC5 -mcpu=cortex-m3 -mthumb -Wall -g -D DEBUG -Wa,-alh=.\CortexM3\ARM_GCC_441\Debug\Column.lst -ffunction-sections -c .\Generated_Source\PSoC5\Column.c -o .\CortexM3\ARM_GCC_441\Debug\Column.o
arm-none-eabi-gcc.exe -I. -Wno-main -I./Generated_Source/PSoC5 -mcpu=cortex-m3 -mthumb -Wall -g -D DEBUG -Wa,-alh=.\CortexM3\ARM_GCC_441\Debug\Update.lst -ffunction-sections -c .\Generated_Source\PSoC5\Update.c -o .\CortexM3\ARM_GCC_441\Debug\Update.o
arm-none-eabi-gcc.exe -I. -Wno-main -I./Generated_Source/PSoC5 -mcpu=cortex-m3 -mthumb -Wall -g -D DEBUG -Wa,-alh=.\CortexM3\ARM_GCC_441\Debug\cyfitter_cfg.lst -ffunction-sections -c .\Generated_Source\PSoC5\cyfitter_cfg.c -o .\CortexM3\ARM_GCC_441\Debug\cyfitter_cfg.o
arm-none-eabi-ar.exe -rs .\CortexM3\ARM_GCC_441\Debug\connect4.a .\CortexM3\ARM_GCC_441\Debug\Row.o .\CortexM3\ARM_GCC_441\Debug\Red.o .\CortexM3\ARM_GCC_441\Debug\Green.o .\CortexM3\ARM_GCC_441\Debug\Blue.o .\CortexM3\ARM_GCC_441\Debug\core_cm3.o .\CortexM3\ARM_GCC_441\Debug\CyBootAsmGnu.o .\CortexM3\ARM_GCC_441\Debug\CyDmac.o .\CortexM3\ARM_GCC_441\Debug\CyFlash.o .\CortexM3\ARM_GCC_441\Debug\CyLib.o .\CortexM3\ARM_GCC_441\Debug\cyPm.o .\CortexM3\ARM_GCC_441\Debug\CySpc.o .\CortexM3\ARM_GCC_441\Debug\cyutils.o .\CortexM3\ARM_GCC_441\Debug\LCD.o .\CortexM3\ARM_GCC_441\Debug\LCD_PM.o .\CortexM3\ARM_GCC_441\Debug\LCD_LCDPort.o .\CortexM3\ARM_GCC_441\Debug\CapSense.o .\CortexM3\ARM_GCC_441\Debug\CapSense_CSHL.o .\CortexM3\ARM_GCC_441\Debug\CapSense_INT.o .\CortexM3\ARM_GCC_441\Debug\CapSense_Pins.o .\CortexM3\ARM_GCC_441\Debug\CapSense_PM.o .\CortexM3\ARM_GCC_441\Debug\CapSense_SMS_Wrapper.o .\CortexM3\ARM_GCC_441\Debug\CapSense_TunerHelper.o .\CortexM3\ARM_GCC_441\Debug\CapSense_CompCH0.o .\CortexM3\ARM_GCC_441\Debug\CapSense_CompCH0_PM.o .\CortexM3\ARM_GCC_441\Debug\CapSense_IdacCH0.o .\CortexM3\ARM_GCC_441\Debug\CapSense_IdacCH0_PM.o .\CortexM3\ARM_GCC_441\Debug\CapSense_AMuxCH0.o .\CortexM3\ARM_GCC_441\Debug\Timer.o .\CortexM3\ARM_GCC_441\Debug\Timer_PM.o .\CortexM3\ARM_GCC_441\Debug\UART.o .\CortexM3\ARM_GCC_441\Debug\UART_PM.o .\CortexM3\ARM_GCC_441\Debug\UART_INT.o .\CortexM3\ARM_GCC_441\Debug\UART_BOOT.o .\CortexM3\ARM_GCC_441\Debug\UART_IntClock.o .\CortexM3\ARM_GCC_441\Debug\Beam.o .\CortexM3\ARM_GCC_441\Debug\RemoteLED.o .\CortexM3\ARM_GCC_441\Debug\Connector.o .\CortexM3\ARM_GCC_441\Debug\Location.o .\CortexM3\ARM_GCC_441\Debug\Colors.o .\CortexM3\ARM_GCC_441\Debug\Column.o .\CortexM3\ARM_GCC_441\Debug\Update.o .\CortexM3\ARM_GCC_441\Debug\cyfitter_cfg.o
arm-none-eabi-ar.exe: creating .\CortexM3\ARM_GCC_441\Debug\connect4.a
arm-none-eabi-gcc.exe -mthumb -march=armv7-m -mfix-cortex-m3-ldrd -T .\Generated_Source\PSoC5\cm3gcc.ld -g -Wl,-Map,.\CortexM3\ARM_GCC_441\Debug\connect4.map -Wl,--gc-sections -Wl,--start-group -o .\CortexM3\ARM_GCC_441\Debug\connect4.elf .\CortexM3\ARM_GCC_441\Debug\main.o .\CortexM3\ARM_GCC_441\Debug\display.o .\CortexM3\ARM_GCC_441\Debug\matrix.o .\CortexM3\ARM_GCC_441\Debug\Cm3Start.o .\CortexM3\ARM_GCC_441\Debug\connect4.a "C:\Program Files\Cypress\PSoC Creator\2.2\PSoC Creator\psoc\content\cycomponentlibrary\CyComponentLibrary.cylib\CortexM3\ARM_GCC_441\Debug\CyComponentLibrary.a" -Wl,--end-group
arm-none-eabi-objcopy.exe -O ihex .\CortexM3\ARM_GCC_441\Debug\connect4.elf .\CortexM3\ARM_GCC_441\Debug\connect4.ihx
cyhextool -o .\CortexM3\ARM_GCC_441\Debug\connect4.hex -f .\CortexM3\ARM_GCC_441\Debug\connect4.ihx -prot .\Generated_Source\PSoC5\protect.hex -id 2E123069 -a EEPROM=90200000:800,PROGRAM=00000000:40000,CONFIG=80000000:8000,PROTECT=90400000:100 -meta 0001 -cunv 00004005 -wonv BC90ACAF -ecc .\Generated_Source\PSoC5\config.hex
Flash used: 18856 of 262144 bytes (7.2 %).
SRAM used: 684 of 65536 bytes (1.0 %).
--------------- Rebuild Succeeded: 06/10/2013 01:09:54 ---------------
