ARM GAS  C:\DOCUME~1\david\LOCALS~1\Temp\ccNl3JVG.s 			page 1


   1              		.syntax unified
   2              		.cpu cortex-m3
   3              		.fpu softvfp
   4              		.eabi_attribute 20, 1
   5              		.eabi_attribute 21, 1
   6              		.eabi_attribute 23, 3
   7              		.eabi_attribute 24, 1
   8              		.eabi_attribute 25, 1
   9              		.eabi_attribute 26, 1
  10              		.eabi_attribute 30, 6
  11              		.eabi_attribute 18, 4
  12              		.thumb
  13              		.file	"CapSense_IdacCH0.c"
  14              		.section	.debug_abbrev,"",%progbits
  15              	.Ldebug_abbrev0:
  16              		.section	.debug_info,"",%progbits
  17              	.Ldebug_info0:
  18              		.section	.debug_line,"",%progbits
  19              	.Ldebug_line0:
  20 0000 2C010000 		.text
  20      02006900 
  20      00000201 
  20      FB0E0D00 
  20      01010101 
  21              	.Ltext0:
  22              		.cfi_sections	.debug_frame
  23              		.global	CapSense_IdacCH0_initVar
  24              		.bss
  25              		.type	CapSense_IdacCH0_initVar, %object
  26              		.size	CapSense_IdacCH0_initVar, 1
  27              	CapSense_IdacCH0_initVar:
  28 0000 00       		.space	1
  29              		.section	.text.CapSense_IdacCH0_Init,"ax",%progbits
  30              		.align	2
  31              		.global	CapSense_IdacCH0_Init
  32              		.thumb
  33              		.thumb_func
  34              		.type	CapSense_IdacCH0_Init, %function
  35              	CapSense_IdacCH0_Init:
  36              	.LFB0:
  37              		.file 1 ".\\Generated_Source\\PSoC5\\CapSense_IdacCH0.c"
   1:.\Generated_Source\PSoC5/CapSense_IdacCH0.c **** /*******************************************************************************
   2:.\Generated_Source\PSoC5/CapSense_IdacCH0.c **** * File Name: CapSense_IdacCH0.c
   3:.\Generated_Source\PSoC5/CapSense_IdacCH0.c **** * Version 2.0
   4:.\Generated_Source\PSoC5/CapSense_IdacCH0.c **** *
   5:.\Generated_Source\PSoC5/CapSense_IdacCH0.c **** * Description:
   6:.\Generated_Source\PSoC5/CapSense_IdacCH0.c **** *  This file provides the source code to the API for the 8-bit Current 
   7:.\Generated_Source\PSoC5/CapSense_IdacCH0.c **** *  DAC (IDAC8) User Module.
   8:.\Generated_Source\PSoC5/CapSense_IdacCH0.c **** *
   9:.\Generated_Source\PSoC5/CapSense_IdacCH0.c **** * Note:
  10:.\Generated_Source\PSoC5/CapSense_IdacCH0.c **** *  None
  11:.\Generated_Source\PSoC5/CapSense_IdacCH0.c **** *
  12:.\Generated_Source\PSoC5/CapSense_IdacCH0.c **** ********************************************************************************
  13:.\Generated_Source\PSoC5/CapSense_IdacCH0.c **** * Copyright 2008-2012, Cypress Semiconductor Corporation.  All rights reserved.
  14:.\Generated_Source\PSoC5/CapSense_IdacCH0.c **** * You may use this file only in accordance with the license, terms, conditions, 
  15:.\Generated_Source\PSoC5/CapSense_IdacCH0.c **** * disclaimers, and limitations in the end user license agreement accompanying 
  16:.\Generated_Source\PSoC5/CapSense_IdacCH0.c **** * the software package with which this file was provided.
ARM GAS  C:\DOCUME~1\david\LOCALS~1\Temp\ccNl3JVG.s 			page 2


  17:.\Generated_Source\PSoC5/CapSense_IdacCH0.c **** *******************************************************************************/
  18:.\Generated_Source\PSoC5/CapSense_IdacCH0.c **** 
  19:.\Generated_Source\PSoC5/CapSense_IdacCH0.c **** #include "cytypes.h"
  20:.\Generated_Source\PSoC5/CapSense_IdacCH0.c **** #include "CapSense_IdacCH0.h"   
  21:.\Generated_Source\PSoC5/CapSense_IdacCH0.c **** 
  22:.\Generated_Source\PSoC5/CapSense_IdacCH0.c **** #if (CY_PSOC5A)
  23:.\Generated_Source\PSoC5/CapSense_IdacCH0.c ****     #include <CyLib.h>
  24:.\Generated_Source\PSoC5/CapSense_IdacCH0.c **** #endif /* CY_PSOC5A */
  25:.\Generated_Source\PSoC5/CapSense_IdacCH0.c **** 
  26:.\Generated_Source\PSoC5/CapSense_IdacCH0.c **** 
  27:.\Generated_Source\PSoC5/CapSense_IdacCH0.c **** uint8 CapSense_IdacCH0_initVar = 0u;
  28:.\Generated_Source\PSoC5/CapSense_IdacCH0.c **** 
  29:.\Generated_Source\PSoC5/CapSense_IdacCH0.c **** 
  30:.\Generated_Source\PSoC5/CapSense_IdacCH0.c **** #if (CY_PSOC5A)
  31:.\Generated_Source\PSoC5/CapSense_IdacCH0.c ****     static CapSense_IdacCH0_LOWPOWER_BACKUP_STRUCT  CapSense_IdacCH0_lowPowerBackup;
  32:.\Generated_Source\PSoC5/CapSense_IdacCH0.c **** #endif /* CY_PSOC5A */
  33:.\Generated_Source\PSoC5/CapSense_IdacCH0.c **** 
  34:.\Generated_Source\PSoC5/CapSense_IdacCH0.c **** /* Variable to decide whether or not to restore control register in Enable()
  35:.\Generated_Source\PSoC5/CapSense_IdacCH0.c ****    API. This valid only for PSoC5A */
  36:.\Generated_Source\PSoC5/CapSense_IdacCH0.c **** #if (CY_PSOC5A)
  37:.\Generated_Source\PSoC5/CapSense_IdacCH0.c ****     static uint8 CapSense_IdacCH0_restoreReg = 0u;
  38:.\Generated_Source\PSoC5/CapSense_IdacCH0.c **** #endif /* CY_PSOC5A */
  39:.\Generated_Source\PSoC5/CapSense_IdacCH0.c **** 
  40:.\Generated_Source\PSoC5/CapSense_IdacCH0.c **** 
  41:.\Generated_Source\PSoC5/CapSense_IdacCH0.c **** /*******************************************************************************
  42:.\Generated_Source\PSoC5/CapSense_IdacCH0.c **** * Function Name: CapSense_IdacCH0_Init
  43:.\Generated_Source\PSoC5/CapSense_IdacCH0.c **** ********************************************************************************
  44:.\Generated_Source\PSoC5/CapSense_IdacCH0.c **** * Summary:
  45:.\Generated_Source\PSoC5/CapSense_IdacCH0.c **** *  Initialize to the schematic state.
  46:.\Generated_Source\PSoC5/CapSense_IdacCH0.c **** * 
  47:.\Generated_Source\PSoC5/CapSense_IdacCH0.c **** * Parameters:
  48:.\Generated_Source\PSoC5/CapSense_IdacCH0.c **** *  void:
  49:.\Generated_Source\PSoC5/CapSense_IdacCH0.c **** *
  50:.\Generated_Source\PSoC5/CapSense_IdacCH0.c **** * Return:
  51:.\Generated_Source\PSoC5/CapSense_IdacCH0.c **** *  (void)
  52:.\Generated_Source\PSoC5/CapSense_IdacCH0.c **** *
  53:.\Generated_Source\PSoC5/CapSense_IdacCH0.c **** * Theory:
  54:.\Generated_Source\PSoC5/CapSense_IdacCH0.c **** *
  55:.\Generated_Source\PSoC5/CapSense_IdacCH0.c **** * Side Effects:
  56:.\Generated_Source\PSoC5/CapSense_IdacCH0.c **** *
  57:.\Generated_Source\PSoC5/CapSense_IdacCH0.c **** *******************************************************************************/
  58:.\Generated_Source\PSoC5/CapSense_IdacCH0.c **** void CapSense_IdacCH0_Init(void) 
  59:.\Generated_Source\PSoC5/CapSense_IdacCH0.c **** {
  38              		.loc 1 59 0
  39              		.cfi_startproc
  40              		@ args = 0, pretend = 0, frame = 0
  41              		@ frame_needed = 1, uses_anonymous_args = 0
  42 0000 80B5     		push	{r7, lr}
  43              	.LCFI0:
  44              		.cfi_def_cfa_offset 8
  45 0002 00AF     		add	r7, sp, #0
  46              		.cfi_offset 14, -4
  47              		.cfi_offset 7, -8
  48              	.LCFI1:
  49              		.cfi_def_cfa_register 7
  60:.\Generated_Source\PSoC5/CapSense_IdacCH0.c ****     CapSense_IdacCH0_CR0 = (CapSense_IdacCH0_MODE_I | CapSense_IdacCH0_DEFAULT_RANGE );
  50              		.loc 1 60 0
ARM GAS  C:\DOCUME~1\david\LOCALS~1\Temp\ccNl3JVG.s 			page 3


  51 0004 45F62C03 		movw	r3, #:lower16:1073764396
  52 0008 C4F20003 		movt	r3, #:upper16:1073764396
  53 000c 4FF01402 		mov	r2, #20
  54 0010 1A70     		strb	r2, [r3, #0]
  61:.\Generated_Source\PSoC5/CapSense_IdacCH0.c **** 
  62:.\Generated_Source\PSoC5/CapSense_IdacCH0.c ****     /* Set default data source */
  63:.\Generated_Source\PSoC5/CapSense_IdacCH0.c ****     #if(CapSense_IdacCH0_DEFAULT_DATA_SRC != 0u )    
  64:.\Generated_Source\PSoC5/CapSense_IdacCH0.c ****         CapSense_IdacCH0_CR1 = (CapSense_IdacCH0_DEFAULT_CNTL | CapSense_IdacCH0_DACBUS_ENABLE);
  65:.\Generated_Source\PSoC5/CapSense_IdacCH0.c ****     #else
  66:.\Generated_Source\PSoC5/CapSense_IdacCH0.c ****         CapSense_IdacCH0_CR1 = (CapSense_IdacCH0_DEFAULT_CNTL | CapSense_IdacCH0_DACBUS_DISABLE);
  55              		.loc 1 66 0
  56 0012 45F62D03 		movw	r3, #:lower16:1073764397
  57 0016 C4F20003 		movt	r3, #:upper16:1073764397
  58 001a 4FF00002 		mov	r2, #0
  59 001e 1A70     		strb	r2, [r3, #0]
  67:.\Generated_Source\PSoC5/CapSense_IdacCH0.c ****     #endif /* (CapSense_IdacCH0_DEFAULT_DATA_SRC != 0u ) */
  68:.\Generated_Source\PSoC5/CapSense_IdacCH0.c ****     
  69:.\Generated_Source\PSoC5/CapSense_IdacCH0.c ****     /*Controls polarity from UDB Control*/
  70:.\Generated_Source\PSoC5/CapSense_IdacCH0.c ****     #if(CapSense_IdacCH0_DEFAULT_POLARITY == CapSense_IdacCH0_HARDWARE_CONTROLLED)
  71:.\Generated_Source\PSoC5/CapSense_IdacCH0.c ****         CapSense_IdacCH0_CR1 |= CapSense_IdacCH0_IDIR_SRC_UDB;
  72:.\Generated_Source\PSoC5/CapSense_IdacCH0.c ****     #else
  73:.\Generated_Source\PSoC5/CapSense_IdacCH0.c ****         CapSense_IdacCH0_CR1 |= CapSense_IdacCH0_DEFAULT_POLARITY;
  60              		.loc 1 73 0
  61 0020 45F62D03 		movw	r3, #:lower16:1073764397
  62 0024 C4F20003 		movt	r3, #:upper16:1073764397
  63 0028 45F62D02 		movw	r2, #:lower16:1073764397
  64 002c C4F20002 		movt	r2, #:upper16:1073764397
  65 0030 1278     		ldrb	r2, [r2, #0]
  66 0032 D2B2     		uxtb	r2, r2
  67 0034 42F00402 		orr	r2, r2, #4
  68 0038 D2B2     		uxtb	r2, r2
  69 003a 1A70     		strb	r2, [r3, #0]
  74:.\Generated_Source\PSoC5/CapSense_IdacCH0.c ****     #endif/* (CapSense_IdacCH0_DEFAULT_POLARITY == CapSense_IdacCH0_HARDWARE_CONTROLLED) */
  75:.\Generated_Source\PSoC5/CapSense_IdacCH0.c ****     /*Controls Current Source from UDB Control*/
  76:.\Generated_Source\PSoC5/CapSense_IdacCH0.c ****     #if(CapSense_IdacCH0_HARDWARE_ENABLE != 0u ) 
  77:.\Generated_Source\PSoC5/CapSense_IdacCH0.c ****         CapSense_IdacCH0_CR1 |= CapSense_IdacCH0_IDIR_CTL_UDB;
  70              		.loc 1 77 0
  71 003c 45F62D03 		movw	r3, #:lower16:1073764397
  72 0040 C4F20003 		movt	r3, #:upper16:1073764397
  73 0044 45F62D02 		movw	r2, #:lower16:1073764397
  74 0048 C4F20002 		movt	r2, #:upper16:1073764397
  75 004c 1278     		ldrb	r2, [r2, #0]
  76 004e D2B2     		uxtb	r2, r2
  77 0050 42F00202 		orr	r2, r2, #2
  78 0054 D2B2     		uxtb	r2, r2
  79 0056 1A70     		strb	r2, [r3, #0]
  78:.\Generated_Source\PSoC5/CapSense_IdacCH0.c ****     #endif /* (CapSense_IdacCH0_HARDWARE_ENABLE != 0u ) */ 
  79:.\Generated_Source\PSoC5/CapSense_IdacCH0.c ****     
  80:.\Generated_Source\PSoC5/CapSense_IdacCH0.c ****     /* Set default strobe mode */
  81:.\Generated_Source\PSoC5/CapSense_IdacCH0.c ****     #if(CapSense_IdacCH0_DEFAULT_STRB != 0u)
  82:.\Generated_Source\PSoC5/CapSense_IdacCH0.c ****         CapSense_IdacCH0_Strobe |= CapSense_IdacCH0_STRB_EN;
  83:.\Generated_Source\PSoC5/CapSense_IdacCH0.c ****     #endif /* (CapSense_IdacCH0_DEFAULT_STRB != 0u) */
  84:.\Generated_Source\PSoC5/CapSense_IdacCH0.c ****     
  85:.\Generated_Source\PSoC5/CapSense_IdacCH0.c ****     /* Set default speed */
  86:.\Generated_Source\PSoC5/CapSense_IdacCH0.c ****     CapSense_IdacCH0_SetSpeed(CapSense_IdacCH0_DEFAULT_SPEED);
  80              		.loc 1 86 0
  81 0058 4FF00000 		mov	r0, #0
ARM GAS  C:\DOCUME~1\david\LOCALS~1\Temp\ccNl3JVG.s 			page 4


  82 005c FFF7FEFF 		bl	CapSense_IdacCH0_SetSpeed
  87:.\Generated_Source\PSoC5/CapSense_IdacCH0.c ****     
  88:.\Generated_Source\PSoC5/CapSense_IdacCH0.c ****     /* Set proper DAC trim */
  89:.\Generated_Source\PSoC5/CapSense_IdacCH0.c ****     CapSense_IdacCH0_DacTrim();
  83              		.loc 1 89 0
  84 0060 FFF7FEFF 		bl	CapSense_IdacCH0_DacTrim
  90:.\Generated_Source\PSoC5/CapSense_IdacCH0.c ****     
  91:.\Generated_Source\PSoC5/CapSense_IdacCH0.c **** }
  85              		.loc 1 91 0
  86 0064 80BD     		pop	{r7, pc}
  87              		.cfi_endproc
  88              	.LFE0:
  89              		.size	CapSense_IdacCH0_Init, .-CapSense_IdacCH0_Init
  90 0066 00BF     		.section	.text.CapSense_IdacCH0_Enable,"ax",%progbits
  91              		.align	2
  92              		.global	CapSense_IdacCH0_Enable
  93              		.thumb
  94              		.thumb_func
  95              		.type	CapSense_IdacCH0_Enable, %function
  96              	CapSense_IdacCH0_Enable:
  97              	.LFB1:
  92:.\Generated_Source\PSoC5/CapSense_IdacCH0.c **** 
  93:.\Generated_Source\PSoC5/CapSense_IdacCH0.c **** 
  94:.\Generated_Source\PSoC5/CapSense_IdacCH0.c **** /*******************************************************************************
  95:.\Generated_Source\PSoC5/CapSense_IdacCH0.c **** * Function Name: CapSense_IdacCH0_Enable
  96:.\Generated_Source\PSoC5/CapSense_IdacCH0.c **** ********************************************************************************
  97:.\Generated_Source\PSoC5/CapSense_IdacCH0.c **** * Summary:
  98:.\Generated_Source\PSoC5/CapSense_IdacCH0.c **** *  Enable the IDAC8
  99:.\Generated_Source\PSoC5/CapSense_IdacCH0.c **** * 
 100:.\Generated_Source\PSoC5/CapSense_IdacCH0.c **** * Parameters:
 101:.\Generated_Source\PSoC5/CapSense_IdacCH0.c **** *  void:
 102:.\Generated_Source\PSoC5/CapSense_IdacCH0.c **** *
 103:.\Generated_Source\PSoC5/CapSense_IdacCH0.c **** * Return:
 104:.\Generated_Source\PSoC5/CapSense_IdacCH0.c **** *  (void)
 105:.\Generated_Source\PSoC5/CapSense_IdacCH0.c **** *
 106:.\Generated_Source\PSoC5/CapSense_IdacCH0.c **** * Theory:
 107:.\Generated_Source\PSoC5/CapSense_IdacCH0.c **** *
 108:.\Generated_Source\PSoC5/CapSense_IdacCH0.c **** * Side Effects:
 109:.\Generated_Source\PSoC5/CapSense_IdacCH0.c **** *
 110:.\Generated_Source\PSoC5/CapSense_IdacCH0.c **** *******************************************************************************/
 111:.\Generated_Source\PSoC5/CapSense_IdacCH0.c **** void CapSense_IdacCH0_Enable(void) 
 112:.\Generated_Source\PSoC5/CapSense_IdacCH0.c **** {
  98              		.loc 1 112 0
  99              		.cfi_startproc
 100              		@ args = 0, pretend = 0, frame = 0
 101              		@ frame_needed = 1, uses_anonymous_args = 0
 102              		@ link register save eliminated.
 103 0000 80B4     		push	{r7}
 104              	.LCFI2:
 105              		.cfi_def_cfa_offset 4
 106 0002 00AF     		add	r7, sp, #0
 107              		.cfi_offset 7, -4
 108              	.LCFI3:
 109              		.cfi_def_cfa_register 7
 113:.\Generated_Source\PSoC5/CapSense_IdacCH0.c ****     CapSense_IdacCH0_PWRMGR |= CapSense_IdacCH0_ACT_PWR_EN;
 110              		.loc 1 113 0
 111 0004 44F2A833 		movw	r3, #:lower16:1073759144
ARM GAS  C:\DOCUME~1\david\LOCALS~1\Temp\ccNl3JVG.s 			page 5


 112 0008 C4F20003 		movt	r3, #:upper16:1073759144
 113 000c 44F2A832 		movw	r2, #:lower16:1073759144
 114 0010 C4F20002 		movt	r2, #:upper16:1073759144
 115 0014 1278     		ldrb	r2, [r2, #0]
 116 0016 D2B2     		uxtb	r2, r2
 117 0018 42F00802 		orr	r2, r2, #8
 118 001c D2B2     		uxtb	r2, r2
 119 001e 1A70     		strb	r2, [r3, #0]
 114:.\Generated_Source\PSoC5/CapSense_IdacCH0.c ****     CapSense_IdacCH0_STBY_PWRMGR |= CapSense_IdacCH0_STBY_PWR_EN;
 120              		.loc 1 114 0
 121 0020 44F2B833 		movw	r3, #:lower16:1073759160
 122 0024 C4F20003 		movt	r3, #:upper16:1073759160
 123 0028 44F2B832 		movw	r2, #:lower16:1073759160
 124 002c C4F20002 		movt	r2, #:upper16:1073759160
 125 0030 1278     		ldrb	r2, [r2, #0]
 126 0032 D2B2     		uxtb	r2, r2
 127 0034 42F00802 		orr	r2, r2, #8
 128 0038 D2B2     		uxtb	r2, r2
 129 003a 1A70     		strb	r2, [r3, #0]
 115:.\Generated_Source\PSoC5/CapSense_IdacCH0.c **** 
 116:.\Generated_Source\PSoC5/CapSense_IdacCH0.c ****     /* This is to restore the value of register CR0 which is saved 
 117:.\Generated_Source\PSoC5/CapSense_IdacCH0.c ****       in prior to the modification in stop() API */
 118:.\Generated_Source\PSoC5/CapSense_IdacCH0.c ****     #if (CY_PSOC5A)
 119:.\Generated_Source\PSoC5/CapSense_IdacCH0.c ****         if(CapSense_IdacCH0_restoreReg == 1u)
 120:.\Generated_Source\PSoC5/CapSense_IdacCH0.c ****         {
 121:.\Generated_Source\PSoC5/CapSense_IdacCH0.c ****             CapSense_IdacCH0_CR0 = CapSense_IdacCH0_lowPowerBackup.DACCR0Reg;
 122:.\Generated_Source\PSoC5/CapSense_IdacCH0.c **** 
 123:.\Generated_Source\PSoC5/CapSense_IdacCH0.c ****             /* Clear the flag */
 124:.\Generated_Source\PSoC5/CapSense_IdacCH0.c ****             CapSense_IdacCH0_restoreReg = 0u;
 125:.\Generated_Source\PSoC5/CapSense_IdacCH0.c ****         }
 126:.\Generated_Source\PSoC5/CapSense_IdacCH0.c ****     #endif /* CY_PSOC5A */
 127:.\Generated_Source\PSoC5/CapSense_IdacCH0.c **** }
 130              		.loc 1 127 0
 131 003c BD46     		mov	sp, r7
 132 003e 80BC     		pop	{r7}
 133 0040 7047     		bx	lr
 134              		.cfi_endproc
 135              	.LFE1:
 136              		.size	CapSense_IdacCH0_Enable, .-CapSense_IdacCH0_Enable
 137 0042 00BF     		.section	.text.CapSense_IdacCH0_Start,"ax",%progbits
 138              		.align	2
 139              		.global	CapSense_IdacCH0_Start
 140              		.thumb
 141              		.thumb_func
 142              		.type	CapSense_IdacCH0_Start, %function
 143              	CapSense_IdacCH0_Start:
 144              	.LFB2:
 128:.\Generated_Source\PSoC5/CapSense_IdacCH0.c **** 
 129:.\Generated_Source\PSoC5/CapSense_IdacCH0.c **** 
 130:.\Generated_Source\PSoC5/CapSense_IdacCH0.c **** /*******************************************************************************
 131:.\Generated_Source\PSoC5/CapSense_IdacCH0.c **** * Function Name: CapSense_IdacCH0_Start
 132:.\Generated_Source\PSoC5/CapSense_IdacCH0.c **** ********************************************************************************
 133:.\Generated_Source\PSoC5/CapSense_IdacCH0.c **** * Summary:
 134:.\Generated_Source\PSoC5/CapSense_IdacCH0.c **** *  Set power level then turn on IDAC8.
 135:.\Generated_Source\PSoC5/CapSense_IdacCH0.c **** *
 136:.\Generated_Source\PSoC5/CapSense_IdacCH0.c **** * Parameters:  
 137:.\Generated_Source\PSoC5/CapSense_IdacCH0.c **** *  power: Sets power level between off (0) and (3) high power
ARM GAS  C:\DOCUME~1\david\LOCALS~1\Temp\ccNl3JVG.s 			page 6


 138:.\Generated_Source\PSoC5/CapSense_IdacCH0.c **** *
 139:.\Generated_Source\PSoC5/CapSense_IdacCH0.c **** * Return:
 140:.\Generated_Source\PSoC5/CapSense_IdacCH0.c **** *  (void)
 141:.\Generated_Source\PSoC5/CapSense_IdacCH0.c **** *
 142:.\Generated_Source\PSoC5/CapSense_IdacCH0.c **** * Global variables:
 143:.\Generated_Source\PSoC5/CapSense_IdacCH0.c **** *  CapSense_IdacCH0_initVar: Is modified when this function is called for 
 144:.\Generated_Source\PSoC5/CapSense_IdacCH0.c **** *   the first time. Is used to ensure that initialization happens only once.
 145:.\Generated_Source\PSoC5/CapSense_IdacCH0.c **** *
 146:.\Generated_Source\PSoC5/CapSense_IdacCH0.c **** *******************************************************************************/
 147:.\Generated_Source\PSoC5/CapSense_IdacCH0.c **** void CapSense_IdacCH0_Start(void) 
 148:.\Generated_Source\PSoC5/CapSense_IdacCH0.c **** {
 145              		.loc 1 148 0
 146              		.cfi_startproc
 147              		@ args = 0, pretend = 0, frame = 0
 148              		@ frame_needed = 1, uses_anonymous_args = 0
 149 0000 80B5     		push	{r7, lr}
 150              	.LCFI4:
 151              		.cfi_def_cfa_offset 8
 152 0002 00AF     		add	r7, sp, #0
 153              		.cfi_offset 14, -4
 154              		.cfi_offset 7, -8
 155              	.LCFI5:
 156              		.cfi_def_cfa_register 7
 149:.\Generated_Source\PSoC5/CapSense_IdacCH0.c ****     /* Hardware initiazation only needs to occur the first time */
 150:.\Generated_Source\PSoC5/CapSense_IdacCH0.c ****     if ( CapSense_IdacCH0_initVar == 0u)  
 157              		.loc 1 150 0
 158 0004 40F20003 		movw	r3, #:lower16:CapSense_IdacCH0_initVar
 159 0008 C0F20003 		movt	r3, #:upper16:CapSense_IdacCH0_initVar
 160 000c 1B78     		ldrb	r3, [r3, #0]	@ zero_extendqisi2
 161 000e 002B     		cmp	r3, #0
 162 0010 08D1     		bne	.L6
 151:.\Generated_Source\PSoC5/CapSense_IdacCH0.c ****     {
 152:.\Generated_Source\PSoC5/CapSense_IdacCH0.c ****         CapSense_IdacCH0_Init();
 163              		.loc 1 152 0
 164 0012 FFF7FEFF 		bl	CapSense_IdacCH0_Init
 153:.\Generated_Source\PSoC5/CapSense_IdacCH0.c ****         
 154:.\Generated_Source\PSoC5/CapSense_IdacCH0.c ****         CapSense_IdacCH0_initVar = 1u;
 165              		.loc 1 154 0
 166 0016 40F20003 		movw	r3, #:lower16:CapSense_IdacCH0_initVar
 167 001a C0F20003 		movt	r3, #:upper16:CapSense_IdacCH0_initVar
 168 001e 4FF00102 		mov	r2, #1
 169 0022 1A70     		strb	r2, [r3, #0]
 170              	.L6:
 155:.\Generated_Source\PSoC5/CapSense_IdacCH0.c ****     }
 156:.\Generated_Source\PSoC5/CapSense_IdacCH0.c ****    
 157:.\Generated_Source\PSoC5/CapSense_IdacCH0.c ****     /* Enable power to DAC */
 158:.\Generated_Source\PSoC5/CapSense_IdacCH0.c ****     CapSense_IdacCH0_Enable();
 171              		.loc 1 158 0
 172 0024 FFF7FEFF 		bl	CapSense_IdacCH0_Enable
 159:.\Generated_Source\PSoC5/CapSense_IdacCH0.c **** 
 160:.\Generated_Source\PSoC5/CapSense_IdacCH0.c ****     /* Set default value */
 161:.\Generated_Source\PSoC5/CapSense_IdacCH0.c ****     CapSense_IdacCH0_SetValue(CapSense_IdacCH0_DEFAULT_DATA);
 173              		.loc 1 161 0
 174 0028 4FF00000 		mov	r0, #0
 175 002c FFF7FEFF 		bl	CapSense_IdacCH0_SetValue
 162:.\Generated_Source\PSoC5/CapSense_IdacCH0.c **** 
 163:.\Generated_Source\PSoC5/CapSense_IdacCH0.c **** }
ARM GAS  C:\DOCUME~1\david\LOCALS~1\Temp\ccNl3JVG.s 			page 7


 176              		.loc 1 163 0
 177 0030 80BD     		pop	{r7, pc}
 178              		.cfi_endproc
 179              	.LFE2:
 180              		.size	CapSense_IdacCH0_Start, .-CapSense_IdacCH0_Start
 181 0032 00BF     		.section	.text.CapSense_IdacCH0_Stop,"ax",%progbits
 182              		.align	2
 183              		.global	CapSense_IdacCH0_Stop
 184              		.thumb
 185              		.thumb_func
 186              		.type	CapSense_IdacCH0_Stop, %function
 187              	CapSense_IdacCH0_Stop:
 188              	.LFB3:
 164:.\Generated_Source\PSoC5/CapSense_IdacCH0.c **** 
 165:.\Generated_Source\PSoC5/CapSense_IdacCH0.c **** 
 166:.\Generated_Source\PSoC5/CapSense_IdacCH0.c **** /*******************************************************************************
 167:.\Generated_Source\PSoC5/CapSense_IdacCH0.c **** * Function Name: CapSense_IdacCH0_Stop
 168:.\Generated_Source\PSoC5/CapSense_IdacCH0.c **** ********************************************************************************
 169:.\Generated_Source\PSoC5/CapSense_IdacCH0.c **** * Summary:
 170:.\Generated_Source\PSoC5/CapSense_IdacCH0.c **** *  Powers down IDAC8 to lowest power state.
 171:.\Generated_Source\PSoC5/CapSense_IdacCH0.c **** *
 172:.\Generated_Source\PSoC5/CapSense_IdacCH0.c **** * Parameters:
 173:.\Generated_Source\PSoC5/CapSense_IdacCH0.c **** *  (void)
 174:.\Generated_Source\PSoC5/CapSense_IdacCH0.c **** *
 175:.\Generated_Source\PSoC5/CapSense_IdacCH0.c **** * Return:
 176:.\Generated_Source\PSoC5/CapSense_IdacCH0.c **** *  (void)
 177:.\Generated_Source\PSoC5/CapSense_IdacCH0.c **** *
 178:.\Generated_Source\PSoC5/CapSense_IdacCH0.c **** * Theory:
 179:.\Generated_Source\PSoC5/CapSense_IdacCH0.c **** *
 180:.\Generated_Source\PSoC5/CapSense_IdacCH0.c **** * Side Effects:
 181:.\Generated_Source\PSoC5/CapSense_IdacCH0.c **** *
 182:.\Generated_Source\PSoC5/CapSense_IdacCH0.c **** *******************************************************************************/
 183:.\Generated_Source\PSoC5/CapSense_IdacCH0.c **** void CapSense_IdacCH0_Stop(void) 
 184:.\Generated_Source\PSoC5/CapSense_IdacCH0.c **** {
 189              		.loc 1 184 0
 190              		.cfi_startproc
 191              		@ args = 0, pretend = 0, frame = 0
 192              		@ frame_needed = 1, uses_anonymous_args = 0
 193              		@ link register save eliminated.
 194 0000 80B4     		push	{r7}
 195              	.LCFI6:
 196              		.cfi_def_cfa_offset 4
 197 0002 00AF     		add	r7, sp, #0
 198              		.cfi_offset 7, -4
 199              	.LCFI7:
 200              		.cfi_def_cfa_register 7
 185:.\Generated_Source\PSoC5/CapSense_IdacCH0.c ****     /* Disble power to DAC */
 186:.\Generated_Source\PSoC5/CapSense_IdacCH0.c ****     CapSense_IdacCH0_PWRMGR &= (uint8)(~CapSense_IdacCH0_ACT_PWR_EN);
 201              		.loc 1 186 0
 202 0004 44F2A833 		movw	r3, #:lower16:1073759144
 203 0008 C4F20003 		movt	r3, #:upper16:1073759144
 204 000c 44F2A832 		movw	r2, #:lower16:1073759144
 205 0010 C4F20002 		movt	r2, #:upper16:1073759144
 206 0014 1278     		ldrb	r2, [r2, #0]
 207 0016 D2B2     		uxtb	r2, r2
 208 0018 02F0F702 		and	r2, r2, #247
 209 001c 1A70     		strb	r2, [r3, #0]
ARM GAS  C:\DOCUME~1\david\LOCALS~1\Temp\ccNl3JVG.s 			page 8


 187:.\Generated_Source\PSoC5/CapSense_IdacCH0.c ****     CapSense_IdacCH0_STBY_PWRMGR &= (uint8)(~CapSense_IdacCH0_STBY_PWR_EN);
 210              		.loc 1 187 0
 211 001e 44F2B833 		movw	r3, #:lower16:1073759160
 212 0022 C4F20003 		movt	r3, #:upper16:1073759160
 213 0026 44F2B832 		movw	r2, #:lower16:1073759160
 214 002a C4F20002 		movt	r2, #:upper16:1073759160
 215 002e 1278     		ldrb	r2, [r2, #0]
 216 0030 D2B2     		uxtb	r2, r2
 217 0032 02F0F702 		and	r2, r2, #247
 218 0036 1A70     		strb	r2, [r3, #0]
 188:.\Generated_Source\PSoC5/CapSense_IdacCH0.c ****     
 189:.\Generated_Source\PSoC5/CapSense_IdacCH0.c ****     #if (CY_PSOC5A)
 190:.\Generated_Source\PSoC5/CapSense_IdacCH0.c ****     
 191:.\Generated_Source\PSoC5/CapSense_IdacCH0.c ****         /* Set the global variable  */
 192:.\Generated_Source\PSoC5/CapSense_IdacCH0.c ****         CapSense_IdacCH0_restoreReg = 1u;
 193:.\Generated_Source\PSoC5/CapSense_IdacCH0.c **** 
 194:.\Generated_Source\PSoC5/CapSense_IdacCH0.c ****         /* Save the control register and then Clear it. */
 195:.\Generated_Source\PSoC5/CapSense_IdacCH0.c ****         CapSense_IdacCH0_lowPowerBackup.DACCR0Reg = CapSense_IdacCH0_CR0;
 196:.\Generated_Source\PSoC5/CapSense_IdacCH0.c ****         CapSense_IdacCH0_CR0 = (CapSense_IdacCH0_MODE_I | CapSense_IdacCH0_RANGE_3 | CapSense_IdacC
 197:.\Generated_Source\PSoC5/CapSense_IdacCH0.c ****     #endif /* CY_PSOC5A */
 198:.\Generated_Source\PSoC5/CapSense_IdacCH0.c **** }
 219              		.loc 1 198 0
 220 0038 BD46     		mov	sp, r7
 221 003a 80BC     		pop	{r7}
 222 003c 7047     		bx	lr
 223              		.cfi_endproc
 224              	.LFE3:
 225              		.size	CapSense_IdacCH0_Stop, .-CapSense_IdacCH0_Stop
 226 003e 00BF     		.section	.text.CapSense_IdacCH0_SetSpeed,"ax",%progbits
 227              		.align	2
 228              		.global	CapSense_IdacCH0_SetSpeed
 229              		.thumb
 230              		.thumb_func
 231              		.type	CapSense_IdacCH0_SetSpeed, %function
 232              	CapSense_IdacCH0_SetSpeed:
 233              	.LFB4:
 199:.\Generated_Source\PSoC5/CapSense_IdacCH0.c **** 
 200:.\Generated_Source\PSoC5/CapSense_IdacCH0.c **** 
 201:.\Generated_Source\PSoC5/CapSense_IdacCH0.c **** /*******************************************************************************
 202:.\Generated_Source\PSoC5/CapSense_IdacCH0.c **** * Function Name: CapSense_IdacCH0_SetSpeed
 203:.\Generated_Source\PSoC5/CapSense_IdacCH0.c **** ********************************************************************************
 204:.\Generated_Source\PSoC5/CapSense_IdacCH0.c **** * Summary:
 205:.\Generated_Source\PSoC5/CapSense_IdacCH0.c **** *  Set DAC speed
 206:.\Generated_Source\PSoC5/CapSense_IdacCH0.c **** *
 207:.\Generated_Source\PSoC5/CapSense_IdacCH0.c **** * Parameters:
 208:.\Generated_Source\PSoC5/CapSense_IdacCH0.c **** *  power: Sets speed value
 209:.\Generated_Source\PSoC5/CapSense_IdacCH0.c **** *
 210:.\Generated_Source\PSoC5/CapSense_IdacCH0.c **** * Return:
 211:.\Generated_Source\PSoC5/CapSense_IdacCH0.c **** *  (void)
 212:.\Generated_Source\PSoC5/CapSense_IdacCH0.c **** *
 213:.\Generated_Source\PSoC5/CapSense_IdacCH0.c **** * Theory:
 214:.\Generated_Source\PSoC5/CapSense_IdacCH0.c **** *
 215:.\Generated_Source\PSoC5/CapSense_IdacCH0.c **** * Side Effects:
 216:.\Generated_Source\PSoC5/CapSense_IdacCH0.c **** *
 217:.\Generated_Source\PSoC5/CapSense_IdacCH0.c **** *******************************************************************************/
 218:.\Generated_Source\PSoC5/CapSense_IdacCH0.c **** void CapSense_IdacCH0_SetSpeed(uint8 speed) 
 219:.\Generated_Source\PSoC5/CapSense_IdacCH0.c **** {
ARM GAS  C:\DOCUME~1\david\LOCALS~1\Temp\ccNl3JVG.s 			page 9


 234              		.loc 1 219 0
 235              		.cfi_startproc
 236              		@ args = 0, pretend = 0, frame = 8
 237              		@ frame_needed = 1, uses_anonymous_args = 0
 238              		@ link register save eliminated.
 239 0000 80B4     		push	{r7}
 240              	.LCFI8:
 241              		.cfi_def_cfa_offset 4
 242 0002 83B0     		sub	sp, sp, #12
 243              	.LCFI9:
 244              		.cfi_def_cfa_offset 16
 245 0004 00AF     		add	r7, sp, #0
 246              		.cfi_offset 7, -4
 247              	.LCFI10:
 248              		.cfi_def_cfa_register 7
 249 0006 0346     		mov	r3, r0
 250 0008 FB71     		strb	r3, [r7, #7]
 220:.\Generated_Source\PSoC5/CapSense_IdacCH0.c ****     /* Clear power mask then write in new value */
 221:.\Generated_Source\PSoC5/CapSense_IdacCH0.c ****     CapSense_IdacCH0_CR0 &= (uint8)(~CapSense_IdacCH0_HS_MASK);
 251              		.loc 1 221 0
 252 000a 45F62C03 		movw	r3, #:lower16:1073764396
 253 000e C4F20003 		movt	r3, #:upper16:1073764396
 254 0012 45F62C02 		movw	r2, #:lower16:1073764396
 255 0016 C4F20002 		movt	r2, #:upper16:1073764396
 256 001a 1278     		ldrb	r2, [r2, #0]
 257 001c D2B2     		uxtb	r2, r2
 258 001e 02F0FD02 		and	r2, r2, #253
 259 0022 1A70     		strb	r2, [r3, #0]
 222:.\Generated_Source\PSoC5/CapSense_IdacCH0.c ****     CapSense_IdacCH0_CR0 |=  ( speed & CapSense_IdacCH0_HS_MASK);
 260              		.loc 1 222 0
 261 0024 45F62C03 		movw	r3, #:lower16:1073764396
 262 0028 C4F20003 		movt	r3, #:upper16:1073764396
 263 002c 45F62C02 		movw	r2, #:lower16:1073764396
 264 0030 C4F20002 		movt	r2, #:upper16:1073764396
 265 0034 1278     		ldrb	r2, [r2, #0]
 266 0036 D1B2     		uxtb	r1, r2
 267 0038 FA79     		ldrb	r2, [r7, #7]	@ zero_extendqisi2
 268 003a 02F00202 		and	r2, r2, #2
 269 003e 41EA0202 		orr	r2, r1, r2
 270 0042 D2B2     		uxtb	r2, r2
 271 0044 1A70     		strb	r2, [r3, #0]
 223:.\Generated_Source\PSoC5/CapSense_IdacCH0.c **** }
 272              		.loc 1 223 0
 273 0046 07F10C07 		add	r7, r7, #12
 274 004a BD46     		mov	sp, r7
 275 004c 80BC     		pop	{r7}
 276 004e 7047     		bx	lr
 277              		.cfi_endproc
 278              	.LFE4:
 279              		.size	CapSense_IdacCH0_SetSpeed, .-CapSense_IdacCH0_SetSpeed
 280              		.section	.text.CapSense_IdacCH0_SetPolarity,"ax",%progbits
 281              		.align	2
 282              		.global	CapSense_IdacCH0_SetPolarity
 283              		.thumb
 284              		.thumb_func
 285              		.type	CapSense_IdacCH0_SetPolarity, %function
 286              	CapSense_IdacCH0_SetPolarity:
ARM GAS  C:\DOCUME~1\david\LOCALS~1\Temp\ccNl3JVG.s 			page 10


 287              	.LFB5:
 224:.\Generated_Source\PSoC5/CapSense_IdacCH0.c **** 
 225:.\Generated_Source\PSoC5/CapSense_IdacCH0.c **** 
 226:.\Generated_Source\PSoC5/CapSense_IdacCH0.c **** /*******************************************************************************
 227:.\Generated_Source\PSoC5/CapSense_IdacCH0.c **** * Function Name: CapSense_IdacCH0_SetPolarity
 228:.\Generated_Source\PSoC5/CapSense_IdacCH0.c **** ********************************************************************************
 229:.\Generated_Source\PSoC5/CapSense_IdacCH0.c **** * Summary:
 230:.\Generated_Source\PSoC5/CapSense_IdacCH0.c **** *  Sets IDAC to Sink or Source current.
 231:.\Generated_Source\PSoC5/CapSense_IdacCH0.c **** *  
 232:.\Generated_Source\PSoC5/CapSense_IdacCH0.c **** * Parameters:
 233:.\Generated_Source\PSoC5/CapSense_IdacCH0.c **** *  Polarity: Sets the IDAC to Sink or Source 
 234:.\Generated_Source\PSoC5/CapSense_IdacCH0.c **** *  0x00 - Source
 235:.\Generated_Source\PSoC5/CapSense_IdacCH0.c **** *  0x04 - Sink
 236:.\Generated_Source\PSoC5/CapSense_IdacCH0.c **** *
 237:.\Generated_Source\PSoC5/CapSense_IdacCH0.c **** * Return:
 238:.\Generated_Source\PSoC5/CapSense_IdacCH0.c **** *  (void)
 239:.\Generated_Source\PSoC5/CapSense_IdacCH0.c **** *
 240:.\Generated_Source\PSoC5/CapSense_IdacCH0.c **** * Theory:
 241:.\Generated_Source\PSoC5/CapSense_IdacCH0.c **** *
 242:.\Generated_Source\PSoC5/CapSense_IdacCH0.c **** * Side Effects:
 243:.\Generated_Source\PSoC5/CapSense_IdacCH0.c **** *
 244:.\Generated_Source\PSoC5/CapSense_IdacCH0.c **** *******************************************************************************/
 245:.\Generated_Source\PSoC5/CapSense_IdacCH0.c **** #if(CapSense_IdacCH0_DEFAULT_POLARITY != CapSense_IdacCH0_HARDWARE_CONTROLLED)
 246:.\Generated_Source\PSoC5/CapSense_IdacCH0.c ****     void CapSense_IdacCH0_SetPolarity(uint8 polarity) 
 247:.\Generated_Source\PSoC5/CapSense_IdacCH0.c ****     {
 288              		.loc 1 247 0
 289              		.cfi_startproc
 290              		@ args = 0, pretend = 0, frame = 8
 291              		@ frame_needed = 1, uses_anonymous_args = 0
 292 0000 80B5     		push	{r7, lr}
 293              	.LCFI11:
 294              		.cfi_def_cfa_offset 8
 295 0002 82B0     		sub	sp, sp, #8
 296              	.LCFI12:
 297              		.cfi_def_cfa_offset 16
 298 0004 00AF     		add	r7, sp, #0
 299              		.cfi_offset 14, -4
 300              		.cfi_offset 7, -8
 301              	.LCFI13:
 302              		.cfi_def_cfa_register 7
 303 0006 0346     		mov	r3, r0
 304 0008 FB71     		strb	r3, [r7, #7]
 248:.\Generated_Source\PSoC5/CapSense_IdacCH0.c ****         CapSense_IdacCH0_CR1 &= (uint8)(~CapSense_IdacCH0_IDIR_MASK);                /* clear polar
 305              		.loc 1 248 0
 306 000a 45F62D03 		movw	r3, #:lower16:1073764397
 307 000e C4F20003 		movt	r3, #:upper16:1073764397
 308 0012 45F62D02 		movw	r2, #:lower16:1073764397
 309 0016 C4F20002 		movt	r2, #:upper16:1073764397
 310 001a 1278     		ldrb	r2, [r2, #0]
 311 001c D2B2     		uxtb	r2, r2
 312 001e 02F0FB02 		and	r2, r2, #251
 313 0022 1A70     		strb	r2, [r3, #0]
 249:.\Generated_Source\PSoC5/CapSense_IdacCH0.c ****         CapSense_IdacCH0_CR1 |= (polarity & CapSense_IdacCH0_IDIR_MASK);             /* set new val
 314              		.loc 1 249 0
 315 0024 45F62D03 		movw	r3, #:lower16:1073764397
 316 0028 C4F20003 		movt	r3, #:upper16:1073764397
 317 002c 45F62D02 		movw	r2, #:lower16:1073764397
ARM GAS  C:\DOCUME~1\david\LOCALS~1\Temp\ccNl3JVG.s 			page 11


 318 0030 C4F20002 		movt	r2, #:upper16:1073764397
 319 0034 1278     		ldrb	r2, [r2, #0]
 320 0036 D1B2     		uxtb	r1, r2
 321 0038 FA79     		ldrb	r2, [r7, #7]	@ zero_extendqisi2
 322 003a 02F00402 		and	r2, r2, #4
 323 003e 41EA0202 		orr	r2, r1, r2
 324 0042 D2B2     		uxtb	r2, r2
 325 0044 1A70     		strb	r2, [r3, #0]
 250:.\Generated_Source\PSoC5/CapSense_IdacCH0.c ****     
 251:.\Generated_Source\PSoC5/CapSense_IdacCH0.c ****         CapSense_IdacCH0_DacTrim();
 326              		.loc 1 251 0
 327 0046 FFF7FEFF 		bl	CapSense_IdacCH0_DacTrim
 252:.\Generated_Source\PSoC5/CapSense_IdacCH0.c ****     }
 328              		.loc 1 252 0
 329 004a 07F10807 		add	r7, r7, #8
 330 004e BD46     		mov	sp, r7
 331 0050 80BD     		pop	{r7, pc}
 332              		.cfi_endproc
 333              	.LFE5:
 334              		.size	CapSense_IdacCH0_SetPolarity, .-CapSense_IdacCH0_SetPolarity
 335 0052 00BF     		.section	.text.CapSense_IdacCH0_SetRange,"ax",%progbits
 336              		.align	2
 337              		.global	CapSense_IdacCH0_SetRange
 338              		.thumb
 339              		.thumb_func
 340              		.type	CapSense_IdacCH0_SetRange, %function
 341              	CapSense_IdacCH0_SetRange:
 342              	.LFB6:
 253:.\Generated_Source\PSoC5/CapSense_IdacCH0.c **** #endif/*(CapSense_IdacCH0_DEFAULT_POLARITY != CapSense_IdacCH0_HARDWARE_CONTROLLED)*/
 254:.\Generated_Source\PSoC5/CapSense_IdacCH0.c **** 
 255:.\Generated_Source\PSoC5/CapSense_IdacCH0.c **** 
 256:.\Generated_Source\PSoC5/CapSense_IdacCH0.c **** /*******************************************************************************
 257:.\Generated_Source\PSoC5/CapSense_IdacCH0.c **** * Function Name: CapSense_IdacCH0_SetRange
 258:.\Generated_Source\PSoC5/CapSense_IdacCH0.c **** ********************************************************************************
 259:.\Generated_Source\PSoC5/CapSense_IdacCH0.c **** * Summary:
 260:.\Generated_Source\PSoC5/CapSense_IdacCH0.c **** *  Set current range
 261:.\Generated_Source\PSoC5/CapSense_IdacCH0.c **** *
 262:.\Generated_Source\PSoC5/CapSense_IdacCH0.c **** * Parameters:
 263:.\Generated_Source\PSoC5/CapSense_IdacCH0.c **** *  Range: Sets on of four valid ranges.
 264:.\Generated_Source\PSoC5/CapSense_IdacCH0.c **** *
 265:.\Generated_Source\PSoC5/CapSense_IdacCH0.c **** * Return:
 266:.\Generated_Source\PSoC5/CapSense_IdacCH0.c **** *  (void)
 267:.\Generated_Source\PSoC5/CapSense_IdacCH0.c **** *
 268:.\Generated_Source\PSoC5/CapSense_IdacCH0.c **** * Theory:
 269:.\Generated_Source\PSoC5/CapSense_IdacCH0.c **** *
 270:.\Generated_Source\PSoC5/CapSense_IdacCH0.c **** * Side Effects:
 271:.\Generated_Source\PSoC5/CapSense_IdacCH0.c **** *
 272:.\Generated_Source\PSoC5/CapSense_IdacCH0.c **** *******************************************************************************/
 273:.\Generated_Source\PSoC5/CapSense_IdacCH0.c **** void CapSense_IdacCH0_SetRange(uint8 range) 
 274:.\Generated_Source\PSoC5/CapSense_IdacCH0.c **** {
 343              		.loc 1 274 0
 344              		.cfi_startproc
 345              		@ args = 0, pretend = 0, frame = 8
 346              		@ frame_needed = 1, uses_anonymous_args = 0
 347 0000 80B5     		push	{r7, lr}
 348              	.LCFI14:
 349              		.cfi_def_cfa_offset 8
ARM GAS  C:\DOCUME~1\david\LOCALS~1\Temp\ccNl3JVG.s 			page 12


 350 0002 82B0     		sub	sp, sp, #8
 351              	.LCFI15:
 352              		.cfi_def_cfa_offset 16
 353 0004 00AF     		add	r7, sp, #0
 354              		.cfi_offset 14, -4
 355              		.cfi_offset 7, -8
 356              	.LCFI16:
 357              		.cfi_def_cfa_register 7
 358 0006 0346     		mov	r3, r0
 359 0008 FB71     		strb	r3, [r7, #7]
 275:.\Generated_Source\PSoC5/CapSense_IdacCH0.c ****     CapSense_IdacCH0_CR0 &= (uint8)(~CapSense_IdacCH0_RANGE_MASK);       /* Clear existing mode */
 360              		.loc 1 275 0
 361 000a 45F62C03 		movw	r3, #:lower16:1073764396
 362 000e C4F20003 		movt	r3, #:upper16:1073764396
 363 0012 45F62C02 		movw	r2, #:lower16:1073764396
 364 0016 C4F20002 		movt	r2, #:upper16:1073764396
 365 001a 1278     		ldrb	r2, [r2, #0]
 366 001c D2B2     		uxtb	r2, r2
 367 001e 02F0F302 		and	r2, r2, #243
 368 0022 1A70     		strb	r2, [r3, #0]
 276:.\Generated_Source\PSoC5/CapSense_IdacCH0.c ****     CapSense_IdacCH0_CR0 |= ( range & CapSense_IdacCH0_RANGE_MASK );     /*  Set Range  */
 369              		.loc 1 276 0
 370 0024 45F62C03 		movw	r3, #:lower16:1073764396
 371 0028 C4F20003 		movt	r3, #:upper16:1073764396
 372 002c 45F62C02 		movw	r2, #:lower16:1073764396
 373 0030 C4F20002 		movt	r2, #:upper16:1073764396
 374 0034 1278     		ldrb	r2, [r2, #0]
 375 0036 D1B2     		uxtb	r1, r2
 376 0038 FA79     		ldrb	r2, [r7, #7]	@ zero_extendqisi2
 377 003a 02F00C02 		and	r2, r2, #12
 378 003e 41EA0202 		orr	r2, r1, r2
 379 0042 D2B2     		uxtb	r2, r2
 380 0044 1A70     		strb	r2, [r3, #0]
 277:.\Generated_Source\PSoC5/CapSense_IdacCH0.c ****     CapSense_IdacCH0_DacTrim();
 381              		.loc 1 277 0
 382 0046 FFF7FEFF 		bl	CapSense_IdacCH0_DacTrim
 278:.\Generated_Source\PSoC5/CapSense_IdacCH0.c **** }
 383              		.loc 1 278 0
 384 004a 07F10807 		add	r7, r7, #8
 385 004e BD46     		mov	sp, r7
 386 0050 80BD     		pop	{r7, pc}
 387              		.cfi_endproc
 388              	.LFE6:
 389              		.size	CapSense_IdacCH0_SetRange, .-CapSense_IdacCH0_SetRange
 390 0052 00BF     		.section	.text.CapSense_IdacCH0_SetValue,"ax",%progbits
 391              		.align	2
 392              		.global	CapSense_IdacCH0_SetValue
 393              		.thumb
 394              		.thumb_func
 395              		.type	CapSense_IdacCH0_SetValue, %function
 396              	CapSense_IdacCH0_SetValue:
 397              	.LFB7:
 279:.\Generated_Source\PSoC5/CapSense_IdacCH0.c **** 
 280:.\Generated_Source\PSoC5/CapSense_IdacCH0.c **** 
 281:.\Generated_Source\PSoC5/CapSense_IdacCH0.c **** /*******************************************************************************
 282:.\Generated_Source\PSoC5/CapSense_IdacCH0.c **** * Function Name: CapSense_IdacCH0_SetValue
 283:.\Generated_Source\PSoC5/CapSense_IdacCH0.c **** ********************************************************************************
ARM GAS  C:\DOCUME~1\david\LOCALS~1\Temp\ccNl3JVG.s 			page 13


 284:.\Generated_Source\PSoC5/CapSense_IdacCH0.c **** * Summary:
 285:.\Generated_Source\PSoC5/CapSense_IdacCH0.c **** *  Set DAC value
 286:.\Generated_Source\PSoC5/CapSense_IdacCH0.c **** *
 287:.\Generated_Source\PSoC5/CapSense_IdacCH0.c **** * Parameters:
 288:.\Generated_Source\PSoC5/CapSense_IdacCH0.c **** *  value: Sets DAC value between 0 and 255.
 289:.\Generated_Source\PSoC5/CapSense_IdacCH0.c **** *
 290:.\Generated_Source\PSoC5/CapSense_IdacCH0.c **** * Return:
 291:.\Generated_Source\PSoC5/CapSense_IdacCH0.c **** *  (void)
 292:.\Generated_Source\PSoC5/CapSense_IdacCH0.c **** *
 293:.\Generated_Source\PSoC5/CapSense_IdacCH0.c **** * Theory:
 294:.\Generated_Source\PSoC5/CapSense_IdacCH0.c **** *
 295:.\Generated_Source\PSoC5/CapSense_IdacCH0.c **** * Side Effects:
 296:.\Generated_Source\PSoC5/CapSense_IdacCH0.c **** *
 297:.\Generated_Source\PSoC5/CapSense_IdacCH0.c **** *******************************************************************************/
 298:.\Generated_Source\PSoC5/CapSense_IdacCH0.c **** void CapSense_IdacCH0_SetValue(uint8 value) 
 299:.\Generated_Source\PSoC5/CapSense_IdacCH0.c **** {
 398              		.loc 1 299 0
 399              		.cfi_startproc
 400              		@ args = 0, pretend = 0, frame = 8
 401              		@ frame_needed = 1, uses_anonymous_args = 0
 402              		@ link register save eliminated.
 403 0000 80B4     		push	{r7}
 404              	.LCFI17:
 405              		.cfi_def_cfa_offset 4
 406 0002 83B0     		sub	sp, sp, #12
 407              	.LCFI18:
 408              		.cfi_def_cfa_offset 16
 409 0004 00AF     		add	r7, sp, #0
 410              		.cfi_offset 7, -4
 411              	.LCFI19:
 412              		.cfi_def_cfa_register 7
 413 0006 0346     		mov	r3, r0
 414 0008 FB71     		strb	r3, [r7, #7]
 300:.\Generated_Source\PSoC5/CapSense_IdacCH0.c **** 
 301:.\Generated_Source\PSoC5/CapSense_IdacCH0.c ****     #if (CY_PSOC5A)
 302:.\Generated_Source\PSoC5/CapSense_IdacCH0.c ****         uint8 CapSense_IdacCH0_intrStatus = CyEnterCriticalSection();
 303:.\Generated_Source\PSoC5/CapSense_IdacCH0.c ****     #endif /* CY_PSOC5A */
 304:.\Generated_Source\PSoC5/CapSense_IdacCH0.c **** 
 305:.\Generated_Source\PSoC5/CapSense_IdacCH0.c ****     CapSense_IdacCH0_Data = value;         /*  Set Value  */
 415              		.loc 1 305 0
 416 000a 45F68333 		movw	r3, #:lower16:1073765251
 417 000e C4F20003 		movt	r3, #:upper16:1073765251
 418 0012 FA79     		ldrb	r2, [r7, #7]
 419 0014 1A70     		strb	r2, [r3, #0]
 306:.\Generated_Source\PSoC5/CapSense_IdacCH0.c ****     
 307:.\Generated_Source\PSoC5/CapSense_IdacCH0.c ****     /* PSOC5A silicons require a double write */
 308:.\Generated_Source\PSoC5/CapSense_IdacCH0.c ****     #if (CY_PSOC5A)
 309:.\Generated_Source\PSoC5/CapSense_IdacCH0.c ****         CapSense_IdacCH0_Data = value;
 310:.\Generated_Source\PSoC5/CapSense_IdacCH0.c ****         CyExitCriticalSection(CapSense_IdacCH0_intrStatus);
 311:.\Generated_Source\PSoC5/CapSense_IdacCH0.c ****     #endif /* CY_PSOC5A */
 312:.\Generated_Source\PSoC5/CapSense_IdacCH0.c **** }
 420              		.loc 1 312 0
 421 0016 07F10C07 		add	r7, r7, #12
 422 001a BD46     		mov	sp, r7
 423 001c 80BC     		pop	{r7}
 424 001e 7047     		bx	lr
 425              		.cfi_endproc
ARM GAS  C:\DOCUME~1\david\LOCALS~1\Temp\ccNl3JVG.s 			page 14


 426              	.LFE7:
 427              		.size	CapSense_IdacCH0_SetValue, .-CapSense_IdacCH0_SetValue
 428              		.section	.text.CapSense_IdacCH0_DacTrim,"ax",%progbits
 429              		.align	2
 430              		.global	CapSense_IdacCH0_DacTrim
 431              		.thumb
 432              		.thumb_func
 433              		.type	CapSense_IdacCH0_DacTrim, %function
 434              	CapSense_IdacCH0_DacTrim:
 435              	.LFB8:
 313:.\Generated_Source\PSoC5/CapSense_IdacCH0.c **** 
 314:.\Generated_Source\PSoC5/CapSense_IdacCH0.c **** 
 315:.\Generated_Source\PSoC5/CapSense_IdacCH0.c **** /*******************************************************************************
 316:.\Generated_Source\PSoC5/CapSense_IdacCH0.c **** * Function Name: CapSense_IdacCH0_DacTrim
 317:.\Generated_Source\PSoC5/CapSense_IdacCH0.c **** ********************************************************************************
 318:.\Generated_Source\PSoC5/CapSense_IdacCH0.c **** * Summary:
 319:.\Generated_Source\PSoC5/CapSense_IdacCH0.c **** *  Set the trim value for the given range.
 320:.\Generated_Source\PSoC5/CapSense_IdacCH0.c **** *
 321:.\Generated_Source\PSoC5/CapSense_IdacCH0.c **** * Parameters:
 322:.\Generated_Source\PSoC5/CapSense_IdacCH0.c **** *  None
 323:.\Generated_Source\PSoC5/CapSense_IdacCH0.c **** *
 324:.\Generated_Source\PSoC5/CapSense_IdacCH0.c **** * Return:
 325:.\Generated_Source\PSoC5/CapSense_IdacCH0.c **** *  (void) 
 326:.\Generated_Source\PSoC5/CapSense_IdacCH0.c **** *
 327:.\Generated_Source\PSoC5/CapSense_IdacCH0.c **** * Theory:
 328:.\Generated_Source\PSoC5/CapSense_IdacCH0.c **** *  Trim values for the IDAC blocks are stored in the "Customer Table" area in 
 329:.\Generated_Source\PSoC5/CapSense_IdacCH0.c **** *  Row 1 of the Hidden Flash.  There are 8 bytes of trim data for each 
 330:.\Generated_Source\PSoC5/CapSense_IdacCH0.c **** *  IDAC block.
 331:.\Generated_Source\PSoC5/CapSense_IdacCH0.c **** *  The values are:
 332:.\Generated_Source\PSoC5/CapSense_IdacCH0.c **** *       I Gain offset, min range, Sourcing
 333:.\Generated_Source\PSoC5/CapSense_IdacCH0.c **** *       I Gain offset, min range, Sinking
 334:.\Generated_Source\PSoC5/CapSense_IdacCH0.c **** *       I Gain offset, med range, Sourcing
 335:.\Generated_Source\PSoC5/CapSense_IdacCH0.c **** *       I Gain offset, med range, Sinking
 336:.\Generated_Source\PSoC5/CapSense_IdacCH0.c **** *       I Gain offset, max range, Sourcing
 337:.\Generated_Source\PSoC5/CapSense_IdacCH0.c **** *       I Gain offset, max range, Sinking
 338:.\Generated_Source\PSoC5/CapSense_IdacCH0.c **** *       V Gain offset, 1V range
 339:.\Generated_Source\PSoC5/CapSense_IdacCH0.c **** *       V Gain offset, 4V range
 340:.\Generated_Source\PSoC5/CapSense_IdacCH0.c **** *
 341:.\Generated_Source\PSoC5/CapSense_IdacCH0.c **** * Side Effects:
 342:.\Generated_Source\PSoC5/CapSense_IdacCH0.c **** *
 343:.\Generated_Source\PSoC5/CapSense_IdacCH0.c **** *******************************************************************************/
 344:.\Generated_Source\PSoC5/CapSense_IdacCH0.c **** void CapSense_IdacCH0_DacTrim(void) 
 345:.\Generated_Source\PSoC5/CapSense_IdacCH0.c **** {
 436              		.loc 1 345 0
 437              		.cfi_startproc
 438              		@ args = 0, pretend = 0, frame = 8
 439              		@ frame_needed = 1, uses_anonymous_args = 0
 440              		@ link register save eliminated.
 441 0000 80B4     		push	{r7}
 442              	.LCFI20:
 443              		.cfi_def_cfa_offset 4
 444 0002 83B0     		sub	sp, sp, #12
 445              	.LCFI21:
 446              		.cfi_def_cfa_offset 16
 447 0004 00AF     		add	r7, sp, #0
 448              		.cfi_offset 7, -4
 449              	.LCFI22:
ARM GAS  C:\DOCUME~1\david\LOCALS~1\Temp\ccNl3JVG.s 			page 15


 450              		.cfi_def_cfa_register 7
 346:.\Generated_Source\PSoC5/CapSense_IdacCH0.c ****     uint8 mode;
 347:.\Generated_Source\PSoC5/CapSense_IdacCH0.c **** 
 348:.\Generated_Source\PSoC5/CapSense_IdacCH0.c ****     mode = ((CapSense_IdacCH0_CR0 & CapSense_IdacCH0_RANGE_MASK) >> 1u);
 451              		.loc 1 348 0
 452 0006 45F62C03 		movw	r3, #:lower16:1073764396
 453 000a C4F20003 		movt	r3, #:upper16:1073764396
 454 000e 1B78     		ldrb	r3, [r3, #0]
 455 0010 DBB2     		uxtb	r3, r3
 456 0012 03F00C03 		and	r3, r3, #12
 457 0016 4FEA5303 		lsr	r3, r3, #1
 458 001a FB71     		strb	r3, [r7, #7]
 349:.\Generated_Source\PSoC5/CapSense_IdacCH0.c ****     
 350:.\Generated_Source\PSoC5/CapSense_IdacCH0.c ****     if((CapSense_IdacCH0_IDIR_MASK & CapSense_IdacCH0_CR1) == CapSense_IdacCH0_IDIR_SINK)
 459              		.loc 1 350 0
 460 001c 45F62D03 		movw	r3, #:lower16:1073764397
 461 0020 C4F20003 		movt	r3, #:upper16:1073764397
 462 0024 1B78     		ldrb	r3, [r3, #0]
 463 0026 DBB2     		uxtb	r3, r3
 464 0028 03F00403 		and	r3, r3, #4
 465 002c 002B     		cmp	r3, #0
 466 002e 03D0     		beq	.L19
 351:.\Generated_Source\PSoC5/CapSense_IdacCH0.c ****     {
 352:.\Generated_Source\PSoC5/CapSense_IdacCH0.c ****         mode++;
 467              		.loc 1 352 0
 468 0030 FB79     		ldrb	r3, [r7, #7]
 469 0032 03F10103 		add	r3, r3, #1
 470 0036 FB71     		strb	r3, [r7, #7]
 471              	.L19:
 353:.\Generated_Source\PSoC5/CapSense_IdacCH0.c ****     }
 354:.\Generated_Source\PSoC5/CapSense_IdacCH0.c **** 
 355:.\Generated_Source\PSoC5/CapSense_IdacCH0.c ****     CapSense_IdacCH0_TR = CY_GET_XTND_REG8((uint8 *)(CapSense_IdacCH0_DAC_TRIM_BASE + mode));
 472              		.loc 1 355 0
 473 0038 44F20B63 		movw	r3, #:lower16:1073759755
 474 003c C4F20003 		movt	r3, #:upper16:1073759755
 475 0040 FA79     		ldrb	r2, [r7, #7]	@ zero_extendqisi2
 476 0042 02F19242 		add	r2, r2, #1224736768
 477 0046 02F59C72 		add	r2, r2, #312
 478 004a 1278     		ldrb	r2, [r2, #0]
 479 004c D2B2     		uxtb	r2, r2
 480 004e 1A70     		strb	r2, [r3, #0]
 356:.\Generated_Source\PSoC5/CapSense_IdacCH0.c **** }
 481              		.loc 1 356 0
 482 0050 07F10C07 		add	r7, r7, #12
 483 0054 BD46     		mov	sp, r7
 484 0056 80BC     		pop	{r7}
 485 0058 7047     		bx	lr
 486              		.cfi_endproc
 487              	.LFE8:
 488              		.size	CapSense_IdacCH0_DacTrim, .-CapSense_IdacCH0_DacTrim
 489 005a 00BF     		.text
 490              	.Letext0:
 491              		.section	.debug_loc,"",%progbits
 492              	.Ldebug_loc0:
 493              	.LLST0:
 494 0000 00000000 		.4byte	.LFB0
 495 0004 02000000 		.4byte	.LCFI0
ARM GAS  C:\DOCUME~1\david\LOCALS~1\Temp\ccNl3JVG.s 			page 16


 496 0008 0100     		.2byte	0x1
 497 000a 5D       		.byte	0x5d
 498 000b 02000000 		.4byte	.LCFI0
 499 000f 04000000 		.4byte	.LCFI1
 500 0013 0200     		.2byte	0x2
 501 0015 7D       		.byte	0x7d
 502 0016 08       		.sleb128 8
 503 0017 04000000 		.4byte	.LCFI1
 504 001b 66000000 		.4byte	.LFE0
 505 001f 0200     		.2byte	0x2
 506 0021 77       		.byte	0x77
 507 0022 08       		.sleb128 8
 508 0023 00000000 		.4byte	0x0
 509 0027 00000000 		.4byte	0x0
 510              	.LLST1:
 511 002b 00000000 		.4byte	.LFB1
 512 002f 02000000 		.4byte	.LCFI2
 513 0033 0100     		.2byte	0x1
 514 0035 5D       		.byte	0x5d
 515 0036 02000000 		.4byte	.LCFI2
 516 003a 04000000 		.4byte	.LCFI3
 517 003e 0200     		.2byte	0x2
 518 0040 7D       		.byte	0x7d
 519 0041 04       		.sleb128 4
 520 0042 04000000 		.4byte	.LCFI3
 521 0046 42000000 		.4byte	.LFE1
 522 004a 0200     		.2byte	0x2
 523 004c 77       		.byte	0x77
 524 004d 04       		.sleb128 4
 525 004e 00000000 		.4byte	0x0
 526 0052 00000000 		.4byte	0x0
 527              	.LLST2:
 528 0056 00000000 		.4byte	.LFB2
 529 005a 02000000 		.4byte	.LCFI4
 530 005e 0100     		.2byte	0x1
 531 0060 5D       		.byte	0x5d
 532 0061 02000000 		.4byte	.LCFI4
 533 0065 04000000 		.4byte	.LCFI5
 534 0069 0200     		.2byte	0x2
 535 006b 7D       		.byte	0x7d
 536 006c 08       		.sleb128 8
 537 006d 04000000 		.4byte	.LCFI5
 538 0071 32000000 		.4byte	.LFE2
 539 0075 0200     		.2byte	0x2
 540 0077 77       		.byte	0x77
 541 0078 08       		.sleb128 8
 542 0079 00000000 		.4byte	0x0
 543 007d 00000000 		.4byte	0x0
 544              	.LLST3:
 545 0081 00000000 		.4byte	.LFB3
 546 0085 02000000 		.4byte	.LCFI6
 547 0089 0100     		.2byte	0x1
 548 008b 5D       		.byte	0x5d
 549 008c 02000000 		.4byte	.LCFI6
 550 0090 04000000 		.4byte	.LCFI7
 551 0094 0200     		.2byte	0x2
 552 0096 7D       		.byte	0x7d
ARM GAS  C:\DOCUME~1\david\LOCALS~1\Temp\ccNl3JVG.s 			page 17


 553 0097 04       		.sleb128 4
 554 0098 04000000 		.4byte	.LCFI7
 555 009c 3E000000 		.4byte	.LFE3
 556 00a0 0200     		.2byte	0x2
 557 00a2 77       		.byte	0x77
 558 00a3 04       		.sleb128 4
 559 00a4 00000000 		.4byte	0x0
 560 00a8 00000000 		.4byte	0x0
 561              	.LLST4:
 562 00ac 00000000 		.4byte	.LFB4
 563 00b0 02000000 		.4byte	.LCFI8
 564 00b4 0100     		.2byte	0x1
 565 00b6 5D       		.byte	0x5d
 566 00b7 02000000 		.4byte	.LCFI8
 567 00bb 04000000 		.4byte	.LCFI9
 568 00bf 0200     		.2byte	0x2
 569 00c1 7D       		.byte	0x7d
 570 00c2 04       		.sleb128 4
 571 00c3 04000000 		.4byte	.LCFI9
 572 00c7 06000000 		.4byte	.LCFI10
 573 00cb 0200     		.2byte	0x2
 574 00cd 7D       		.byte	0x7d
 575 00ce 10       		.sleb128 16
 576 00cf 06000000 		.4byte	.LCFI10
 577 00d3 50000000 		.4byte	.LFE4
 578 00d7 0200     		.2byte	0x2
 579 00d9 77       		.byte	0x77
 580 00da 10       		.sleb128 16
 581 00db 00000000 		.4byte	0x0
 582 00df 00000000 		.4byte	0x0
 583              	.LLST5:
 584 00e3 00000000 		.4byte	.LFB5
 585 00e7 02000000 		.4byte	.LCFI11
 586 00eb 0100     		.2byte	0x1
 587 00ed 5D       		.byte	0x5d
 588 00ee 02000000 		.4byte	.LCFI11
 589 00f2 04000000 		.4byte	.LCFI12
 590 00f6 0200     		.2byte	0x2
 591 00f8 7D       		.byte	0x7d
 592 00f9 08       		.sleb128 8
 593 00fa 04000000 		.4byte	.LCFI12
 594 00fe 06000000 		.4byte	.LCFI13
 595 0102 0200     		.2byte	0x2
 596 0104 7D       		.byte	0x7d
 597 0105 10       		.sleb128 16
 598 0106 06000000 		.4byte	.LCFI13
 599 010a 52000000 		.4byte	.LFE5
 600 010e 0200     		.2byte	0x2
 601 0110 77       		.byte	0x77
 602 0111 10       		.sleb128 16
 603 0112 00000000 		.4byte	0x0
 604 0116 00000000 		.4byte	0x0
 605              	.LLST6:
 606 011a 00000000 		.4byte	.LFB6
 607 011e 02000000 		.4byte	.LCFI14
 608 0122 0100     		.2byte	0x1
 609 0124 5D       		.byte	0x5d
ARM GAS  C:\DOCUME~1\david\LOCALS~1\Temp\ccNl3JVG.s 			page 18


 610 0125 02000000 		.4byte	.LCFI14
 611 0129 04000000 		.4byte	.LCFI15
 612 012d 0200     		.2byte	0x2
 613 012f 7D       		.byte	0x7d
 614 0130 08       		.sleb128 8
 615 0131 04000000 		.4byte	.LCFI15
 616 0135 06000000 		.4byte	.LCFI16
 617 0139 0200     		.2byte	0x2
 618 013b 7D       		.byte	0x7d
 619 013c 10       		.sleb128 16
 620 013d 06000000 		.4byte	.LCFI16
 621 0141 52000000 		.4byte	.LFE6
 622 0145 0200     		.2byte	0x2
 623 0147 77       		.byte	0x77
 624 0148 10       		.sleb128 16
 625 0149 00000000 		.4byte	0x0
 626 014d 00000000 		.4byte	0x0
 627              	.LLST7:
 628 0151 00000000 		.4byte	.LFB7
 629 0155 02000000 		.4byte	.LCFI17
 630 0159 0100     		.2byte	0x1
 631 015b 5D       		.byte	0x5d
 632 015c 02000000 		.4byte	.LCFI17
 633 0160 04000000 		.4byte	.LCFI18
 634 0164 0200     		.2byte	0x2
 635 0166 7D       		.byte	0x7d
 636 0167 04       		.sleb128 4
 637 0168 04000000 		.4byte	.LCFI18
 638 016c 06000000 		.4byte	.LCFI19
 639 0170 0200     		.2byte	0x2
 640 0172 7D       		.byte	0x7d
 641 0173 10       		.sleb128 16
 642 0174 06000000 		.4byte	.LCFI19
 643 0178 20000000 		.4byte	.LFE7
 644 017c 0200     		.2byte	0x2
 645 017e 77       		.byte	0x77
 646 017f 10       		.sleb128 16
 647 0180 00000000 		.4byte	0x0
 648 0184 00000000 		.4byte	0x0
 649              	.LLST8:
 650 0188 00000000 		.4byte	.LFB8
 651 018c 02000000 		.4byte	.LCFI20
 652 0190 0100     		.2byte	0x1
 653 0192 5D       		.byte	0x5d
 654 0193 02000000 		.4byte	.LCFI20
 655 0197 04000000 		.4byte	.LCFI21
 656 019b 0200     		.2byte	0x2
 657 019d 7D       		.byte	0x7d
 658 019e 04       		.sleb128 4
 659 019f 04000000 		.4byte	.LCFI21
 660 01a3 06000000 		.4byte	.LCFI22
 661 01a7 0200     		.2byte	0x2
 662 01a9 7D       		.byte	0x7d
 663 01aa 10       		.sleb128 16
 664 01ab 06000000 		.4byte	.LCFI22
 665 01af 5A000000 		.4byte	.LFE8
 666 01b3 0200     		.2byte	0x2
ARM GAS  C:\DOCUME~1\david\LOCALS~1\Temp\ccNl3JVG.s 			page 19


 667 01b5 77       		.byte	0x77
 668 01b6 10       		.sleb128 16
 669 01b7 00000000 		.4byte	0x0
 670 01bb 00000000 		.4byte	0x0
 671              		.file 2 ".\\Generated_Source\\PSoC5\\/cytypes.h"
 672              		.section	.debug_info
 673 0000 C0010000 		.4byte	0x1c0
 674 0004 0200     		.2byte	0x2
 675 0006 00000000 		.4byte	.Ldebug_abbrev0
 676 000a 04       		.byte	0x4
 677 000b 01       		.uleb128 0x1
 678 000c 95010000 		.4byte	.LASF25
 679 0010 01       		.byte	0x1
 680 0011 24010000 		.4byte	.LASF26
 681 0015 A4000000 		.4byte	.LASF27
 682 0019 00000000 		.4byte	0x0
 683 001d 00000000 		.4byte	0x0
 684 0021 00000000 		.4byte	.Ldebug_ranges0+0x0
 685 0025 00000000 		.4byte	.Ldebug_line0
 686 0029 02       		.uleb128 0x2
 687 002a 01       		.byte	0x1
 688 002b 06       		.byte	0x6
 689 002c BF010000 		.4byte	.LASF0
 690 0030 02       		.uleb128 0x2
 691 0031 01       		.byte	0x1
 692 0032 08       		.byte	0x8
 693 0033 96000000 		.4byte	.LASF1
 694 0037 02       		.uleb128 0x2
 695 0038 02       		.byte	0x2
 696 0039 05       		.byte	0x5
 697 003a A6010000 		.4byte	.LASF2
 698 003e 02       		.uleb128 0x2
 699 003f 02       		.byte	0x2
 700 0040 07       		.byte	0x7
 701 0041 DE000000 		.4byte	.LASF3
 702 0045 02       		.uleb128 0x2
 703 0046 04       		.byte	0x4
 704 0047 05       		.byte	0x5
 705 0048 B6010000 		.4byte	.LASF4
 706 004c 02       		.uleb128 0x2
 707 004d 04       		.byte	0x4
 708 004e 07       		.byte	0x7
 709 004f CC000000 		.4byte	.LASF5
 710 0053 02       		.uleb128 0x2
 711 0054 08       		.byte	0x8
 712 0055 05       		.byte	0x5
 713 0056 00000000 		.4byte	.LASF6
 714 005a 02       		.uleb128 0x2
 715 005b 08       		.byte	0x8
 716 005c 07       		.byte	0x7
 717 005d 50010000 		.4byte	.LASF7
 718 0061 03       		.uleb128 0x3
 719 0062 04       		.byte	0x4
 720 0063 05       		.byte	0x5
 721 0064 696E7400 		.ascii	"int\000"
 722 0068 02       		.uleb128 0x2
 723 0069 04       		.byte	0x4
ARM GAS  C:\DOCUME~1\david\LOCALS~1\Temp\ccNl3JVG.s 			page 20


 724 006a 07       		.byte	0x7
 725 006b 17010000 		.4byte	.LASF8
 726 006f 04       		.uleb128 0x4
 727 0070 B0010000 		.4byte	.LASF28
 728 0074 02       		.byte	0x2
 729 0075 4C       		.byte	0x4c
 730 0076 30000000 		.4byte	0x30
 731 007a 02       		.uleb128 0x2
 732 007b 04       		.byte	0x4
 733 007c 04       		.byte	0x4
 734 007d 90000000 		.4byte	.LASF9
 735 0081 02       		.uleb128 0x2
 736 0082 08       		.byte	0x8
 737 0083 04       		.byte	0x4
 738 0084 10010000 		.4byte	.LASF10
 739 0088 02       		.uleb128 0x2
 740 0089 01       		.byte	0x1
 741 008a 08       		.byte	0x8
 742 008b A1010000 		.4byte	.LASF11
 743 008f 05       		.uleb128 0x5
 744 0090 01       		.byte	0x1
 745 0091 CB010000 		.4byte	.LASF12
 746 0095 01       		.byte	0x1
 747 0096 3A       		.byte	0x3a
 748 0097 01       		.byte	0x1
 749 0098 00000000 		.4byte	.LFB0
 750 009c 66000000 		.4byte	.LFE0
 751 00a0 00000000 		.4byte	.LLST0
 752 00a4 05       		.uleb128 0x5
 753 00a5 01       		.byte	0x1
 754 00a6 78000000 		.4byte	.LASF13
 755 00aa 01       		.byte	0x1
 756 00ab 6F       		.byte	0x6f
 757 00ac 01       		.byte	0x1
 758 00ad 00000000 		.4byte	.LFB1
 759 00b1 42000000 		.4byte	.LFE1
 760 00b5 2B000000 		.4byte	.LLST1
 761 00b9 05       		.uleb128 0x5
 762 00ba 01       		.byte	0x1
 763 00bb 2B000000 		.4byte	.LASF14
 764 00bf 01       		.byte	0x1
 765 00c0 93       		.byte	0x93
 766 00c1 01       		.byte	0x1
 767 00c2 00000000 		.4byte	.LFB2
 768 00c6 32000000 		.4byte	.LFE2
 769 00ca 56000000 		.4byte	.LLST2
 770 00ce 05       		.uleb128 0x5
 771 00cf 01       		.byte	0x1
 772 00d0 48000000 		.4byte	.LASF15
 773 00d4 01       		.byte	0x1
 774 00d5 B7       		.byte	0xb7
 775 00d6 01       		.byte	0x1
 776 00d7 00000000 		.4byte	.LFB3
 777 00db 3E000000 		.4byte	.LFE3
 778 00df 81000000 		.4byte	.LLST3
 779 00e3 06       		.uleb128 0x6
 780 00e4 01       		.byte	0x1
ARM GAS  C:\DOCUME~1\david\LOCALS~1\Temp\ccNl3JVG.s 			page 21


 781 00e5 5E000000 		.4byte	.LASF16
 782 00e9 01       		.byte	0x1
 783 00ea DA       		.byte	0xda
 784 00eb 01       		.byte	0x1
 785 00ec 00000000 		.4byte	.LFB4
 786 00f0 50000000 		.4byte	.LFE4
 787 00f4 AC000000 		.4byte	.LLST4
 788 00f8 0B010000 		.4byte	0x10b
 789 00fc 07       		.uleb128 0x7
 790 00fd 8A010000 		.4byte	.LASF18
 791 0101 01       		.byte	0x1
 792 0102 DA       		.byte	0xda
 793 0103 6F000000 		.4byte	0x6f
 794 0107 02       		.byte	0x2
 795 0108 91       		.byte	0x91
 796 0109 77       		.sleb128 -9
 797 010a 00       		.byte	0x0
 798 010b 06       		.uleb128 0x6
 799 010c 01       		.byte	0x1
 800 010d 0E000000 		.4byte	.LASF17
 801 0111 01       		.byte	0x1
 802 0112 F6       		.byte	0xf6
 803 0113 01       		.byte	0x1
 804 0114 00000000 		.4byte	.LFB5
 805 0118 52000000 		.4byte	.LFE5
 806 011c E3000000 		.4byte	.LLST5
 807 0120 33010000 		.4byte	0x133
 808 0124 07       		.uleb128 0x7
 809 0125 81010000 		.4byte	.LASF19
 810 0129 01       		.byte	0x1
 811 012a F6       		.byte	0xf6
 812 012b 6F000000 		.4byte	0x6f
 813 012f 02       		.byte	0x2
 814 0130 91       		.byte	0x91
 815 0131 77       		.sleb128 -9
 816 0132 00       		.byte	0x0
 817 0133 08       		.uleb128 0x8
 818 0134 01       		.byte	0x1
 819 0135 E1010000 		.4byte	.LASF20
 820 0139 01       		.byte	0x1
 821 013a 1101     		.2byte	0x111
 822 013c 01       		.byte	0x1
 823 013d 00000000 		.4byte	.LFB6
 824 0141 52000000 		.4byte	.LFE6
 825 0145 1A010000 		.4byte	.LLST6
 826 0149 5D010000 		.4byte	0x15d
 827 014d 09       		.uleb128 0x9
 828 014e F1000000 		.4byte	.LASF21
 829 0152 01       		.byte	0x1
 830 0153 1101     		.2byte	0x111
 831 0155 6F000000 		.4byte	0x6f
 832 0159 02       		.byte	0x2
 833 015a 91       		.byte	0x91
 834 015b 77       		.sleb128 -9
 835 015c 00       		.byte	0x0
 836 015d 08       		.uleb128 0x8
 837 015e 01       		.byte	0x1
ARM GAS  C:\DOCUME~1\david\LOCALS~1\Temp\ccNl3JVG.s 			page 22


 838 015f 67010000 		.4byte	.LASF22
 839 0163 01       		.byte	0x1
 840 0164 2A01     		.2byte	0x12a
 841 0166 01       		.byte	0x1
 842 0167 00000000 		.4byte	.LFB7
 843 016b 20000000 		.4byte	.LFE7
 844 016f 51010000 		.4byte	.LLST7
 845 0173 87010000 		.4byte	0x187
 846 0177 09       		.uleb128 0x9
 847 0178 42000000 		.4byte	.LASF23
 848 017c 01       		.byte	0x1
 849 017d 2A01     		.2byte	0x12a
 850 017f 6F000000 		.4byte	0x6f
 851 0183 02       		.byte	0x2
 852 0184 91       		.byte	0x91
 853 0185 77       		.sleb128 -9
 854 0186 00       		.byte	0x0
 855 0187 08       		.uleb128 0x8
 856 0188 01       		.byte	0x1
 857 0189 FB010000 		.4byte	.LASF24
 858 018d 01       		.byte	0x1
 859 018e 5801     		.2byte	0x158
 860 0190 01       		.byte	0x1
 861 0191 00000000 		.4byte	.LFB8
 862 0195 5A000000 		.4byte	.LFE8
 863 0199 88010000 		.4byte	.LLST8
 864 019d B1010000 		.4byte	0x1b1
 865 01a1 0A       		.uleb128 0xa
 866 01a2 90010000 		.4byte	.LASF29
 867 01a6 01       		.byte	0x1
 868 01a7 5A01     		.2byte	0x15a
 869 01a9 6F000000 		.4byte	0x6f
 870 01ad 02       		.byte	0x2
 871 01ae 91       		.byte	0x91
 872 01af 77       		.sleb128 -9
 873 01b0 00       		.byte	0x0
 874 01b1 0B       		.uleb128 0xb
 875 01b2 F7000000 		.4byte	.LASF30
 876 01b6 01       		.byte	0x1
 877 01b7 1B       		.byte	0x1b
 878 01b8 6F000000 		.4byte	0x6f
 879 01bc 01       		.byte	0x1
 880 01bd 05       		.byte	0x5
 881 01be 03       		.byte	0x3
 882 01bf 00000000 		.4byte	CapSense_IdacCH0_initVar
 883 01c3 00       		.byte	0x0
 884              		.section	.debug_abbrev
 885 0000 01       		.uleb128 0x1
 886 0001 11       		.uleb128 0x11
 887 0002 01       		.byte	0x1
 888 0003 25       		.uleb128 0x25
 889 0004 0E       		.uleb128 0xe
 890 0005 13       		.uleb128 0x13
 891 0006 0B       		.uleb128 0xb
 892 0007 03       		.uleb128 0x3
 893 0008 0E       		.uleb128 0xe
 894 0009 1B       		.uleb128 0x1b
ARM GAS  C:\DOCUME~1\david\LOCALS~1\Temp\ccNl3JVG.s 			page 23


 895 000a 0E       		.uleb128 0xe
 896 000b 11       		.uleb128 0x11
 897 000c 01       		.uleb128 0x1
 898 000d 52       		.uleb128 0x52
 899 000e 01       		.uleb128 0x1
 900 000f 55       		.uleb128 0x55
 901 0010 06       		.uleb128 0x6
 902 0011 10       		.uleb128 0x10
 903 0012 06       		.uleb128 0x6
 904 0013 00       		.byte	0x0
 905 0014 00       		.byte	0x0
 906 0015 02       		.uleb128 0x2
 907 0016 24       		.uleb128 0x24
 908 0017 00       		.byte	0x0
 909 0018 0B       		.uleb128 0xb
 910 0019 0B       		.uleb128 0xb
 911 001a 3E       		.uleb128 0x3e
 912 001b 0B       		.uleb128 0xb
 913 001c 03       		.uleb128 0x3
 914 001d 0E       		.uleb128 0xe
 915 001e 00       		.byte	0x0
 916 001f 00       		.byte	0x0
 917 0020 03       		.uleb128 0x3
 918 0021 24       		.uleb128 0x24
 919 0022 00       		.byte	0x0
 920 0023 0B       		.uleb128 0xb
 921 0024 0B       		.uleb128 0xb
 922 0025 3E       		.uleb128 0x3e
 923 0026 0B       		.uleb128 0xb
 924 0027 03       		.uleb128 0x3
 925 0028 08       		.uleb128 0x8
 926 0029 00       		.byte	0x0
 927 002a 00       		.byte	0x0
 928 002b 04       		.uleb128 0x4
 929 002c 16       		.uleb128 0x16
 930 002d 00       		.byte	0x0
 931 002e 03       		.uleb128 0x3
 932 002f 0E       		.uleb128 0xe
 933 0030 3A       		.uleb128 0x3a
 934 0031 0B       		.uleb128 0xb
 935 0032 3B       		.uleb128 0x3b
 936 0033 0B       		.uleb128 0xb
 937 0034 49       		.uleb128 0x49
 938 0035 13       		.uleb128 0x13
 939 0036 00       		.byte	0x0
 940 0037 00       		.byte	0x0
 941 0038 05       		.uleb128 0x5
 942 0039 2E       		.uleb128 0x2e
 943 003a 00       		.byte	0x0
 944 003b 3F       		.uleb128 0x3f
 945 003c 0C       		.uleb128 0xc
 946 003d 03       		.uleb128 0x3
 947 003e 0E       		.uleb128 0xe
 948 003f 3A       		.uleb128 0x3a
 949 0040 0B       		.uleb128 0xb
 950 0041 3B       		.uleb128 0x3b
 951 0042 0B       		.uleb128 0xb
ARM GAS  C:\DOCUME~1\david\LOCALS~1\Temp\ccNl3JVG.s 			page 24


 952 0043 27       		.uleb128 0x27
 953 0044 0C       		.uleb128 0xc
 954 0045 11       		.uleb128 0x11
 955 0046 01       		.uleb128 0x1
 956 0047 12       		.uleb128 0x12
 957 0048 01       		.uleb128 0x1
 958 0049 40       		.uleb128 0x40
 959 004a 06       		.uleb128 0x6
 960 004b 00       		.byte	0x0
 961 004c 00       		.byte	0x0
 962 004d 06       		.uleb128 0x6
 963 004e 2E       		.uleb128 0x2e
 964 004f 01       		.byte	0x1
 965 0050 3F       		.uleb128 0x3f
 966 0051 0C       		.uleb128 0xc
 967 0052 03       		.uleb128 0x3
 968 0053 0E       		.uleb128 0xe
 969 0054 3A       		.uleb128 0x3a
 970 0055 0B       		.uleb128 0xb
 971 0056 3B       		.uleb128 0x3b
 972 0057 0B       		.uleb128 0xb
 973 0058 27       		.uleb128 0x27
 974 0059 0C       		.uleb128 0xc
 975 005a 11       		.uleb128 0x11
 976 005b 01       		.uleb128 0x1
 977 005c 12       		.uleb128 0x12
 978 005d 01       		.uleb128 0x1
 979 005e 40       		.uleb128 0x40
 980 005f 06       		.uleb128 0x6
 981 0060 01       		.uleb128 0x1
 982 0061 13       		.uleb128 0x13
 983 0062 00       		.byte	0x0
 984 0063 00       		.byte	0x0
 985 0064 07       		.uleb128 0x7
 986 0065 05       		.uleb128 0x5
 987 0066 00       		.byte	0x0
 988 0067 03       		.uleb128 0x3
 989 0068 0E       		.uleb128 0xe
 990 0069 3A       		.uleb128 0x3a
 991 006a 0B       		.uleb128 0xb
 992 006b 3B       		.uleb128 0x3b
 993 006c 0B       		.uleb128 0xb
 994 006d 49       		.uleb128 0x49
 995 006e 13       		.uleb128 0x13
 996 006f 02       		.uleb128 0x2
 997 0070 0A       		.uleb128 0xa
 998 0071 00       		.byte	0x0
 999 0072 00       		.byte	0x0
 1000 0073 08       		.uleb128 0x8
 1001 0074 2E       		.uleb128 0x2e
 1002 0075 01       		.byte	0x1
 1003 0076 3F       		.uleb128 0x3f
 1004 0077 0C       		.uleb128 0xc
 1005 0078 03       		.uleb128 0x3
 1006 0079 0E       		.uleb128 0xe
 1007 007a 3A       		.uleb128 0x3a
 1008 007b 0B       		.uleb128 0xb
ARM GAS  C:\DOCUME~1\david\LOCALS~1\Temp\ccNl3JVG.s 			page 25


 1009 007c 3B       		.uleb128 0x3b
 1010 007d 05       		.uleb128 0x5
 1011 007e 27       		.uleb128 0x27
 1012 007f 0C       		.uleb128 0xc
 1013 0080 11       		.uleb128 0x11
 1014 0081 01       		.uleb128 0x1
 1015 0082 12       		.uleb128 0x12
 1016 0083 01       		.uleb128 0x1
 1017 0084 40       		.uleb128 0x40
 1018 0085 06       		.uleb128 0x6
 1019 0086 01       		.uleb128 0x1
 1020 0087 13       		.uleb128 0x13
 1021 0088 00       		.byte	0x0
 1022 0089 00       		.byte	0x0
 1023 008a 09       		.uleb128 0x9
 1024 008b 05       		.uleb128 0x5
 1025 008c 00       		.byte	0x0
 1026 008d 03       		.uleb128 0x3
 1027 008e 0E       		.uleb128 0xe
 1028 008f 3A       		.uleb128 0x3a
 1029 0090 0B       		.uleb128 0xb
 1030 0091 3B       		.uleb128 0x3b
 1031 0092 05       		.uleb128 0x5
 1032 0093 49       		.uleb128 0x49
 1033 0094 13       		.uleb128 0x13
 1034 0095 02       		.uleb128 0x2
 1035 0096 0A       		.uleb128 0xa
 1036 0097 00       		.byte	0x0
 1037 0098 00       		.byte	0x0
 1038 0099 0A       		.uleb128 0xa
 1039 009a 34       		.uleb128 0x34
 1040 009b 00       		.byte	0x0
 1041 009c 03       		.uleb128 0x3
 1042 009d 0E       		.uleb128 0xe
 1043 009e 3A       		.uleb128 0x3a
 1044 009f 0B       		.uleb128 0xb
 1045 00a0 3B       		.uleb128 0x3b
 1046 00a1 05       		.uleb128 0x5
 1047 00a2 49       		.uleb128 0x49
 1048 00a3 13       		.uleb128 0x13
 1049 00a4 02       		.uleb128 0x2
 1050 00a5 0A       		.uleb128 0xa
 1051 00a6 00       		.byte	0x0
 1052 00a7 00       		.byte	0x0
 1053 00a8 0B       		.uleb128 0xb
 1054 00a9 34       		.uleb128 0x34
 1055 00aa 00       		.byte	0x0
 1056 00ab 03       		.uleb128 0x3
 1057 00ac 0E       		.uleb128 0xe
 1058 00ad 3A       		.uleb128 0x3a
 1059 00ae 0B       		.uleb128 0xb
 1060 00af 3B       		.uleb128 0x3b
 1061 00b0 0B       		.uleb128 0xb
 1062 00b1 49       		.uleb128 0x49
 1063 00b2 13       		.uleb128 0x13
 1064 00b3 3F       		.uleb128 0x3f
 1065 00b4 0C       		.uleb128 0xc
ARM GAS  C:\DOCUME~1\david\LOCALS~1\Temp\ccNl3JVG.s 			page 26


 1066 00b5 02       		.uleb128 0x2
 1067 00b6 0A       		.uleb128 0xa
 1068 00b7 00       		.byte	0x0
 1069 00b8 00       		.byte	0x0
 1070 00b9 00       		.byte	0x0
 1071              		.section	.debug_pubnames,"",%progbits
 1072 0000 2E010000 		.4byte	0x12e
 1073 0004 0200     		.2byte	0x2
 1074 0006 00000000 		.4byte	.Ldebug_info0
 1075 000a C4010000 		.4byte	0x1c4
 1076 000e 8F000000 		.4byte	0x8f
 1077 0012 43617053 		.ascii	"CapSense_IdacCH0_Init\000"
 1077      656E7365 
 1077      5F496461 
 1077      63434830 
 1077      5F496E69 
 1078 0028 A4000000 		.4byte	0xa4
 1079 002c 43617053 		.ascii	"CapSense_IdacCH0_Enable\000"
 1079      656E7365 
 1079      5F496461 
 1079      63434830 
 1079      5F456E61 
 1080 0044 B9000000 		.4byte	0xb9
 1081 0048 43617053 		.ascii	"CapSense_IdacCH0_Start\000"
 1081      656E7365 
 1081      5F496461 
 1081      63434830 
 1081      5F537461 
 1082 005f CE000000 		.4byte	0xce
 1083 0063 43617053 		.ascii	"CapSense_IdacCH0_Stop\000"
 1083      656E7365 
 1083      5F496461 
 1083      63434830 
 1083      5F53746F 
 1084 0079 E3000000 		.4byte	0xe3
 1085 007d 43617053 		.ascii	"CapSense_IdacCH0_SetSpeed\000"
 1085      656E7365 
 1085      5F496461 
 1085      63434830 
 1085      5F536574 
 1086 0097 0B010000 		.4byte	0x10b
 1087 009b 43617053 		.ascii	"CapSense_IdacCH0_SetPolarity\000"
 1087      656E7365 
 1087      5F496461 
 1087      63434830 
 1087      5F536574 
 1088 00b8 33010000 		.4byte	0x133
 1089 00bc 43617053 		.ascii	"CapSense_IdacCH0_SetRange\000"
 1089      656E7365 
 1089      5F496461 
 1089      63434830 
 1089      5F536574 
 1090 00d6 5D010000 		.4byte	0x15d
 1091 00da 43617053 		.ascii	"CapSense_IdacCH0_SetValue\000"
 1091      656E7365 
 1091      5F496461 
 1091      63434830 
ARM GAS  C:\DOCUME~1\david\LOCALS~1\Temp\ccNl3JVG.s 			page 27


 1091      5F536574 
 1092 00f4 87010000 		.4byte	0x187
 1093 00f8 43617053 		.ascii	"CapSense_IdacCH0_DacTrim\000"
 1093      656E7365 
 1093      5F496461 
 1093      63434830 
 1093      5F446163 
 1094 0111 B1010000 		.4byte	0x1b1
 1095 0115 43617053 		.ascii	"CapSense_IdacCH0_initVar\000"
 1095      656E7365 
 1095      5F496461 
 1095      63434830 
 1095      5F696E69 
 1096 012e 00000000 		.4byte	0x0
 1097              		.section	.debug_aranges,"",%progbits
 1098 0000 5C000000 		.4byte	0x5c
 1099 0004 0200     		.2byte	0x2
 1100 0006 00000000 		.4byte	.Ldebug_info0
 1101 000a 04       		.byte	0x4
 1102 000b 00       		.byte	0x0
 1103 000c 0000     		.2byte	0x0
 1104 000e 0000     		.2byte	0x0
 1105 0010 00000000 		.4byte	.LFB0
 1106 0014 66000000 		.4byte	.LFE0-.LFB0
 1107 0018 00000000 		.4byte	.LFB1
 1108 001c 42000000 		.4byte	.LFE1-.LFB1
 1109 0020 00000000 		.4byte	.LFB2
 1110 0024 32000000 		.4byte	.LFE2-.LFB2
 1111 0028 00000000 		.4byte	.LFB3
 1112 002c 3E000000 		.4byte	.LFE3-.LFB3
 1113 0030 00000000 		.4byte	.LFB4
 1114 0034 50000000 		.4byte	.LFE4-.LFB4
 1115 0038 00000000 		.4byte	.LFB5
 1116 003c 52000000 		.4byte	.LFE5-.LFB5
 1117 0040 00000000 		.4byte	.LFB6
 1118 0044 52000000 		.4byte	.LFE6-.LFB6
 1119 0048 00000000 		.4byte	.LFB7
 1120 004c 20000000 		.4byte	.LFE7-.LFB7
 1121 0050 00000000 		.4byte	.LFB8
 1122 0054 5A000000 		.4byte	.LFE8-.LFB8
 1123 0058 00000000 		.4byte	0x0
 1124 005c 00000000 		.4byte	0x0
 1125              		.section	.debug_ranges,"",%progbits
 1126              	.Ldebug_ranges0:
 1127 0000 00000000 		.4byte	.Ltext0
 1128 0004 00000000 		.4byte	.Letext0
 1129 0008 00000000 		.4byte	.LFB0
 1130 000c 66000000 		.4byte	.LFE0
 1131 0010 00000000 		.4byte	.LFB1
 1132 0014 42000000 		.4byte	.LFE1
 1133 0018 00000000 		.4byte	.LFB2
 1134 001c 32000000 		.4byte	.LFE2
 1135 0020 00000000 		.4byte	.LFB3
 1136 0024 3E000000 		.4byte	.LFE3
 1137 0028 00000000 		.4byte	.LFB4
 1138 002c 50000000 		.4byte	.LFE4
 1139 0030 00000000 		.4byte	.LFB5
ARM GAS  C:\DOCUME~1\david\LOCALS~1\Temp\ccNl3JVG.s 			page 28


 1140 0034 52000000 		.4byte	.LFE5
 1141 0038 00000000 		.4byte	.LFB6
 1142 003c 52000000 		.4byte	.LFE6
 1143 0040 00000000 		.4byte	.LFB7
 1144 0044 20000000 		.4byte	.LFE7
 1145 0048 00000000 		.4byte	.LFB8
 1146 004c 5A000000 		.4byte	.LFE8
 1147 0050 00000000 		.4byte	0x0
 1148 0054 00000000 		.4byte	0x0
 1149              		.section	.debug_str,"MS",%progbits,1
 1150              	.LASF6:
 1151 0000 6C6F6E67 		.ascii	"long long int\000"
 1151      206C6F6E 
 1151      6720696E 
 1151      7400
 1152              	.LASF17:
 1153 000e 43617053 		.ascii	"CapSense_IdacCH0_SetPolarity\000"
 1153      656E7365 
 1153      5F496461 
 1153      63434830 
 1153      5F536574 
 1154              	.LASF14:
 1155 002b 43617053 		.ascii	"CapSense_IdacCH0_Start\000"
 1155      656E7365 
 1155      5F496461 
 1155      63434830 
 1155      5F537461 
 1156              	.LASF23:
 1157 0042 76616C75 		.ascii	"value\000"
 1157      6500
 1158              	.LASF15:
 1159 0048 43617053 		.ascii	"CapSense_IdacCH0_Stop\000"
 1159      656E7365 
 1159      5F496461 
 1159      63434830 
 1159      5F53746F 
 1160              	.LASF16:
 1161 005e 43617053 		.ascii	"CapSense_IdacCH0_SetSpeed\000"
 1161      656E7365 
 1161      5F496461 
 1161      63434830 
 1161      5F536574 
 1162              	.LASF13:
 1163 0078 43617053 		.ascii	"CapSense_IdacCH0_Enable\000"
 1163      656E7365 
 1163      5F496461 
 1163      63434830 
 1163      5F456E61 
 1164              	.LASF9:
 1165 0090 666C6F61 		.ascii	"float\000"
 1165      7400
 1166              	.LASF1:
 1167 0096 756E7369 		.ascii	"unsigned char\000"
 1167      676E6564 
 1167      20636861 
 1167      7200
 1168              	.LASF27:
ARM GAS  C:\DOCUME~1\david\LOCALS~1\Temp\ccNl3JVG.s 			page 29


 1169 00a4 453A5C50 		.ascii	"E:\\PSoC Creator\\connect4\\connect4.cydsn\000"
 1169      536F4320 
 1169      43726561 
 1169      746F725C 
 1169      636F6E6E 
 1170              	.LASF5:
 1171 00cc 6C6F6E67 		.ascii	"long unsigned int\000"
 1171      20756E73 
 1171      69676E65 
 1171      6420696E 
 1171      7400
 1172              	.LASF3:
 1173 00de 73686F72 		.ascii	"short unsigned int\000"
 1173      7420756E 
 1173      7369676E 
 1173      65642069 
 1173      6E7400
 1174              	.LASF21:
 1175 00f1 72616E67 		.ascii	"range\000"
 1175      6500
 1176              	.LASF30:
 1177 00f7 43617053 		.ascii	"CapSense_IdacCH0_initVar\000"
 1177      656E7365 
 1177      5F496461 
 1177      63434830 
 1177      5F696E69 
 1178              	.LASF10:
 1179 0110 646F7562 		.ascii	"double\000"
 1179      6C6500
 1180              	.LASF8:
 1181 0117 756E7369 		.ascii	"unsigned int\000"
 1181      676E6564 
 1181      20696E74 
 1181      00
 1182              	.LASF26:
 1183 0124 2E5C4765 		.ascii	".\\Generated_Source\\PSoC5\\CapSense_IdacCH0.c\000"
 1183      6E657261 
 1183      7465645F 
 1183      536F7572 
 1183      63655C50 
 1184              	.LASF7:
 1185 0150 6C6F6E67 		.ascii	"long long unsigned int\000"
 1185      206C6F6E 
 1185      6720756E 
 1185      7369676E 
 1185      65642069 
 1186              	.LASF22:
 1187 0167 43617053 		.ascii	"CapSense_IdacCH0_SetValue\000"
 1187      656E7365 
 1187      5F496461 
 1187      63434830 
 1187      5F536574 
 1188              	.LASF19:
 1189 0181 706F6C61 		.ascii	"polarity\000"
 1189      72697479 
 1189      00
 1190              	.LASF18:
ARM GAS  C:\DOCUME~1\david\LOCALS~1\Temp\ccNl3JVG.s 			page 30


 1191 018a 73706565 		.ascii	"speed\000"
 1191      6400
 1192              	.LASF29:
 1193 0190 6D6F6465 		.ascii	"mode\000"
 1193      00
 1194              	.LASF25:
 1195 0195 474E5520 		.ascii	"GNU C 4.4.1\000"
 1195      4320342E 
 1195      342E3100 
 1196              	.LASF11:
 1197 01a1 63686172 		.ascii	"char\000"
 1197      00
 1198              	.LASF2:
 1199 01a6 73686F72 		.ascii	"short int\000"
 1199      7420696E 
 1199      7400
 1200              	.LASF28:
 1201 01b0 75696E74 		.ascii	"uint8\000"
 1201      3800
 1202              	.LASF4:
 1203 01b6 6C6F6E67 		.ascii	"long int\000"
 1203      20696E74 
 1203      00
 1204              	.LASF0:
 1205 01bf 7369676E 		.ascii	"signed char\000"
 1205      65642063 
 1205      68617200 
 1206              	.LASF12:
 1207 01cb 43617053 		.ascii	"CapSense_IdacCH0_Init\000"
 1207      656E7365 
 1207      5F496461 
 1207      63434830 
 1207      5F496E69 
 1208              	.LASF20:
 1209 01e1 43617053 		.ascii	"CapSense_IdacCH0_SetRange\000"
 1209      656E7365 
 1209      5F496461 
 1209      63434830 
 1209      5F536574 
 1210              	.LASF24:
 1211 01fb 43617053 		.ascii	"CapSense_IdacCH0_DacTrim\000"
 1211      656E7365 
 1211      5F496461 
 1211      63434830 
 1211      5F446163 
 1212              		.ident	"GCC: (Sourcery G++ Lite 2010q1-188) 4.4.1"
