--------------- Build Started: 06/10/2013 10:51:45 Project: connect4, Configuration: ARM GCC 4.4.1 Debug ---------------
cydsfit.exe "-.appdatapath" "C:\Documents and Settings\david\Local Settings\Application Data\Cypress Semiconductor\PSoC Creator\2.2" "-.fdsnotice" "-.fdswarpdepfile=warp_dependencies.txt" "-.fdselabdepfile=elab_dependencies.txt" "-.fdsbldfile=generated_files.txt" "-p" "E:\PSoC Creator\connect4\connect4.cydsn\connect4.cyprj" "-d" "CY8C5868AXI-LP035" "-s" "E:\PSoC Creator\connect4\connect4.cydsn\Generated_Source\PSoC5" "--" "-yv2" "-v3" "-ygs" "-q10" "-o2" "-.fftcfgtype=LE"
Elaborating Design...
HDL Generation ...
Synthesis ...
Place and Route ...
Tech mapping ...
Info: mpr.M0037: Unused pieces of the design have been optimized out. See the Tech mapping section of the report file for details. (App=cydsfit)
Analog Placement ...
Log: apr.M0058: The analog placement iterative improvement is 49% done. (App=cydsfit)
Log: apr.M0058: The analog placement iterative improvement is 90% done. (App=cydsfit)
Analog Routing ...
Analog Code Generation ...
Digital Placement ...
Digital Routing ...
Bitstream Generation ...
Static timing analysis ...
API Generation ...
Dependency Generation ...
Clean Temporary Files ...
arm-none-eabi-gcc.exe -I. -Wno-main -I./Generated_Source/PSoC5 -mcpu=cortex-m3 -mthumb -Wall -g -D DEBUG -Wa,-alh=.\CortexM3\ARM_GCC_441\Debug\main.lst -ffunction-sections -c .\main.c -o .\CortexM3\ARM_GCC_441\Debug\main.o
arm-none-eabi-ar.exe -rs .\CortexM3\ARM_GCC_441\Debug\connect4.a .\CortexM3\ARM_GCC_441\Debug\Row.o .\CortexM3\ARM_GCC_441\Debug\Red.o .\CortexM3\ARM_GCC_441\Debug\Green.o .\CortexM3\ARM_GCC_441\Debug\Blue.o .\CortexM3\ARM_GCC_441\Debug\core_cm3.o .\CortexM3\ARM_GCC_441\Debug\CyBootAsmGnu.o .\CortexM3\ARM_GCC_441\Debug\CyDmac.o .\CortexM3\ARM_GCC_441\Debug\CyFlash.o .\CortexM3\ARM_GCC_441\Debug\CyLib.o .\CortexM3\ARM_GCC_441\Debug\cyPm.o .\CortexM3\ARM_GCC_441\Debug\CySpc.o .\CortexM3\ARM_GCC_441\Debug\cyutils.o .\CortexM3\ARM_GCC_441\Debug\LCD.o .\CortexM3\ARM_GCC_441\Debug\LCD_PM.o .\CortexM3\ARM_GCC_441\Debug\LCD_LCDPort.o .\CortexM3\ARM_GCC_441\Debug\CapSense.o .\CortexM3\ARM_GCC_441\Debug\CapSense_CSHL.o .\CortexM3\ARM_GCC_441\Debug\CapSense_INT.o .\CortexM3\ARM_GCC_441\Debug\CapSense_Pins.o .\CortexM3\ARM_GCC_441\Debug\CapSense_PM.o .\CortexM3\ARM_GCC_441\Debug\CapSense_SMS_Wrapper.o .\CortexM3\ARM_GCC_441\Debug\CapSense_TunerHelper.o .\CortexM3\ARM_GCC_441\Debug\CapSense_CompCH0.o .\CortexM3\ARM_GCC_441\Debug\CapSense_CompCH0_PM.o .\CortexM3\ARM_GCC_441\Debug\CapSense_IdacCH0.o .\CortexM3\ARM_GCC_441\Debug\CapSense_IdacCH0_PM.o .\CortexM3\ARM_GCC_441\Debug\CapSense_AMuxCH0.o .\CortexM3\ARM_GCC_441\Debug\Timer.o .\CortexM3\ARM_GCC_441\Debug\Timer_PM.o .\CortexM3\ARM_GCC_441\Debug\UART.o .\CortexM3\ARM_GCC_441\Debug\UART_PM.o .\CortexM3\ARM_GCC_441\Debug\UART_INT.o .\CortexM3\ARM_GCC_441\Debug\UART_BOOT.o .\CortexM3\ARM_GCC_441\Debug\UART_IntClock.o .\CortexM3\ARM_GCC_441\Debug\Beam.o .\CortexM3\ARM_GCC_441\Debug\RemoteLED.o .\CortexM3\ARM_GCC_441\Debug\Connector.o .\CortexM3\ARM_GCC_441\Debug\Location.o .\CortexM3\ARM_GCC_441\Debug\Colors.o .\CortexM3\ARM_GCC_441\Debug\Column.o .\CortexM3\ARM_GCC_441\Debug\Update.o .\CortexM3\ARM_GCC_441\Debug\cyfitter_cfg.o
arm-none-eabi-ar.exe: creating .\CortexM3\ARM_GCC_441\Debug\connect4.a
arm-none-eabi-gcc.exe -mthumb -march=armv7-m -mfix-cortex-m3-ldrd -T .\Generated_Source\PSoC5\cm3gcc.ld -g -Wl,-Map,.\CortexM3\ARM_GCC_441\Debug\connect4.map -Wl,--gc-sections -Wl,--start-group -o .\CortexM3\ARM_GCC_441\Debug\connect4.elf .\CortexM3\ARM_GCC_441\Debug\main.o .\CortexM3\ARM_GCC_441\Debug\display.o .\CortexM3\ARM_GCC_441\Debug\matrix.o .\CortexM3\ARM_GCC_441\Debug\Cm3Start.o .\CortexM3\ARM_GCC_441\Debug\connect4.a "C:\Program Files\Cypress\PSoC Creator\2.2\PSoC Creator\psoc\content\cycomponentlibrary\CyComponentLibrary.cylib\CortexM3\ARM_GCC_441\Debug\CyComponentLibrary.a" -Wl,--end-group
arm-none-eabi-objcopy.exe -O ihex .\CortexM3\ARM_GCC_441\Debug\connect4.elf .\CortexM3\ARM_GCC_441\Debug\connect4.ihx
cyhextool -o .\CortexM3\ARM_GCC_441\Debug\connect4.hex -f .\CortexM3\ARM_GCC_441\Debug\connect4.ihx -prot .\Generated_Source\PSoC5\protect.hex -id 2E123069 -a EEPROM=90200000:800,PROGRAM=00000000:40000,CONFIG=80000000:8000,PROTECT=90400000:100 -meta 0001 -cunv 00004005 -wonv BC90ACAF -ecc .\Generated_Source\PSoC5\config.hex
Flash used: 18808 of 262144 bytes (7.2 %).
SRAM used: 684 of 65536 bytes (1.0 %).
--------------- Build Succeeded: 06/10/2013 10:54:44 ---------------
